0 verbose cli /usr/bin/node /usr/bin/npm
1 info using npm@8.19.1
2 info using node@v18.8.0
3 timing npm:load:whichnode Completed in 0ms
4 timing config:load:defaults Completed in 2ms
5 timing config:load:file:/usr/lib/node_modules/npm/npmrc Completed in 0ms
6 timing config:load:builtin Completed in 1ms
7 timing config:load:cli Completed in 1ms
8 timing config:load:env Completed in 0ms
9 timing config:load:project Completed in 2ms
10 timing config:load:file:/home/nick/.npmrc Completed in 0ms
11 timing config:load:user Completed in 0ms
12 timing config:load:file:/usr/etc/npmrc Completed in 0ms
13 timing config:load:global Completed in 0ms
14 timing config:load:validate Completed in 0ms
15 timing config:load:credentials Completed in 2ms
16 timing config:load:setEnvs Completed in 0ms
17 timing config:load Completed in 8ms
18 timing npm:load:configload Completed in 8ms
19 timing npm:load:mkdirpcache Completed in 2ms
20 timing npm:load:mkdirplogs Completed in 1ms
21 verbose title npm i crypto-icons
22 verbose argv "i" "crypto-icons"
23 timing npm:load:setTitle Completed in 1ms
24 timing config:load:flatten Completed in 2ms
25 timing npm:load:display Completed in 3ms
26 verbose logfile logs-max:10 dir:/home/nick/.npm/_logs
27 verbose logfile /home/nick/.npm/_logs/2022-09-11T02_39_05_134Z-debug-0.log
28 timing npm:load:logFile Completed in 4ms
29 timing npm:load:timers Completed in 0ms
30 timing npm:load:configScope Completed in 0ms
31 timing npm:load Completed in 20ms
32 timing arborist:ctor Completed in 0ms
33 silly logfile start cleaning logs, removing 1 files
34 silly logfile done cleaning log files
35 timing idealTree:init Completed in 7ms
36 timing idealTree:userRequests Completed in 2ms
37 silly idealTree buildDeps
38 silly fetch manifest crypto-icons@*
39 timing arborist:ctor Completed in 0ms
40 http fetch GET 200 https://registry.npmjs.org/npm 641ms (cache updated)
41 http fetch GET 200 https://registry.npmjs.org/crypto-icons 678ms (cache miss)
42 silly placeDep ROOT crypto-icons@1.0.65 OK for:  want: *
43 timing idealTree:#root Completed in 686ms
44 timing idealTree:node_modules/crypto-icons Completed in 0ms
45 timing idealTree:buildDeps Completed in 687ms
46 timing idealTree:fixDepFlags Completed in 0ms
47 timing idealTree Completed in 697ms
48 timing reify:loadTrees Completed in 698ms
49 timing reify:diffTrees Completed in 0ms
50 silly reify moves {}
51 timing reify:retireShallow Completed in 1ms
52 timing reify:createSparse Completed in 1ms
53 timing reify:loadBundles Completed in 0ms
54 silly audit bulk request { 'crypto-icons': [ '1.0.65' ] }
55 silly tarball no local data for crypto-icons@https://registry.npmjs.org/crypto-icons/-/crypto-icons-1.0.65.tgz. Extracting by manifest.
56 http fetch POST 200 https://registry.npmjs.org/-/npm/v1/security/advisories/bulk 133ms
57 timing auditReport:getReport Completed in 135ms
58 silly audit report {}
59 timing auditReport:init Completed in 0ms
60 timing reify:audit Completed in 136ms
61 http fetch GET 200 https://registry.npmjs.org/crypto-icons/-/crypto-icons-1.0.65.tgz 599ms (cache miss)
62 timing reifyNode:node_modules/crypto-icons Completed in 605ms
63 timing reify:unpack Completed in 605ms
64 timing reify:unretire Completed in 0ms
65 timing build:queue Completed in 0ms
66 timing build:deps Completed in 0ms
67 timing build Completed in 0ms
68 timing reify:build Completed in 1ms
69 timing reify:trash Completed in 0ms
70 timing reify:save Completed in 3ms
71 timing reify Completed in 1330ms
72 silly ADD node_modules/crypto-icons
73 timing command:i Completed in 1334ms
74 verbose exit 0
75 timing npm Completed in 1429ms
76 info ok
