0 verbose cli /usr/bin/node /usr/bin/npm
1 info using npm@8.13.2
2 info using node@v18.5.0
3 timing npm:load:whichnode Completed in 0ms
4 timing config:load:defaults Completed in 2ms
5 timing config:load:file:/usr/lib/node_modules/npm/npmrc Completed in 1ms
6 timing config:load:builtin Completed in 1ms
7 timing config:load:cli Completed in 2ms
8 timing config:load:env Completed in 0ms
9 timing config:load:project Completed in 3ms
10 timing config:load:file:/home/nick/.npmrc Completed in 0ms
11 timing config:load:user Completed in 0ms
12 timing config:load:file:/usr/etc/npmrc Completed in 0ms
13 timing config:load:global Completed in 0ms
14 timing config:load:validate Completed in 0ms
15 timing config:load:credentials Completed in 1ms
16 timing config:load:setEnvs Completed in 1ms
17 timing config:load Completed in 10ms
18 timing npm:load:configload Completed in 10ms
19 timing npm:load:mkdirpcache Completed in 1ms
20 timing npm:load:mkdirplogs Completed in 1ms
21 verbose title npm install
22 verbose argv "install"
23 timing npm:load:setTitle Completed in 0ms
24 timing config:load:flatten Completed in 3ms
25 timing npm:load:display Completed in 4ms
26 verbose logfile logs-max:10 dir:/home/nick/.npm/_logs
27 verbose logfile /home/nick/.npm/_logs/2022-07-10T21_34_23_361Z-debug-0.log
28 timing npm:load:logFile Completed in 4ms
29 timing npm:load:timers Completed in 0ms
30 timing npm:load:configScope Completed in 0ms
31 timing npm:load Completed in 20ms
32 timing arborist:ctor Completed in 0ms
33 silly logfile start cleaning logs, removing 1 files
34 silly logfile done cleaning log files
35 timing arborist:ctor Completed in 0ms
36 timing arborist:ctor Completed in 1ms
37 timing arborist:ctor Completed in 0ms
38 timing idealTree:init Completed in 14ms
39 timing idealTree:userRequests Completed in 1ms
40 silly idealTree buildDeps
41 timing idealTree:#root Completed in 0ms
42 timing idealTree:buildDeps Completed in 1ms
43 timing idealTree:fixDepFlags Completed in 0ms
44 timing idealTree Completed in 16ms
45 timing reify:loadTrees Completed in 17ms
46 timing reify:diffTrees Completed in 1ms
47 silly reify moves {}
48 timing reify:retireShallow Completed in 1ms
49 timing reify:createSparse Completed in 0ms
50 timing reify:loadBundles Completed in 0ms
51 silly audit bulk request { 'cryptocoins-icons': [ '2.9.0' ] }
52 timing reify:unpack Completed in 3ms
53 timing reify:unretire Completed in 0ms
54 timing build:queue Completed in 0ms
55 timing build:deps Completed in 1ms
56 timing build Completed in 1ms
57 timing reify:build Completed in 1ms
58 timing reify:trash Completed in 0ms
59 timing reify:save Completed in 4ms
60 http fetch POST 200 https://registry.npmjs.org/-/npm/v1/security/advisories/bulk 261ms
61 timing auditReport:getReport Completed in 263ms
62 silly audit report {}
63 timing auditReport:init Completed in 0ms
64 timing reify:audit Completed in 265ms
65 timing reify Completed in 293ms
66 timing command:install Completed in 295ms
67 verbose stack Error: ENOENT: no such file or directory, open '/home/nick/package.json'
68 verbose cwd /home/nick
69 verbose Linux 5.18.9-arch1-1
70 verbose node v18.5.0
71 verbose npm  v8.13.2
72 error code ENOENT
73 error syscall open
74 error path /home/nick/package.json
75 error errno -2
76 error enoent ENOENT: no such file or directory, open '/home/nick/package.json'
77 error enoent This is related to npm not being able to find a file.
77 error enoent
78 verbose exit -2
79 timing npm Completed in 376ms
80 verbose code -2
81 error A complete log of this run can be found in:
81 error     /home/nick/.npm/_logs/2022-07-10T21_34_23_361Z-debug-0.log
