0 verbose cli /usr/bin/node /usr/bin/npm
1 info using npm@8.13.2
2 info using node@v18.5.0
3 timing npm:load:whichnode Completed in 0ms
4 timing config:load:defaults Completed in 1ms
5 timing config:load:file:/usr/lib/node_modules/npm/npmrc Completed in 0ms
6 timing config:load:builtin Completed in 1ms
7 timing config:load:cli Completed in 2ms
8 timing config:load:env Completed in 0ms
9 timing config:load:project Completed in 2ms
10 timing config:load:file:/home/nick/.npmrc Completed in 0ms
11 timing config:load:user Completed in 0ms
12 timing config:load:file:/usr/etc/npmrc Completed in 0ms
13 timing config:load:global Completed in 0ms
14 timing config:load:validate Completed in 0ms
15 timing config:load:credentials Completed in 0ms
16 timing config:load:setEnvs Completed in 1ms
17 timing config:load Completed in 8ms
18 timing npm:load:configload Completed in 8ms
19 timing npm:load:mkdirpcache Completed in 3ms
20 timing npm:load:mkdirplogs Completed in 0ms
21 verbose title npm install
22 verbose argv "install"
23 timing npm:load:setTitle Completed in 1ms
24 timing config:load:flatten Completed in 2ms
25 timing npm:load:display Completed in 4ms
26 verbose logfile logs-max:10 dir:/home/nick/.npm/_logs
27 verbose logfile /home/nick/.npm/_logs/2022-07-10T21_35_33_914Z-debug-0.log
28 timing npm:load:logFile Completed in 3ms
29 timing npm:load:timers Completed in 0ms
30 timing npm:load:configScope Completed in 0ms
31 timing npm:load Completed in 19ms
32 timing arborist:ctor Completed in 1ms
33 silly logfile start cleaning logs, removing 1 files
34 silly logfile done cleaning log files
35 timing arborist:ctor Completed in 0ms
36 timing arborist:ctor Completed in 0ms
37 timing arborist:ctor Completed in 0ms
38 timing idealTree:init Completed in 10ms
39 timing idealTree:userRequests Completed in 0ms
40 silly idealTree buildDeps
41 timing idealTree:#root Completed in 0ms
42 timing idealTree:buildDeps Completed in 1ms
43 timing idealTree:fixDepFlags Completed in 0ms
44 timing idealTree Completed in 12ms
45 timing reify:loadTrees Completed in 13ms
46 timing reify:diffTrees Completed in 0ms
47 silly reify moves {}
48 timing reify:retireShallow Completed in 0ms
49 timing reify:createSparse Completed in 0ms
50 timing reify:loadBundles Completed in 0ms
51 silly audit report null
52 timing reify:audit Completed in 0ms
53 timing reify:unpack Completed in 0ms
54 timing reify:unretire Completed in 0ms
55 timing build:queue Completed in 0ms
56 timing build:deps Completed in 0ms
57 timing build Completed in 0ms
58 timing reify:build Completed in 0ms
59 timing reify:trash Completed in 0ms
60 timing reify:save Completed in 1ms
61 timing reify Completed in 27ms
62 timing command:install Completed in 36ms
63 verbose stack Error: ENOENT: no such file or directory, open '/home/nick/package.json'
64 verbose cwd /home/nick
65 verbose Linux 5.18.9-arch1-1
66 verbose node v18.5.0
67 verbose npm  v8.13.2
68 error code ENOENT
69 error syscall open
70 error path /home/nick/package.json
71 error errno -2
72 error enoent ENOENT: no such file or directory, open '/home/nick/package.json'
73 error enoent This is related to npm not being able to find a file.
73 error enoent
74 verbose exit -2
75 timing npm Completed in 112ms
76 verbose code -2
77 error A complete log of this run can be found in:
77 error     /home/nick/.npm/_logs/2022-07-10T21_35_33_914Z-debug-0.log
