0 verbose cli /usr/bin/node /usr/bin/npm
1 info using npm@8.13.2
2 info using node@v18.5.0
3 timing npm:load:whichnode Completed in 1ms
4 timing config:load:defaults Completed in 1ms
5 timing config:load:file:/usr/lib/node_modules/npm/npmrc Completed in 1ms
6 timing config:load:builtin Completed in 1ms
7 timing config:load:cli Completed in 1ms
8 timing config:load:env Completed in 1ms
9 timing config:load:project Completed in 2ms
10 timing config:load:file:/home/nick/.npmrc Completed in 0ms
11 timing config:load:user Completed in 0ms
12 timing config:load:file:/usr/etc/npmrc Completed in 0ms
13 timing config:load:global Completed in 0ms
14 timing config:load:validate Completed in 0ms
15 timing config:load:credentials Completed in 0ms
16 timing config:load:setEnvs Completed in 0ms
17 timing config:load Completed in 8ms
18 timing npm:load:configload Completed in 8ms
19 timing npm:load:mkdirpcache Completed in 3ms
20 timing npm:load:mkdirplogs Completed in 1ms
21 verbose title npm uninstall cryptocoins-icons
22 verbose argv "uninstall" "cryptocoins-icons"
23 timing npm:load:setTitle Completed in 1ms
24 timing config:load:flatten Completed in 2ms
25 timing npm:load:display Completed in 3ms
26 verbose logfile logs-max:10 dir:/home/nick/.npm/_logs
27 verbose logfile /home/nick/.npm/_logs/2022-07-10T21_35_18_779Z-debug-0.log
28 timing npm:load:logFile Completed in 4ms
29 timing npm:load:timers Completed in 0ms
30 timing npm:load:configScope Completed in 0ms
31 timing npm:load Completed in 21ms
32 timing arborist:ctor Completed in 1ms
33 silly logfile start cleaning logs, removing 2 files
34 silly logfile done cleaning log files
35 timing idealTree:init Completed in 9ms
36 timing idealTree:userRequests Completed in 0ms
37 silly idealTree buildDeps
38 timing idealTree:#root Completed in 0ms
39 timing idealTree:buildDeps Completed in 1ms
40 timing idealTree:fixDepFlags Completed in 1ms
41 timing idealTree Completed in 11ms
42 timing arborist:ctor Completed in 0ms
43 timing reify:loadTrees Completed in 15ms
44 timing reify:diffTrees Completed in 1ms
45 silly reify mark retired [ '/home/nick/node_modules/cryptocoins-icons' ]
46 silly reify moves {
46 silly reify   '/home/nick/node_modules/cryptocoins-icons': '/home/nick/node_modules/.cryptocoins-icons-R9geguoX'
46 silly reify }
47 timing reify:retireShallow Completed in 4ms
48 timing reify:createSparse Completed in 0ms
49 timing reify:loadBundles Completed in 0ms
50 silly audit report null
51 timing reify:audit Completed in 0ms
52 timing reify:unpack Completed in 0ms
53 timing reify:unretire Completed in 0ms
54 timing build:queue Completed in 0ms
55 timing build:deps Completed in 0ms
56 timing build Completed in 0ms
57 timing reify:build Completed in 0ms
58 timing reify:trash Completed in 26ms
59 timing reify:save Completed in 2ms
60 timing reify Completed in 60ms
61 silly REMOVE node_modules/cryptocoins-icons
62 timing command:uninstall Completed in 64ms
63 verbose exit 0
64 timing npm Completed in 146ms
65 info ok
