0 verbose cli /usr/bin/node /usr/bin/npm
1 info using npm@8.13.0
2 info using node@v18.5.0
3 timing npm:load:whichnode Completed in 0ms
4 timing config:load:defaults Completed in 1ms
5 timing config:load:file:/usr/lib/node_modules/npm/npmrc Completed in 2ms
6 timing config:load:builtin Completed in 2ms
7 timing config:load:cli Completed in 3ms
8 timing config:load:env Completed in 1ms
9 timing config:load:project Completed in 3ms
10 timing config:load:file:/home/nick/.npmrc Completed in 0ms
11 timing config:load:user Completed in 0ms
12 timing config:load:file:/usr/etc/npmrc Completed in 0ms
13 timing config:load:global Completed in 1ms
14 timing config:load:validate Completed in 0ms
15 timing config:load:credentials Completed in 1ms
16 timing config:load:setEnvs Completed in 1ms
17 timing config:load Completed in 13ms
18 timing npm:load:configload Completed in 13ms
19 timing npm:load:mkdirpcache Completed in 1ms
20 timing npm:load:mkdirplogs Completed in 0ms
21 verbose title npm i cryptocoins-icons
22 verbose argv "i" "cryptocoins-icons"
23 timing npm:load:setTitle Completed in 1ms
24 timing config:load:flatten Completed in 2ms
25 timing npm:load:display Completed in 3ms
26 verbose logfile logs-max:10 dir:/home/nick/.npm/_logs
27 verbose logfile /home/nick/.npm/_logs/2022-07-08T17_23_01_017Z-debug-0.log
28 timing npm:load:logFile Completed in 4ms
29 timing npm:load:timers Completed in 0ms
30 timing npm:load:configScope Completed in 0ms
31 timing npm:load Completed in 23ms
32 timing arborist:ctor Completed in 1ms
33 silly logfile start cleaning logs, removing 1 files
34 silly logfile done cleaning log files
35 timing arborist:ctor Completed in 0ms
36 timing idealTree:init Completed in 13ms
37 timing idealTree:userRequests Completed in 2ms
38 silly idealTree buildDeps
39 silly fetch manifest cryptocoins-icons@*
40 http fetch GET 200 https://registry.npmjs.org/cryptocoins-icons 291ms (cache updated)
41 silly placeDep ROOT cryptocoins-icons@2.9.0 OK for:  want: *
42 timing idealTree:#root Completed in 300ms
43 timing idealTree:node_modules/cryptocoins-icons Completed in 0ms
44 timing idealTree:buildDeps Completed in 301ms
45 timing idealTree:fixDepFlags Completed in 0ms
46 timing idealTree Completed in 316ms
47 timing reify:loadTrees Completed in 317ms
48 timing reify:diffTrees Completed in 0ms
49 silly reify moves {}
50 timing reify:retireShallow Completed in 1ms
51 timing reify:createSparse Completed in 2ms
52 timing reify:loadBundles Completed in 0ms
53 silly audit bulk request { 'cryptocoins-icons': [ '2.9.0' ] }
54 http fetch GET 200 https://registry.npmjs.org/npm 382ms (cache updated)
55 timing reifyNode:node_modules/cryptocoins-icons Completed in 121ms
56 timing reify:unpack Completed in 122ms
57 timing reify:unretire Completed in 0ms
58 timing build:queue Completed in 0ms
59 timing build:deps Completed in 0ms
60 timing build Completed in 0ms
61 timing reify:build Completed in 0ms
62 timing reify:trash Completed in 0ms
63 http fetch POST 200 https://registry.npmjs.org/-/npm/v1/security/advisories/bulk 130ms
64 timing auditReport:getReport Completed in 131ms
65 silly audit report {}
66 timing auditReport:init Completed in 0ms
67 timing reify:audit Completed in 133ms
68 timing reify:save Completed in 6ms
69 timing reify Completed in 472ms
70 silly ADD node_modules/cryptocoins-icons
71 timing command:i Completed in 477ms
72 notice
72 notice New [32mpatch[39m version of npm available! [31m8.13.0[39m -> [32m8.13.2[39m
72 notice Changelog: [36mhttps://github.com/npm/cli/releases/tag/v8.13.2[39m
72 notice Run [32mnpm install -g npm@8.13.2[39m to update!
72 notice
73 verbose exit 0
74 timing npm Completed in 590ms
75 info ok
