[12/25/2023, 3:44:54 PM] LEGENDARY_CONFIG_PATH=/home/nick/.config/heroic/legendaryConfig/legendary /opt/Heroic/resources/app.asar.unpacked/build/bin/linux/legendary list --third-party
[12/25/2023, 3:44:54 PM] LEGENDARY_CONFIG_PATH=/home/nick/.config/heroic/legendaryConfig/legendary /opt/Heroic/resources/app.asar.unpacked/build/bin/linux/legendary list --third-party
[cli] INFO: Logging in...
[12/25/2023, 3:44:55 PM] LEGENDARY_CONFIG_PATH=/home/nick/.config/heroic/legendaryConfig/legendary /opt/Heroic/resources/app.asar.unpacked/build/bin/linux/legendary --version
legendary version "0.20.33", codename "Undue Alarm"
[Core] INFO: Logging in...
[cli] INFO: Getting game list... (this may take a while)
[Core] INFO: Fetching metadata for 3 app(s).

Available games:
 * >observer_ (App name: Tumeric | Version: 1.0.0d)
 * A Short Hike (App name: d6407c9e6fd54cb492b8c6635480d792 | Version: 1.9_v3_Windows)
 * A Total War Saga: TROY (App name: 11e598b192324994abce05bad4f81b50 | Version: 16581.2782747)
 * Absolute Drift (App name: 19927295d6e3467887d4e830d8c85963 | Version: Win_202306231055)
 * ABZU (App name: Curry | Version: 1.0)
 * AER Memories of Old (App name: 26b63c46de9e4dcc856b3c6b106b6777 | Version: 1.0.4.1)
 * Alan Wake (App name: Heron | Version: 01.07)
 * Alan Wake's American Nightmare (App name: Condor | Version: 01.03)
 * Alien: Isolation (App name: 8935bb3e1420443a9789fe01758039a5 | Version: 1.0RC5.284847.51533)
  + Alien: Isolation - Last Survivor (App name: 6b61b3692dae45be889bf38cb1f9ed84 | Version: 1.0RC5.284847.51533)
 * Amnesia:  The Dark Descent (App name: ece4c58603d04bcb97454be9a7492fa6 | Version: 1.5)
 * Amnesia: A Machine for Pigs (App name: d7db33dfe7634d6b8a188c708f2caa3c | Version: 1.2)
 * ARK: Survival Evolved (App name: aafc587fbf654758802c8e41e4fb3255 | Version: 358.17.win)
 * Assassins Creed Syndicate (App name: Albacore | Version: 1.54)
  - This game can be activated directly on your Ubisoft account and does not require legendary to install/run. Use "legendary activate --uplay" and follow the instructions.
 * Bad North Jotunn Edition (App name: Chives | Version: 2.00.5)
 * Batman™ Arkham Asylum Game of the Year Edition (App name: Godwit | Version: 1.93)
 * Batman™ Arkham City - Game of the Year Edition (App name: Egret | Version: 1.7)
 * Batman™ Arkham Knight (App name: Cowbird | Version: 1.9981)
 * Blair Witch (App name: 247a0f0f5803429eb3be2c06f3ea77ff | Version: BLAIR_WIN_SRC_20191209_1642)
 * Borderlands 2 (App name: Dodo | Version: 2.0.2_BN347_CL2863302)
 * Borderlands: The Pre-Sequel (App name: Turkey | Version: 2.0.2_BN160_CL2863302)
 * Cave Story+ (App name: 1dea8a6ddb544842a58e4b5c8675ff58 | Version: 1.1)
 * Celeste (App name: Salt | Version: 1.4.0.0-Windows)
 * City of Brass (App name: Arrowroot | Version: 1.6.3.0)
 * Close to the Sun (App name: Silene | Version: 120)
 * Conarium (App name: Canary | Version: 1.0.0.6)
 * Costume Quest (App name: Violetear | Version: 1)
 * Crying Suns (App name: 18fafa2d70d64831ab500a9d65ba9ab8 | Version: 3.0.1.20-WIN64)
 * Dandara: Trials of Fear Edition (App name: c35b9699c4e24c56976b5bd8eceba464 | Version: 1.4.11-pc)
 * Darksiders II Deathinitive Edition (App name: Hoki | Version: 1.0)
 * Darksiders Warmastered Edition (App name: Hake | Version: 1.0)
 * Elite Dangerous (App name: 9c203b6ed35846e8a4a9ff1e314f6593 | Version: 3.8.289583-1.7.6926.0)
 * Enter the Gungeon (App name: Garlic | Version: 2.1.9a)
 * Everything (App name: Pelican | Version: 1.08)
 * Farming Simulator 19 (App name: Stellula | Version: 1.7.1.0o Win)
 * Fez (App name: Bluebird | Version: 1.12.0)
 * Figment (App name: ed5e8d42b2ac461eb6f9176d163b9515 | Version: v1.4.0_2020-03-29_3ceaeed)
 * For Honor (App name: Sundrop | Version: 2801)
  - This game can be activated directly on your Ubisoft account and does not require legendary to install/run. Use "legendary activate --uplay" and follow the instructions.
 * Fortnite (App name: Fortnite | Version: ++Fortnite+Release-28.01-CL-30313795-Windows)
 * Frostpunk (App name: b2e00fc16632475782a7730d1bd7cb60 | Version: _a59821_s51909)
 * Galactic Civilizations III (App name: 5f1c66366b2c4a6496d535d88c56e6cf | Version: v4.52.368416)
 * Galactic Civilizations III (Test branch) (App name: 8931f79300d04c5889799bffc8ef70bd | Version: v4.52.368416)
 * Gone Home (App name: Flier | Version: 1.3.3)
 * Grand Theft Auto V (App name: 9d2d0eb64d5c44529cece33fe2a46482 | Version: 1.0.3095.0)
 * Hand of Fate 2 (App name: 808f0dfbf3b84c2680793724d7f207bf | Version: 1.9.91_54131_Win64_Live)
 * HITMAN (App name: Barbet | Version: 4226454)
 * Hob (App name: Lyrebird | Version: 1.0)
 * Hyper Light Drifter (App name: Parakeet | Version: 1.0.0)
 * Inside (App name: Marigold | Version: 1.0.0)
 * Jotun Valhalla Edition (App name: Grouse | Version: 1.02)
 * Just Cause 4 (App name: Kakopo | Version: JC4_2226912_1830540)
 * Ken Follett's The Pillars of the Earth (App name: 819985835fd54090845e3083e28b77bb | Version: 1.2.12950-64Bit)
 * Kerbal Space Program (App name: a1e2ce30defe4a9187ebc14fc9d2bd8b | Version: KSP.1.12.5.win64.full)
 * Layers of Fear (App name: Cilantro | Version: 1.1.1e)
 * Limbo (App name: Hazelnut | Version: 1.0.1)
 * Metro 2033 Redux (App name: Petunia | Version: 0.1.0.0)
 * Metro Last Light Redux (App name: Speedwell | Version: 0.1.0.0)
 * Minit (App name: Petrel | Version: 0.1-staging-win32)
 * Moonlighter (App name: Eagle | Version: 1.14.38)
 * Mutant Year Zero Road to Eden (App name: Falcon | Version: 23289.1)
 * NBA 2K21 (App name: 639977eecfd2497c941b71af949b5067 | Version: 1.12.135040)
 * Oddworld: New 'n' Tasty (App name: 7c566548d24343e48151125ced4b494c | Version: Epic 1.0)
 * Overcooked (App name: Sage | Version: 1.0)
 * Pine (App name: 6d564ff21f9c45b7b782b7113ad60be8 | Version: Patch 13)
 * Q.U.B.E. 2 (App name: Auk | Version: 2.0.38)
 * RAGE 2 (App name: ad3d0f08dd0841d8a1ba77d94ded4773 | Version: 1.8)
 * Rayman Legends (App name: Anchovy | Version: 1.00)
  - This game can be activated directly on your Ubisoft account and does not require legendary to install/run. Use "legendary activate --uplay" and follow the instructions.
 * Remnant: From the Ashes (App name: b4a0d2d15acb4db894a599b810297543 | Version: Remnant_Win64_Shipping_275957)
 * RiME (App name: Hydrangea | Version: 1.01)
 * Rising Storm 2: Vietnam (App name: Tern | Version: 20210514-403690-36)
 * Sherlock Holmes Crimes and Punishments (App name: 0afb9d54dd3743a582b48b506466d3f8 | Version: 76601.1)
 * Sid Meier's Civilization VI (App name: Kinglet | Version: 1.0.12.951533_nebraska_update1_Kinglet)
  + Civilization VI : Aztec DLC (App name: KingletAztec | Version: 1.0.12.951533_nebraska_update1_KingletAztec)
 * SOMA (App name: Emu | Version: 1.62)
 * Sonic Mania (App name: 818447bb519b46d48d365d5753362796 | Version: 1.07.0035)
 * STAR WARS™ Battlefront™ II: Celebration Edition (App name: MtMassive | Version: None)
  - This game has to be activated, installed, and launched via Origin, use "legendary launch --origin MtMassive" to activate and/or run the game.
 * Steep (App name: Barracuda | Version: 1.00)
  - This game can be activated directly on your Ubisoft account and does not require legendary to install/run. Use "legendary activate --uplay" and follow the instructions.
 * Stories Untold (App name: Parsley | Version: 1.3-Live-Windows)
 * Sundered Eldritch Edition (App name: Moa | Version: 1)
 * Sunless Sea (App name: 2420b50453144c07b3b847fff941275d | Version: 2.2.11.3212a-Windows)
 * Superbrothers: Sword & Sworcery EP (App name: f6d328ca5be24fd585478d1477e1ea4d | Version: v1.3.e71b9_egs)
 * Surviving Mars (App name: Ovenbird | Version: 1.5_Fuglesang.1011166-Windows)
 * Tales of the Neon Sea (App name: 0dac2fd1f95240bda133d1f2fb27c705 | Version: 1.2.84)
 * The Bridge (App name: Sunbird | Version: 1.0)
 * The End is Nigh (App name: Statice | Version: 0.0.9)
 * The First Tree (App name: cd98b47155654e1f9a9e84e60d0b49e4 | Version: 1.0.0.32)
 * The Messenger (App name: Jay | Version: 2.0.2.4)
 * The Stanley Parable (App name: Freesia | Version: 1.0)
 * The Talos Principle (App name: Bustard | Version: 461288)
 * The Witness (App name: Magnolia | Version: 2019_1_23_fix)
 * The Wolf Among Us (App name: Cobbler | Version: 1.0.0.0)
 * This War of Mine (App name: Cardinal | Version: 6.0.7.3)
 * Torchlight (App name: Terragon | Version: 1.15)
 * Totally Accurate Battle Simulator (App name: Driftfish | Version: 1.1.5_win64)
 * Transistor (App name: Dill | Version: 1.50627.2019-06-10-16:14:59-x64)
 * Wargame: Red Dragon (App name: 2cd446792405468e9e87f67649d864c2 | Version: 72352)
 * Watch Dogs (App name: Jasper | Version: 1.0)
  - This game can be activated directly on your Ubisoft account and does not require legendary to install/run. Use "legendary activate --uplay" and follow the instructions.
 * World War Z (App name: Wombat | Version: 2.24)
 * Yooka-Laylee and the Impossible Lair (App name: Duckbill | Version: 1.0.28131)

Total: 97

Legendary update available!
- New version: 0.20.34 - "Direct Intervention"
- Release summary:
 [!] Fixed webview based login
 [*] Fixed a number of bugs and performance issues

See full changelog for additional details.
- Release URL: https://legendary.gl/release/0.20.34
! This update is recommended as it fixes major issues.

- Download URL: https://legendary.gl/release/download/0.20.34/legendary
[12/25/2023, 3:45:19 PM] LEGENDARY_CONFIG_PATH=/home/nick/.config/heroic/legendaryConfig/legendary /opt/Heroic/resources/app.asar.unpacked/build/bin/linux/legendary eos-overlay info --prefix "/home/nick/Games/Heroic/Prefixes/default/Sid Meiers Civilization VI"
[12/25/2023, 3:45:19 PM] LEGENDARY_CONFIG_PATH=/home/nick/.config/heroic/legendaryConfig/legendary /opt/Heroic/resources/app.asar.unpacked/build/bin/linux/legendary info Kinglet --json --platform Windows
[12/25/2023, 3:45:19 PM] LEGENDARY_CONFIG_PATH=/home/nick/.config/heroic/legendaryConfig/legendary /opt/Heroic/resources/app.asar.unpacked/build/bin/linux/legendary info Kinglet --json --platform Windows
[cli] ERROR: Prefix "/home/nick/Games/Heroic/Prefixes/default/Sid Meiers Civilization VI" does not exist.
[Core] INFO: Trying to re-use existing login session...
{"game": {"app_name": "Kinglet", "title": "Sid Meier's Civilization VI", "version": "1.0.12.951533_nebraska_update1_Kinglet", "platform_versions": {"Windows": "1.0.12.951533_nebraska_update1_Kinglet"}, "cloud_saves_supported": false, "cloud_save_folder": null, "cloud_save_folder_mac": null, "is_dlc": false, "external_activation": null, "launch_options": [], "owned_dlc": [{"app_name": "KingletAztec", "title": "Civilization VI : Aztec DLC", "installable": [{"id": "ed7d946319cb4a10a4574f47b5ff4029", "appId": "KingletAztec", "platform": ["Windows"], "dateAdded": "2019-08-19T00:00:00.000Z"}], "id": "cd9e44a9d1b14b8d84923bb985bc1636"}]}, "install": {"platform": "Windows", "version": "1.0.12.951533_nebraska_update1_Kinglet", "disk_size": 20000244015, "install_path": "/media/ssd/sync/dox/games/pc/SidMeiersCivilizationVI", "save_path": null, "synced_egl_guid": "", "install_tags": [], "requires_ovt": false, "installed_dlc": [{"app_name": "KingletAztec", "title": "Civilization VI : Aztec DLC", "install_size": 233}]}, "manifest": {"size": 2498787, "type": "binary", "version": 17, "feature_level": 17, "app_name": "Kinglet", "launch_exe": "2KLauncher/LauncherPatcher.exe", "launch_command": "", "build_version": "1.0.12.951533_nebraska_update1_Kinglet", "build_id": "2poNxzw22xYJoxkf68acs9FgHSA", "prerequisites": null, "uninstaller": null, "install_tags": [""], "num_files": 42193, "num_chunks": 16235, "disk_size": 20000244015, "download_size": 10900844103, "tag_disk_size": [], "tag_download_size": []}}
