[2021-11-23 09:34:41.462] [exthost] [info] Extension host with pid 5126 started
[2021-11-23 09:34:41.462] [exthost] [info] Skipping acquiring lock for /home/nick/.config/Code - OSS/User/workspaceStorage/d683f26180f1719dde5a5b515e8e4e7a.
[2021-11-23 09:34:41.588] [exthost] [info] ExtensionService#_doActivateExtension mechatroner.rainbow-csv, startup: false, activationEvent: 'onLanguage:plaintext'
[2021-11-23 09:34:41.592] [exthost] [info] ExtensionService#_doActivateExtension redhat.java, startup: false, activationEvent: 'onLanguage:java', root cause: vscjava.vscode-java-test
[2021-11-23 09:34:41.640] [exthost] [info] ExtensionService#_doActivateExtension VisualStudioExptTeam.vscodeintellicode, startup: false, activationEvent: 'onLanguage:java'
[2021-11-23 09:34:41.684] [exthost] [info] ExtensionService#_doActivateExtension vscjava.vscode-java-debug, startup: false, activationEvent: 'onLanguage:java', root cause: vscjava.vscode-java-test
[2021-11-23 09:34:41.702] [exthost] [info] ExtensionService#_doActivateExtension vscjava.vscode-java-dependency, startup: false, activationEvent: 'onLanguage:java'
[2021-11-23 09:34:41.722] [exthost] [info] ExtensionService#_doActivateExtension vscjava.vscode-java-pack, startup: false, activationEvent: 'onLanguage:java'
[2021-11-23 09:34:41.772] [exthost] [info] ExtensionService#_doActivateExtension vscode.debug-auto-launch, startup: true, activationEvent: '*'
[2021-11-23 09:34:41.775] [exthost] [info] ExtensionService#_doActivateExtension vscode.git, startup: true, activationEvent: '*', root cause: vscode.github
[2021-11-23 09:34:41.796] [exthost] [info] ExtensionService#_doActivateExtension sainnhe.gruvbox-material, startup: true, activationEvent: '*'
[2021-11-23 09:34:41.922] [exthost] [info] ExtensionService#_doActivateExtension vscode.github, startup: true, activationEvent: '*'
[2021-11-23 09:34:42.005] [exthost] [info] Eager extensions activated
[2021-11-23 09:34:42.018] [exthost] [info] ExtensionService#_doActivateExtension vscode.merge-conflict, startup: false, activationEvent: 'onStartupFinished'
[2021-11-23 09:34:42.072] [exthost] [warning] [redhat.java] Accessing a resource scoped configuration without providing a resource is not expected. To get the effective value for '[java]', provide the URI of a resource or 'null' for any resource.
[2021-11-23 09:34:42.111] [exthost] [warning] [redhat.java] Accessing a resource scoped configuration without providing a resource is not expected. To get the effective value for '[java]', provide the URI of a resource or 'null' for any resource.
[2021-11-23 09:34:45.815] [exthost] [error] [redhat.java] provider FAILED
[2021-11-23 09:34:45.819] [exthost] [error] Error: The request (id: 1, method: 'textDocument/hover') has been cancelled
	at /home/nick/.vscode-oss/extensions/redhat.java-1.0.0/dist/extension.js:2:894993
	at /home/nick/.vscode-oss/extensions/redhat.java-1.0.0/dist/extension.js:2:895287
	at Immediate.<anonymous> (/home/nick/.vscode-oss/extensions/redhat.java-1.0.0/dist/extension.js:2:895652)
	at processImmediate (internal/timers.js:461:21)
[2021-11-23 09:34:46.782] [exthost] [info] ExtensionService#_doActivateExtension vscjava.vscode-java-test, startup: false, activationEvent: 'onLanguage:java'
[2021-11-23 09:35:00.254] [exthost] [info] ExtensionService#_doActivateExtension vscode.extension-editing, startup: false, activationEvent: 'onLanguage:markdown'
[2021-11-23 09:35:00.261] [exthost] [info] ExtensionService#_doActivateExtension vscode.markdown-language-features, startup: false, activationEvent: 'onLanguage:markdown'
[2021-11-23 09:35:00.400] [exthost] [info] ExtensionService#_doActivateExtension vscode.markdown-math, startup: false, activationEvent: 'api', root cause: vscode.markdown-language-features
[2021-11-23 09:35:38.196] [exthost] [error] [redhat.java] provider FAILED
[2021-11-23 09:35:38.197] [exthost] [error] Error: The request (id: 22, method: 'textDocument/hover') has been cancelled
	at /home/nick/.vscode-oss/extensions/redhat.java-1.0.0/dist/extension.js:2:894993
	at /home/nick/.vscode-oss/extensions/redhat.java-1.0.0/dist/extension.js:2:895287
	at Immediate.<anonymous> (/home/nick/.vscode-oss/extensions/redhat.java-1.0.0/dist/extension.js:2:895652)
	at processImmediate (internal/timers.js:461:21)
[2021-11-23 09:35:41.765] [exthost] [error] [redhat.java] provider FAILED
[2021-11-23 09:35:41.766] [exthost] [error] Error: The request (id: 27, method: 'textDocument/hover') has been cancelled
	at /home/nick/.vscode-oss/extensions/redhat.java-1.0.0/dist/extension.js:2:894993
	at /home/nick/.vscode-oss/extensions/redhat.java-1.0.0/dist/extension.js:2:895287
	at Immediate.<anonymous> (/home/nick/.vscode-oss/extensions/redhat.java-1.0.0/dist/extension.js:2:895652)
	at processImmediate (internal/timers.js:461:21)
[2021-11-23 09:35:45.570] [exthost] [error] [redhat.java] provider FAILED
[2021-11-23 09:35:45.570] [exthost] [error] Error: The request (id: 32, method: 'textDocument/hover') has been cancelled
	at /home/nick/.vscode-oss/extensions/redhat.java-1.0.0/dist/extension.js:2:894993
	at /home/nick/.vscode-oss/extensions/redhat.java-1.0.0/dist/extension.js:2:895287
	at Immediate.<anonymous> (/home/nick/.vscode-oss/extensions/redhat.java-1.0.0/dist/extension.js:2:895652)
	at processImmediate (internal/timers.js:461:21)
[2021-11-23 09:35:46.657] [exthost] [error] [redhat.java] provider FAILED
[2021-11-23 09:35:46.657] [exthost] [error] Error: The request (id: 33, method: 'textDocument/hover') has been cancelled
	at /home/nick/.vscode-oss/extensions/redhat.java-1.0.0/dist/extension.js:2:894993
	at /home/nick/.vscode-oss/extensions/redhat.java-1.0.0/dist/extension.js:2:895287
	at Immediate.<anonymous> (/home/nick/.vscode-oss/extensions/redhat.java-1.0.0/dist/extension.js:2:895652)
	at processImmediate (internal/timers.js:461:21)
[2021-11-23 09:35:49.375] [exthost] [error] [redhat.java] provider FAILED
[2021-11-23 09:35:49.376] [exthost] [error] Error: The request (id: 40, method: 'textDocument/hover') has been cancelled
	at /home/nick/.vscode-oss/extensions/redhat.java-1.0.0/dist/extension.js:2:894993
	at /home/nick/.vscode-oss/extensions/redhat.java-1.0.0/dist/extension.js:2:895287
	at Immediate.<anonymous> (/home/nick/.vscode-oss/extensions/redhat.java-1.0.0/dist/extension.js:2:895652)
	at processImmediate (internal/timers.js:461:21)
[2021-11-23 09:35:51.972] [exthost] [error] [redhat.java] provider FAILED
[2021-11-23 09:35:51.972] [exthost] [error] Error: The request (id: 43, method: 'textDocument/hover') has been cancelled
	at /home/nick/.vscode-oss/extensions/redhat.java-1.0.0/dist/extension.js:2:894993
	at /home/nick/.vscode-oss/extensions/redhat.java-1.0.0/dist/extension.js:2:895287
	at Immediate.<anonymous> (/home/nick/.vscode-oss/extensions/redhat.java-1.0.0/dist/extension.js:2:895652)
	at processImmediate (internal/timers.js:461:21)
[2021-11-23 09:36:54.537] [exthost] [error] [redhat.java] provider FAILED
[2021-11-23 09:36:54.538] [exthost] [error] Error: The request (id: 154, method: 'textDocument/hover') has been cancelled
	at /home/nick/.vscode-oss/extensions/redhat.java-1.0.0/dist/extension.js:2:894993
	at /home/nick/.vscode-oss/extensions/redhat.java-1.0.0/dist/extension.js:2:895287
	at Immediate.<anonymous> (/home/nick/.vscode-oss/extensions/redhat.java-1.0.0/dist/extension.js:2:895652)
	at processImmediate (internal/timers.js:461:21)
[2021-11-23 09:37:00.298] [exthost] [error] [redhat.java] provider FAILED
[2021-11-23 09:37:00.298] [exthost] [error] Error: The request (id: 165, method: 'textDocument/hover') has been cancelled
	at /home/nick/.vscode-oss/extensions/redhat.java-1.0.0/dist/extension.js:2:894993
	at /home/nick/.vscode-oss/extensions/redhat.java-1.0.0/dist/extension.js:2:895287
	at Immediate.<anonymous> (/home/nick/.vscode-oss/extensions/redhat.java-1.0.0/dist/extension.js:2:895652)
	at processImmediate (internal/timers.js:461:21)
[2021-11-23 09:37:11.773] [exthost] [error] [redhat.java] provider FAILED
[2021-11-23 09:37:11.774] [exthost] [error] Error: The request (id: 169, method: 'textDocument/documentSymbol') has been cancelled
	at /home/nick/.vscode-oss/extensions/redhat.java-1.0.0/dist/extension.js:2:894993
	at /home/nick/.vscode-oss/extensions/redhat.java-1.0.0/dist/extension.js:2:895287
	at Immediate.<anonymous> (/home/nick/.vscode-oss/extensions/redhat.java-1.0.0/dist/extension.js:2:895652)
	at processImmediate (internal/timers.js:461:21)
[2021-11-23 09:39:06.888] [exthost] [error] [redhat.java] provider FAILED
[2021-11-23 09:39:06.888] [exthost] [error] Error: The request (id: 182, method: 'textDocument/hover') has been cancelled
	at /home/nick/.vscode-oss/extensions/redhat.java-1.0.0/dist/extension.js:2:894993
	at /home/nick/.vscode-oss/extensions/redhat.java-1.0.0/dist/extension.js:2:895287
	at Immediate.<anonymous> (/home/nick/.vscode-oss/extensions/redhat.java-1.0.0/dist/extension.js:2:895652)
	at processImmediate (internal/timers.js:461:21)
[2021-11-23 09:39:34.544] [exthost] [error] [redhat.java] provider FAILED
[2021-11-23 09:39:34.544] [exthost] [error] Error: The request (id: 186, method: 'textDocument/documentSymbol') has been cancelled
	at /home/nick/.vscode-oss/extensions/redhat.java-1.0.0/dist/extension.js:2:894993
	at /home/nick/.vscode-oss/extensions/redhat.java-1.0.0/dist/extension.js:2:895287
	at Immediate.<anonymous> (/home/nick/.vscode-oss/extensions/redhat.java-1.0.0/dist/extension.js:2:895652)
	at processImmediate (internal/timers.js:461:21)
[2021-11-23 09:39:52.578] [exthost] [error] [redhat.java] provider FAILED
[2021-11-23 09:39:52.578] [exthost] [error] Error: The request (id: 193, method: 'textDocument/hover') has been cancelled
	at /home/nick/.vscode-oss/extensions/redhat.java-1.0.0/dist/extension.js:2:894993
	at /home/nick/.vscode-oss/extensions/redhat.java-1.0.0/dist/extension.js:2:895287
	at Immediate.<anonymous> (/home/nick/.vscode-oss/extensions/redhat.java-1.0.0/dist/extension.js:2:895652)
	at processImmediate (internal/timers.js:461:21)
[2021-11-23 09:40:07.887] [exthost] [info] ExtensionService#_doActivateExtension vscode.debug-server-ready, startup: false, activationEvent: 'onDebugResolve'
[2021-11-23 09:40:24.872] [exthost] [error] [redhat.java] provider FAILED
[2021-11-23 09:40:24.872] [exthost] [error] Error: The request (id: 377, method: 'textDocument/documentSymbol') has been cancelled
	at /home/nick/.vscode-oss/extensions/redhat.java-1.0.0/dist/extension.js:2:894993
	at /home/nick/.vscode-oss/extensions/redhat.java-1.0.0/dist/extension.js:2:895287
	at Immediate.<anonymous> (/home/nick/.vscode-oss/extensions/redhat.java-1.0.0/dist/extension.js:2:895652)
	at processImmediate (internal/timers.js:461:21)
[2021-11-23 09:41:02.342] [exthost] [error] [redhat.java] provider FAILED
[2021-11-23 09:41:02.343] [exthost] [error] Error: The request (id: 468, method: 'textDocument/hover') has been cancelled
	at /home/nick/.vscode-oss/extensions/redhat.java-1.0.0/dist/extension.js:2:894993
	at /home/nick/.vscode-oss/extensions/redhat.java-1.0.0/dist/extension.js:2:895287
	at Immediate.<anonymous> (/home/nick/.vscode-oss/extensions/redhat.java-1.0.0/dist/extension.js:2:895652)
	at processImmediate (internal/timers.js:461:21)
[2021-11-23 09:41:23.726] [exthost] [info] extension host terminating: renderer closed the socket
[2021-11-23 09:41:24.740] [exthost] [info] Extension host with pid 5126 exiting with code 0
