[2021-11-20 13:52:47.929] [exthost] [info] Extension host with pid 9300 started
[2021-11-20 13:52:47.929] [exthost] [info] Skipping acquiring lock for /home/nick/.config/Code - OSS/User/workspaceStorage/d683f26180f1719dde5a5b515e8e4e7a.
[2021-11-20 13:52:48.017] [exthost] [info] ExtensionService#_doActivateExtension mechatroner.rainbow-csv, startup: false, activationEvent: 'onLanguage:plaintext'
[2021-11-20 13:52:48.021] [exthost] [info] ExtensionService#_doActivateExtension redhat.java, startup: false, activationEvent: 'onLanguage:java', root cause: vscjava.vscode-java-test
[2021-11-20 13:52:48.071] [exthost] [info] ExtensionService#_doActivateExtension VisualStudioExptTeam.vscodeintellicode, startup: false, activationEvent: 'onLanguage:java'
[2021-11-20 13:52:48.121] [exthost] [info] ExtensionService#_doActivateExtension vscjava.vscode-java-debug, startup: false, activationEvent: 'onLanguage:java', root cause: vscjava.vscode-java-test
[2021-11-20 13:52:48.145] [exthost] [info] ExtensionService#_doActivateExtension vscjava.vscode-java-dependency, startup: false, activationEvent: 'onLanguage:java'
[2021-11-20 13:52:48.162] [exthost] [info] ExtensionService#_doActivateExtension vscjava.vscode-java-pack, startup: false, activationEvent: 'onLanguage:java'
[2021-11-20 13:52:48.224] [exthost] [info] ExtensionService#_doActivateExtension vscode.debug-auto-launch, startup: true, activationEvent: '*'
[2021-11-20 13:52:48.227] [exthost] [info] ExtensionService#_doActivateExtension vscode.git, startup: true, activationEvent: '*', root cause: vscode.github
[2021-11-20 13:52:48.249] [exthost] [info] ExtensionService#_doActivateExtension sainnhe.gruvbox-material, startup: true, activationEvent: '*'
[2021-11-20 13:52:48.413] [exthost] [info] ExtensionService#_doActivateExtension vscode.github, startup: true, activationEvent: '*'
[2021-11-20 13:52:48.503] [exthost] [warning] [redhat.java] Accessing a resource scoped configuration without providing a resource is not expected. To get the effective value for '[java]', provide the URI of a resource or 'null' for any resource.
[2021-11-20 13:52:48.539] [exthost] [info] Eager extensions activated
[2021-11-20 13:52:48.560] [exthost] [error] TypeError: Cannot read property 'sendRequest' of undefined
	at /home/nick/.vscode-oss/extensions/redhat.java-1.0.0/dist/extension.js:2:587015
	at o._executeContributedCommand (/usr/lib/code/out/vs/workbench/services/extensions/node/extensionHostProcess.js:94:111751)
	at o.$executeContributedCommand (/usr/lib/code/out/vs/workbench/services/extensions/node/extensionHostProcess.js:94:112293)
	at n._doInvokeHandler (/usr/lib/code/out/vs/workbench/services/extensions/node/extensionHostProcess.js:98:13802)
	at n._invokeHandler (/usr/lib/code/out/vs/workbench/services/extensions/node/extensionHostProcess.js:98:13486)
	at n._receiveRequest (/usr/lib/code/out/vs/workbench/services/extensions/node/extensionHostProcess.js:98:12148)
	at n._receiveOneMessage (/usr/lib/code/out/vs/workbench/services/extensions/node/extensionHostProcess.js:98:10826)
	at /usr/lib/code/out/vs/workbench/services/extensions/node/extensionHostProcess.js:98:8922
	at l.fire (/usr/lib/code/out/vs/workbench/services/extensions/node/extensionHostProcess.js:66:1712)
	at s.fire (/usr/lib/code/out/vs/workbench/services/extensions/node/extensionHostProcess.js:74:15990)
	at /usr/lib/code/out/vs/workbench/services/extensions/node/extensionHostProcess.js:113:30625
	at l.fire (/usr/lib/code/out/vs/workbench/services/extensions/node/extensionHostProcess.js:66:1712)
	at s.fire (/usr/lib/code/out/vs/workbench/services/extensions/node/extensionHostProcess.js:74:15990)
	at f._receiveMessage (/usr/lib/code/out/vs/workbench/services/extensions/node/extensionHostProcess.js:74:21260)
	at /usr/lib/code/out/vs/workbench/services/extensions/node/extensionHostProcess.js:74:18138
	at l.fire (/usr/lib/code/out/vs/workbench/services/extensions/node/extensionHostProcess.js:66:1712)
	at w.acceptChunk (/usr/lib/code/out/vs/workbench/services/extensions/node/extensionHostProcess.js:74:13351)
	at /usr/lib/code/out/vs/workbench/services/extensions/node/extensionHostProcess.js:74:12699
	at Socket.m (/usr/lib/code/out/vs/workbench/services/extensions/node/extensionHostProcess.js:113:13575)
	at Socket.emit (events.js:315:20)
	at addChunk (internal/streams/readable.js:309:12)
	at readableAddChunk (internal/streams/readable.js:284:9)
	at Socket.Readable.push (internal/streams/readable.js:223:10)
	at Pipe.onStreamRead (internal/stream_base_commons.js:188:23) java.execute.workspaceCommand {"value":"redhat.java","_lower":"redhat.java"}
[2021-11-20 13:52:48.561] [exthost] [info] ExtensionService#_doActivateExtension vscode.merge-conflict, startup: false, activationEvent: 'onStartupFinished'
[2021-11-20 13:52:48.662] [exthost] [warning] [redhat.java] Accessing a resource scoped configuration without providing a resource is not expected. To get the effective value for '[java]', provide the URI of a resource or 'null' for any resource.
[2021-11-20 13:52:51.945] [exthost] [error] [redhat.java] provider FAILED
[2021-11-20 13:52:51.945] [exthost] [error] Error: The request (id: 1, method: 'textDocument/hover') has been cancelled
	at /home/nick/.vscode-oss/extensions/redhat.java-1.0.0/dist/extension.js:2:894993
	at /home/nick/.vscode-oss/extensions/redhat.java-1.0.0/dist/extension.js:2:895287
	at Immediate.<anonymous> (/home/nick/.vscode-oss/extensions/redhat.java-1.0.0/dist/extension.js:2:895652)
	at processImmediate (internal/timers.js:461:21)
[2021-11-20 13:52:51.946] [exthost] [error] [redhat.java] provider FAILED
[2021-11-20 13:52:51.946] [exthost] [error] Error: The request (id: 3, method: 'textDocument/hover') has been cancelled
	at /home/nick/.vscode-oss/extensions/redhat.java-1.0.0/dist/extension.js:2:894993
	at /home/nick/.vscode-oss/extensions/redhat.java-1.0.0/dist/extension.js:2:895287
	at Immediate.<anonymous> (/home/nick/.vscode-oss/extensions/redhat.java-1.0.0/dist/extension.js:2:895652)
	at processImmediate (internal/timers.js:461:21)
[2021-11-20 13:52:53.800] [exthost] [info] ExtensionService#_doActivateExtension vscjava.vscode-java-test, startup: false, activationEvent: 'onLanguage:java'
[2021-11-20 13:53:47.790] [exthost] [error] [redhat.java] provider FAILED
[2021-11-20 13:53:47.791] [exthost] [error] Error: The request (id: 117, method: 'textDocument/hover') has been cancelled
	at /home/nick/.vscode-oss/extensions/redhat.java-1.0.0/dist/extension.js:2:894993
	at /home/nick/.vscode-oss/extensions/redhat.java-1.0.0/dist/extension.js:2:895287
	at Immediate.<anonymous> (/home/nick/.vscode-oss/extensions/redhat.java-1.0.0/dist/extension.js:2:895652)
	at processImmediate (internal/timers.js:461:21)
[2021-11-20 13:54:15.354] [exthost] [error] [redhat.java] provider FAILED
[2021-11-20 13:54:15.354] [exthost] [error] Error: The request (id: 174, method: 'textDocument/hover') has been cancelled
	at /home/nick/.vscode-oss/extensions/redhat.java-1.0.0/dist/extension.js:2:894993
	at /home/nick/.vscode-oss/extensions/redhat.java-1.0.0/dist/extension.js:2:895287
	at Immediate.<anonymous> (/home/nick/.vscode-oss/extensions/redhat.java-1.0.0/dist/extension.js:2:895652)
	at processImmediate (internal/timers.js:461:21)
[2021-11-20 13:54:47.622] [exthost] [error] [redhat.java] provider FAILED
[2021-11-20 13:54:47.622] [exthost] [error] Error: selectionRange must be contained in fullRange
	at Function.validate (/usr/lib/code/out/vs/workbench/services/extensions/node/extensionHostProcess.js:87:30564)
	at new n (/usr/lib/code/out/vs/workbench/services/extensions/node/extensionHostProcess.js:87:30432)
	at new n (/usr/lib/code/out/vs/workbench/services/extensions/node/extensionHostProcess.js:87:17223)
	at $ (/home/nick/.vscode-oss/extensions/redhat.java-1.0.0/dist/extension.js:2:800105)
	at Array.map (<anonymous>)
	at Object.asDocumentSymbols (/home/nick/.vscode-oss/extensions/redhat.java-1.0.0/dist/extension.js:2:805451)
	at /home/nick/.vscode-oss/extensions/redhat.java-1.0.0/dist/extension.js:2:624152
	at Generator.next (<anonymous>)
	at s (/home/nick/.vscode-oss/extensions/redhat.java-1.0.0/dist/extension.js:2:623246)
[2021-11-20 13:55:05.083] [exthost] [error] Error: The request (id: 346, method: 'workspace/executeCommand') has been cancelled
	at /home/nick/.vscode-oss/extensions/redhat.java-1.0.0/dist/extension.js:2:894993
	at /home/nick/.vscode-oss/extensions/redhat.java-1.0.0/dist/extension.js:2:895287
	at Immediate.<anonymous> (/home/nick/.vscode-oss/extensions/redhat.java-1.0.0/dist/extension.js:2:895652)
	at processImmediate (internal/timers.js:461:21) java.execute.workspaceCommand {"value":"redhat.java","_lower":"redhat.java"}
[2021-11-20 13:56:10.457] [exthost] [error] [redhat.java] provider FAILED
[2021-11-20 13:56:10.457] [exthost] [error] Error: The request (id: 422, method: 'textDocument/hover') has been cancelled
	at /home/nick/.vscode-oss/extensions/redhat.java-1.0.0/dist/extension.js:2:894993
	at /home/nick/.vscode-oss/extensions/redhat.java-1.0.0/dist/extension.js:2:895287
	at Immediate.<anonymous> (/home/nick/.vscode-oss/extensions/redhat.java-1.0.0/dist/extension.js:2:895652)
	at processImmediate (internal/timers.js:461:21)
[2021-11-20 13:56:20.155] [exthost] [error] Error: The request (id: 459, method: 'workspace/executeCommand') has been cancelled
	at /home/nick/.vscode-oss/extensions/redhat.java-1.0.0/dist/extension.js:2:894993
	at /home/nick/.vscode-oss/extensions/redhat.java-1.0.0/dist/extension.js:2:895287
	at Immediate.<anonymous> (/home/nick/.vscode-oss/extensions/redhat.java-1.0.0/dist/extension.js:2:895652)
	at processImmediate (internal/timers.js:461:21) java.execute.workspaceCommand {"value":"redhat.java","_lower":"redhat.java"}
[2021-11-20 13:57:19.993] [exthost] [error] Error: The request (id: 696, method: 'workspace/executeCommand') has been cancelled
	at /home/nick/.vscode-oss/extensions/redhat.java-1.0.0/dist/extension.js:2:894993
	at /home/nick/.vscode-oss/extensions/redhat.java-1.0.0/dist/extension.js:2:895287
	at Immediate.<anonymous> (/home/nick/.vscode-oss/extensions/redhat.java-1.0.0/dist/extension.js:2:895652)
	at processImmediate (internal/timers.js:461:21) java.execute.workspaceCommand {"value":"redhat.java","_lower":"redhat.java"}
[2021-11-20 13:57:48.972] [exthost] [error] [redhat.java] provider FAILED
[2021-11-20 13:57:48.972] [exthost] [error] Error: The request (id: 772, method: 'textDocument/documentSymbol') has been cancelled
	at /home/nick/.vscode-oss/extensions/redhat.java-1.0.0/dist/extension.js:2:894993
	at /home/nick/.vscode-oss/extensions/redhat.java-1.0.0/dist/extension.js:2:895287
	at Immediate.<anonymous> (/home/nick/.vscode-oss/extensions/redhat.java-1.0.0/dist/extension.js:2:895652)
	at processImmediate (internal/timers.js:461:21)
[2021-11-20 13:58:24.171] [exthost] [error] Error: The request (id: 851, method: 'workspace/executeCommand') has been cancelled
	at /home/nick/.vscode-oss/extensions/redhat.java-1.0.0/dist/extension.js:2:894993
	at /home/nick/.vscode-oss/extensions/redhat.java-1.0.0/dist/extension.js:2:895287
	at Immediate.<anonymous> (/home/nick/.vscode-oss/extensions/redhat.java-1.0.0/dist/extension.js:2:895652)
	at processImmediate (internal/timers.js:461:21) java.execute.workspaceCommand {"value":"redhat.java","_lower":"redhat.java"}
[2021-11-20 13:58:26.540] [exthost] [error] [redhat.java] provider FAILED
[2021-11-20 13:58:26.540] [exthost] [error] Error: selectionRange must be contained in fullRange
	at Function.validate (/usr/lib/code/out/vs/workbench/services/extensions/node/extensionHostProcess.js:87:30564)
	at new n (/usr/lib/code/out/vs/workbench/services/extensions/node/extensionHostProcess.js:87:30432)
	at new n (/usr/lib/code/out/vs/workbench/services/extensions/node/extensionHostProcess.js:87:17223)
	at $ (/home/nick/.vscode-oss/extensions/redhat.java-1.0.0/dist/extension.js:2:800105)
	at $ (/home/nick/.vscode-oss/extensions/redhat.java-1.0.0/dist/extension.js:2:800280)
	at Array.map (<anonymous>)
	at Object.asDocumentSymbols (/home/nick/.vscode-oss/extensions/redhat.java-1.0.0/dist/extension.js:2:805451)
	at /home/nick/.vscode-oss/extensions/redhat.java-1.0.0/dist/extension.js:2:624152
	at Generator.next (<anonymous>)
	at s (/home/nick/.vscode-oss/extensions/redhat.java-1.0.0/dist/extension.js:2:623246)
[2021-11-20 13:59:12.687] [exthost] [error] [redhat.java] provider FAILED
[2021-11-20 13:59:12.687] [exthost] [error] Error: selectionRange must be contained in fullRange
	at Function.validate (/usr/lib/code/out/vs/workbench/services/extensions/node/extensionHostProcess.js:87:30564)
	at new n (/usr/lib/code/out/vs/workbench/services/extensions/node/extensionHostProcess.js:87:30432)
	at new n (/usr/lib/code/out/vs/workbench/services/extensions/node/extensionHostProcess.js:87:17223)
	at $ (/home/nick/.vscode-oss/extensions/redhat.java-1.0.0/dist/extension.js:2:800105)
	at Array.map (<anonymous>)
	at Object.asDocumentSymbols (/home/nick/.vscode-oss/extensions/redhat.java-1.0.0/dist/extension.js:2:805451)
	at /home/nick/.vscode-oss/extensions/redhat.java-1.0.0/dist/extension.js:2:624152
	at Generator.next (<anonymous>)
	at s (/home/nick/.vscode-oss/extensions/redhat.java-1.0.0/dist/extension.js:2:623246)
[2021-11-20 13:59:20.876] [exthost] [error] Error: The request (id: 990, method: 'workspace/executeCommand') has been cancelled
	at /home/nick/.vscode-oss/extensions/redhat.java-1.0.0/dist/extension.js:2:894993
	at /home/nick/.vscode-oss/extensions/redhat.java-1.0.0/dist/extension.js:2:895287
	at Immediate.<anonymous> (/home/nick/.vscode-oss/extensions/redhat.java-1.0.0/dist/extension.js:2:895652)
	at processImmediate (internal/timers.js:461:21) java.execute.workspaceCommand {"value":"redhat.java","_lower":"redhat.java"}
[2021-11-20 13:59:22.640] [exthost] [error] Error: The request (id: 1007, method: 'workspace/executeCommand') has been cancelled
	at /home/nick/.vscode-oss/extensions/redhat.java-1.0.0/dist/extension.js:2:894993
	at /home/nick/.vscode-oss/extensions/redhat.java-1.0.0/dist/extension.js:2:895287
	at Immediate.<anonymous> (/home/nick/.vscode-oss/extensions/redhat.java-1.0.0/dist/extension.js:2:895652)
	at processImmediate (internal/timers.js:461:21) java.execute.workspaceCommand {"value":"redhat.java","_lower":"redhat.java"}
[2021-11-20 14:00:01.060] [exthost] [error] Error: The request (id: 1150, method: 'workspace/executeCommand') has been cancelled
	at /home/nick/.vscode-oss/extensions/redhat.java-1.0.0/dist/extension.js:2:894993
	at /home/nick/.vscode-oss/extensions/redhat.java-1.0.0/dist/extension.js:2:895287
	at Immediate.<anonymous> (/home/nick/.vscode-oss/extensions/redhat.java-1.0.0/dist/extension.js:2:895652)
	at processImmediate (internal/timers.js:461:21) java.execute.workspaceCommand {"value":"redhat.java","_lower":"redhat.java"}
[2021-11-20 14:00:50.201] [exthost] [error] Error: The request (id: 1423, method: 'workspace/executeCommand') has been cancelled
	at /home/nick/.vscode-oss/extensions/redhat.java-1.0.0/dist/extension.js:2:894993
	at /home/nick/.vscode-oss/extensions/redhat.java-1.0.0/dist/extension.js:2:895287
	at Immediate.<anonymous> (/home/nick/.vscode-oss/extensions/redhat.java-1.0.0/dist/extension.js:2:895652)
	at processImmediate (internal/timers.js:461:21) java.execute.workspaceCommand {"value":"redhat.java","_lower":"redhat.java"}
[2021-11-20 14:01:08.982] [exthost] [error] [redhat.java] provider FAILED
[2021-11-20 14:01:08.982] [exthost] [error] Error: selectionRange must be contained in fullRange
	at Function.validate (/usr/lib/code/out/vs/workbench/services/extensions/node/extensionHostProcess.js:87:30564)
	at new n (/usr/lib/code/out/vs/workbench/services/extensions/node/extensionHostProcess.js:87:30432)
	at new n (/usr/lib/code/out/vs/workbench/services/extensions/node/extensionHostProcess.js:87:17223)
	at $ (/home/nick/.vscode-oss/extensions/redhat.java-1.0.0/dist/extension.js:2:800105)
	at Array.map (<anonymous>)
	at Object.asDocumentSymbols (/home/nick/.vscode-oss/extensions/redhat.java-1.0.0/dist/extension.js:2:805451)
	at /home/nick/.vscode-oss/extensions/redhat.java-1.0.0/dist/extension.js:2:624152
	at Generator.next (<anonymous>)
	at s (/home/nick/.vscode-oss/extensions/redhat.java-1.0.0/dist/extension.js:2:623246)
[2021-11-20 14:01:18.837] [exthost] [error] Error: The request (id: 1587, method: 'workspace/executeCommand') has been cancelled
	at /home/nick/.vscode-oss/extensions/redhat.java-1.0.0/dist/extension.js:2:894993
	at /home/nick/.vscode-oss/extensions/redhat.java-1.0.0/dist/extension.js:2:895287
	at Immediate.<anonymous> (/home/nick/.vscode-oss/extensions/redhat.java-1.0.0/dist/extension.js:2:895652)
	at processImmediate (internal/timers.js:461:21) java.execute.workspaceCommand {"value":"redhat.java","_lower":"redhat.java"}
[2021-11-20 14:01:53.356] [exthost] [error] [redhat.java] provider FAILED
[2021-11-20 14:01:53.356] [exthost] [error] Error: The request (id: 1766, method: 'textDocument/hover') has been cancelled
	at /home/nick/.vscode-oss/extensions/redhat.java-1.0.0/dist/extension.js:2:894993
	at /home/nick/.vscode-oss/extensions/redhat.java-1.0.0/dist/extension.js:2:895287
	at Immediate.<anonymous> (/home/nick/.vscode-oss/extensions/redhat.java-1.0.0/dist/extension.js:2:895652)
	at processImmediate (internal/timers.js:461:21)
[2021-11-20 14:01:59.601] [exthost] [error] [redhat.java] provider FAILED
[2021-11-20 14:01:59.601] [exthost] [error] Error: selectionRange must be contained in fullRange
	at Function.validate (/usr/lib/code/out/vs/workbench/services/extensions/node/extensionHostProcess.js:87:30564)
	at new n (/usr/lib/code/out/vs/workbench/services/extensions/node/extensionHostProcess.js:87:30432)
	at new n (/usr/lib/code/out/vs/workbench/services/extensions/node/extensionHostProcess.js:87:17223)
	at $ (/home/nick/.vscode-oss/extensions/redhat.java-1.0.0/dist/extension.js:2:800105)
	at $ (/home/nick/.vscode-oss/extensions/redhat.java-1.0.0/dist/extension.js:2:800280)
	at Array.map (<anonymous>)
	at Object.asDocumentSymbols (/home/nick/.vscode-oss/extensions/redhat.java-1.0.0/dist/extension.js:2:805451)
	at /home/nick/.vscode-oss/extensions/redhat.java-1.0.0/dist/extension.js:2:624152
	at Generator.next (<anonymous>)
	at s (/home/nick/.vscode-oss/extensions/redhat.java-1.0.0/dist/extension.js:2:623246)
[2021-11-20 14:02:24.153] [exthost] [error] Error: The request (id: 1911, method: 'workspace/executeCommand') has been cancelled
	at /home/nick/.vscode-oss/extensions/redhat.java-1.0.0/dist/extension.js:2:894993
	at /home/nick/.vscode-oss/extensions/redhat.java-1.0.0/dist/extension.js:2:895287
	at Immediate.<anonymous> (/home/nick/.vscode-oss/extensions/redhat.java-1.0.0/dist/extension.js:2:895652)
	at processImmediate (internal/timers.js:461:21) java.execute.workspaceCommand {"value":"redhat.java","_lower":"redhat.java"}
[2021-11-20 14:02:36.007] [exthost] [error] Error: The request (id: 1972, method: 'workspace/executeCommand') has been cancelled
	at /home/nick/.vscode-oss/extensions/redhat.java-1.0.0/dist/extension.js:2:894993
	at /home/nick/.vscode-oss/extensions/redhat.java-1.0.0/dist/extension.js:2:895287
	at Immediate.<anonymous> (/home/nick/.vscode-oss/extensions/redhat.java-1.0.0/dist/extension.js:2:895652)
	at processImmediate (internal/timers.js:461:21) java.execute.workspaceCommand {"value":"redhat.java","_lower":"redhat.java"}
[2021-11-20 14:03:50.284] [exthost] [error] Error: The request (id: 2088, method: 'workspace/executeCommand') has been cancelled
	at /home/nick/.vscode-oss/extensions/redhat.java-1.0.0/dist/extension.js:2:894993
	at /home/nick/.vscode-oss/extensions/redhat.java-1.0.0/dist/extension.js:2:895287
	at Immediate.<anonymous> (/home/nick/.vscode-oss/extensions/redhat.java-1.0.0/dist/extension.js:2:895652)
	at processImmediate (internal/timers.js:461:21) java.execute.workspaceCommand {"value":"redhat.java","_lower":"redhat.java"}
[2021-11-20 14:04:00.341] [exthost] [error] [redhat.java] provider FAILED
[2021-11-20 14:04:00.341] [exthost] [error] Error: selectionRange must be contained in fullRange
	at Function.validate (/usr/lib/code/out/vs/workbench/services/extensions/node/extensionHostProcess.js:87:30564)
	at new n (/usr/lib/code/out/vs/workbench/services/extensions/node/extensionHostProcess.js:87:30432)
	at new n (/usr/lib/code/out/vs/workbench/services/extensions/node/extensionHostProcess.js:87:17223)
	at $ (/home/nick/.vscode-oss/extensions/redhat.java-1.0.0/dist/extension.js:2:800105)
	at Array.map (<anonymous>)
	at Object.asDocumentSymbols (/home/nick/.vscode-oss/extensions/redhat.java-1.0.0/dist/extension.js:2:805451)
	at /home/nick/.vscode-oss/extensions/redhat.java-1.0.0/dist/extension.js:2:624152
	at Generator.next (<anonymous>)
	at s (/home/nick/.vscode-oss/extensions/redhat.java-1.0.0/dist/extension.js:2:623246)
[2021-11-20 14:04:05.256] [exthost] [error] Error: The request (id: 2189, method: 'workspace/executeCommand') has been cancelled
	at /home/nick/.vscode-oss/extensions/redhat.java-1.0.0/dist/extension.js:2:894993
	at /home/nick/.vscode-oss/extensions/redhat.java-1.0.0/dist/extension.js:2:895287
	at Immediate.<anonymous> (/home/nick/.vscode-oss/extensions/redhat.java-1.0.0/dist/extension.js:2:895652)
	at processImmediate (internal/timers.js:461:21) java.execute.workspaceCommand {"value":"redhat.java","_lower":"redhat.java"}
[2021-11-20 14:04:16.966] [exthost] [error] Error: The request (id: 2257, method: 'workspace/executeCommand') has been cancelled
	at /home/nick/.vscode-oss/extensions/redhat.java-1.0.0/dist/extension.js:2:894993
	at /home/nick/.vscode-oss/extensions/redhat.java-1.0.0/dist/extension.js:2:895287
	at Immediate.<anonymous> (/home/nick/.vscode-oss/extensions/redhat.java-1.0.0/dist/extension.js:2:895652)
	at processImmediate (internal/timers.js:461:21) java.execute.workspaceCommand {"value":"redhat.java","_lower":"redhat.java"}
[2021-11-20 14:05:10.197] [exthost] [error] Error: The request (id: 2449, method: 'workspace/executeCommand') has been cancelled
	at /home/nick/.vscode-oss/extensions/redhat.java-1.0.0/dist/extension.js:2:894993
	at /home/nick/.vscode-oss/extensions/redhat.java-1.0.0/dist/extension.js:2:895287
	at Immediate.<anonymous> (/home/nick/.vscode-oss/extensions/redhat.java-1.0.0/dist/extension.js:2:895652)
	at processImmediate (internal/timers.js:461:21) java.execute.workspaceCommand {"value":"redhat.java","_lower":"redhat.java"}
[2021-11-20 14:05:58.549] [exthost] [error] Error: The request (id: 2691, method: 'workspace/executeCommand') has been cancelled
	at /home/nick/.vscode-oss/extensions/redhat.java-1.0.0/dist/extension.js:2:894993
	at /home/nick/.vscode-oss/extensions/redhat.java-1.0.0/dist/extension.js:2:895287
	at Immediate.<anonymous> (/home/nick/.vscode-oss/extensions/redhat.java-1.0.0/dist/extension.js:2:895652)
	at processImmediate (internal/timers.js:461:21) java.execute.workspaceCommand {"value":"redhat.java","_lower":"redhat.java"}
[2021-11-20 14:06:17.678] [exthost] [error] [redhat.java] provider FAILED
[2021-11-20 14:06:17.678] [exthost] [error] Error: selectionRange must be contained in fullRange
	at Function.validate (/usr/lib/code/out/vs/workbench/services/extensions/node/extensionHostProcess.js:87:30564)
	at new n (/usr/lib/code/out/vs/workbench/services/extensions/node/extensionHostProcess.js:87:30432)
	at new n (/usr/lib/code/out/vs/workbench/services/extensions/node/extensionHostProcess.js:87:17223)
	at $ (/home/nick/.vscode-oss/extensions/redhat.java-1.0.0/dist/extension.js:2:800105)
	at Array.map (<anonymous>)
	at Object.asDocumentSymbols (/home/nick/.vscode-oss/extensions/redhat.java-1.0.0/dist/extension.js:2:805451)
	at /home/nick/.vscode-oss/extensions/redhat.java-1.0.0/dist/extension.js:2:624152
	at Generator.next (<anonymous>)
	at s (/home/nick/.vscode-oss/extensions/redhat.java-1.0.0/dist/extension.js:2:623246)
	at runMicrotasks (<anonymous>)
	at runNextTicks (internal/process/task_queues.js:58:5)
	at processImmediate (internal/timers.js:434:9)
[2021-11-20 14:06:27.299] [exthost] [error] Error: The request (id: 2793, method: 'workspace/executeCommand') has been cancelled
	at /home/nick/.vscode-oss/extensions/redhat.java-1.0.0/dist/extension.js:2:894993
	at /home/nick/.vscode-oss/extensions/redhat.java-1.0.0/dist/extension.js:2:895287
	at Immediate.<anonymous> (/home/nick/.vscode-oss/extensions/redhat.java-1.0.0/dist/extension.js:2:895652)
	at processImmediate (internal/timers.js:461:21) java.execute.workspaceCommand {"value":"redhat.java","_lower":"redhat.java"}
[2021-11-20 14:06:30.813] [exthost] [error] [redhat.java] provider FAILED
[2021-11-20 14:06:30.813] [exthost] [error] Error: The request (id: 2815, method: 'textDocument/documentSymbol') has been cancelled
	at /home/nick/.vscode-oss/extensions/redhat.java-1.0.0/dist/extension.js:2:894993
	at /home/nick/.vscode-oss/extensions/redhat.java-1.0.0/dist/extension.js:2:895287
	at Immediate.<anonymous> (/home/nick/.vscode-oss/extensions/redhat.java-1.0.0/dist/extension.js:2:895652)
	at processImmediate (internal/timers.js:461:21)
[2021-11-20 14:07:02.679] [exthost] [error] [redhat.java] provider FAILED
[2021-11-20 14:07:02.679] [exthost] [error] Error: selectionRange must be contained in fullRange
	at Function.validate (/usr/lib/code/out/vs/workbench/services/extensions/node/extensionHostProcess.js:87:30564)
	at new n (/usr/lib/code/out/vs/workbench/services/extensions/node/extensionHostProcess.js:87:30432)
	at new n (/usr/lib/code/out/vs/workbench/services/extensions/node/extensionHostProcess.js:87:17223)
	at $ (/home/nick/.vscode-oss/extensions/redhat.java-1.0.0/dist/extension.js:2:800105)
	at Array.map (<anonymous>)
	at Object.asDocumentSymbols (/home/nick/.vscode-oss/extensions/redhat.java-1.0.0/dist/extension.js:2:805451)
	at /home/nick/.vscode-oss/extensions/redhat.java-1.0.0/dist/extension.js:2:624152
	at Generator.next (<anonymous>)
	at s (/home/nick/.vscode-oss/extensions/redhat.java-1.0.0/dist/extension.js:2:623246)
[2021-11-20 14:07:23.409] [exthost] [error] Error: The request (id: 2946, method: 'workspace/executeCommand') has been cancelled
	at /home/nick/.vscode-oss/extensions/redhat.java-1.0.0/dist/extension.js:2:894993
	at /home/nick/.vscode-oss/extensions/redhat.java-1.0.0/dist/extension.js:2:895287
	at Immediate.<anonymous> (/home/nick/.vscode-oss/extensions/redhat.java-1.0.0/dist/extension.js:2:895652)
	at processImmediate (internal/timers.js:461:21) java.execute.workspaceCommand {"value":"redhat.java","_lower":"redhat.java"}
[2021-11-20 14:08:50.115] [exthost] [error] [redhat.java] provider FAILED
[2021-11-20 14:08:50.116] [exthost] [error] Error: The request (id: 3018, method: 'textDocument/documentSymbol') has been cancelled
	at /home/nick/.vscode-oss/extensions/redhat.java-1.0.0/dist/extension.js:2:894993
	at /home/nick/.vscode-oss/extensions/redhat.java-1.0.0/dist/extension.js:2:895287
	at Immediate.<anonymous> (/home/nick/.vscode-oss/extensions/redhat.java-1.0.0/dist/extension.js:2:895652)
	at processImmediate (internal/timers.js:461:21)
[2021-11-20 14:09:05.521] [exthost] [error] [redhat.java] provider FAILED
[2021-11-20 14:09:05.521] [exthost] [error] Error: selectionRange must be contained in fullRange
	at Function.validate (/usr/lib/code/out/vs/workbench/services/extensions/node/extensionHostProcess.js:87:30564)
	at new n (/usr/lib/code/out/vs/workbench/services/extensions/node/extensionHostProcess.js:87:30432)
	at new n (/usr/lib/code/out/vs/workbench/services/extensions/node/extensionHostProcess.js:87:17223)
	at $ (/home/nick/.vscode-oss/extensions/redhat.java-1.0.0/dist/extension.js:2:800105)
	at Array.map (<anonymous>)
	at Object.asDocumentSymbols (/home/nick/.vscode-oss/extensions/redhat.java-1.0.0/dist/extension.js:2:805451)
	at /home/nick/.vscode-oss/extensions/redhat.java-1.0.0/dist/extension.js:2:624152
	at Generator.next (<anonymous>)
	at s (/home/nick/.vscode-oss/extensions/redhat.java-1.0.0/dist/extension.js:2:623246)
[2021-11-20 14:09:06.161] [exthost] [error] Error: The request (id: 3114, method: 'workspace/executeCommand') has been cancelled
	at /home/nick/.vscode-oss/extensions/redhat.java-1.0.0/dist/extension.js:2:894993
	at /home/nick/.vscode-oss/extensions/redhat.java-1.0.0/dist/extension.js:2:895287
	at Immediate.<anonymous> (/home/nick/.vscode-oss/extensions/redhat.java-1.0.0/dist/extension.js:2:895652)
	at processImmediate (internal/timers.js:461:21) java.execute.workspaceCommand {"value":"redhat.java","_lower":"redhat.java"}
[2021-11-20 14:09:06.248] [exthost] [error] [redhat.java] provider FAILED
[2021-11-20 14:09:06.249] [exthost] [error] Error: The request (id: 3116, method: 'textDocument/documentSymbol') has been cancelled
	at /home/nick/.vscode-oss/extensions/redhat.java-1.0.0/dist/extension.js:2:894993
	at /home/nick/.vscode-oss/extensions/redhat.java-1.0.0/dist/extension.js:2:895287
	at Immediate.<anonymous> (/home/nick/.vscode-oss/extensions/redhat.java-1.0.0/dist/extension.js:2:895652)
	at processImmediate (internal/timers.js:461:21)
[2021-11-20 14:09:07.743] [exthost] [error] [redhat.java] provider FAILED
[2021-11-20 14:09:07.743] [exthost] [error] Error: selectionRange must be contained in fullRange
	at Function.validate (/usr/lib/code/out/vs/workbench/services/extensions/node/extensionHostProcess.js:87:30564)
	at new n (/usr/lib/code/out/vs/workbench/services/extensions/node/extensionHostProcess.js:87:30432)
	at new n (/usr/lib/code/out/vs/workbench/services/extensions/node/extensionHostProcess.js:87:17223)
	at $ (/home/nick/.vscode-oss/extensions/redhat.java-1.0.0/dist/extension.js:2:800105)
	at Array.map (<anonymous>)
	at Object.asDocumentSymbols (/home/nick/.vscode-oss/extensions/redhat.java-1.0.0/dist/extension.js:2:805451)
	at /home/nick/.vscode-oss/extensions/redhat.java-1.0.0/dist/extension.js:2:624152
	at Generator.next (<anonymous>)
	at s (/home/nick/.vscode-oss/extensions/redhat.java-1.0.0/dist/extension.js:2:623246)
[2021-11-20 14:09:08.095] [exthost] [error] [redhat.java] provider FAILED
[2021-11-20 14:09:08.095] [exthost] [error] Error: selectionRange must be contained in fullRange
	at Function.validate (/usr/lib/code/out/vs/workbench/services/extensions/node/extensionHostProcess.js:87:30564)
	at new n (/usr/lib/code/out/vs/workbench/services/extensions/node/extensionHostProcess.js:87:30432)
	at new n (/usr/lib/code/out/vs/workbench/services/extensions/node/extensionHostProcess.js:87:17223)
	at $ (/home/nick/.vscode-oss/extensions/redhat.java-1.0.0/dist/extension.js:2:800105)
	at Array.map (<anonymous>)
	at Object.asDocumentSymbols (/home/nick/.vscode-oss/extensions/redhat.java-1.0.0/dist/extension.js:2:805451)
	at /home/nick/.vscode-oss/extensions/redhat.java-1.0.0/dist/extension.js:2:624152
	at Generator.next (<anonymous>)
	at s (/home/nick/.vscode-oss/extensions/redhat.java-1.0.0/dist/extension.js:2:623246)
[2021-11-20 14:09:13.376] [exthost] [error] [redhat.java] provider FAILED
[2021-11-20 14:09:13.376] [exthost] [error] Error: selectionRange must be contained in fullRange
	at Function.validate (/usr/lib/code/out/vs/workbench/services/extensions/node/extensionHostProcess.js:87:30564)
	at new n (/usr/lib/code/out/vs/workbench/services/extensions/node/extensionHostProcess.js:87:30432)
	at new n (/usr/lib/code/out/vs/workbench/services/extensions/node/extensionHostProcess.js:87:17223)
	at $ (/home/nick/.vscode-oss/extensions/redhat.java-1.0.0/dist/extension.js:2:800105)
	at Array.map (<anonymous>)
	at Object.asDocumentSymbols (/home/nick/.vscode-oss/extensions/redhat.java-1.0.0/dist/extension.js:2:805451)
	at /home/nick/.vscode-oss/extensions/redhat.java-1.0.0/dist/extension.js:2:624152
	at Generator.next (<anonymous>)
	at s (/home/nick/.vscode-oss/extensions/redhat.java-1.0.0/dist/extension.js:2:623246)
[2021-11-20 14:09:46.489] [exthost] [info] ExtensionService#_doActivateExtension vscode.debug-server-ready, startup: false, activationEvent: 'onDebugResolve'
[2021-11-20 14:09:47.545] [exthost] [error] 2 java.workspace.compile {"value":"redhat.java","_lower":"redhat.java"}
[2021-11-20 14:17:36.695] [exthost] [error] Error: The request (id: 3373, method: 'workspace/executeCommand') has been cancelled
	at /home/nick/.vscode-oss/extensions/redhat.java-1.0.0/dist/extension.js:2:894993
	at /home/nick/.vscode-oss/extensions/redhat.java-1.0.0/dist/extension.js:2:895287
	at Immediate.<anonymous> (/home/nick/.vscode-oss/extensions/redhat.java-1.0.0/dist/extension.js:2:895652)
	at processImmediate (internal/timers.js:461:21) java.execute.workspaceCommand {"value":"redhat.java","_lower":"redhat.java"}
[2021-11-20 14:17:44.827] [exthost] [error] [redhat.java] provider FAILED
[2021-11-20 14:17:44.827] [exthost] [error] Error: The request (id: 3428, method: 'textDocument/documentSymbol') has been cancelled
	at /home/nick/.vscode-oss/extensions/redhat.java-1.0.0/dist/extension.js:2:894993
	at /home/nick/.vscode-oss/extensions/redhat.java-1.0.0/dist/extension.js:2:895287
	at Immediate.<anonymous> (/home/nick/.vscode-oss/extensions/redhat.java-1.0.0/dist/extension.js:2:895652)
	at processImmediate (internal/timers.js:461:21)
[2021-11-20 14:17:54.713] [exthost] [error] Error: The request (id: 3469, method: 'workspace/executeCommand') has been cancelled
	at /home/nick/.vscode-oss/extensions/redhat.java-1.0.0/dist/extension.js:2:894993
	at /home/nick/.vscode-oss/extensions/redhat.java-1.0.0/dist/extension.js:2:895287
	at Immediate.<anonymous> (/home/nick/.vscode-oss/extensions/redhat.java-1.0.0/dist/extension.js:2:895652)
	at processImmediate (internal/timers.js:461:21) java.execute.workspaceCommand {"value":"redhat.java","_lower":"redhat.java"}
[2021-11-20 14:18:15.570] [exthost] [error] Error: The request (id: 3568, method: 'workspace/executeCommand') has been cancelled
	at /home/nick/.vscode-oss/extensions/redhat.java-1.0.0/dist/extension.js:2:894993
	at /home/nick/.vscode-oss/extensions/redhat.java-1.0.0/dist/extension.js:2:895287
	at Immediate.<anonymous> (/home/nick/.vscode-oss/extensions/redhat.java-1.0.0/dist/extension.js:2:895652)
	at processImmediate (internal/timers.js:461:21) java.execute.workspaceCommand {"value":"redhat.java","_lower":"redhat.java"}
[2021-11-20 14:18:19.768] [exthost] [error] [redhat.java] provider FAILED
[2021-11-20 14:18:19.768] [exthost] [error] Error: selectionRange must be contained in fullRange
	at Function.validate (/usr/lib/code/out/vs/workbench/services/extensions/node/extensionHostProcess.js:87:30564)
	at new n (/usr/lib/code/out/vs/workbench/services/extensions/node/extensionHostProcess.js:87:30432)
	at new n (/usr/lib/code/out/vs/workbench/services/extensions/node/extensionHostProcess.js:87:17223)
	at $ (/home/nick/.vscode-oss/extensions/redhat.java-1.0.0/dist/extension.js:2:800105)
	at Array.map (<anonymous>)
	at Object.asDocumentSymbols (/home/nick/.vscode-oss/extensions/redhat.java-1.0.0/dist/extension.js:2:805451)
	at /home/nick/.vscode-oss/extensions/redhat.java-1.0.0/dist/extension.js:2:624152
	at Generator.next (<anonymous>)
	at s (/home/nick/.vscode-oss/extensions/redhat.java-1.0.0/dist/extension.js:2:623246)
	at runMicrotasks (<anonymous>)
	at runNextTicks (internal/process/task_queues.js:58:5)
	at processImmediate (internal/timers.js:434:9)
[2021-11-20 14:19:19.852] [exthost] [error] [redhat.java] provider FAILED
[2021-11-20 14:19:19.852] [exthost] [error] Error: selectionRange must be contained in fullRange
	at Function.validate (/usr/lib/code/out/vs/workbench/services/extensions/node/extensionHostProcess.js:87:30564)
	at new n (/usr/lib/code/out/vs/workbench/services/extensions/node/extensionHostProcess.js:87:30432)
	at new n (/usr/lib/code/out/vs/workbench/services/extensions/node/extensionHostProcess.js:87:17223)
	at $ (/home/nick/.vscode-oss/extensions/redhat.java-1.0.0/dist/extension.js:2:800105)
	at $ (/home/nick/.vscode-oss/extensions/redhat.java-1.0.0/dist/extension.js:2:800280)
	at Array.map (<anonymous>)
	at Object.asDocumentSymbols (/home/nick/.vscode-oss/extensions/redhat.java-1.0.0/dist/extension.js:2:805451)
	at /home/nick/.vscode-oss/extensions/redhat.java-1.0.0/dist/extension.js:2:624152
	at Generator.next (<anonymous>)
	at s (/home/nick/.vscode-oss/extensions/redhat.java-1.0.0/dist/extension.js:2:623246)
[2021-11-20 14:20:26.612] [exthost] [error] Error: The request (id: 3955, method: 'workspace/executeCommand') has been cancelled
	at /home/nick/.vscode-oss/extensions/redhat.java-1.0.0/dist/extension.js:2:894993
	at /home/nick/.vscode-oss/extensions/redhat.java-1.0.0/dist/extension.js:2:895287
	at Immediate.<anonymous> (/home/nick/.vscode-oss/extensions/redhat.java-1.0.0/dist/extension.js:2:895652)
	at processImmediate (internal/timers.js:461:21) java.execute.workspaceCommand {"value":"redhat.java","_lower":"redhat.java"}
[2021-11-20 14:20:29.072] [exthost] [error] [redhat.java] provider FAILED
[2021-11-20 14:20:29.072] [exthost] [error] Error: The request (id: 3977, method: 'textDocument/documentSymbol') has been cancelled
	at /home/nick/.vscode-oss/extensions/redhat.java-1.0.0/dist/extension.js:2:894993
	at /home/nick/.vscode-oss/extensions/redhat.java-1.0.0/dist/extension.js:2:895287
	at Immediate.<anonymous> (/home/nick/.vscode-oss/extensions/redhat.java-1.0.0/dist/extension.js:2:895652)
	at processImmediate (internal/timers.js:461:21)
[2021-11-20 14:20:38.587] [exthost] [error] Error: The request (id: 4029, method: 'workspace/executeCommand') has been cancelled
	at /home/nick/.vscode-oss/extensions/redhat.java-1.0.0/dist/extension.js:2:894993
	at /home/nick/.vscode-oss/extensions/redhat.java-1.0.0/dist/extension.js:2:895287
	at Immediate.<anonymous> (/home/nick/.vscode-oss/extensions/redhat.java-1.0.0/dist/extension.js:2:895652)
	at processImmediate (internal/timers.js:461:21) java.execute.workspaceCommand {"value":"redhat.java","_lower":"redhat.java"}
[2021-11-20 14:21:08.959] [exthost] [error] [redhat.java] provider FAILED
[2021-11-20 14:21:08.960] [exthost] [error] Error: selectionRange must be contained in fullRange
	at Function.validate (/usr/lib/code/out/vs/workbench/services/extensions/node/extensionHostProcess.js:87:30564)
	at new n (/usr/lib/code/out/vs/workbench/services/extensions/node/extensionHostProcess.js:87:30432)
	at new n (/usr/lib/code/out/vs/workbench/services/extensions/node/extensionHostProcess.js:87:17223)
	at $ (/home/nick/.vscode-oss/extensions/redhat.java-1.0.0/dist/extension.js:2:800105)
	at Array.map (<anonymous>)
	at Object.asDocumentSymbols (/home/nick/.vscode-oss/extensions/redhat.java-1.0.0/dist/extension.js:2:805451)
	at /home/nick/.vscode-oss/extensions/redhat.java-1.0.0/dist/extension.js:2:624152
	at Generator.next (<anonymous>)
	at s (/home/nick/.vscode-oss/extensions/redhat.java-1.0.0/dist/extension.js:2:623246)
[2021-11-20 14:21:13.483] [exthost] [error] Error: Invalid completion proposal
	at /home/nick/.vscode-oss/extensions/redhat.java-1.0.0/dist/extension.js:2:894993
	at /home/nick/.vscode-oss/extensions/redhat.java-1.0.0/dist/extension.js:2:895287
	at Immediate.<anonymous> (/home/nick/.vscode-oss/extensions/redhat.java-1.0.0/dist/extension.js:2:895652)
	at processImmediate (internal/timers.js:461:21) java.execute.workspaceCommand {"value":"redhat.java","_lower":"redhat.java"}
[2021-11-20 14:21:13.483] [exthost] [error] [VisualStudioExptTeam.vscodeintellicode] provider FAILED
[2021-11-20 14:21:13.483] [exthost] [error] Error: Invalid completion proposal
	at /home/nick/.vscode-oss/extensions/redhat.java-1.0.0/dist/extension.js:2:894993
	at /home/nick/.vscode-oss/extensions/redhat.java-1.0.0/dist/extension.js:2:895287
	at Immediate.<anonymous> (/home/nick/.vscode-oss/extensions/redhat.java-1.0.0/dist/extension.js:2:895652)
	at processImmediate (internal/timers.js:461:21)
[2021-11-20 14:24:05.687] [exthost] [error] [redhat.java] provider FAILED
[2021-11-20 14:24:05.687] [exthost] [error] Error: The request (id: 4574, method: 'textDocument/hover') has been cancelled
	at /home/nick/.vscode-oss/extensions/redhat.java-1.0.0/dist/extension.js:2:894993
	at /home/nick/.vscode-oss/extensions/redhat.java-1.0.0/dist/extension.js:2:895287
	at Immediate.<anonymous> (/home/nick/.vscode-oss/extensions/redhat.java-1.0.0/dist/extension.js:2:895652)
	at processImmediate (internal/timers.js:461:21)
[2021-11-20 14:24:08.799] [exthost] [error] [redhat.java] provider FAILED
[2021-11-20 14:24:08.799] [exthost] [error] Error: The request (id: 4602, method: 'textDocument/documentSymbol') has been cancelled
	at /home/nick/.vscode-oss/extensions/redhat.java-1.0.0/dist/extension.js:2:894993
	at /home/nick/.vscode-oss/extensions/redhat.java-1.0.0/dist/extension.js:2:895287
	at Immediate.<anonymous> (/home/nick/.vscode-oss/extensions/redhat.java-1.0.0/dist/extension.js:2:895652)
	at processImmediate (internal/timers.js:461:21)
[2021-11-20 14:24:08.851] [exthost] [error] [redhat.java] provider FAILED
[2021-11-20 14:24:08.851] [exthost] [error] Error: The request (id: 4605, method: 'textDocument/documentSymbol') has been cancelled
	at /home/nick/.vscode-oss/extensions/redhat.java-1.0.0/dist/extension.js:2:894993
	at /home/nick/.vscode-oss/extensions/redhat.java-1.0.0/dist/extension.js:2:895287
	at Immediate.<anonymous> (/home/nick/.vscode-oss/extensions/redhat.java-1.0.0/dist/extension.js:2:895652)
	at processImmediate (internal/timers.js:461:21)
[2021-11-20 14:24:17.707] [exthost] [error] [redhat.java] provider FAILED
[2021-11-20 14:24:17.708] [exthost] [error] Error: The request (id: 4625, method: 'textDocument/documentSymbol') has been cancelled
	at /home/nick/.vscode-oss/extensions/redhat.java-1.0.0/dist/extension.js:2:894993
	at /home/nick/.vscode-oss/extensions/redhat.java-1.0.0/dist/extension.js:2:895287
	at Immediate.<anonymous> (/home/nick/.vscode-oss/extensions/redhat.java-1.0.0/dist/extension.js:2:895652)
	at processImmediate (internal/timers.js:461:21)
[2021-11-20 14:24:21.047] [exthost] [error] Error: The request (id: 4643, method: 'workspace/executeCommand') has been cancelled
	at /home/nick/.vscode-oss/extensions/redhat.java-1.0.0/dist/extension.js:2:894993
	at /home/nick/.vscode-oss/extensions/redhat.java-1.0.0/dist/extension.js:2:895287
	at Immediate.<anonymous> (/home/nick/.vscode-oss/extensions/redhat.java-1.0.0/dist/extension.js:2:895652)
	at processImmediate (internal/timers.js:461:21) java.execute.workspaceCommand {"value":"redhat.java","_lower":"redhat.java"}
[2021-11-20 14:24:49.782] [exthost] [error] Error: The request (id: 4680, method: 'workspace/executeCommand') has been cancelled
	at /home/nick/.vscode-oss/extensions/redhat.java-1.0.0/dist/extension.js:2:894993
	at /home/nick/.vscode-oss/extensions/redhat.java-1.0.0/dist/extension.js:2:895287
	at Immediate.<anonymous> (/home/nick/.vscode-oss/extensions/redhat.java-1.0.0/dist/extension.js:2:895652)
	at processImmediate (internal/timers.js:461:21) java.execute.workspaceCommand {"value":"redhat.java","_lower":"redhat.java"}
[2021-11-20 14:24:49.875] [exthost] [error] [redhat.java] provider FAILED
[2021-11-20 14:24:49.875] [exthost] [error] Error: The request (id: 4682, method: 'textDocument/documentSymbol') has been cancelled
	at /home/nick/.vscode-oss/extensions/redhat.java-1.0.0/dist/extension.js:2:894993
	at /home/nick/.vscode-oss/extensions/redhat.java-1.0.0/dist/extension.js:2:895287
	at Immediate.<anonymous> (/home/nick/.vscode-oss/extensions/redhat.java-1.0.0/dist/extension.js:2:895652)
	at processImmediate (internal/timers.js:461:21)
[2021-11-20 14:24:53.769] [exthost] [error] Error: The request (id: 4702, method: 'workspace/executeCommand') has been cancelled
	at /home/nick/.vscode-oss/extensions/redhat.java-1.0.0/dist/extension.js:2:894993
	at /home/nick/.vscode-oss/extensions/redhat.java-1.0.0/dist/extension.js:2:895287
	at Immediate.<anonymous> (/home/nick/.vscode-oss/extensions/redhat.java-1.0.0/dist/extension.js:2:895652)
	at processImmediate (internal/timers.js:461:21) java.execute.workspaceCommand {"value":"redhat.java","_lower":"redhat.java"}
[2021-11-20 14:25:19.903] [exthost] [error] Error: The request (id: 4781, method: 'workspace/executeCommand') has been cancelled
	at /home/nick/.vscode-oss/extensions/redhat.java-1.0.0/dist/extension.js:2:894993
	at /home/nick/.vscode-oss/extensions/redhat.java-1.0.0/dist/extension.js:2:895287
	at Immediate.<anonymous> (/home/nick/.vscode-oss/extensions/redhat.java-1.0.0/dist/extension.js:2:895652)
	at processImmediate (internal/timers.js:461:21) java.execute.workspaceCommand {"value":"redhat.java","_lower":"redhat.java"}
[2021-11-20 14:25:23.298] [exthost] [error] Error: The request (id: 4809, method: 'workspace/executeCommand') has been cancelled
	at /home/nick/.vscode-oss/extensions/redhat.java-1.0.0/dist/extension.js:2:894993
	at /home/nick/.vscode-oss/extensions/redhat.java-1.0.0/dist/extension.js:2:895287
	at Immediate.<anonymous> (/home/nick/.vscode-oss/extensions/redhat.java-1.0.0/dist/extension.js:2:895652)
	at processImmediate (internal/timers.js:461:21) java.execute.workspaceCommand {"value":"redhat.java","_lower":"redhat.java"}
[2021-11-20 14:25:26.995] [exthost] [error] Error: The request (id: 4845, method: 'workspace/executeCommand') has been cancelled
	at /home/nick/.vscode-oss/extensions/redhat.java-1.0.0/dist/extension.js:2:894993
	at /home/nick/.vscode-oss/extensions/redhat.java-1.0.0/dist/extension.js:2:895287
	at Immediate.<anonymous> (/home/nick/.vscode-oss/extensions/redhat.java-1.0.0/dist/extension.js:2:895652)
	at processImmediate (internal/timers.js:461:21) java.execute.workspaceCommand {"value":"redhat.java","_lower":"redhat.java"}
[2021-11-20 14:25:39.732] [exthost] [error] [redhat.java] provider FAILED
[2021-11-20 14:25:39.732] [exthost] [error] Error: selectionRange must be contained in fullRange
	at Function.validate (/usr/lib/code/out/vs/workbench/services/extensions/node/extensionHostProcess.js:87:30564)
	at new n (/usr/lib/code/out/vs/workbench/services/extensions/node/extensionHostProcess.js:87:30432)
	at new n (/usr/lib/code/out/vs/workbench/services/extensions/node/extensionHostProcess.js:87:17223)
	at $ (/home/nick/.vscode-oss/extensions/redhat.java-1.0.0/dist/extension.js:2:800105)
	at Array.map (<anonymous>)
	at Object.asDocumentSymbols (/home/nick/.vscode-oss/extensions/redhat.java-1.0.0/dist/extension.js:2:805451)
	at /home/nick/.vscode-oss/extensions/redhat.java-1.0.0/dist/extension.js:2:624152
	at Generator.next (<anonymous>)
	at s (/home/nick/.vscode-oss/extensions/redhat.java-1.0.0/dist/extension.js:2:623246)
[2021-11-20 14:26:04.533] [exthost] [error] Error: The request (id: 5020, method: 'workspace/executeCommand') has been cancelled
	at /home/nick/.vscode-oss/extensions/redhat.java-1.0.0/dist/extension.js:2:894993
	at /home/nick/.vscode-oss/extensions/redhat.java-1.0.0/dist/extension.js:2:895287
	at Immediate.<anonymous> (/home/nick/.vscode-oss/extensions/redhat.java-1.0.0/dist/extension.js:2:895652)
	at processImmediate (internal/timers.js:461:21) java.execute.workspaceCommand {"value":"redhat.java","_lower":"redhat.java"}
[2021-11-20 14:26:51.423] [exthost] [error] [redhat.java] provider FAILED
[2021-11-20 14:26:51.424] [exthost] [error] Error: selectionRange must be contained in fullRange
	at Function.validate (/usr/lib/code/out/vs/workbench/services/extensions/node/extensionHostProcess.js:87:30564)
	at new n (/usr/lib/code/out/vs/workbench/services/extensions/node/extensionHostProcess.js:87:30432)
	at new n (/usr/lib/code/out/vs/workbench/services/extensions/node/extensionHostProcess.js:87:17223)
	at $ (/home/nick/.vscode-oss/extensions/redhat.java-1.0.0/dist/extension.js:2:800105)
	at $ (/home/nick/.vscode-oss/extensions/redhat.java-1.0.0/dist/extension.js:2:800280)
	at Array.map (<anonymous>)
	at Object.asDocumentSymbols (/home/nick/.vscode-oss/extensions/redhat.java-1.0.0/dist/extension.js:2:805451)
	at /home/nick/.vscode-oss/extensions/redhat.java-1.0.0/dist/extension.js:2:624152
	at Generator.next (<anonymous>)
	at s (/home/nick/.vscode-oss/extensions/redhat.java-1.0.0/dist/extension.js:2:623246)
[2021-11-20 14:26:54.869] [exthost] [error] Error: The request (id: 5188, method: 'workspace/executeCommand') has been cancelled
	at /home/nick/.vscode-oss/extensions/redhat.java-1.0.0/dist/extension.js:2:894993
	at /home/nick/.vscode-oss/extensions/redhat.java-1.0.0/dist/extension.js:2:895287
	at Immediate.<anonymous> (/home/nick/.vscode-oss/extensions/redhat.java-1.0.0/dist/extension.js:2:895652)
	at processImmediate (internal/timers.js:461:21) java.execute.workspaceCommand {"value":"redhat.java","_lower":"redhat.java"}
[2021-11-20 14:26:55.225] [exthost] [error] Error: The request (id: 5193, method: 'workspace/executeCommand') has been cancelled
	at /home/nick/.vscode-oss/extensions/redhat.java-1.0.0/dist/extension.js:2:894993
	at /home/nick/.vscode-oss/extensions/redhat.java-1.0.0/dist/extension.js:2:895287
	at Immediate.<anonymous> (/home/nick/.vscode-oss/extensions/redhat.java-1.0.0/dist/extension.js:2:895652)
	at processImmediate (internal/timers.js:461:21) java.execute.workspaceCommand {"value":"redhat.java","_lower":"redhat.java"}
[2021-11-20 14:26:55.317] [exthost] [error] [redhat.java] provider FAILED
[2021-11-20 14:26:55.317] [exthost] [error] Error: The request (id: 5195, method: 'textDocument/documentSymbol') has been cancelled
	at /home/nick/.vscode-oss/extensions/redhat.java-1.0.0/dist/extension.js:2:894993
	at /home/nick/.vscode-oss/extensions/redhat.java-1.0.0/dist/extension.js:2:895287
	at Immediate.<anonymous> (/home/nick/.vscode-oss/extensions/redhat.java-1.0.0/dist/extension.js:2:895652)
	at processImmediate (internal/timers.js:461:21)
[2021-11-20 14:27:28.611] [exthost] [error] Error: The request (id: 5386, method: 'workspace/executeCommand') has been cancelled
	at /home/nick/.vscode-oss/extensions/redhat.java-1.0.0/dist/extension.js:2:894993
	at /home/nick/.vscode-oss/extensions/redhat.java-1.0.0/dist/extension.js:2:895287
	at Immediate.<anonymous> (/home/nick/.vscode-oss/extensions/redhat.java-1.0.0/dist/extension.js:2:895652)
	at processImmediate (internal/timers.js:461:21) java.execute.workspaceCommand {"value":"redhat.java","_lower":"redhat.java"}
[2021-11-20 14:27:44.253] [exthost] [error] Error: The request (id: 5476, method: 'workspace/executeCommand') has been cancelled
	at /home/nick/.vscode-oss/extensions/redhat.java-1.0.0/dist/extension.js:2:894993
	at /home/nick/.vscode-oss/extensions/redhat.java-1.0.0/dist/extension.js:2:895287
	at Immediate.<anonymous> (/home/nick/.vscode-oss/extensions/redhat.java-1.0.0/dist/extension.js:2:895652)
	at processImmediate (internal/timers.js:461:21) java.execute.workspaceCommand {"value":"redhat.java","_lower":"redhat.java"}
[2021-11-20 14:28:51.522] [exthost] [error] Error: The request (id: 5703, method: 'workspace/executeCommand') has been cancelled
	at /home/nick/.vscode-oss/extensions/redhat.java-1.0.0/dist/extension.js:2:894993
	at /home/nick/.vscode-oss/extensions/redhat.java-1.0.0/dist/extension.js:2:895287
	at Immediate.<anonymous> (/home/nick/.vscode-oss/extensions/redhat.java-1.0.0/dist/extension.js:2:895652)
	at processImmediate (internal/timers.js:461:21) java.execute.workspaceCommand {"value":"redhat.java","_lower":"redhat.java"}
[2021-11-20 14:29:40.261] [exthost] [error] Error: The request (id: 5809, method: 'workspace/executeCommand') has been cancelled
	at /home/nick/.vscode-oss/extensions/redhat.java-1.0.0/dist/extension.js:2:894993
	at /home/nick/.vscode-oss/extensions/redhat.java-1.0.0/dist/extension.js:2:895287
	at Immediate.<anonymous> (/home/nick/.vscode-oss/extensions/redhat.java-1.0.0/dist/extension.js:2:895652)
	at processImmediate (internal/timers.js:461:21) java.execute.workspaceCommand {"value":"redhat.java","_lower":"redhat.java"}
[2021-11-20 14:30:02.689] [exthost] [error] [redhat.java] provider FAILED
[2021-11-20 14:30:02.689] [exthost] [error] Error: The request (id: 5883, method: 'textDocument/hover') has been cancelled
	at /home/nick/.vscode-oss/extensions/redhat.java-1.0.0/dist/extension.js:2:894993
	at /home/nick/.vscode-oss/extensions/redhat.java-1.0.0/dist/extension.js:2:895287
	at Immediate.<anonymous> (/home/nick/.vscode-oss/extensions/redhat.java-1.0.0/dist/extension.js:2:895652)
	at processImmediate (internal/timers.js:461:21)
[2021-11-20 14:30:06.395] [exthost] [error] Error: The request (id: 5898, method: 'workspace/executeCommand') has been cancelled
	at /home/nick/.vscode-oss/extensions/redhat.java-1.0.0/dist/extension.js:2:894993
	at /home/nick/.vscode-oss/extensions/redhat.java-1.0.0/dist/extension.js:2:895287
	at Immediate.<anonymous> (/home/nick/.vscode-oss/extensions/redhat.java-1.0.0/dist/extension.js:2:895652)
	at processImmediate (internal/timers.js:461:21) java.execute.workspaceCommand {"value":"redhat.java","_lower":"redhat.java"}
[2021-11-20 14:30:07.022] [exthost] [error] Error: The request (id: 5902, method: 'workspace/executeCommand') has been cancelled
	at /home/nick/.vscode-oss/extensions/redhat.java-1.0.0/dist/extension.js:2:894993
	at /home/nick/.vscode-oss/extensions/redhat.java-1.0.0/dist/extension.js:2:895287
	at Immediate.<anonymous> (/home/nick/.vscode-oss/extensions/redhat.java-1.0.0/dist/extension.js:2:895652)
	at processImmediate (internal/timers.js:461:21) java.execute.workspaceCommand {"value":"redhat.java","_lower":"redhat.java"}
[2021-11-20 14:30:07.112] [exthost] [error] [redhat.java] provider FAILED
[2021-11-20 14:30:07.112] [exthost] [error] Error: The request (id: 5903, method: 'textDocument/documentSymbol') has been cancelled
	at /home/nick/.vscode-oss/extensions/redhat.java-1.0.0/dist/extension.js:2:894993
	at /home/nick/.vscode-oss/extensions/redhat.java-1.0.0/dist/extension.js:2:895287
	at Immediate.<anonymous> (/home/nick/.vscode-oss/extensions/redhat.java-1.0.0/dist/extension.js:2:895652)
	at processImmediate (internal/timers.js:461:21)
[2021-11-20 14:30:12.619] [exthost] [error] [redhat.java] provider FAILED
[2021-11-20 14:30:12.619] [exthost] [error] Error: The request (id: 5932, method: 'textDocument/hover') has been cancelled
	at /home/nick/.vscode-oss/extensions/redhat.java-1.0.0/dist/extension.js:2:894993
	at /home/nick/.vscode-oss/extensions/redhat.java-1.0.0/dist/extension.js:2:895287
	at Immediate.<anonymous> (/home/nick/.vscode-oss/extensions/redhat.java-1.0.0/dist/extension.js:2:895652)
	at processImmediate (internal/timers.js:461:21)
[2021-11-20 14:30:28.702] [exthost] [error] [redhat.java] provider FAILED
[2021-11-20 14:30:28.702] [exthost] [error] Error: The request (id: 5961, method: 'textDocument/hover') has been cancelled
	at /home/nick/.vscode-oss/extensions/redhat.java-1.0.0/dist/extension.js:2:894993
	at /home/nick/.vscode-oss/extensions/redhat.java-1.0.0/dist/extension.js:2:895287
	at Immediate.<anonymous> (/home/nick/.vscode-oss/extensions/redhat.java-1.0.0/dist/extension.js:2:895652)
	at processImmediate (internal/timers.js:461:21)
[2021-11-20 14:30:52.859] [exthost] [error] Error: The request (id: 6074, method: 'workspace/executeCommand') has been cancelled
	at /home/nick/.vscode-oss/extensions/redhat.java-1.0.0/dist/extension.js:2:894993
	at /home/nick/.vscode-oss/extensions/redhat.java-1.0.0/dist/extension.js:2:895287
	at Immediate.<anonymous> (/home/nick/.vscode-oss/extensions/redhat.java-1.0.0/dist/extension.js:2:895652)
	at processImmediate (internal/timers.js:461:21) java.execute.workspaceCommand {"value":"redhat.java","_lower":"redhat.java"}
[2021-11-20 14:31:13.089] [exthost] [error] Error: The request (id: 6183, method: 'workspace/executeCommand') has been cancelled
	at /home/nick/.vscode-oss/extensions/redhat.java-1.0.0/dist/extension.js:2:894993
	at /home/nick/.vscode-oss/extensions/redhat.java-1.0.0/dist/extension.js:2:895287
	at Immediate.<anonymous> (/home/nick/.vscode-oss/extensions/redhat.java-1.0.0/dist/extension.js:2:895652)
	at processImmediate (internal/timers.js:461:21) java.execute.workspaceCommand {"value":"redhat.java","_lower":"redhat.java"}
[2021-11-20 14:31:24.419] [exthost] [error] Error: The request (id: 6254, method: 'workspace/executeCommand') has been cancelled
	at /home/nick/.vscode-oss/extensions/redhat.java-1.0.0/dist/extension.js:2:894993
	at /home/nick/.vscode-oss/extensions/redhat.java-1.0.0/dist/extension.js:2:895287
	at Immediate.<anonymous> (/home/nick/.vscode-oss/extensions/redhat.java-1.0.0/dist/extension.js:2:895652)
	at processImmediate (internal/timers.js:461:21) java.execute.workspaceCommand {"value":"redhat.java","_lower":"redhat.java"}
[2021-11-20 14:31:45.118] [exthost] [error] Error: The request (id: 6349, method: 'workspace/executeCommand') has been cancelled
	at /home/nick/.vscode-oss/extensions/redhat.java-1.0.0/dist/extension.js:2:894993
	at /home/nick/.vscode-oss/extensions/redhat.java-1.0.0/dist/extension.js:2:895287
	at Immediate.<anonymous> (/home/nick/.vscode-oss/extensions/redhat.java-1.0.0/dist/extension.js:2:895652)
	at processImmediate (internal/timers.js:461:21) java.execute.workspaceCommand {"value":"redhat.java","_lower":"redhat.java"}
[2021-11-20 14:32:08.596] [exthost] [error] Error: The request (id: 6468, method: 'workspace/executeCommand') has been cancelled
	at /home/nick/.vscode-oss/extensions/redhat.java-1.0.0/dist/extension.js:2:894993
	at /home/nick/.vscode-oss/extensions/redhat.java-1.0.0/dist/extension.js:2:895287
	at Immediate.<anonymous> (/home/nick/.vscode-oss/extensions/redhat.java-1.0.0/dist/extension.js:2:895652)
	at processImmediate (internal/timers.js:461:21) java.execute.workspaceCommand {"value":"redhat.java","_lower":"redhat.java"}
[2021-11-20 14:32:56.677] [exthost] [error] [redhat.java] provider FAILED
[2021-11-20 14:32:56.677] [exthost] [error] Error: The request (id: 6630, method: 'textDocument/documentSymbol') has been cancelled
	at /home/nick/.vscode-oss/extensions/redhat.java-1.0.0/dist/extension.js:2:894993
	at /home/nick/.vscode-oss/extensions/redhat.java-1.0.0/dist/extension.js:2:895287
	at Immediate.<anonymous> (/home/nick/.vscode-oss/extensions/redhat.java-1.0.0/dist/extension.js:2:895652)
	at processImmediate (internal/timers.js:461:21)
[2021-11-20 14:33:04.800] [exthost] [error] [redhat.java] provider FAILED
[2021-11-20 14:33:04.801] [exthost] [error] Error: The request (id: 6637, method: 'textDocument/documentSymbol') has been cancelled
	at /home/nick/.vscode-oss/extensions/redhat.java-1.0.0/dist/extension.js:2:894993
	at /home/nick/.vscode-oss/extensions/redhat.java-1.0.0/dist/extension.js:2:895287
	at Immediate.<anonymous> (/home/nick/.vscode-oss/extensions/redhat.java-1.0.0/dist/extension.js:2:895652)
	at processImmediate (internal/timers.js:461:21)
[2021-11-20 14:33:08.257] [exthost] [error] [redhat.java] provider FAILED
[2021-11-20 14:33:08.257] [exthost] [error] Error: The request (id: 6646, method: 'textDocument/documentSymbol') has been cancelled
	at /home/nick/.vscode-oss/extensions/redhat.java-1.0.0/dist/extension.js:2:894993
	at /home/nick/.vscode-oss/extensions/redhat.java-1.0.0/dist/extension.js:2:895287
	at Immediate.<anonymous> (/home/nick/.vscode-oss/extensions/redhat.java-1.0.0/dist/extension.js:2:895652)
	at processImmediate (internal/timers.js:461:21)
[2021-11-20 14:33:11.414] [exthost] [error] [redhat.java] provider FAILED
[2021-11-20 14:33:11.414] [exthost] [error] Error: The request (id: 6653, method: 'textDocument/documentSymbol') has been cancelled
	at /home/nick/.vscode-oss/extensions/redhat.java-1.0.0/dist/extension.js:2:894993
	at /home/nick/.vscode-oss/extensions/redhat.java-1.0.0/dist/extension.js:2:895287
	at Immediate.<anonymous> (/home/nick/.vscode-oss/extensions/redhat.java-1.0.0/dist/extension.js:2:895652)
	at processImmediate (internal/timers.js:461:21)
[2021-11-20 14:33:21.226] [exthost] [error] [redhat.java] provider FAILED
[2021-11-20 14:33:21.227] [exthost] [error] Error: The request (id: 6701, method: 'textDocument/documentSymbol') has been cancelled
	at /home/nick/.vscode-oss/extensions/redhat.java-1.0.0/dist/extension.js:2:894993
	at /home/nick/.vscode-oss/extensions/redhat.java-1.0.0/dist/extension.js:2:895287
	at Immediate.<anonymous> (/home/nick/.vscode-oss/extensions/redhat.java-1.0.0/dist/extension.js:2:895652)
	at processImmediate (internal/timers.js:461:21)
[2021-11-20 14:33:27.094] [exthost] [error] Error: The request (id: 6744, method: 'workspace/executeCommand') has been cancelled
	at /home/nick/.vscode-oss/extensions/redhat.java-1.0.0/dist/extension.js:2:894993
	at /home/nick/.vscode-oss/extensions/redhat.java-1.0.0/dist/extension.js:2:895287
	at Immediate.<anonymous> (/home/nick/.vscode-oss/extensions/redhat.java-1.0.0/dist/extension.js:2:895652)
	at processImmediate (internal/timers.js:461:21) java.execute.workspaceCommand {"value":"redhat.java","_lower":"redhat.java"}
[2021-11-20 14:33:29.378] [exthost] [error] Error: The request (id: 6764, method: 'workspace/executeCommand') has been cancelled
	at /home/nick/.vscode-oss/extensions/redhat.java-1.0.0/dist/extension.js:2:894993
	at /home/nick/.vscode-oss/extensions/redhat.java-1.0.0/dist/extension.js:2:895287
	at Immediate.<anonymous> (/home/nick/.vscode-oss/extensions/redhat.java-1.0.0/dist/extension.js:2:895652)
	at processImmediate (internal/timers.js:461:21) java.execute.workspaceCommand {"value":"redhat.java","_lower":"redhat.java"}
[2021-11-20 14:33:38.492] [exthost] [error] Error: The request (id: 6844, method: 'workspace/executeCommand') has been cancelled
	at /home/nick/.vscode-oss/extensions/redhat.java-1.0.0/dist/extension.js:2:894993
	at /home/nick/.vscode-oss/extensions/redhat.java-1.0.0/dist/extension.js:2:895287
	at Immediate.<anonymous> (/home/nick/.vscode-oss/extensions/redhat.java-1.0.0/dist/extension.js:2:895652)
	at processImmediate (internal/timers.js:461:21) java.execute.workspaceCommand {"value":"redhat.java","_lower":"redhat.java"}
[2021-11-20 14:33:38.787] [exthost] [error] Error: The request (id: 6847, method: 'workspace/executeCommand') has been cancelled
	at /home/nick/.vscode-oss/extensions/redhat.java-1.0.0/dist/extension.js:2:894993
	at /home/nick/.vscode-oss/extensions/redhat.java-1.0.0/dist/extension.js:2:895287
	at Immediate.<anonymous> (/home/nick/.vscode-oss/extensions/redhat.java-1.0.0/dist/extension.js:2:895652)
	at processImmediate (internal/timers.js:461:21) java.execute.workspaceCommand {"value":"redhat.java","_lower":"redhat.java"}
[2021-11-20 14:34:13.910] [exthost] [error] Error: The request (id: 7024, method: 'workspace/executeCommand') has been cancelled
	at /home/nick/.vscode-oss/extensions/redhat.java-1.0.0/dist/extension.js:2:894993
	at /home/nick/.vscode-oss/extensions/redhat.java-1.0.0/dist/extension.js:2:895287
	at Immediate.<anonymous> (/home/nick/.vscode-oss/extensions/redhat.java-1.0.0/dist/extension.js:2:895652)
	at processImmediate (internal/timers.js:461:21) java.execute.workspaceCommand {"value":"redhat.java","_lower":"redhat.java"}
[2021-11-20 14:34:20.416] [exthost] [error] [redhat.java] provider FAILED
[2021-11-20 14:34:20.416] [exthost] [error] Error: selectionRange must be contained in fullRange
	at Function.validate (/usr/lib/code/out/vs/workbench/services/extensions/node/extensionHostProcess.js:87:30564)
	at new n (/usr/lib/code/out/vs/workbench/services/extensions/node/extensionHostProcess.js:87:30432)
	at new n (/usr/lib/code/out/vs/workbench/services/extensions/node/extensionHostProcess.js:87:17223)
	at $ (/home/nick/.vscode-oss/extensions/redhat.java-1.0.0/dist/extension.js:2:800105)
	at Array.map (<anonymous>)
	at Object.asDocumentSymbols (/home/nick/.vscode-oss/extensions/redhat.java-1.0.0/dist/extension.js:2:805451)
	at /home/nick/.vscode-oss/extensions/redhat.java-1.0.0/dist/extension.js:2:624152
	at Generator.next (<anonymous>)
	at s (/home/nick/.vscode-oss/extensions/redhat.java-1.0.0/dist/extension.js:2:623246)
	at runMicrotasks (<anonymous>)
	at runNextTicks (internal/process/task_queues.js:58:5)
	at processImmediate (internal/timers.js:434:9)
[2021-11-20 14:34:39.074] [exthost] [error] [redhat.java] provider FAILED
[2021-11-20 14:34:39.075] [exthost] [error] Error: Internal error.
	at /home/nick/.vscode-oss/extensions/redhat.java-1.0.0/dist/extension.js:2:894993
	at /home/nick/.vscode-oss/extensions/redhat.java-1.0.0/dist/extension.js:2:895287
	at Immediate.<anonymous> (/home/nick/.vscode-oss/extensions/redhat.java-1.0.0/dist/extension.js:2:895652)
	at processImmediate (internal/timers.js:461:21)
[2021-11-20 14:34:51.147] [exthost] [error] Error: The request (id: 7174, method: 'workspace/executeCommand') has been cancelled
	at /home/nick/.vscode-oss/extensions/redhat.java-1.0.0/dist/extension.js:2:894993
	at /home/nick/.vscode-oss/extensions/redhat.java-1.0.0/dist/extension.js:2:895287
	at Immediate.<anonymous> (/home/nick/.vscode-oss/extensions/redhat.java-1.0.0/dist/extension.js:2:895652)
	at processImmediate (internal/timers.js:461:21) java.execute.workspaceCommand {"value":"redhat.java","_lower":"redhat.java"}
[2021-11-20 14:34:54.151] [exthost] [error] Error: The request (id: 7192, method: 'workspace/executeCommand') has been cancelled
	at /home/nick/.vscode-oss/extensions/redhat.java-1.0.0/dist/extension.js:2:894993
	at /home/nick/.vscode-oss/extensions/redhat.java-1.0.0/dist/extension.js:2:895287
	at Immediate.<anonymous> (/home/nick/.vscode-oss/extensions/redhat.java-1.0.0/dist/extension.js:2:895652)
	at processImmediate (internal/timers.js:461:21) java.execute.workspaceCommand {"value":"redhat.java","_lower":"redhat.java"}
[2021-11-20 14:34:54.241] [exthost] [error] [redhat.java] provider FAILED
[2021-11-20 14:34:54.241] [exthost] [error] Error: The request (id: 7194, method: 'textDocument/documentSymbol') has been cancelled
	at /home/nick/.vscode-oss/extensions/redhat.java-1.0.0/dist/extension.js:2:894993
	at /home/nick/.vscode-oss/extensions/redhat.java-1.0.0/dist/extension.js:2:895287
	at Immediate.<anonymous> (/home/nick/.vscode-oss/extensions/redhat.java-1.0.0/dist/extension.js:2:895652)
	at processImmediate (internal/timers.js:461:21)
[2021-11-20 14:35:11.226] [exthost] [error] Error: The request (id: 7276, method: 'workspace/executeCommand') has been cancelled
	at /home/nick/.vscode-oss/extensions/redhat.java-1.0.0/dist/extension.js:2:894993
	at /home/nick/.vscode-oss/extensions/redhat.java-1.0.0/dist/extension.js:2:895287
	at Immediate.<anonymous> (/home/nick/.vscode-oss/extensions/redhat.java-1.0.0/dist/extension.js:2:895652)
	at processImmediate (internal/timers.js:461:21) java.execute.workspaceCommand {"value":"redhat.java","_lower":"redhat.java"}
[2021-11-20 14:35:56.544] [exthost] [error] 2 java.workspace.compile {"value":"redhat.java","_lower":"redhat.java"}
[2021-11-20 14:37:52.457] [exthost] [error] [redhat.java] provider FAILED
[2021-11-20 14:37:52.457] [exthost] [error] Error: The request (id: 7494, method: 'textDocument/hover') has been cancelled
	at /home/nick/.vscode-oss/extensions/redhat.java-1.0.0/dist/extension.js:2:894993
	at /home/nick/.vscode-oss/extensions/redhat.java-1.0.0/dist/extension.js:2:895287
	at Immediate.<anonymous> (/home/nick/.vscode-oss/extensions/redhat.java-1.0.0/dist/extension.js:2:895652)
	at processImmediate (internal/timers.js:461:21)
[2021-11-20 14:38:01.400] [exthost] [error] [redhat.java] provider FAILED
[2021-11-20 14:38:01.401] [exthost] [error] Error: selectionRange must be contained in fullRange
	at Function.validate (/usr/lib/code/out/vs/workbench/services/extensions/node/extensionHostProcess.js:87:30564)
	at new n (/usr/lib/code/out/vs/workbench/services/extensions/node/extensionHostProcess.js:87:30432)
	at new n (/usr/lib/code/out/vs/workbench/services/extensions/node/extensionHostProcess.js:87:17223)
	at $ (/home/nick/.vscode-oss/extensions/redhat.java-1.0.0/dist/extension.js:2:800105)
	at Array.map (<anonymous>)
	at Object.asDocumentSymbols (/home/nick/.vscode-oss/extensions/redhat.java-1.0.0/dist/extension.js:2:805451)
	at /home/nick/.vscode-oss/extensions/redhat.java-1.0.0/dist/extension.js:2:624152
	at Generator.next (<anonymous>)
	at s (/home/nick/.vscode-oss/extensions/redhat.java-1.0.0/dist/extension.js:2:623246)
[2021-11-20 14:38:13.060] [exthost] [error] [redhat.java] provider FAILED
[2021-11-20 14:38:13.060] [exthost] [error] Error: The request (id: 7616, method: 'textDocument/hover') has been cancelled
	at /home/nick/.vscode-oss/extensions/redhat.java-1.0.0/dist/extension.js:2:894993
	at /home/nick/.vscode-oss/extensions/redhat.java-1.0.0/dist/extension.js:2:895287
	at Immediate.<anonymous> (/home/nick/.vscode-oss/extensions/redhat.java-1.0.0/dist/extension.js:2:895652)
	at processImmediate (internal/timers.js:461:21)
[2021-11-20 14:38:35.671] [exthost] [info] extension host terminating: renderer closed the socket
[2021-11-20 14:38:36.690] [exthost] [info] Extension host with pid 9300 exiting with code 0
