2023-05-14T04:27:37.203Z [Modules] Modules initializing
2023-05-14T04:27:37.203Z [Modules] Distribution: remote
2023-05-14T04:27:37.203Z [Modules] Host updates: enabled
2023-05-14T04:27:37.203Z [Modules] Module updates: enabled
2023-05-14T04:27:37.203Z [Modules] Module install path: /home/nick/.config/discord/0.0.27/modules
2023-05-14T04:27:37.204Z [Modules] Module installed file path: /home/nick/.config/discord/0.0.27/modules/installed.json
2023-05-14T04:27:37.204Z [Modules] Module download path: /home/nick/.config/discord/0.0.27/modules/pending
2023-05-14T04:27:37.375Z [Modules] Bootstrapping...
2023-05-14T04:27:37.376Z [Modules] Installing discord_desktop_core@0 from /opt/discord/resources/bootstrap/discord_desktop_core.zip
2023-05-14T04:27:37.377Z [Modules] Failed installing discord_desktop_core@0: Error: ENOENT: no such file or directory, open '/opt/discord/resources/bootstrap/discord_desktop_core.zip'
2023-05-14T04:27:37.378Z [Modules] Installing discord_erlpack@0 from /opt/discord/resources/bootstrap/discord_erlpack.zip
2023-05-14T04:27:37.379Z [Modules] Failed installing discord_erlpack@0: Error: ENOENT: no such file or directory, open '/opt/discord/resources/bootstrap/discord_erlpack.zip'
2023-05-14T04:27:37.379Z [Modules] Installing discord_spellcheck@0 from /opt/discord/resources/bootstrap/discord_spellcheck.zip
2023-05-14T04:27:37.380Z [Modules] Failed installing discord_spellcheck@0: Error: ENOENT: no such file or directory, open '/opt/discord/resources/bootstrap/discord_spellcheck.zip'
2023-05-14T04:27:37.387Z [Modules] Installing discord_utils@0 from /opt/discord/resources/bootstrap/discord_utils.zip
2023-05-14T04:27:37.387Z [Modules] Failed installing discord_utils@0: Error: ENOENT: no such file or directory, open '/opt/discord/resources/bootstrap/discord_utils.zip'
2023-05-14T04:27:37.388Z [Modules] Installing discord_voice@0 from /opt/discord/resources/bootstrap/discord_voice.zip
2023-05-14T04:27:37.388Z [Modules] Failed installing discord_voice@0: Error: ENOENT: no such file or directory, open '/opt/discord/resources/bootstrap/discord_voice.zip'
2023-05-14T04:27:37.388Z [Modules] Finished module installations. [success: 0] [failure: 5]
2023-05-14T04:27:37.389Z [Modules] Checking for host updates.
2023-05-14T04:27:37.621Z [Modules] Host is up to date.
2023-05-14T04:27:37.622Z [Modules] Checking for module updates at https://discord.com/api/modules/stable/versions.json
2023-05-14T04:27:37.694Z [Modules] Module update available: discord_desktop_core@1 [installed: 0]
2023-05-14T04:27:37.695Z [Modules] Module update available: discord_erlpack@1 [installed: 0]
2023-05-14T04:27:37.696Z [Modules] Module update available: discord_spellcheck@1 [installed: 0]
2023-05-14T04:27:37.696Z [Modules] Module update available: discord_utils@1 [installed: 0]
2023-05-14T04:27:37.696Z [Modules] Module update available: discord_voice@1 [installed: 0]
2023-05-14T04:27:37.698Z [Modules] Fetching discord_desktop_core@1 from https://discord.com/api/modules/stable/discord_desktop_core/1
2023-05-14T04:27:37.698Z [Modules] Streaming discord_desktop_core@1 to /home/nick/.config/discord/0.0.27/modules/pending/discord_desktop_core-1.zip
2023-05-14T04:27:37.900Z [Modules] Streaming discord_desktop_core@1 to /home/nick/.config/discord/0.0.27/modules/pending/discord_desktop_core-1.zip: 2%
2023-05-14T04:27:37.912Z [Modules] Streaming discord_desktop_core@1 to /home/nick/.config/discord/0.0.27/modules/pending/discord_desktop_core-1.zip: 3%
2023-05-14T04:27:37.920Z [Modules] Streaming discord_desktop_core@1 to /home/nick/.config/discord/0.0.27/modules/pending/discord_desktop_core-1.zip: 5%
2023-05-14T04:27:37.923Z [Modules] Streaming discord_desktop_core@1 to /home/nick/.config/discord/0.0.27/modules/pending/discord_desktop_core-1.zip: 6%
2023-05-14T04:27:37.929Z [Modules] Streaming discord_desktop_core@1 to /home/nick/.config/discord/0.0.27/modules/pending/discord_desktop_core-1.zip: 7%
2023-05-14T04:27:37.936Z [Modules] Streaming discord_desktop_core@1 to /home/nick/.config/discord/0.0.27/modules/pending/discord_desktop_core-1.zip: 8%
2023-05-14T04:27:37.940Z [Modules] Streaming discord_desktop_core@1 to /home/nick/.config/discord/0.0.27/modules/pending/discord_desktop_core-1.zip: 10%
2023-05-14T04:27:37.946Z [Modules] Streaming discord_desktop_core@1 to /home/nick/.config/discord/0.0.27/modules/pending/discord_desktop_core-1.zip: 11%
2023-05-14T04:27:37.948Z [Modules] Streaming discord_desktop_core@1 to /home/nick/.config/discord/0.0.27/modules/pending/discord_desktop_core-1.zip: 14%
2023-05-14T04:27:37.950Z [Modules] Streaming discord_desktop_core@1 to /home/nick/.config/discord/0.0.27/modules/pending/discord_desktop_core-1.zip: 15%
2023-05-14T04:27:37.954Z [Modules] Streaming discord_desktop_core@1 to /home/nick/.config/discord/0.0.27/modules/pending/discord_desktop_core-1.zip: 19%
2023-05-14T04:27:37.972Z [Modules] Streaming discord_desktop_core@1 to /home/nick/.config/discord/0.0.27/modules/pending/discord_desktop_core-1.zip: 21%
2023-05-14T04:27:37.975Z [Modules] Streaming discord_desktop_core@1 to /home/nick/.config/discord/0.0.27/modules/pending/discord_desktop_core-1.zip: 23%
2023-05-14T04:27:37.977Z [Modules] Streaming discord_desktop_core@1 to /home/nick/.config/discord/0.0.27/modules/pending/discord_desktop_core-1.zip: 25%
2023-05-14T04:27:37.984Z [Modules] Streaming discord_desktop_core@1 to /home/nick/.config/discord/0.0.27/modules/pending/discord_desktop_core-1.zip: 27%
2023-05-14T04:27:37.986Z [Modules] Streaming discord_desktop_core@1 to /home/nick/.config/discord/0.0.27/modules/pending/discord_desktop_core-1.zip: 31%
2023-05-14T04:27:37.988Z [Modules] Streaming discord_desktop_core@1 to /home/nick/.config/discord/0.0.27/modules/pending/discord_desktop_core-1.zip: 33%
2023-05-14T04:27:37.990Z [Modules] Streaming discord_desktop_core@1 to /home/nick/.config/discord/0.0.27/modules/pending/discord_desktop_core-1.zip: 37%
2023-05-14T04:27:37.994Z [Modules] Streaming discord_desktop_core@1 to /home/nick/.config/discord/0.0.27/modules/pending/discord_desktop_core-1.zip: 39%
2023-05-14T04:27:37.995Z [Modules] Streaming discord_desktop_core@1 to /home/nick/.config/discord/0.0.27/modules/pending/discord_desktop_core-1.zip: 41%
2023-05-14T04:27:37.997Z [Modules] Streaming discord_desktop_core@1 to /home/nick/.config/discord/0.0.27/modules/pending/discord_desktop_core-1.zip: 42%
2023-05-14T04:27:38.014Z [Modules] Streaming discord_desktop_core@1 to /home/nick/.config/discord/0.0.27/modules/pending/discord_desktop_core-1.zip: 43%
2023-05-14T04:27:38.016Z [Modules] Streaming discord_desktop_core@1 to /home/nick/.config/discord/0.0.27/modules/pending/discord_desktop_core-1.zip: 45%
2023-05-14T04:27:38.018Z [Modules] Streaming discord_desktop_core@1 to /home/nick/.config/discord/0.0.27/modules/pending/discord_desktop_core-1.zip: 49%
2023-05-14T04:27:38.021Z [Modules] Streaming discord_desktop_core@1 to /home/nick/.config/discord/0.0.27/modules/pending/discord_desktop_core-1.zip: 50%
2023-05-14T04:27:38.022Z [Modules] Streaming discord_desktop_core@1 to /home/nick/.config/discord/0.0.27/modules/pending/discord_desktop_core-1.zip: 54%
2023-05-14T04:27:38.025Z [Modules] Streaming discord_desktop_core@1 to /home/nick/.config/discord/0.0.27/modules/pending/discord_desktop_core-1.zip: 56%
2023-05-14T04:27:38.028Z [Modules] Streaming discord_desktop_core@1 to /home/nick/.config/discord/0.0.27/modules/pending/discord_desktop_core-1.zip: 60%
2023-05-14T04:27:38.030Z [Modules] Streaming discord_desktop_core@1 to /home/nick/.config/discord/0.0.27/modules/pending/discord_desktop_core-1.zip: 62%
2023-05-14T04:27:38.032Z [Modules] Streaming discord_desktop_core@1 to /home/nick/.config/discord/0.0.27/modules/pending/discord_desktop_core-1.zip: 64%
2023-05-14T04:27:38.034Z [Modules] Streaming discord_desktop_core@1 to /home/nick/.config/discord/0.0.27/modules/pending/discord_desktop_core-1.zip: 66%
2023-05-14T04:27:38.036Z [Modules] Streaming discord_desktop_core@1 to /home/nick/.config/discord/0.0.27/modules/pending/discord_desktop_core-1.zip: 68%
2023-05-14T04:27:38.038Z [Modules] Streaming discord_desktop_core@1 to /home/nick/.config/discord/0.0.27/modules/pending/discord_desktop_core-1.zip: 72%
2023-05-14T04:27:38.041Z [Modules] Streaming discord_desktop_core@1 to /home/nick/.config/discord/0.0.27/modules/pending/discord_desktop_core-1.zip: 74%
2023-05-14T04:27:38.044Z [Modules] Streaming discord_desktop_core@1 to /home/nick/.config/discord/0.0.27/modules/pending/discord_desktop_core-1.zip: 77%
2023-05-14T04:27:38.050Z [Modules] Streaming discord_desktop_core@1 to /home/nick/.config/discord/0.0.27/modules/pending/discord_desktop_core-1.zip: 78%
2023-05-14T04:27:38.053Z [Modules] Streaming discord_desktop_core@1 to /home/nick/.config/discord/0.0.27/modules/pending/discord_desktop_core-1.zip: 83%
2023-05-14T04:27:38.057Z [Modules] Streaming discord_desktop_core@1 to /home/nick/.config/discord/0.0.27/modules/pending/discord_desktop_core-1.zip: 86%
2023-05-14T04:27:38.059Z [Modules] Streaming discord_desktop_core@1 to /home/nick/.config/discord/0.0.27/modules/pending/discord_desktop_core-1.zip: 89%
2023-05-14T04:27:38.063Z [Modules] Streaming discord_desktop_core@1 to /home/nick/.config/discord/0.0.27/modules/pending/discord_desktop_core-1.zip: 93%
2023-05-14T04:27:38.069Z [Modules] Streaming discord_desktop_core@1 to /home/nick/.config/discord/0.0.27/modules/pending/discord_desktop_core-1.zip: 96%
2023-05-14T04:27:38.071Z [Modules] Streaming discord_desktop_core@1 to /home/nick/.config/discord/0.0.27/modules/pending/discord_desktop_core-1.zip: 100%
2023-05-14T04:27:38.072Z [Modules] Fetching discord_erlpack@1 from https://discord.com/api/modules/stable/discord_erlpack/1
2023-05-14T04:27:38.072Z [Modules] Streaming discord_erlpack@1 to /home/nick/.config/discord/0.0.27/modules/pending/discord_erlpack-1.zip
2023-05-14T04:27:38.192Z [Modules] Streaming discord_erlpack@1 to /home/nick/.config/discord/0.0.27/modules/pending/discord_erlpack-1.zip: 3%
2023-05-14T04:27:38.194Z [Modules] Streaming discord_erlpack@1 to /home/nick/.config/discord/0.0.27/modules/pending/discord_erlpack-1.zip: 4%
2023-05-14T04:27:38.196Z [Modules] Streaming discord_erlpack@1 to /home/nick/.config/discord/0.0.27/modules/pending/discord_erlpack-1.zip: 8%
2023-05-14T04:27:38.200Z [Modules] Streaming discord_erlpack@1 to /home/nick/.config/discord/0.0.27/modules/pending/discord_erlpack-1.zip: 11%
2023-05-14T04:27:38.202Z [Modules] Streaming discord_erlpack@1 to /home/nick/.config/discord/0.0.27/modules/pending/discord_erlpack-1.zip: 13%
2023-05-14T04:27:38.205Z [Modules] Streaming discord_erlpack@1 to /home/nick/.config/discord/0.0.27/modules/pending/discord_erlpack-1.zip: 17%
2023-05-14T04:27:38.208Z [Modules] Streaming discord_erlpack@1 to /home/nick/.config/discord/0.0.27/modules/pending/discord_erlpack-1.zip: 19%
2023-05-14T04:27:38.210Z [Modules] Streaming discord_erlpack@1 to /home/nick/.config/discord/0.0.27/modules/pending/discord_erlpack-1.zip: 21%
2023-05-14T04:27:38.214Z [Modules] Streaming discord_erlpack@1 to /home/nick/.config/discord/0.0.27/modules/pending/discord_erlpack-1.zip: 23%
2023-05-14T04:27:38.215Z [Modules] Streaming discord_erlpack@1 to /home/nick/.config/discord/0.0.27/modules/pending/discord_erlpack-1.zip: 24%
2023-05-14T04:27:38.218Z [Modules] Streaming discord_erlpack@1 to /home/nick/.config/discord/0.0.27/modules/pending/discord_erlpack-1.zip: 25%
2023-05-14T04:27:38.221Z [Modules] Streaming discord_erlpack@1 to /home/nick/.config/discord/0.0.27/modules/pending/discord_erlpack-1.zip: 26%
2023-05-14T04:27:38.224Z [Modules] Streaming discord_erlpack@1 to /home/nick/.config/discord/0.0.27/modules/pending/discord_erlpack-1.zip: 27%
2023-05-14T04:27:38.226Z [Modules] Streaming discord_erlpack@1 to /home/nick/.config/discord/0.0.27/modules/pending/discord_erlpack-1.zip: 31%
2023-05-14T04:27:38.230Z [Modules] Streaming discord_erlpack@1 to /home/nick/.config/discord/0.0.27/modules/pending/discord_erlpack-1.zip: 33%
2023-05-14T04:27:38.233Z [Modules] Streaming discord_erlpack@1 to /home/nick/.config/discord/0.0.27/modules/pending/discord_erlpack-1.zip: 37%
2023-05-14T04:27:38.234Z [Modules] Streaming discord_erlpack@1 to /home/nick/.config/discord/0.0.27/modules/pending/discord_erlpack-1.zip: 38%
2023-05-14T04:27:38.237Z [Modules] Streaming discord_erlpack@1 to /home/nick/.config/discord/0.0.27/modules/pending/discord_erlpack-1.zip: 42%
2023-05-14T04:27:38.240Z [Modules] Streaming discord_erlpack@1 to /home/nick/.config/discord/0.0.27/modules/pending/discord_erlpack-1.zip: 44%
2023-05-14T04:27:38.241Z [Modules] Streaming discord_erlpack@1 to /home/nick/.config/discord/0.0.27/modules/pending/discord_erlpack-1.zip: 46%
2023-05-14T04:27:38.243Z [Modules] Streaming discord_erlpack@1 to /home/nick/.config/discord/0.0.27/modules/pending/discord_erlpack-1.zip: 50%
2023-05-14T04:27:38.248Z [Modules] Streaming discord_erlpack@1 to /home/nick/.config/discord/0.0.27/modules/pending/discord_erlpack-1.zip: 53%
2023-05-14T04:27:38.250Z [Modules] Streaming discord_erlpack@1 to /home/nick/.config/discord/0.0.27/modules/pending/discord_erlpack-1.zip: 54%
2023-05-14T04:27:38.251Z [Modules] Streaming discord_erlpack@1 to /home/nick/.config/discord/0.0.27/modules/pending/discord_erlpack-1.zip: 58%
2023-05-14T04:27:38.255Z [Modules] Streaming discord_erlpack@1 to /home/nick/.config/discord/0.0.27/modules/pending/discord_erlpack-1.zip: 60%
2023-05-14T04:27:38.256Z [Modules] Streaming discord_erlpack@1 to /home/nick/.config/discord/0.0.27/modules/pending/discord_erlpack-1.zip: 62%
2023-05-14T04:27:38.259Z [Modules] Streaming discord_erlpack@1 to /home/nick/.config/discord/0.0.27/modules/pending/discord_erlpack-1.zip: 65%
2023-05-14T04:27:38.261Z [Modules] Streaming discord_erlpack@1 to /home/nick/.config/discord/0.0.27/modules/pending/discord_erlpack-1.zip: 67%
2023-05-14T04:27:38.264Z [Modules] Streaming discord_erlpack@1 to /home/nick/.config/discord/0.0.27/modules/pending/discord_erlpack-1.zip: 71%
2023-05-14T04:27:38.268Z [Modules] Streaming discord_erlpack@1 to /home/nick/.config/discord/0.0.27/modules/pending/discord_erlpack-1.zip: 75%
2023-05-14T04:27:38.270Z [Modules] Streaming discord_erlpack@1 to /home/nick/.config/discord/0.0.27/modules/pending/discord_erlpack-1.zip: 77%
2023-05-14T04:27:38.277Z [Modules] Streaming discord_erlpack@1 to /home/nick/.config/discord/0.0.27/modules/pending/discord_erlpack-1.zip: 81%
2023-05-14T04:27:38.282Z [Modules] Streaming discord_erlpack@1 to /home/nick/.config/discord/0.0.27/modules/pending/discord_erlpack-1.zip: 85%
2023-05-14T04:27:38.284Z [Modules] Streaming discord_erlpack@1 to /home/nick/.config/discord/0.0.27/modules/pending/discord_erlpack-1.zip: 87%
2023-05-14T04:27:38.294Z [Modules] Streaming discord_erlpack@1 to /home/nick/.config/discord/0.0.27/modules/pending/discord_erlpack-1.zip: 91%
2023-05-14T04:27:38.296Z [Modules] Streaming discord_erlpack@1 to /home/nick/.config/discord/0.0.27/modules/pending/discord_erlpack-1.zip: 92%
2023-05-14T04:27:38.299Z [Modules] Streaming discord_erlpack@1 to /home/nick/.config/discord/0.0.27/modules/pending/discord_erlpack-1.zip: 95%
2023-05-14T04:27:38.301Z [Modules] Streaming discord_erlpack@1 to /home/nick/.config/discord/0.0.27/modules/pending/discord_erlpack-1.zip: 99%
2023-05-14T04:27:38.302Z [Modules] Streaming discord_erlpack@1 to /home/nick/.config/discord/0.0.27/modules/pending/discord_erlpack-1.zip: 100%
2023-05-14T04:27:38.305Z [Modules] Fetching discord_spellcheck@1 from https://discord.com/api/modules/stable/discord_spellcheck/1
2023-05-14T04:27:38.305Z [Modules] Streaming discord_spellcheck@1 to /home/nick/.config/discord/0.0.27/modules/pending/discord_spellcheck-1.zip
2023-05-14T04:27:38.413Z [Modules] Streaming discord_spellcheck@1 to /home/nick/.config/discord/0.0.27/modules/pending/discord_spellcheck-1.zip: 1%
2023-05-14T04:27:38.420Z [Modules] Streaming discord_spellcheck@1 to /home/nick/.config/discord/0.0.27/modules/pending/discord_spellcheck-1.zip: 2%
2023-05-14T04:27:38.428Z [Modules] Streaming discord_spellcheck@1 to /home/nick/.config/discord/0.0.27/modules/pending/discord_spellcheck-1.zip: 3%
2023-05-14T04:27:38.443Z [Modules] Streaming discord_spellcheck@1 to /home/nick/.config/discord/0.0.27/modules/pending/discord_spellcheck-1.zip: 4%
2023-05-14T04:27:38.450Z [Modules] Streaming discord_spellcheck@1 to /home/nick/.config/discord/0.0.27/modules/pending/discord_spellcheck-1.zip: 5%
2023-05-14T04:27:38.455Z [Modules] Streaming discord_spellcheck@1 to /home/nick/.config/discord/0.0.27/modules/pending/discord_spellcheck-1.zip: 6%
2023-05-14T04:27:38.460Z [Modules] Streaming discord_spellcheck@1 to /home/nick/.config/discord/0.0.27/modules/pending/discord_spellcheck-1.zip: 7%
2023-05-14T04:27:38.465Z [Modules] Streaming discord_spellcheck@1 to /home/nick/.config/discord/0.0.27/modules/pending/discord_spellcheck-1.zip: 8%
2023-05-14T04:27:38.469Z [Modules] Streaming discord_spellcheck@1 to /home/nick/.config/discord/0.0.27/modules/pending/discord_spellcheck-1.zip: 9%
2023-05-14T04:27:38.475Z [Modules] Streaming discord_spellcheck@1 to /home/nick/.config/discord/0.0.27/modules/pending/discord_spellcheck-1.zip: 10%
2023-05-14T04:27:38.485Z [Modules] Streaming discord_spellcheck@1 to /home/nick/.config/discord/0.0.27/modules/pending/discord_spellcheck-1.zip: 11%
2023-05-14T04:27:38.488Z [Modules] Streaming discord_spellcheck@1 to /home/nick/.config/discord/0.0.27/modules/pending/discord_spellcheck-1.zip: 12%
2023-05-14T04:27:38.500Z [Modules] Streaming discord_spellcheck@1 to /home/nick/.config/discord/0.0.27/modules/pending/discord_spellcheck-1.zip: 13%
2023-05-14T04:27:38.507Z [Modules] Streaming discord_spellcheck@1 to /home/nick/.config/discord/0.0.27/modules/pending/discord_spellcheck-1.zip: 14%
2023-05-14T04:27:38.518Z [Modules] Streaming discord_spellcheck@1 to /home/nick/.config/discord/0.0.27/modules/pending/discord_spellcheck-1.zip: 15%
2023-05-14T04:27:38.525Z [Modules] Streaming discord_spellcheck@1 to /home/nick/.config/discord/0.0.27/modules/pending/discord_spellcheck-1.zip: 16%
2023-05-14T04:27:38.531Z [Modules] Streaming discord_spellcheck@1 to /home/nick/.config/discord/0.0.27/modules/pending/discord_spellcheck-1.zip: 17%
2023-05-14T04:27:38.536Z [Modules] Streaming discord_spellcheck@1 to /home/nick/.config/discord/0.0.27/modules/pending/discord_spellcheck-1.zip: 18%
2023-05-14T04:27:38.541Z [Modules] Streaming discord_spellcheck@1 to /home/nick/.config/discord/0.0.27/modules/pending/discord_spellcheck-1.zip: 19%
2023-05-14T04:27:38.547Z [Modules] Streaming discord_spellcheck@1 to /home/nick/.config/discord/0.0.27/modules/pending/discord_spellcheck-1.zip: 20%
2023-05-14T04:27:38.555Z [Modules] Streaming discord_spellcheck@1 to /home/nick/.config/discord/0.0.27/modules/pending/discord_spellcheck-1.zip: 21%
2023-05-14T04:27:38.560Z [Modules] Streaming discord_spellcheck@1 to /home/nick/.config/discord/0.0.27/modules/pending/discord_spellcheck-1.zip: 22%
2023-05-14T04:27:38.568Z [Modules] Streaming discord_spellcheck@1 to /home/nick/.config/discord/0.0.27/modules/pending/discord_spellcheck-1.zip: 23%
2023-05-14T04:27:38.571Z [Modules] Streaming discord_spellcheck@1 to /home/nick/.config/discord/0.0.27/modules/pending/discord_spellcheck-1.zip: 24%
2023-05-14T04:27:38.578Z [Modules] Streaming discord_spellcheck@1 to /home/nick/.config/discord/0.0.27/modules/pending/discord_spellcheck-1.zip: 25%
2023-05-14T04:27:38.587Z [Modules] Streaming discord_spellcheck@1 to /home/nick/.config/discord/0.0.27/modules/pending/discord_spellcheck-1.zip: 26%
2023-05-14T04:27:38.599Z [Modules] Streaming discord_spellcheck@1 to /home/nick/.config/discord/0.0.27/modules/pending/discord_spellcheck-1.zip: 27%
2023-05-14T04:27:38.607Z [Modules] Streaming discord_spellcheck@1 to /home/nick/.config/discord/0.0.27/modules/pending/discord_spellcheck-1.zip: 28%
2023-05-14T04:27:38.614Z [Modules] Streaming discord_spellcheck@1 to /home/nick/.config/discord/0.0.27/modules/pending/discord_spellcheck-1.zip: 29%
2023-05-14T04:27:38.617Z [Modules] Streaming discord_spellcheck@1 to /home/nick/.config/discord/0.0.27/modules/pending/discord_spellcheck-1.zip: 30%
2023-05-14T04:27:38.623Z [Modules] Streaming discord_spellcheck@1 to /home/nick/.config/discord/0.0.27/modules/pending/discord_spellcheck-1.zip: 31%
2023-05-14T04:27:38.628Z [Modules] Streaming discord_spellcheck@1 to /home/nick/.config/discord/0.0.27/modules/pending/discord_spellcheck-1.zip: 32%
2023-05-14T04:27:38.637Z [Modules] Streaming discord_spellcheck@1 to /home/nick/.config/discord/0.0.27/modules/pending/discord_spellcheck-1.zip: 33%
2023-05-14T04:27:38.643Z [Modules] Streaming discord_spellcheck@1 to /home/nick/.config/discord/0.0.27/modules/pending/discord_spellcheck-1.zip: 34%
2023-05-14T04:27:38.648Z [Modules] Streaming discord_spellcheck@1 to /home/nick/.config/discord/0.0.27/modules/pending/discord_spellcheck-1.zip: 35%
2023-05-14T04:27:38.652Z [Modules] Streaming discord_spellcheck@1 to /home/nick/.config/discord/0.0.27/modules/pending/discord_spellcheck-1.zip: 36%
2023-05-14T04:27:38.659Z [Modules] Streaming discord_spellcheck@1 to /home/nick/.config/discord/0.0.27/modules/pending/discord_spellcheck-1.zip: 37%
2023-05-14T04:27:38.664Z [Modules] Streaming discord_spellcheck@1 to /home/nick/.config/discord/0.0.27/modules/pending/discord_spellcheck-1.zip: 38%
2023-05-14T04:27:38.670Z [Modules] Streaming discord_spellcheck@1 to /home/nick/.config/discord/0.0.27/modules/pending/discord_spellcheck-1.zip: 39%
2023-05-14T04:27:38.677Z [Modules] Streaming discord_spellcheck@1 to /home/nick/.config/discord/0.0.27/modules/pending/discord_spellcheck-1.zip: 40%
2023-05-14T04:27:38.687Z [Modules] Streaming discord_spellcheck@1 to /home/nick/.config/discord/0.0.27/modules/pending/discord_spellcheck-1.zip: 41%
2023-05-14T04:27:38.691Z [Modules] Streaming discord_spellcheck@1 to /home/nick/.config/discord/0.0.27/modules/pending/discord_spellcheck-1.zip: 42%
2023-05-14T04:27:38.703Z [Modules] Streaming discord_spellcheck@1 to /home/nick/.config/discord/0.0.27/modules/pending/discord_spellcheck-1.zip: 43%
2023-05-14T04:27:38.712Z [Modules] Streaming discord_spellcheck@1 to /home/nick/.config/discord/0.0.27/modules/pending/discord_spellcheck-1.zip: 44%
2023-05-14T04:27:38.718Z [Modules] Streaming discord_spellcheck@1 to /home/nick/.config/discord/0.0.27/modules/pending/discord_spellcheck-1.zip: 45%
2023-05-14T04:27:38.723Z [Modules] Streaming discord_spellcheck@1 to /home/nick/.config/discord/0.0.27/modules/pending/discord_spellcheck-1.zip: 46%
2023-05-14T04:27:38.727Z [Modules] Streaming discord_spellcheck@1 to /home/nick/.config/discord/0.0.27/modules/pending/discord_spellcheck-1.zip: 47%
2023-05-14T04:27:38.734Z [Modules] Streaming discord_spellcheck@1 to /home/nick/.config/discord/0.0.27/modules/pending/discord_spellcheck-1.zip: 48%
2023-05-14T04:27:38.737Z [Modules] Streaming discord_spellcheck@1 to /home/nick/.config/discord/0.0.27/modules/pending/discord_spellcheck-1.zip: 49%
2023-05-14T04:27:38.746Z [Modules] Streaming discord_spellcheck@1 to /home/nick/.config/discord/0.0.27/modules/pending/discord_spellcheck-1.zip: 50%
2023-05-14T04:27:38.754Z [Modules] Streaming discord_spellcheck@1 to /home/nick/.config/discord/0.0.27/modules/pending/discord_spellcheck-1.zip: 51%
2023-05-14T04:27:38.757Z [Modules] Streaming discord_spellcheck@1 to /home/nick/.config/discord/0.0.27/modules/pending/discord_spellcheck-1.zip: 52%
2023-05-14T04:27:38.764Z [Modules] Streaming discord_spellcheck@1 to /home/nick/.config/discord/0.0.27/modules/pending/discord_spellcheck-1.zip: 53%
2023-05-14T04:27:38.766Z [Modules] Streaming discord_spellcheck@1 to /home/nick/.config/discord/0.0.27/modules/pending/discord_spellcheck-1.zip: 54%
2023-05-14T04:27:38.775Z [Modules] Streaming discord_spellcheck@1 to /home/nick/.config/discord/0.0.27/modules/pending/discord_spellcheck-1.zip: 55%
2023-05-14T04:27:38.780Z [Modules] Streaming discord_spellcheck@1 to /home/nick/.config/discord/0.0.27/modules/pending/discord_spellcheck-1.zip: 56%
2023-05-14T04:27:38.785Z [Modules] Streaming discord_spellcheck@1 to /home/nick/.config/discord/0.0.27/modules/pending/discord_spellcheck-1.zip: 57%
2023-05-14T04:27:38.797Z [Modules] Streaming discord_spellcheck@1 to /home/nick/.config/discord/0.0.27/modules/pending/discord_spellcheck-1.zip: 58%
2023-05-14T04:27:38.805Z [Modules] Streaming discord_spellcheck@1 to /home/nick/.config/discord/0.0.27/modules/pending/discord_spellcheck-1.zip: 59%
2023-05-14T04:27:38.811Z [Modules] Streaming discord_spellcheck@1 to /home/nick/.config/discord/0.0.27/modules/pending/discord_spellcheck-1.zip: 60%
2023-05-14T04:27:38.821Z [Modules] Streaming discord_spellcheck@1 to /home/nick/.config/discord/0.0.27/modules/pending/discord_spellcheck-1.zip: 61%
2023-05-14T04:27:38.825Z [Modules] Streaming discord_spellcheck@1 to /home/nick/.config/discord/0.0.27/modules/pending/discord_spellcheck-1.zip: 62%
2023-05-14T04:27:38.836Z [Modules] Streaming discord_spellcheck@1 to /home/nick/.config/discord/0.0.27/modules/pending/discord_spellcheck-1.zip: 63%
2023-05-14T04:27:38.841Z [Modules] Streaming discord_spellcheck@1 to /home/nick/.config/discord/0.0.27/modules/pending/discord_spellcheck-1.zip: 64%
2023-05-14T04:27:38.846Z [Modules] Streaming discord_spellcheck@1 to /home/nick/.config/discord/0.0.27/modules/pending/discord_spellcheck-1.zip: 65%
2023-05-14T04:27:38.853Z [Modules] Streaming discord_spellcheck@1 to /home/nick/.config/discord/0.0.27/modules/pending/discord_spellcheck-1.zip: 66%
2023-05-14T04:27:38.860Z [Modules] Streaming discord_spellcheck@1 to /home/nick/.config/discord/0.0.27/modules/pending/discord_spellcheck-1.zip: 67%
2023-05-14T04:27:38.867Z [Modules] Streaming discord_spellcheck@1 to /home/nick/.config/discord/0.0.27/modules/pending/discord_spellcheck-1.zip: 68%
2023-05-14T04:27:38.872Z [Modules] Streaming discord_spellcheck@1 to /home/nick/.config/discord/0.0.27/modules/pending/discord_spellcheck-1.zip: 69%
2023-05-14T04:27:38.876Z [Modules] Streaming discord_spellcheck@1 to /home/nick/.config/discord/0.0.27/modules/pending/discord_spellcheck-1.zip: 70%
2023-05-14T04:27:38.882Z [Modules] Streaming discord_spellcheck@1 to /home/nick/.config/discord/0.0.27/modules/pending/discord_spellcheck-1.zip: 71%
2023-05-14T04:27:38.893Z [Modules] Streaming discord_spellcheck@1 to /home/nick/.config/discord/0.0.27/modules/pending/discord_spellcheck-1.zip: 72%
2023-05-14T04:27:38.897Z [Modules] Streaming discord_spellcheck@1 to /home/nick/.config/discord/0.0.27/modules/pending/discord_spellcheck-1.zip: 73%
2023-05-14T04:27:38.913Z [Modules] Streaming discord_spellcheck@1 to /home/nick/.config/discord/0.0.27/modules/pending/discord_spellcheck-1.zip: 74%
2023-05-14T04:27:38.920Z [Modules] Streaming discord_spellcheck@1 to /home/nick/.config/discord/0.0.27/modules/pending/discord_spellcheck-1.zip: 75%
2023-05-14T04:27:38.924Z [Modules] Streaming discord_spellcheck@1 to /home/nick/.config/discord/0.0.27/modules/pending/discord_spellcheck-1.zip: 76%
2023-05-14T04:27:38.929Z [Modules] Streaming discord_spellcheck@1 to /home/nick/.config/discord/0.0.27/modules/pending/discord_spellcheck-1.zip: 77%
2023-05-14T04:27:38.939Z [Modules] Streaming discord_spellcheck@1 to /home/nick/.config/discord/0.0.27/modules/pending/discord_spellcheck-1.zip: 78%
2023-05-14T04:27:38.943Z [Modules] Streaming discord_spellcheck@1 to /home/nick/.config/discord/0.0.27/modules/pending/discord_spellcheck-1.zip: 79%
2023-05-14T04:27:38.948Z [Modules] Streaming discord_spellcheck@1 to /home/nick/.config/discord/0.0.27/modules/pending/discord_spellcheck-1.zip: 80%
2023-05-14T04:27:38.954Z [Modules] Streaming discord_spellcheck@1 to /home/nick/.config/discord/0.0.27/modules/pending/discord_spellcheck-1.zip: 81%
2023-05-14T04:27:38.961Z [Modules] Streaming discord_spellcheck@1 to /home/nick/.config/discord/0.0.27/modules/pending/discord_spellcheck-1.zip: 82%
2023-05-14T04:27:38.967Z [Modules] Streaming discord_spellcheck@1 to /home/nick/.config/discord/0.0.27/modules/pending/discord_spellcheck-1.zip: 83%
2023-05-14T04:27:38.972Z [Modules] Streaming discord_spellcheck@1 to /home/nick/.config/discord/0.0.27/modules/pending/discord_spellcheck-1.zip: 84%
2023-05-14T04:27:38.977Z [Modules] Streaming discord_spellcheck@1 to /home/nick/.config/discord/0.0.27/modules/pending/discord_spellcheck-1.zip: 85%
2023-05-14T04:27:38.983Z [Modules] Streaming discord_spellcheck@1 to /home/nick/.config/discord/0.0.27/modules/pending/discord_spellcheck-1.zip: 86%
2023-05-14T04:27:38.987Z [Modules] Streaming discord_spellcheck@1 to /home/nick/.config/discord/0.0.27/modules/pending/discord_spellcheck-1.zip: 87%
2023-05-14T04:27:38.996Z [Modules] Streaming discord_spellcheck@1 to /home/nick/.config/discord/0.0.27/modules/pending/discord_spellcheck-1.zip: 88%
2023-05-14T04:27:39.012Z [Modules] Streaming discord_spellcheck@1 to /home/nick/.config/discord/0.0.27/modules/pending/discord_spellcheck-1.zip: 89%
2023-05-14T04:27:39.020Z [Modules] Streaming discord_spellcheck@1 to /home/nick/.config/discord/0.0.27/modules/pending/discord_spellcheck-1.zip: 90%
2023-05-14T04:27:39.025Z [Modules] Streaming discord_spellcheck@1 to /home/nick/.config/discord/0.0.27/modules/pending/discord_spellcheck-1.zip: 91%
2023-05-14T04:27:39.030Z [Modules] Streaming discord_spellcheck@1 to /home/nick/.config/discord/0.0.27/modules/pending/discord_spellcheck-1.zip: 92%
2023-05-14T04:27:39.035Z [Modules] Streaming discord_spellcheck@1 to /home/nick/.config/discord/0.0.27/modules/pending/discord_spellcheck-1.zip: 93%
2023-05-14T04:27:39.042Z [Modules] Streaming discord_spellcheck@1 to /home/nick/.config/discord/0.0.27/modules/pending/discord_spellcheck-1.zip: 94%
2023-05-14T04:27:39.048Z [Modules] Streaming discord_spellcheck@1 to /home/nick/.config/discord/0.0.27/modules/pending/discord_spellcheck-1.zip: 95%
2023-05-14T04:27:39.051Z [Modules] Streaming discord_spellcheck@1 to /home/nick/.config/discord/0.0.27/modules/pending/discord_spellcheck-1.zip: 96%
2023-05-14T04:27:39.060Z [Modules] Streaming discord_spellcheck@1 to /home/nick/.config/discord/0.0.27/modules/pending/discord_spellcheck-1.zip: 97%
2023-05-14T04:27:39.063Z [Modules] Streaming discord_spellcheck@1 to /home/nick/.config/discord/0.0.27/modules/pending/discord_spellcheck-1.zip: 98%
2023-05-14T04:27:39.070Z [Modules] Streaming discord_spellcheck@1 to /home/nick/.config/discord/0.0.27/modules/pending/discord_spellcheck-1.zip: 99%
2023-05-14T04:27:39.073Z [Modules] Streaming discord_spellcheck@1 to /home/nick/.config/discord/0.0.27/modules/pending/discord_spellcheck-1.zip: 100%
2023-05-14T04:27:39.077Z [Modules] Fetching discord_utils@1 from https://discord.com/api/modules/stable/discord_utils/1
2023-05-14T04:27:39.078Z [Modules] Streaming discord_utils@1 to /home/nick/.config/discord/0.0.27/modules/pending/discord_utils-1.zip
2023-05-14T04:27:39.209Z [Modules] Streaming discord_utils@1 to /home/nick/.config/discord/0.0.27/modules/pending/discord_utils-1.zip: 1%
2023-05-14T04:27:39.216Z [Modules] Streaming discord_utils@1 to /home/nick/.config/discord/0.0.27/modules/pending/discord_utils-1.zip: 3%
2023-05-14T04:27:39.220Z [Modules] Streaming discord_utils@1 to /home/nick/.config/discord/0.0.27/modules/pending/discord_utils-1.zip: 4%
2023-05-14T04:27:39.222Z [Modules] Streaming discord_utils@1 to /home/nick/.config/discord/0.0.27/modules/pending/discord_utils-1.zip: 5%
2023-05-14T04:27:39.231Z [Modules] Streaming discord_utils@1 to /home/nick/.config/discord/0.0.27/modules/pending/discord_utils-1.zip: 8%
2023-05-14T04:27:39.233Z [Modules] Streaming discord_utils@1 to /home/nick/.config/discord/0.0.27/modules/pending/discord_utils-1.zip: 9%
2023-05-14T04:27:39.235Z [Modules] Streaming discord_utils@1 to /home/nick/.config/discord/0.0.27/modules/pending/discord_utils-1.zip: 11%
2023-05-14T04:27:39.239Z [Modules] Streaming discord_utils@1 to /home/nick/.config/discord/0.0.27/modules/pending/discord_utils-1.zip: 13%
2023-05-14T04:27:39.240Z [Modules] Streaming discord_utils@1 to /home/nick/.config/discord/0.0.27/modules/pending/discord_utils-1.zip: 14%
2023-05-14T04:27:39.243Z [Modules] Streaming discord_utils@1 to /home/nick/.config/discord/0.0.27/modules/pending/discord_utils-1.zip: 16%
2023-05-14T04:27:39.248Z [Modules] Streaming discord_utils@1 to /home/nick/.config/discord/0.0.27/modules/pending/discord_utils-1.zip: 17%
2023-05-14T04:27:39.249Z [Modules] Streaming discord_utils@1 to /home/nick/.config/discord/0.0.27/modules/pending/discord_utils-1.zip: 19%
2023-05-14T04:27:39.252Z [Modules] Streaming discord_utils@1 to /home/nick/.config/discord/0.0.27/modules/pending/discord_utils-1.zip: 21%
2023-05-14T04:27:39.257Z [Modules] Streaming discord_utils@1 to /home/nick/.config/discord/0.0.27/modules/pending/discord_utils-1.zip: 23%
2023-05-14T04:27:39.259Z [Modules] Streaming discord_utils@1 to /home/nick/.config/discord/0.0.27/modules/pending/discord_utils-1.zip: 24%
2023-05-14T04:27:39.261Z [Modules] Streaming discord_utils@1 to /home/nick/.config/discord/0.0.27/modules/pending/discord_utils-1.zip: 26%
2023-05-14T04:27:39.265Z [Modules] Streaming discord_utils@1 to /home/nick/.config/discord/0.0.27/modules/pending/discord_utils-1.zip: 28%
2023-05-14T04:27:39.267Z [Modules] Streaming discord_utils@1 to /home/nick/.config/discord/0.0.27/modules/pending/discord_utils-1.zip: 29%
2023-05-14T04:27:39.268Z [Modules] Streaming discord_utils@1 to /home/nick/.config/discord/0.0.27/modules/pending/discord_utils-1.zip: 31%
2023-05-14T04:27:39.274Z [Modules] Streaming discord_utils@1 to /home/nick/.config/discord/0.0.27/modules/pending/discord_utils-1.zip: 34%
2023-05-14T04:27:39.278Z [Modules] Streaming discord_utils@1 to /home/nick/.config/discord/0.0.27/modules/pending/discord_utils-1.zip: 36%
2023-05-14T04:27:39.282Z [Modules] Streaming discord_utils@1 to /home/nick/.config/discord/0.0.27/modules/pending/discord_utils-1.zip: 38%
2023-05-14T04:27:39.287Z [Modules] Streaming discord_utils@1 to /home/nick/.config/discord/0.0.27/modules/pending/discord_utils-1.zip: 39%
2023-05-14T04:27:39.290Z [Modules] Streaming discord_utils@1 to /home/nick/.config/discord/0.0.27/modules/pending/discord_utils-1.zip: 42%
2023-05-14T04:27:39.294Z [Modules] Streaming discord_utils@1 to /home/nick/.config/discord/0.0.27/modules/pending/discord_utils-1.zip: 44%
2023-05-14T04:27:39.302Z [Modules] Streaming discord_utils@1 to /home/nick/.config/discord/0.0.27/modules/pending/discord_utils-1.zip: 46%
2023-05-14T04:27:39.303Z [Modules] Streaming discord_utils@1 to /home/nick/.config/discord/0.0.27/modules/pending/discord_utils-1.zip: 48%
2023-05-14T04:27:39.306Z [Modules] Streaming discord_utils@1 to /home/nick/.config/discord/0.0.27/modules/pending/discord_utils-1.zip: 50%
2023-05-14T04:27:39.317Z [Modules] Streaming discord_utils@1 to /home/nick/.config/discord/0.0.27/modules/pending/discord_utils-1.zip: 52%
2023-05-14T04:27:39.320Z [Modules] Streaming discord_utils@1 to /home/nick/.config/discord/0.0.27/modules/pending/discord_utils-1.zip: 55%
2023-05-14T04:27:39.324Z [Modules] Streaming discord_utils@1 to /home/nick/.config/discord/0.0.27/modules/pending/discord_utils-1.zip: 57%
2023-05-14T04:27:39.327Z [Modules] Streaming discord_utils@1 to /home/nick/.config/discord/0.0.27/modules/pending/discord_utils-1.zip: 58%
2023-05-14T04:27:39.330Z [Modules] Streaming discord_utils@1 to /home/nick/.config/discord/0.0.27/modules/pending/discord_utils-1.zip: 60%
2023-05-14T04:27:39.335Z [Modules] Streaming discord_utils@1 to /home/nick/.config/discord/0.0.27/modules/pending/discord_utils-1.zip: 62%
2023-05-14T04:27:39.336Z [Modules] Streaming discord_utils@1 to /home/nick/.config/discord/0.0.27/modules/pending/discord_utils-1.zip: 64%
2023-05-14T04:27:39.339Z [Modules] Streaming discord_utils@1 to /home/nick/.config/discord/0.0.27/modules/pending/discord_utils-1.zip: 65%
2023-05-14T04:27:39.341Z [Modules] Streaming discord_utils@1 to /home/nick/.config/discord/0.0.27/modules/pending/discord_utils-1.zip: 67%
2023-05-14T04:27:39.344Z [Modules] Streaming discord_utils@1 to /home/nick/.config/discord/0.0.27/modules/pending/discord_utils-1.zip: 68%
2023-05-14T04:27:39.346Z [Modules] Streaming discord_utils@1 to /home/nick/.config/discord/0.0.27/modules/pending/discord_utils-1.zip: 69%
2023-05-14T04:27:39.348Z [Modules] Streaming discord_utils@1 to /home/nick/.config/discord/0.0.27/modules/pending/discord_utils-1.zip: 70%
2023-05-14T04:27:39.351Z [Modules] Streaming discord_utils@1 to /home/nick/.config/discord/0.0.27/modules/pending/discord_utils-1.zip: 72%
2023-05-14T04:27:39.352Z [Modules] Streaming discord_utils@1 to /home/nick/.config/discord/0.0.27/modules/pending/discord_utils-1.zip: 73%
2023-05-14T04:27:39.354Z [Modules] Streaming discord_utils@1 to /home/nick/.config/discord/0.0.27/modules/pending/discord_utils-1.zip: 75%
2023-05-14T04:27:39.359Z [Modules] Streaming discord_utils@1 to /home/nick/.config/discord/0.0.27/modules/pending/discord_utils-1.zip: 77%
2023-05-14T04:27:39.362Z [Modules] Streaming discord_utils@1 to /home/nick/.config/discord/0.0.27/modules/pending/discord_utils-1.zip: 79%
2023-05-14T04:27:39.365Z [Modules] Streaming discord_utils@1 to /home/nick/.config/discord/0.0.27/modules/pending/discord_utils-1.zip: 80%
2023-05-14T04:27:39.366Z [Modules] Streaming discord_utils@1 to /home/nick/.config/discord/0.0.27/modules/pending/discord_utils-1.zip: 82%
2023-05-14T04:27:39.372Z [Modules] Streaming discord_utils@1 to /home/nick/.config/discord/0.0.27/modules/pending/discord_utils-1.zip: 83%
2023-05-14T04:27:39.377Z [Modules] Streaming discord_utils@1 to /home/nick/.config/discord/0.0.27/modules/pending/discord_utils-1.zip: 85%
2023-05-14T04:27:39.378Z [Modules] Streaming discord_utils@1 to /home/nick/.config/discord/0.0.27/modules/pending/discord_utils-1.zip: 86%
2023-05-14T04:27:39.380Z [Modules] Streaming discord_utils@1 to /home/nick/.config/discord/0.0.27/modules/pending/discord_utils-1.zip: 89%
2023-05-14T04:27:39.385Z [Modules] Streaming discord_utils@1 to /home/nick/.config/discord/0.0.27/modules/pending/discord_utils-1.zip: 90%
2023-05-14T04:27:39.388Z [Modules] Streaming discord_utils@1 to /home/nick/.config/discord/0.0.27/modules/pending/discord_utils-1.zip: 92%
2023-05-14T04:27:39.390Z [Modules] Streaming discord_utils@1 to /home/nick/.config/discord/0.0.27/modules/pending/discord_utils-1.zip: 93%
2023-05-14T04:27:39.392Z [Modules] Streaming discord_utils@1 to /home/nick/.config/discord/0.0.27/modules/pending/discord_utils-1.zip: 96%
2023-05-14T04:27:39.395Z [Modules] Streaming discord_utils@1 to /home/nick/.config/discord/0.0.27/modules/pending/discord_utils-1.zip: 97%
2023-05-14T04:27:39.397Z [Modules] Streaming discord_utils@1 to /home/nick/.config/discord/0.0.27/modules/pending/discord_utils-1.zip: 99%
2023-05-14T04:27:39.402Z [Modules] Streaming discord_utils@1 to /home/nick/.config/discord/0.0.27/modules/pending/discord_utils-1.zip: 100%
2023-05-14T04:27:39.404Z [Modules] Fetching discord_voice@1 from https://discord.com/api/modules/stable/discord_voice/1
2023-05-14T04:27:39.405Z [Modules] Streaming discord_voice@1 to /home/nick/.config/discord/0.0.27/modules/pending/discord_voice-1.zip
2023-05-14T04:27:39.533Z [Modules] Streaming discord_voice@1 to /home/nick/.config/discord/0.0.27/modules/pending/discord_voice-1.zip: 1%
2023-05-14T04:27:39.544Z [Modules] Streaming discord_voice@1 to /home/nick/.config/discord/0.0.27/modules/pending/discord_voice-1.zip: 2%
2023-05-14T04:27:39.557Z [Modules] Streaming discord_voice@1 to /home/nick/.config/discord/0.0.27/modules/pending/discord_voice-1.zip: 3%
2023-05-14T04:27:39.569Z [Modules] Streaming discord_voice@1 to /home/nick/.config/discord/0.0.27/modules/pending/discord_voice-1.zip: 4%
2023-05-14T04:27:39.580Z [Modules] Streaming discord_voice@1 to /home/nick/.config/discord/0.0.27/modules/pending/discord_voice-1.zip: 5%
2023-05-14T04:27:39.590Z [Modules] Streaming discord_voice@1 to /home/nick/.config/discord/0.0.27/modules/pending/discord_voice-1.zip: 6%
2023-05-14T04:27:39.601Z [Modules] Streaming discord_voice@1 to /home/nick/.config/discord/0.0.27/modules/pending/discord_voice-1.zip: 7%
2023-05-14T04:27:39.615Z [Modules] Streaming discord_voice@1 to /home/nick/.config/discord/0.0.27/modules/pending/discord_voice-1.zip: 8%
2023-05-14T04:27:39.632Z [Modules] Streaming discord_voice@1 to /home/nick/.config/discord/0.0.27/modules/pending/discord_voice-1.zip: 9%
2023-05-14T04:27:39.642Z [Modules] Streaming discord_voice@1 to /home/nick/.config/discord/0.0.27/modules/pending/discord_voice-1.zip: 10%
2023-05-14T04:27:39.658Z [Modules] Streaming discord_voice@1 to /home/nick/.config/discord/0.0.27/modules/pending/discord_voice-1.zip: 11%
2023-05-14T04:27:39.668Z [Modules] Streaming discord_voice@1 to /home/nick/.config/discord/0.0.27/modules/pending/discord_voice-1.zip: 12%
2023-05-14T04:27:39.679Z [Modules] Streaming discord_voice@1 to /home/nick/.config/discord/0.0.27/modules/pending/discord_voice-1.zip: 13%
2023-05-14T04:27:39.687Z [Modules] Streaming discord_voice@1 to /home/nick/.config/discord/0.0.27/modules/pending/discord_voice-1.zip: 14%
2023-05-14T04:27:39.700Z [Modules] Streaming discord_voice@1 to /home/nick/.config/discord/0.0.27/modules/pending/discord_voice-1.zip: 15%
2023-05-14T04:27:39.715Z [Modules] Streaming discord_voice@1 to /home/nick/.config/discord/0.0.27/modules/pending/discord_voice-1.zip: 16%
2023-05-14T04:27:39.731Z [Modules] Streaming discord_voice@1 to /home/nick/.config/discord/0.0.27/modules/pending/discord_voice-1.zip: 17%
2023-05-14T04:27:39.744Z [Modules] Streaming discord_voice@1 to /home/nick/.config/discord/0.0.27/modules/pending/discord_voice-1.zip: 18%
2023-05-14T04:27:39.752Z [Modules] Streaming discord_voice@1 to /home/nick/.config/discord/0.0.27/modules/pending/discord_voice-1.zip: 19%
2023-05-14T04:27:39.769Z [Modules] Streaming discord_voice@1 to /home/nick/.config/discord/0.0.27/modules/pending/discord_voice-1.zip: 20%
2023-05-14T04:27:39.778Z [Modules] Streaming discord_voice@1 to /home/nick/.config/discord/0.0.27/modules/pending/discord_voice-1.zip: 21%
2023-05-14T04:27:39.790Z [Modules] Streaming discord_voice@1 to /home/nick/.config/discord/0.0.27/modules/pending/discord_voice-1.zip: 22%
2023-05-14T04:27:39.802Z [Modules] Streaming discord_voice@1 to /home/nick/.config/discord/0.0.27/modules/pending/discord_voice-1.zip: 23%
2023-05-14T04:27:39.818Z [Modules] Streaming discord_voice@1 to /home/nick/.config/discord/0.0.27/modules/pending/discord_voice-1.zip: 24%
2023-05-14T04:27:39.832Z [Modules] Streaming discord_voice@1 to /home/nick/.config/discord/0.0.27/modules/pending/discord_voice-1.zip: 25%
2023-05-14T04:27:39.844Z [Modules] Streaming discord_voice@1 to /home/nick/.config/discord/0.0.27/modules/pending/discord_voice-1.zip: 26%
2023-05-14T04:27:39.855Z [Modules] Streaming discord_voice@1 to /home/nick/.config/discord/0.0.27/modules/pending/discord_voice-1.zip: 27%
2023-05-14T04:27:39.870Z [Modules] Streaming discord_voice@1 to /home/nick/.config/discord/0.0.27/modules/pending/discord_voice-1.zip: 28%
2023-05-14T04:27:39.882Z [Modules] Streaming discord_voice@1 to /home/nick/.config/discord/0.0.27/modules/pending/discord_voice-1.zip: 29%
2023-05-14T04:27:39.891Z [Modules] Streaming discord_voice@1 to /home/nick/.config/discord/0.0.27/modules/pending/discord_voice-1.zip: 30%
2023-05-14T04:27:39.901Z [Modules] Streaming discord_voice@1 to /home/nick/.config/discord/0.0.27/modules/pending/discord_voice-1.zip: 31%
2023-05-14T04:27:39.916Z [Modules] Streaming discord_voice@1 to /home/nick/.config/discord/0.0.27/modules/pending/discord_voice-1.zip: 32%
2023-05-14T04:27:39.935Z [Modules] Streaming discord_voice@1 to /home/nick/.config/discord/0.0.27/modules/pending/discord_voice-1.zip: 33%
2023-05-14T04:27:39.947Z [Modules] Streaming discord_voice@1 to /home/nick/.config/discord/0.0.27/modules/pending/discord_voice-1.zip: 34%
2023-05-14T04:27:39.957Z [Modules] Streaming discord_voice@1 to /home/nick/.config/discord/0.0.27/modules/pending/discord_voice-1.zip: 35%
2023-05-14T04:27:39.969Z [Modules] Streaming discord_voice@1 to /home/nick/.config/discord/0.0.27/modules/pending/discord_voice-1.zip: 36%
2023-05-14T04:27:39.978Z [Modules] Streaming discord_voice@1 to /home/nick/.config/discord/0.0.27/modules/pending/discord_voice-1.zip: 37%
2023-05-14T04:27:39.993Z [Modules] Streaming discord_voice@1 to /home/nick/.config/discord/0.0.27/modules/pending/discord_voice-1.zip: 38%
2023-05-14T04:27:40.005Z [Modules] Streaming discord_voice@1 to /home/nick/.config/discord/0.0.27/modules/pending/discord_voice-1.zip: 39%
2023-05-14T04:27:40.020Z [Modules] Streaming discord_voice@1 to /home/nick/.config/discord/0.0.27/modules/pending/discord_voice-1.zip: 40%
2023-05-14T04:27:40.036Z [Modules] Streaming discord_voice@1 to /home/nick/.config/discord/0.0.27/modules/pending/discord_voice-1.zip: 41%
2023-05-14T04:27:40.047Z [Modules] Streaming discord_voice@1 to /home/nick/.config/discord/0.0.27/modules/pending/discord_voice-1.zip: 42%
2023-05-14T04:27:40.060Z [Modules] Streaming discord_voice@1 to /home/nick/.config/discord/0.0.27/modules/pending/discord_voice-1.zip: 43%
2023-05-14T04:27:40.069Z [Modules] Streaming discord_voice@1 to /home/nick/.config/discord/0.0.27/modules/pending/discord_voice-1.zip: 44%
2023-05-14T04:27:40.083Z [Modules] Streaming discord_voice@1 to /home/nick/.config/discord/0.0.27/modules/pending/discord_voice-1.zip: 45%
2023-05-14T04:27:40.093Z [Modules] Streaming discord_voice@1 to /home/nick/.config/discord/0.0.27/modules/pending/discord_voice-1.zip: 46%
2023-05-14T04:27:40.108Z [Modules] Streaming discord_voice@1 to /home/nick/.config/discord/0.0.27/modules/pending/discord_voice-1.zip: 47%
2023-05-14T04:27:40.121Z [Modules] Streaming discord_voice@1 to /home/nick/.config/discord/0.0.27/modules/pending/discord_voice-1.zip: 48%
2023-05-14T04:27:40.132Z [Modules] Streaming discord_voice@1 to /home/nick/.config/discord/0.0.27/modules/pending/discord_voice-1.zip: 49%
2023-05-14T04:27:40.144Z [Modules] Streaming discord_voice@1 to /home/nick/.config/discord/0.0.27/modules/pending/discord_voice-1.zip: 50%
2023-05-14T04:27:40.162Z [Modules] Streaming discord_voice@1 to /home/nick/.config/discord/0.0.27/modules/pending/discord_voice-1.zip: 51%
2023-05-14T04:27:40.172Z [Modules] Streaming discord_voice@1 to /home/nick/.config/discord/0.0.27/modules/pending/discord_voice-1.zip: 52%
2023-05-14T04:27:40.183Z [Modules] Streaming discord_voice@1 to /home/nick/.config/discord/0.0.27/modules/pending/discord_voice-1.zip: 53%
2023-05-14T04:27:40.195Z [Modules] Streaming discord_voice@1 to /home/nick/.config/discord/0.0.27/modules/pending/discord_voice-1.zip: 54%
2023-05-14T04:27:40.210Z [Modules] Streaming discord_voice@1 to /home/nick/.config/discord/0.0.27/modules/pending/discord_voice-1.zip: 55%
2023-05-14T04:27:40.225Z [Modules] Streaming discord_voice@1 to /home/nick/.config/discord/0.0.27/modules/pending/discord_voice-1.zip: 56%
2023-05-14T04:27:40.240Z [Modules] Streaming discord_voice@1 to /home/nick/.config/discord/0.0.27/modules/pending/discord_voice-1.zip: 57%
2023-05-14T04:27:40.250Z [Modules] Streaming discord_voice@1 to /home/nick/.config/discord/0.0.27/modules/pending/discord_voice-1.zip: 58%
2023-05-14T04:27:40.263Z [Modules] Streaming discord_voice@1 to /home/nick/.config/discord/0.0.27/modules/pending/discord_voice-1.zip: 59%
2023-05-14T04:27:40.275Z [Modules] Streaming discord_voice@1 to /home/nick/.config/discord/0.0.27/modules/pending/discord_voice-1.zip: 60%
2023-05-14T04:27:40.287Z [Modules] Streaming discord_voice@1 to /home/nick/.config/discord/0.0.27/modules/pending/discord_voice-1.zip: 61%
2023-05-14T04:27:40.300Z [Modules] Streaming discord_voice@1 to /home/nick/.config/discord/0.0.27/modules/pending/discord_voice-1.zip: 62%
2023-05-14T04:27:40.309Z [Modules] Streaming discord_voice@1 to /home/nick/.config/discord/0.0.27/modules/pending/discord_voice-1.zip: 63%
2023-05-14T04:27:40.319Z [Modules] Streaming discord_voice@1 to /home/nick/.config/discord/0.0.27/modules/pending/discord_voice-1.zip: 64%
2023-05-14T04:27:40.341Z [Modules] Streaming discord_voice@1 to /home/nick/.config/discord/0.0.27/modules/pending/discord_voice-1.zip: 65%
2023-05-14T04:27:40.349Z [Modules] Streaming discord_voice@1 to /home/nick/.config/discord/0.0.27/modules/pending/discord_voice-1.zip: 66%
2023-05-14T04:27:40.364Z [Modules] Streaming discord_voice@1 to /home/nick/.config/discord/0.0.27/modules/pending/discord_voice-1.zip: 67%
2023-05-14T04:27:40.371Z [Modules] Streaming discord_voice@1 to /home/nick/.config/discord/0.0.27/modules/pending/discord_voice-1.zip: 68%
2023-05-14T04:27:40.384Z [Modules] Streaming discord_voice@1 to /home/nick/.config/discord/0.0.27/modules/pending/discord_voice-1.zip: 69%
2023-05-14T04:27:40.394Z [Modules] Streaming discord_voice@1 to /home/nick/.config/discord/0.0.27/modules/pending/discord_voice-1.zip: 70%
2023-05-14T04:27:40.404Z [Modules] Streaming discord_voice@1 to /home/nick/.config/discord/0.0.27/modules/pending/discord_voice-1.zip: 71%
2023-05-14T04:27:40.421Z [Modules] Streaming discord_voice@1 to /home/nick/.config/discord/0.0.27/modules/pending/discord_voice-1.zip: 72%
2023-05-14T04:27:40.434Z [Modules] Streaming discord_voice@1 to /home/nick/.config/discord/0.0.27/modules/pending/discord_voice-1.zip: 73%
2023-05-14T04:27:40.452Z [Modules] Streaming discord_voice@1 to /home/nick/.config/discord/0.0.27/modules/pending/discord_voice-1.zip: 74%
2023-05-14T04:27:40.460Z [Modules] Streaming discord_voice@1 to /home/nick/.config/discord/0.0.27/modules/pending/discord_voice-1.zip: 75%
2023-05-14T04:27:40.474Z [Modules] Streaming discord_voice@1 to /home/nick/.config/discord/0.0.27/modules/pending/discord_voice-1.zip: 76%
2023-05-14T04:27:40.483Z [Modules] Streaming discord_voice@1 to /home/nick/.config/discord/0.0.27/modules/pending/discord_voice-1.zip: 77%
2023-05-14T04:27:40.493Z [Modules] Streaming discord_voice@1 to /home/nick/.config/discord/0.0.27/modules/pending/discord_voice-1.zip: 78%
2023-05-14T04:27:40.505Z [Modules] Streaming discord_voice@1 to /home/nick/.config/discord/0.0.27/modules/pending/discord_voice-1.zip: 79%
2023-05-14T04:27:40.517Z [Modules] Streaming discord_voice@1 to /home/nick/.config/discord/0.0.27/modules/pending/discord_voice-1.zip: 80%
2023-05-14T04:27:40.530Z [Modules] Streaming discord_voice@1 to /home/nick/.config/discord/0.0.27/modules/pending/discord_voice-1.zip: 81%
2023-05-14T04:27:40.541Z [Modules] Streaming discord_voice@1 to /home/nick/.config/discord/0.0.27/modules/pending/discord_voice-1.zip: 82%
2023-05-14T04:27:40.556Z [Modules] Streaming discord_voice@1 to /home/nick/.config/discord/0.0.27/modules/pending/discord_voice-1.zip: 83%
2023-05-14T04:27:40.566Z [Modules] Streaming discord_voice@1 to /home/nick/.config/discord/0.0.27/modules/pending/discord_voice-1.zip: 84%
2023-05-14T04:27:40.578Z [Modules] Streaming discord_voice@1 to /home/nick/.config/discord/0.0.27/modules/pending/discord_voice-1.zip: 85%
2023-05-14T04:27:40.588Z [Modules] Streaming discord_voice@1 to /home/nick/.config/discord/0.0.27/modules/pending/discord_voice-1.zip: 86%
2023-05-14T04:27:40.601Z [Modules] Streaming discord_voice@1 to /home/nick/.config/discord/0.0.27/modules/pending/discord_voice-1.zip: 87%
2023-05-14T04:27:40.611Z [Modules] Streaming discord_voice@1 to /home/nick/.config/discord/0.0.27/modules/pending/discord_voice-1.zip: 88%
2023-05-14T04:27:40.622Z [Modules] Streaming discord_voice@1 to /home/nick/.config/discord/0.0.27/modules/pending/discord_voice-1.zip: 89%
2023-05-14T04:27:40.636Z [Modules] Streaming discord_voice@1 to /home/nick/.config/discord/0.0.27/modules/pending/discord_voice-1.zip: 90%
2023-05-14T04:27:40.655Z [Modules] Streaming discord_voice@1 to /home/nick/.config/discord/0.0.27/modules/pending/discord_voice-1.zip: 91%
2023-05-14T04:27:40.668Z [Modules] Streaming discord_voice@1 to /home/nick/.config/discord/0.0.27/modules/pending/discord_voice-1.zip: 92%
2023-05-14T04:27:40.678Z [Modules] Streaming discord_voice@1 to /home/nick/.config/discord/0.0.27/modules/pending/discord_voice-1.zip: 93%
2023-05-14T04:27:40.686Z [Modules] Streaming discord_voice@1 to /home/nick/.config/discord/0.0.27/modules/pending/discord_voice-1.zip: 94%
2023-05-14T04:27:40.701Z [Modules] Streaming discord_voice@1 to /home/nick/.config/discord/0.0.27/modules/pending/discord_voice-1.zip: 95%
2023-05-14T04:27:40.710Z [Modules] Streaming discord_voice@1 to /home/nick/.config/discord/0.0.27/modules/pending/discord_voice-1.zip: 96%
2023-05-14T04:27:40.720Z [Modules] Streaming discord_voice@1 to /home/nick/.config/discord/0.0.27/modules/pending/discord_voice-1.zip: 97%
2023-05-14T04:27:40.736Z [Modules] Streaming discord_voice@1 to /home/nick/.config/discord/0.0.27/modules/pending/discord_voice-1.zip: 98%
2023-05-14T04:27:40.756Z [Modules] Streaming discord_voice@1 to /home/nick/.config/discord/0.0.27/modules/pending/discord_voice-1.zip: 99%
2023-05-14T04:27:40.765Z [Modules] Streaming discord_voice@1 to /home/nick/.config/discord/0.0.27/modules/pending/discord_voice-1.zip: 100%
2023-05-14T04:27:40.767Z [Modules] Finished module downloads. [success: 5] [failure: 0]
2023-05-14T04:27:40.767Z [Modules] Installing updates...
2023-05-14T04:27:40.767Z [Modules] Installing discord_desktop_core@1 from /home/nick/.config/discord/0.0.27/modules/pending/discord_desktop_core-1.zip
2023-05-14T04:27:40.956Z [Modules] Installing discord_erlpack@1 from /home/nick/.config/discord/0.0.27/modules/pending/discord_erlpack-1.zip
2023-05-14T04:27:41.114Z [Modules] Installing discord_spellcheck@1 from /home/nick/.config/discord/0.0.27/modules/pending/discord_spellcheck-1.zip
2023-05-14T04:27:41.843Z [Modules] Installing discord_utils@1 from /home/nick/.config/discord/0.0.27/modules/pending/discord_utils-1.zip
2023-05-14T04:27:42.188Z [Modules] Installing discord_voice@1 from /home/nick/.config/discord/0.0.27/modules/pending/discord_voice-1.zip
2023-05-14T04:27:42.842Z [Modules] Finished module installations. [success: 5] [failure: 0]
2023-05-14T04:27:42.842Z [Modules] Checking for host updates.
2023-05-14T04:27:42.920Z [Modules] Host is up to date.
2023-05-14T04:27:42.920Z [Modules] Checking for module updates at https://discord.com/api/modules/stable/versions.json
2023-05-14T04:27:42.928Z [Modules] No module updates available.
2023-05-14T04:27:44.795Z [Modules] Starting to install discord_krisp...
2023-05-14T04:27:44.795Z [Modules] Fetching discord_krisp@1 from https://discord.com/api/modules/stable/discord_krisp/1
2023-05-14T04:27:44.796Z [Modules] Streaming discord_krisp@1 to /home/nick/.config/discord/0.0.27/modules/pending/discord_krisp-1.zip
2023-05-14T04:27:44.902Z [Modules] Streaming discord_krisp@1 to /home/nick/.config/discord/0.0.27/modules/pending/discord_krisp-1.zip: 1%
2023-05-14T04:27:44.922Z [Modules] Streaming discord_krisp@1 to /home/nick/.config/discord/0.0.27/modules/pending/discord_krisp-1.zip: 2%
2023-05-14T04:27:44.933Z [Modules] Starting to install discord_game_utils...
2023-05-14T04:27:44.937Z [Modules] Streaming discord_krisp@1 to /home/nick/.config/discord/0.0.27/modules/pending/discord_krisp-1.zip: 3%
2023-05-14T04:27:44.964Z [Modules] Streaming discord_krisp@1 to /home/nick/.config/discord/0.0.27/modules/pending/discord_krisp-1.zip: 4%
2023-05-14T04:27:44.976Z [Modules] Streaming discord_krisp@1 to /home/nick/.config/discord/0.0.27/modules/pending/discord_krisp-1.zip: 5%
2023-05-14T04:27:44.989Z [Modules] Streaming discord_krisp@1 to /home/nick/.config/discord/0.0.27/modules/pending/discord_krisp-1.zip: 6%
2023-05-14T04:27:45.002Z [Modules] Streaming discord_krisp@1 to /home/nick/.config/discord/0.0.27/modules/pending/discord_krisp-1.zip: 7%
2023-05-14T04:27:45.029Z [Modules] Streaming discord_krisp@1 to /home/nick/.config/discord/0.0.27/modules/pending/discord_krisp-1.zip: 8%
2023-05-14T04:27:45.043Z [Modules] Streaming discord_krisp@1 to /home/nick/.config/discord/0.0.27/modules/pending/discord_krisp-1.zip: 9%
2023-05-14T04:27:45.057Z [Modules] Streaming discord_krisp@1 to /home/nick/.config/discord/0.0.27/modules/pending/discord_krisp-1.zip: 10%
2023-05-14T04:27:45.072Z [Modules] Streaming discord_krisp@1 to /home/nick/.config/discord/0.0.27/modules/pending/discord_krisp-1.zip: 11%
2023-05-14T04:27:45.083Z [Modules] Streaming discord_krisp@1 to /home/nick/.config/discord/0.0.27/modules/pending/discord_krisp-1.zip: 12%
2023-05-14T04:27:45.098Z [Modules] Streaming discord_krisp@1 to /home/nick/.config/discord/0.0.27/modules/pending/discord_krisp-1.zip: 13%
2023-05-14T04:27:45.111Z [Modules] Streaming discord_krisp@1 to /home/nick/.config/discord/0.0.27/modules/pending/discord_krisp-1.zip: 14%
2023-05-14T04:27:45.122Z [Modules] Streaming discord_krisp@1 to /home/nick/.config/discord/0.0.27/modules/pending/discord_krisp-1.zip: 15%
2023-05-14T04:27:45.139Z [Modules] Streaming discord_krisp@1 to /home/nick/.config/discord/0.0.27/modules/pending/discord_krisp-1.zip: 16%
2023-05-14T04:27:45.171Z [Modules] Streaming discord_krisp@1 to /home/nick/.config/discord/0.0.27/modules/pending/discord_krisp-1.zip: 17%
2023-05-14T04:27:45.177Z [Modules] Streaming discord_krisp@1 to /home/nick/.config/discord/0.0.27/modules/pending/discord_krisp-1.zip: 18%
2023-05-14T04:27:45.189Z [Modules] Streaming discord_krisp@1 to /home/nick/.config/discord/0.0.27/modules/pending/discord_krisp-1.zip: 19%
2023-05-14T04:27:45.204Z [Modules] Streaming discord_krisp@1 to /home/nick/.config/discord/0.0.27/modules/pending/discord_krisp-1.zip: 20%
2023-05-14T04:27:45.215Z [Modules] Streaming discord_krisp@1 to /home/nick/.config/discord/0.0.27/modules/pending/discord_krisp-1.zip: 21%
2023-05-14T04:27:45.311Z [Modules] Streaming discord_krisp@1 to /home/nick/.config/discord/0.0.27/modules/pending/discord_krisp-1.zip: 22%
2023-05-14T04:27:45.318Z [Modules] Streaming discord_krisp@1 to /home/nick/.config/discord/0.0.27/modules/pending/discord_krisp-1.zip: 23%
2023-05-14T04:27:45.323Z [Modules] Streaming discord_krisp@1 to /home/nick/.config/discord/0.0.27/modules/pending/discord_krisp-1.zip: 24%
2023-05-14T04:27:45.325Z [Modules] Streaming discord_krisp@1 to /home/nick/.config/discord/0.0.27/modules/pending/discord_krisp-1.zip: 25%
2023-05-14T04:27:45.330Z [Modules] Streaming discord_krisp@1 to /home/nick/.config/discord/0.0.27/modules/pending/discord_krisp-1.zip: 26%
2023-05-14T04:27:45.333Z [Modules] Streaming discord_krisp@1 to /home/nick/.config/discord/0.0.27/modules/pending/discord_krisp-1.zip: 27%
2023-05-14T04:27:45.335Z [Modules] Streaming discord_krisp@1 to /home/nick/.config/discord/0.0.27/modules/pending/discord_krisp-1.zip: 28%
2023-05-14T04:27:45.335Z [Modules] Streaming discord_krisp@1 to /home/nick/.config/discord/0.0.27/modules/pending/discord_krisp-1.zip: 29%
2023-05-14T04:27:45.350Z [Modules] Streaming discord_krisp@1 to /home/nick/.config/discord/0.0.27/modules/pending/discord_krisp-1.zip: 30%
2023-05-14T04:27:45.367Z [Modules] Streaming discord_krisp@1 to /home/nick/.config/discord/0.0.27/modules/pending/discord_krisp-1.zip: 31%
2023-05-14T04:27:45.378Z [Modules] Streaming discord_krisp@1 to /home/nick/.config/discord/0.0.27/modules/pending/discord_krisp-1.zip: 32%
2023-05-14T04:27:45.396Z [Modules] Streaming discord_krisp@1 to /home/nick/.config/discord/0.0.27/modules/pending/discord_krisp-1.zip: 33%
2023-05-14T04:27:45.403Z [Modules] Streaming discord_krisp@1 to /home/nick/.config/discord/0.0.27/modules/pending/discord_krisp-1.zip: 34%
2023-05-14T04:27:45.417Z [Modules] Streaming discord_krisp@1 to /home/nick/.config/discord/0.0.27/modules/pending/discord_krisp-1.zip: 35%
2023-05-14T04:27:45.435Z [Modules] Streaming discord_krisp@1 to /home/nick/.config/discord/0.0.27/modules/pending/discord_krisp-1.zip: 36%
2023-05-14T04:27:45.452Z [Modules] Streaming discord_krisp@1 to /home/nick/.config/discord/0.0.27/modules/pending/discord_krisp-1.zip: 37%
2023-05-14T04:27:45.474Z [Modules] Streaming discord_krisp@1 to /home/nick/.config/discord/0.0.27/modules/pending/discord_krisp-1.zip: 38%
2023-05-14T04:27:45.481Z [Modules] Streaming discord_krisp@1 to /home/nick/.config/discord/0.0.27/modules/pending/discord_krisp-1.zip: 39%
2023-05-14T04:27:45.495Z [Modules] Streaming discord_krisp@1 to /home/nick/.config/discord/0.0.27/modules/pending/discord_krisp-1.zip: 40%
2023-05-14T04:27:45.606Z [Modules] Streaming discord_krisp@1 to /home/nick/.config/discord/0.0.27/modules/pending/discord_krisp-1.zip: 41%
2023-05-14T04:27:45.606Z [Modules] Streaming discord_krisp@1 to /home/nick/.config/discord/0.0.27/modules/pending/discord_krisp-1.zip: 42%
2023-05-14T04:27:45.607Z [Modules] Streaming discord_krisp@1 to /home/nick/.config/discord/0.0.27/modules/pending/discord_krisp-1.zip: 43%
2023-05-14T04:27:45.609Z [Modules] Streaming discord_krisp@1 to /home/nick/.config/discord/0.0.27/modules/pending/discord_krisp-1.zip: 44%
2023-05-14T04:27:45.609Z [Modules] Streaming discord_krisp@1 to /home/nick/.config/discord/0.0.27/modules/pending/discord_krisp-1.zip: 45%
2023-05-14T04:27:45.610Z [Modules] Streaming discord_krisp@1 to /home/nick/.config/discord/0.0.27/modules/pending/discord_krisp-1.zip: 46%
2023-05-14T04:27:45.611Z [Modules] Streaming discord_krisp@1 to /home/nick/.config/discord/0.0.27/modules/pending/discord_krisp-1.zip: 47%
2023-05-14T04:27:45.613Z [Modules] Streaming discord_krisp@1 to /home/nick/.config/discord/0.0.27/modules/pending/discord_krisp-1.zip: 48%
2023-05-14T04:27:45.625Z [Modules] Streaming discord_krisp@1 to /home/nick/.config/discord/0.0.27/modules/pending/discord_krisp-1.zip: 49%
2023-05-14T04:27:45.649Z [Modules] Streaming discord_krisp@1 to /home/nick/.config/discord/0.0.27/modules/pending/discord_krisp-1.zip: 50%
2023-05-14T04:27:45.669Z [Modules] Streaming discord_krisp@1 to /home/nick/.config/discord/0.0.27/modules/pending/discord_krisp-1.zip: 51%
2023-05-14T04:27:45.681Z [Modules] Streaming discord_krisp@1 to /home/nick/.config/discord/0.0.27/modules/pending/discord_krisp-1.zip: 52%
2023-05-14T04:27:45.692Z [Modules] Streaming discord_krisp@1 to /home/nick/.config/discord/0.0.27/modules/pending/discord_krisp-1.zip: 53%
2023-05-14T04:27:45.706Z [Modules] Streaming discord_krisp@1 to /home/nick/.config/discord/0.0.27/modules/pending/discord_krisp-1.zip: 54%
2023-05-14T04:27:45.718Z [Modules] Streaming discord_krisp@1 to /home/nick/.config/discord/0.0.27/modules/pending/discord_krisp-1.zip: 55%
2023-05-14T04:27:45.730Z [Modules] Streaming discord_krisp@1 to /home/nick/.config/discord/0.0.27/modules/pending/discord_krisp-1.zip: 56%
2023-05-14T04:27:45.744Z [Modules] Streaming discord_krisp@1 to /home/nick/.config/discord/0.0.27/modules/pending/discord_krisp-1.zip: 57%
2023-05-14T04:27:45.766Z [Modules] Streaming discord_krisp@1 to /home/nick/.config/discord/0.0.27/modules/pending/discord_krisp-1.zip: 58%
2023-05-14T04:27:45.777Z [Modules] Streaming discord_krisp@1 to /home/nick/.config/discord/0.0.27/modules/pending/discord_krisp-1.zip: 59%
2023-05-14T04:27:45.789Z [Modules] Streaming discord_krisp@1 to /home/nick/.config/discord/0.0.27/modules/pending/discord_krisp-1.zip: 60%
2023-05-14T04:27:45.803Z [Modules] Streaming discord_krisp@1 to /home/nick/.config/discord/0.0.27/modules/pending/discord_krisp-1.zip: 61%
2023-05-14T04:27:45.815Z [Modules] Streaming discord_krisp@1 to /home/nick/.config/discord/0.0.27/modules/pending/discord_krisp-1.zip: 62%
2023-05-14T04:27:45.828Z [Modules] Streaming discord_krisp@1 to /home/nick/.config/discord/0.0.27/modules/pending/discord_krisp-1.zip: 63%
2023-05-14T04:27:45.841Z [Modules] Streaming discord_krisp@1 to /home/nick/.config/discord/0.0.27/modules/pending/discord_krisp-1.zip: 64%
2023-05-14T04:27:45.858Z [Modules] Streaming discord_krisp@1 to /home/nick/.config/discord/0.0.27/modules/pending/discord_krisp-1.zip: 65%
2023-05-14T04:27:45.875Z [Modules] Streaming discord_krisp@1 to /home/nick/.config/discord/0.0.27/modules/pending/discord_krisp-1.zip: 66%
2023-05-14T04:27:45.889Z [Modules] Streaming discord_krisp@1 to /home/nick/.config/discord/0.0.27/modules/pending/discord_krisp-1.zip: 67%
2023-05-14T04:27:45.899Z [Modules] Streaming discord_krisp@1 to /home/nick/.config/discord/0.0.27/modules/pending/discord_krisp-1.zip: 68%
2023-05-14T04:27:45.919Z [Modules] Streaming discord_krisp@1 to /home/nick/.config/discord/0.0.27/modules/pending/discord_krisp-1.zip: 69%
2023-05-14T04:27:45.932Z [Modules] Streaming discord_krisp@1 to /home/nick/.config/discord/0.0.27/modules/pending/discord_krisp-1.zip: 70%
2023-05-14T04:27:45.944Z [Modules] Streaming discord_krisp@1 to /home/nick/.config/discord/0.0.27/modules/pending/discord_krisp-1.zip: 71%
2023-05-14T04:27:45.958Z [Modules] Streaming discord_krisp@1 to /home/nick/.config/discord/0.0.27/modules/pending/discord_krisp-1.zip: 72%
2023-05-14T04:27:45.978Z [Modules] Streaming discord_krisp@1 to /home/nick/.config/discord/0.0.27/modules/pending/discord_krisp-1.zip: 73%
2023-05-14T04:27:45.990Z [Modules] Streaming discord_krisp@1 to /home/nick/.config/discord/0.0.27/modules/pending/discord_krisp-1.zip: 74%
2023-05-14T04:27:46.004Z [Modules] Streaming discord_krisp@1 to /home/nick/.config/discord/0.0.27/modules/pending/discord_krisp-1.zip: 75%
2023-05-14T04:27:46.017Z [Modules] Streaming discord_krisp@1 to /home/nick/.config/discord/0.0.27/modules/pending/discord_krisp-1.zip: 76%
2023-05-14T04:27:46.025Z [Modules] Checking for host updates.
2023-05-14T04:27:46.033Z [Modules] Streaming discord_krisp@1 to /home/nick/.config/discord/0.0.27/modules/pending/discord_krisp-1.zip: 77%
2023-05-14T04:27:46.046Z [Modules] Streaming discord_krisp@1 to /home/nick/.config/discord/0.0.27/modules/pending/discord_krisp-1.zip: 78%
2023-05-14T04:27:46.062Z [Modules] Streaming discord_krisp@1 to /home/nick/.config/discord/0.0.27/modules/pending/discord_krisp-1.zip: 79%
2023-05-14T04:27:46.081Z [Modules] Streaming discord_krisp@1 to /home/nick/.config/discord/0.0.27/modules/pending/discord_krisp-1.zip: 80%
2023-05-14T04:27:46.091Z [Modules] Streaming discord_krisp@1 to /home/nick/.config/discord/0.0.27/modules/pending/discord_krisp-1.zip: 81%
2023-05-14T04:27:46.105Z [Modules] Streaming discord_krisp@1 to /home/nick/.config/discord/0.0.27/modules/pending/discord_krisp-1.zip: 82%
2023-05-14T04:27:46.118Z [Modules] Streaming discord_krisp@1 to /home/nick/.config/discord/0.0.27/modules/pending/discord_krisp-1.zip: 83%
2023-05-14T04:27:46.131Z [Modules] Streaming discord_krisp@1 to /home/nick/.config/discord/0.0.27/modules/pending/discord_krisp-1.zip: 84%
2023-05-14T04:27:46.138Z [Modules] Host is up to date.
2023-05-14T04:27:46.138Z [Modules] Checking for module updates at https://discord.com/api/modules/stable/versions.json
2023-05-14T04:27:46.140Z [Modules] No module updates available.
2023-05-14T04:27:46.146Z [Modules] Streaming discord_krisp@1 to /home/nick/.config/discord/0.0.27/modules/pending/discord_krisp-1.zip: 85%
2023-05-14T04:27:46.161Z [Modules] Streaming discord_krisp@1 to /home/nick/.config/discord/0.0.27/modules/pending/discord_krisp-1.zip: 86%
2023-05-14T04:27:46.181Z [Modules] Streaming discord_krisp@1 to /home/nick/.config/discord/0.0.27/modules/pending/discord_krisp-1.zip: 87%
2023-05-14T04:27:46.193Z [Modules] Streaming discord_krisp@1 to /home/nick/.config/discord/0.0.27/modules/pending/discord_krisp-1.zip: 88%
2023-05-14T04:27:46.204Z [Modules] Streaming discord_krisp@1 to /home/nick/.config/discord/0.0.27/modules/pending/discord_krisp-1.zip: 89%
2023-05-14T04:27:46.221Z [Modules] Streaming discord_krisp@1 to /home/nick/.config/discord/0.0.27/modules/pending/discord_krisp-1.zip: 90%
2023-05-14T04:27:46.235Z [Modules] Streaming discord_krisp@1 to /home/nick/.config/discord/0.0.27/modules/pending/discord_krisp-1.zip: 91%
2023-05-14T04:27:46.245Z [Modules] Streaming discord_krisp@1 to /home/nick/.config/discord/0.0.27/modules/pending/discord_krisp-1.zip: 92%
2023-05-14T04:27:46.258Z [Modules] Streaming discord_krisp@1 to /home/nick/.config/discord/0.0.27/modules/pending/discord_krisp-1.zip: 93%
2023-05-14T04:27:46.275Z [Modules] Streaming discord_krisp@1 to /home/nick/.config/discord/0.0.27/modules/pending/discord_krisp-1.zip: 94%
2023-05-14T04:27:46.293Z [Modules] Streaming discord_krisp@1 to /home/nick/.config/discord/0.0.27/modules/pending/discord_krisp-1.zip: 95%
2023-05-14T04:27:46.304Z [Modules] Streaming discord_krisp@1 to /home/nick/.config/discord/0.0.27/modules/pending/discord_krisp-1.zip: 96%
2023-05-14T04:27:46.316Z [Modules] Streaming discord_krisp@1 to /home/nick/.config/discord/0.0.27/modules/pending/discord_krisp-1.zip: 97%
2023-05-14T04:27:46.333Z [Modules] Streaming discord_krisp@1 to /home/nick/.config/discord/0.0.27/modules/pending/discord_krisp-1.zip: 98%
2023-05-14T04:27:46.345Z [Modules] Streaming discord_krisp@1 to /home/nick/.config/discord/0.0.27/modules/pending/discord_krisp-1.zip: 99%
2023-05-14T04:27:46.353Z [Modules] Starting to install discord_rpc...
2023-05-14T04:27:46.358Z [Modules] Streaming discord_krisp@1 to /home/nick/.config/discord/0.0.27/modules/pending/discord_krisp-1.zip: 100%
2023-05-14T04:27:46.360Z [Modules] Fetching discord_game_utils@1 from https://discord.com/api/modules/stable/discord_game_utils/1
2023-05-14T04:27:46.360Z [Modules] Streaming discord_game_utils@1 to /home/nick/.config/discord/0.0.27/modules/pending/discord_game_utils-1.zip
2023-05-14T04:27:46.360Z [Modules] Installing discord_krisp@1 from /home/nick/.config/discord/0.0.27/modules/pending/discord_krisp-1.zip
2023-05-14T04:27:46.483Z [Modules] Streaming discord_game_utils@1 to /home/nick/.config/discord/0.0.27/modules/pending/discord_game_utils-1.zip: 1%
2023-05-14T04:27:46.486Z [Modules] Streaming discord_game_utils@1 to /home/nick/.config/discord/0.0.27/modules/pending/discord_game_utils-1.zip: 3%
2023-05-14T04:27:46.487Z [Modules] Streaming discord_game_utils@1 to /home/nick/.config/discord/0.0.27/modules/pending/discord_game_utils-1.zip: 4%
2023-05-14T04:27:46.489Z [Modules] Streaming discord_game_utils@1 to /home/nick/.config/discord/0.0.27/modules/pending/discord_game_utils-1.zip: 7%
2023-05-14T04:27:46.492Z [Modules] Streaming discord_game_utils@1 to /home/nick/.config/discord/0.0.27/modules/pending/discord_game_utils-1.zip: 9%
2023-05-14T04:27:46.495Z [Modules] Streaming discord_game_utils@1 to /home/nick/.config/discord/0.0.27/modules/pending/discord_game_utils-1.zip: 11%
2023-05-14T04:27:46.497Z [Modules] Streaming discord_game_utils@1 to /home/nick/.config/discord/0.0.27/modules/pending/discord_game_utils-1.zip: 13%
2023-05-14T04:27:46.500Z [Modules] Streaming discord_game_utils@1 to /home/nick/.config/discord/0.0.27/modules/pending/discord_game_utils-1.zip: 15%
2023-05-14T04:27:46.502Z [Modules] Streaming discord_game_utils@1 to /home/nick/.config/discord/0.0.27/modules/pending/discord_game_utils-1.zip: 17%
2023-05-14T04:27:46.504Z [Modules] Streaming discord_game_utils@1 to /home/nick/.config/discord/0.0.27/modules/pending/discord_game_utils-1.zip: 18%
2023-05-14T04:27:46.506Z [Modules] Streaming discord_game_utils@1 to /home/nick/.config/discord/0.0.27/modules/pending/discord_game_utils-1.zip: 20%
2023-05-14T04:27:46.508Z [Modules] Streaming discord_game_utils@1 to /home/nick/.config/discord/0.0.27/modules/pending/discord_game_utils-1.zip: 21%
2023-05-14T04:27:46.509Z [Modules] Streaming discord_game_utils@1 to /home/nick/.config/discord/0.0.27/modules/pending/discord_game_utils-1.zip: 22%
2023-05-14T04:27:46.511Z [Modules] Streaming discord_game_utils@1 to /home/nick/.config/discord/0.0.27/modules/pending/discord_game_utils-1.zip: 23%
2023-05-14T04:27:46.513Z [Modules] Streaming discord_game_utils@1 to /home/nick/.config/discord/0.0.27/modules/pending/discord_game_utils-1.zip: 26%
2023-05-14T04:27:46.516Z [Modules] Streaming discord_game_utils@1 to /home/nick/.config/discord/0.0.27/modules/pending/discord_game_utils-1.zip: 27%
2023-05-14T04:27:46.518Z [Modules] Streaming discord_game_utils@1 to /home/nick/.config/discord/0.0.27/modules/pending/discord_game_utils-1.zip: 28%
2023-05-14T04:27:46.521Z [Modules] Streaming discord_game_utils@1 to /home/nick/.config/discord/0.0.27/modules/pending/discord_game_utils-1.zip: 30%
2023-05-14T04:27:46.523Z [Modules] Streaming discord_game_utils@1 to /home/nick/.config/discord/0.0.27/modules/pending/discord_game_utils-1.zip: 31%
2023-05-14T04:27:46.525Z [Modules] Streaming discord_game_utils@1 to /home/nick/.config/discord/0.0.27/modules/pending/discord_game_utils-1.zip: 33%
2023-05-14T04:27:46.528Z [Modules] Streaming discord_game_utils@1 to /home/nick/.config/discord/0.0.27/modules/pending/discord_game_utils-1.zip: 35%
2023-05-14T04:27:46.530Z [Modules] Streaming discord_game_utils@1 to /home/nick/.config/discord/0.0.27/modules/pending/discord_game_utils-1.zip: 36%
2023-05-14T04:27:46.532Z [Modules] Streaming discord_game_utils@1 to /home/nick/.config/discord/0.0.27/modules/pending/discord_game_utils-1.zip: 37%
2023-05-14T04:27:46.534Z [Modules] Streaming discord_game_utils@1 to /home/nick/.config/discord/0.0.27/modules/pending/discord_game_utils-1.zip: 39%
2023-05-14T04:27:46.536Z [Modules] Streaming discord_game_utils@1 to /home/nick/.config/discord/0.0.27/modules/pending/discord_game_utils-1.zip: 40%
2023-05-14T04:27:46.538Z [Modules] Streaming discord_game_utils@1 to /home/nick/.config/discord/0.0.27/modules/pending/discord_game_utils-1.zip: 43%
2023-05-14T04:27:46.540Z [Modules] Streaming discord_game_utils@1 to /home/nick/.config/discord/0.0.27/modules/pending/discord_game_utils-1.zip: 44%
2023-05-14T04:27:46.542Z [Modules] Streaming discord_game_utils@1 to /home/nick/.config/discord/0.0.27/modules/pending/discord_game_utils-1.zip: 45%
2023-05-14T04:27:46.545Z [Modules] Streaming discord_game_utils@1 to /home/nick/.config/discord/0.0.27/modules/pending/discord_game_utils-1.zip: 47%
2023-05-14T04:27:46.548Z [Modules] Streaming discord_game_utils@1 to /home/nick/.config/discord/0.0.27/modules/pending/discord_game_utils-1.zip: 50%
2023-05-14T04:27:46.551Z [Modules] Streaming discord_game_utils@1 to /home/nick/.config/discord/0.0.27/modules/pending/discord_game_utils-1.zip: 51%
2023-05-14T04:27:46.552Z [Modules] Streaming discord_game_utils@1 to /home/nick/.config/discord/0.0.27/modules/pending/discord_game_utils-1.zip: 52%
2023-05-14T04:27:46.554Z [Modules] Streaming discord_game_utils@1 to /home/nick/.config/discord/0.0.27/modules/pending/discord_game_utils-1.zip: 54%
2023-05-14T04:27:46.557Z [Modules] Streaming discord_game_utils@1 to /home/nick/.config/discord/0.0.27/modules/pending/discord_game_utils-1.zip: 56%
2023-05-14T04:27:46.559Z [Modules] Streaming discord_game_utils@1 to /home/nick/.config/discord/0.0.27/modules/pending/discord_game_utils-1.zip: 57%
2023-05-14T04:27:46.561Z [Modules] Streaming discord_game_utils@1 to /home/nick/.config/discord/0.0.27/modules/pending/discord_game_utils-1.zip: 60%
2023-05-14T04:27:46.566Z [Modules] Streaming discord_game_utils@1 to /home/nick/.config/discord/0.0.27/modules/pending/discord_game_utils-1.zip: 62%
2023-05-14T04:27:46.571Z [Modules] Streaming discord_game_utils@1 to /home/nick/.config/discord/0.0.27/modules/pending/discord_game_utils-1.zip: 64%
2023-05-14T04:27:46.574Z [Modules] Streaming discord_game_utils@1 to /home/nick/.config/discord/0.0.27/modules/pending/discord_game_utils-1.zip: 66%
2023-05-14T04:27:46.576Z [Modules] Streaming discord_game_utils@1 to /home/nick/.config/discord/0.0.27/modules/pending/discord_game_utils-1.zip: 67%
2023-05-14T04:27:46.577Z [Modules] Streaming discord_game_utils@1 to /home/nick/.config/discord/0.0.27/modules/pending/discord_game_utils-1.zip: 68%
2023-05-14T04:27:46.586Z [Modules] Streaming discord_game_utils@1 to /home/nick/.config/discord/0.0.27/modules/pending/discord_game_utils-1.zip: 70%
2023-05-14T04:27:46.588Z [Modules] Streaming discord_game_utils@1 to /home/nick/.config/discord/0.0.27/modules/pending/discord_game_utils-1.zip: 72%
2023-05-14T04:27:46.591Z [Modules] Streaming discord_game_utils@1 to /home/nick/.config/discord/0.0.27/modules/pending/discord_game_utils-1.zip: 74%
2023-05-14T04:27:46.600Z [Modules] Streaming discord_game_utils@1 to /home/nick/.config/discord/0.0.27/modules/pending/discord_game_utils-1.zip: 79%
2023-05-14T04:27:46.601Z [Modules] Streaming discord_game_utils@1 to /home/nick/.config/discord/0.0.27/modules/pending/discord_game_utils-1.zip: 82%
2023-05-14T04:27:46.608Z [Modules] Streaming discord_game_utils@1 to /home/nick/.config/discord/0.0.27/modules/pending/discord_game_utils-1.zip: 84%
2023-05-14T04:27:46.608Z [Modules] Streaming discord_game_utils@1 to /home/nick/.config/discord/0.0.27/modules/pending/discord_game_utils-1.zip: 85%
2023-05-14T04:27:46.610Z [Modules] Streaming discord_game_utils@1 to /home/nick/.config/discord/0.0.27/modules/pending/discord_game_utils-1.zip: 86%
2023-05-14T04:27:46.616Z [Modules] Streaming discord_game_utils@1 to /home/nick/.config/discord/0.0.27/modules/pending/discord_game_utils-1.zip: 87%
2023-05-14T04:27:46.617Z [Modules] Streaming discord_game_utils@1 to /home/nick/.config/discord/0.0.27/modules/pending/discord_game_utils-1.zip: 88%
2023-05-14T04:27:46.619Z [Modules] Streaming discord_game_utils@1 to /home/nick/.config/discord/0.0.27/modules/pending/discord_game_utils-1.zip: 89%
2023-05-14T04:27:46.625Z [Modules] Streaming discord_game_utils@1 to /home/nick/.config/discord/0.0.27/modules/pending/discord_game_utils-1.zip: 91%
2023-05-14T04:27:46.627Z [Modules] Streaming discord_game_utils@1 to /home/nick/.config/discord/0.0.27/modules/pending/discord_game_utils-1.zip: 92%
2023-05-14T04:27:46.629Z [Modules] Streaming discord_game_utils@1 to /home/nick/.config/discord/0.0.27/modules/pending/discord_game_utils-1.zip: 93%
2023-05-14T04:27:46.630Z [Modules] Streaming discord_game_utils@1 to /home/nick/.config/discord/0.0.27/modules/pending/discord_game_utils-1.zip: 96%
2023-05-14T04:27:46.636Z [Modules] Streaming discord_game_utils@1 to /home/nick/.config/discord/0.0.27/modules/pending/discord_game_utils-1.zip: 97%
2023-05-14T04:27:46.637Z [Modules] Streaming discord_game_utils@1 to /home/nick/.config/discord/0.0.27/modules/pending/discord_game_utils-1.zip: 99%
2023-05-14T04:27:46.637Z [Modules] Streaming discord_game_utils@1 to /home/nick/.config/discord/0.0.27/modules/pending/discord_game_utils-1.zip: 100%
2023-05-14T04:27:46.640Z [Modules] Fetching discord_rpc@1 from https://discord.com/api/modules/stable/discord_rpc/1
2023-05-14T04:27:46.640Z [Modules] Streaming discord_rpc@1 to /home/nick/.config/discord/0.0.27/modules/pending/discord_rpc-1.zip
2023-05-14T04:27:46.741Z [Modules] Streaming discord_rpc@1 to /home/nick/.config/discord/0.0.27/modules/pending/discord_rpc-1.zip: 100%
2023-05-14T04:27:46.741Z [Modules] Finished module downloads. [success: 3] [failure: 0]
2023-05-14T04:27:46.967Z [Modules] Installing discord_game_utils@1 from /home/nick/.config/discord/0.0.27/modules/pending/discord_game_utils-1.zip
2023-05-14T04:27:47.054Z [Modules] Installing discord_rpc@1 from /home/nick/.config/discord/0.0.27/modules/pending/discord_rpc-1.zip
2023-05-14T04:27:47.082Z [Modules] Finished module installations. [success: 3] [failure: 0]
2023-05-14T05:27:46.029Z [Modules] Checking for host updates.
2023-05-14T05:27:46.161Z [Modules] Host is up to date.
2023-05-14T05:27:46.161Z [Modules] Checking for module updates at https://discord.com/api/modules/stable/versions.json
2023-05-14T05:27:46.190Z [Modules] No module updates available.
