Type: Warning Num: 5
Date: 2022.09.02 10:39:42 459
Sender: Available_Devices System_Info::Get_Emulator_Info( const QString &path, bool *ok,VM::Emulator_Version version, const QString &internalName )
Message: Cannot get net cards info from emulator "/usr/bin/qemu-system-arm". Use default list

Type: Warning Num: 8
Date: 2022.09.02 10:39:42 618
Sender: Available_Devices System_Info::Get_Emulator_Info( const QString &path, bool *ok,VM::Emulator_Version version, const QString &internalName )
Message: Unregistred Sound Card Name: "Machine"

Type: Error Num: 9
Date: 2022.09.02 10:39:42 713
Sender: Available_Devices System_Info::Get_Emulator_Info( const QString &path, bool *ok,VM::Emulator_Version version, const QString &internalName )
Message: Cannot get QEMU network card ID string!

Type: Warning Num: 10
Date: 2022.09.02 10:39:42 714
Sender: Available_Devices System_Info::Get_Emulator_Info( const QString &path, bool *ok,VM::Emulator_Version version, const QString &internalName )
Message: Cannot get net cards info from emulator "/usr/bin/qemu-system-cris". Use default list

Type: Warning Num: 13
Date: 2022.09.02 10:39:42 922
Sender: Available_Devices System_Info::Get_Emulator_Info( const QString &path, bool *ok,VM::Emulator_Version version, const QString &internalName )
Message: Unregistred Sound Card Name: "Machine"

Type: Error Num: 14
Date: 2022.09.02 10:39:42 991
Sender: Available_Devices System_Info::Get_Emulator_Info( const QString &path, bool *ok,VM::Emulator_Version version, const QString &internalName )
Message: Cannot get QEMU network card ID string!

Type: Warning Num: 15
Date: 2022.09.02 10:39:42 991
Sender: Available_Devices System_Info::Get_Emulator_Info( const QString &path, bool *ok,VM::Emulator_Version version, const QString &internalName )
Message: Cannot get net cards info from emulator "/usr/bin/qemu-system-m68k". Use default list

Type: Warning Num: 18
Date: 2022.09.02 10:39:43 162
Sender: Available_Devices System_Info::Get_Emulator_Info( const QString &path, bool *ok,VM::Emulator_Version version, const QString &internalName )
Message: Cannot get CPU's info from emulator "/usr/bin/qemu-system-microblaze". Use default list

Type: Warning Num: 19
Date: 2022.09.02 10:39:43 183
Sender: Available_Devices System_Info::Get_Emulator_Info( const QString &path, bool *ok,VM::Emulator_Version version, const QString &internalName )
Message: Unregistred Sound Card Name: "Machine"

Type: Error Num: 20
Date: 2022.09.02 10:39:43 272
Sender: Available_Devices System_Info::Get_Emulator_Info( const QString &path, bool *ok,VM::Emulator_Version version, const QString &internalName )
Message: Cannot get QEMU network card ID string!

Type: Warning Num: 21
Date: 2022.09.02 10:39:43 272
Sender: Available_Devices System_Info::Get_Emulator_Info( const QString &path, bool *ok,VM::Emulator_Version version, const QString &internalName )
Message: Cannot get net cards info from emulator "/usr/bin/qemu-system-microblaze". Use default list

Type: Error Num: 24
Date: 2022.09.02 10:39:43 558
Sender: Available_Devices System_Info::Get_Emulator_Info( const QString &path, bool *ok,VM::Emulator_Version version, const QString &internalName )
Message: Cannot get QEMU network card ID string!

Type: Warning Num: 25
Date: 2022.09.02 10:39:43 559
Sender: Available_Devices System_Info::Get_Emulator_Info( const QString &path, bool *ok,VM::Emulator_Version version, const QString &internalName )
Message: Cannot get net cards info from emulator "/usr/bin/qemu-system-mips". Use default list

Type: Error Num: 28
Date: 2022.09.02 10:39:43 857
Sender: Available_Devices System_Info::Get_Emulator_Info( const QString &path, bool *ok,VM::Emulator_Version version, const QString &internalName )
Message: Cannot get QEMU network card ID string!

Type: Warning Num: 29
Date: 2022.09.02 10:39:43 857
Sender: Available_Devices System_Info::Get_Emulator_Info( const QString &path, bool *ok,VM::Emulator_Version version, const QString &internalName )
Message: Cannot get net cards info from emulator "/usr/bin/qemu-system-mips64". Use default list

Type: Error Num: 32
Date: 2022.09.02 10:39:44 148
Sender: Available_Devices System_Info::Get_Emulator_Info( const QString &path, bool *ok,VM::Emulator_Version version, const QString &internalName )
Message: Cannot get QEMU network card ID string!

Type: Warning Num: 33
Date: 2022.09.02 10:39:44 148
Sender: Available_Devices System_Info::Get_Emulator_Info( const QString &path, bool *ok,VM::Emulator_Version version, const QString &internalName )
Message: Cannot get net cards info from emulator "/usr/bin/qemu-system-mips64el". Use default list

Type: Error Num: 36
Date: 2022.09.02 10:39:44 452
Sender: Available_Devices System_Info::Get_Emulator_Info( const QString &path, bool *ok,VM::Emulator_Version version, const QString &internalName )
Message: Cannot get QEMU network card ID string!

Type: Warning Num: 37
Date: 2022.09.02 10:39:44 452
Sender: Available_Devices System_Info::Get_Emulator_Info( const QString &path, bool *ok,VM::Emulator_Version version, const QString &internalName )
Message: Cannot get net cards info from emulator "/usr/bin/qemu-system-mipsel". Use default list

Type: Error Num: 40
Date: 2022.09.02 10:39:44 720
Sender: Available_Devices System_Info::Get_Emulator_Info( const QString &path, bool *ok,VM::Emulator_Version version, const QString &internalName )
Message: Cannot get QEMU network card ID string!

Type: Warning Num: 41
Date: 2022.09.02 10:39:44 720
Sender: Available_Devices System_Info::Get_Emulator_Info( const QString &path, bool *ok,VM::Emulator_Version version, const QString &internalName )
Message: Cannot get net cards info from emulator "/usr/bin/qemu-system-ppc". Use default list

Type: Error Num: 44
Date: 2022.09.02 10:39:45 091
Sender: Available_Devices System_Info::Get_Emulator_Info( const QString &path, bool *ok,VM::Emulator_Version version, const QString &internalName )
Message: Cannot get QEMU network card ID string!

Type: Warning Num: 45
Date: 2022.09.02 10:39:45 091
Sender: Available_Devices System_Info::Get_Emulator_Info( const QString &path, bool *ok,VM::Emulator_Version version, const QString &internalName )
Message: Cannot get net cards info from emulator "/usr/bin/qemu-system-ppc64". Use default list

Type: Warning Num: 48
Date: 2022.09.02 10:39:45 389
Sender: Available_Devices System_Info::Get_Emulator_Info( const QString &path, bool *ok,VM::Emulator_Version version, const QString &internalName )
Message: Cannot get net cards info from emulator "/usr/bin/qemu-system-sh4". Use default list

Type: Warning Num: 51
Date: 2022.09.02 10:39:45 679
Sender: Available_Devices System_Info::Get_Emulator_Info( const QString &path, bool *ok,VM::Emulator_Version version, const QString &internalName )
Message: Cannot get net cards info from emulator "/usr/bin/qemu-system-sh4eb". Use default list

Type: Warning Num: 54
Date: 2022.09.02 10:39:45 828
Sender: Available_Devices System_Info::Get_Emulator_Info( const QString &path, bool *ok,VM::Emulator_Version version, const QString &internalName )
Message: Cannot get CPU's info from emulator "/usr/bin/qemu-system-sparc". Use default list

Type: Warning Num: 55
Date: 2022.09.02 10:39:45 847
Sender: Available_Devices System_Info::Get_Emulator_Info( const QString &path, bool *ok,VM::Emulator_Version version, const QString &internalName )
Message: Unregistred Sound Card Name: "Machine"

Type: Error Num: 56
Date: 2022.09.02 10:39:45 951
Sender: Available_Devices System_Info::Get_Emulator_Info( const QString &path, bool *ok,VM::Emulator_Version version, const QString &internalName )
Message: Cannot get QEMU network card ID string!

Type: Warning Num: 57
Date: 2022.09.02 10:39:45 951
Sender: Available_Devices System_Info::Get_Emulator_Info( const QString &path, bool *ok,VM::Emulator_Version version, const QString &internalName )
Message: Cannot get net cards info from emulator "/usr/bin/qemu-system-sparc". Use default list

Type: Warning Num: 60
Date: 2022.09.02 10:39:46 149
Sender: Available_Devices System_Info::Get_Emulator_Info( const QString &path, bool *ok,VM::Emulator_Version version, const QString &internalName )
Message: Cannot get CPU's info from emulator "/usr/bin/qemu-system-sparc64". Use default list

Type: Warning Num: 61
Date: 2022.09.02 10:39:47 562
Sender: Available_Devices System_Info::Get_Emulator_Info( const QString &path, bool *ok,VM::Emulator_Version version, const QString &internalName )
Message: Cannot get net cards info from emulator "/usr/bin/qemu-system-sparc64". Use default list

Type: Error Num: 64
Date: 2022.09.02 10:39:47 888
Sender: Available_Devices System_Info::Get_Emulator_Info( const QString &path, bool *ok,VM::Emulator_Version version, const QString &internalName )
Message: Cannot get QEMU network card ID string!

Type: Warning Num: 65
Date: 2022.09.02 10:39:47 888
Sender: Available_Devices System_Info::Get_Emulator_Info( const QString &path, bool *ok,VM::Emulator_Version version, const QString &internalName )
Message: Cannot get net cards info from emulator "/usr/bin/qemu-system-x86_64". Use default list

Type: Error Num: 73
Date: 2022.09.02 10:39:47 899
Sender: QMap<QString, QString> System_Info::Find_QEMU_Binary_Files( const QString &path )
Message: Path "/home/nick/git/excite-cli/excite/" not exists!

Type: Warning Num: 77
Date: 2022.09.02 10:39:57 216
Sender: bool Emulator::Load( const QString &path )
Message: No "qemu-system-ppcemb" element!

Type: Warning Num: 80
Date: 2022.09.02 10:39:57 239
Sender: bool Emulator::Load( const QString &path )
Message: No "qemu-system-ppcemb" element!

Type: Warning Num: 2
Date: 2022.09.02 10:40:05 979
Sender: bool Emulator::Load( const QString &path )
Message: No "qemu-system-ppcemb" element!

Type: Warning Num: 2
Date: 2022.09.02 10:40:35 057
Sender: bool Emulator::Load( const QString &path )
Message: No "qemu-system-ppcemb" element!

Type: Warning Num: 2
Date: 2022.09.02 10:41:18 896
Sender: bool Emulator::Load( const QString &path )
Message: No "qemu-system-ppcemb" element!

Type: Warning Num: 2
Date: 2022.09.02 10:41:22 010
Sender: bool Emulator::Load( const QString &path )
Message: No "qemu-system-ppcemb" element!

Type: Warning Num: 2
Date: 2022.09.02 12:33:00 792
Sender: bool Emulator::Load( const QString &path )
Message: No "qemu-system-ppcemb" element!

Type: Warning Num: 2
Date: 2022.09.02 12:33:15 961
Sender: bool Emulator::Load( const QString &path )
Message: No "qemu-system-ppcemb" element!

