Experiment 'pythonaacf' is active
Experiment 'pythonDiscoveryModuleWithoutWatcher' is active
Experiment 'pythonTensorboardExperiment' is active
> conda info --json
> /bin/python ~/.vscode-oss/extensions/ms-python.python-2022.0.1786462952/pythonFiles/get_output_via_markers.py ~/.vscode-oss/extensions/ms-python.python-2022.0.1786462952/pythonFiles/interpreterInfo.py
> /bin/python2 ~/.vscode-oss/extensions/ms-python.python-2022.0.1786462952/pythonFiles/get_output_via_markers.py ~/.vscode-oss/extensions/ms-python.python-2022.0.1786462952/pythonFiles/interpreterInfo.py
> /bin/python3.9 ~/.vscode-oss/extensions/ms-python.python-2022.0.1786462952/pythonFiles/get_output_via_markers.py ~/.vscode-oss/extensions/ms-python.python-2022.0.1786462952/pythonFiles/interpreterInfo.py
> /sbin/python ~/.vscode-oss/extensions/ms-python.python-2022.0.1786462952/pythonFiles/get_output_via_markers.py ~/.vscode-oss/extensions/ms-python.python-2022.0.1786462952/pythonFiles/interpreterInfo.py
> /sbin/python2 ~/.vscode-oss/extensions/ms-python.python-2022.0.1786462952/pythonFiles/get_output_via_markers.py ~/.vscode-oss/extensions/ms-python.python-2022.0.1786462952/pythonFiles/interpreterInfo.py
> /sbin/python3.9 ~/.vscode-oss/extensions/ms-python.python-2022.0.1786462952/pythonFiles/get_output_via_markers.py ~/.vscode-oss/extensions/ms-python.python-2022.0.1786462952/pythonFiles/interpreterInfo.py
> /usr/bin/python ~/.vscode-oss/extensions/ms-python.python-2022.0.1786462952/pythonFiles/get_output_via_markers.py ~/.vscode-oss/extensions/ms-python.python-2022.0.1786462952/pythonFiles/interpreterInfo.py
> /usr/bin/python2 ~/.vscode-oss/extensions/ms-python.python-2022.0.1786462952/pythonFiles/get_output_via_markers.py ~/.vscode-oss/extensions/ms-python.python-2022.0.1786462952/pythonFiles/interpreterInfo.py
> /usr/bin/python3.9 ~/.vscode-oss/extensions/ms-python.python-2022.0.1786462952/pythonFiles/get_output_via_markers.py ~/.vscode-oss/extensions/ms-python.python-2022.0.1786462952/pythonFiles/interpreterInfo.py
> /usr/sbin/python ~/.vscode-oss/extensions/ms-python.python-2022.0.1786462952/pythonFiles/get_output_via_markers.py ~/.vscode-oss/extensions/ms-python.python-2022.0.1786462952/pythonFiles/interpreterInfo.py
> /usr/sbin/python2 ~/.vscode-oss/extensions/ms-python.python-2022.0.1786462952/pythonFiles/get_output_via_markers.py ~/.vscode-oss/extensions/ms-python.python-2022.0.1786462952/pythonFiles/interpreterInfo.py
> /usr/sbin/python3.9 ~/.vscode-oss/extensions/ms-python.python-2022.0.1786462952/pythonFiles/get_output_via_markers.py ~/.vscode-oss/extensions/ms-python.python-2022.0.1786462952/pythonFiles/interpreterInfo.py
Python interpreter path: /bin/python
[ERROR 2022-1-5 22:19:57.587]: [
  'Failed to activate a workspace, Class name = f, completed in 630ms, has a falsy return value, Arg 1: <Uri:/home/nick/github_repos/Pollution-Autoencoders/src/autoencoder.py>, Return Value: undefined',
  [Error: Extension 'ms-python.python' CANNOT use API proposal: testObserver.
  Its package.json#enabledApiProposals-property declares:  but NOT testObserver.
   The missing proposal MUST be added and you must start in extension development mode or use the following command line switch: --enable-proposed-api ms-python.python
  	at E (/usr/lib/code/out/vs/workbench/services/extensions/node/extensionHostProcess.js:93:80833)
  	at Object.get testResults [as testResults] (/usr/lib/code/out/vs/workbench/services/extensions/node/extensionHostProcess.js:104:23959)
  	at w.activate (/home/nick/.vscode-oss/extensions/ms-python.python-2022.0.1786462952/out/client/extension.js:85:74805)
  	at /home/nick/.vscode-oss/extensions/ms-python.python-2022.0.1786462952/out/client/extension.js:67:87919
  	at Array.map (<anonymous>)
  	at f.activateWorkspace (/home/nick/.vscode-oss/extensions/ms-python.python-2022.0.1786462952/out/client/extension.js:67:87910)
  	at processTicksAndRejections (internal/process/task_queues.js:93:5)]
]
[ERROR 2022-1-5 22:19:57.596]: Failure during activation. [Error: Extension 'ms-python.python' CANNOT use API proposal: testObserver.
Its package.json#enabledApiProposals-property declares:  but NOT testObserver.
 The missing proposal MUST be added and you must start in extension development mode or use the following command line switch: --enable-proposed-api ms-python.python
	at E (/usr/lib/code/out/vs/workbench/services/extensions/node/extensionHostProcess.js:93:80833)
	at Object.get testResults [as testResults] (/usr/lib/code/out/vs/workbench/services/extensions/node/extensionHostProcess.js:104:23959)
	at w.activate (/home/nick/.vscode-oss/extensions/ms-python.python-2022.0.1786462952/out/client/extension.js:85:74805)
	at /home/nick/.vscode-oss/extensions/ms-python.python-2022.0.1786462952/out/client/extension.js:67:87919
	at Array.map (<anonymous>)
	at f.activateWorkspace (/home/nick/.vscode-oss/extensions/ms-python.python-2022.0.1786462952/out/client/extension.js:67:87910)
	at processTicksAndRejections (internal/process/task_queues.js:93:5)]
[ERROR 2022-1-5 22:19:57.596]: sendStartupTelemetry() failed. [Error: Extension 'ms-python.python' CANNOT use API proposal: testObserver.
Its package.json#enabledApiProposals-property declares:  but NOT testObserver.
 The missing proposal MUST be added and you must start in extension development mode or use the following command line switch: --enable-proposed-api ms-python.python
	at E (/usr/lib/code/out/vs/workbench/services/extensions/node/extensionHostProcess.js:93:80833)
	at Object.get testResults [as testResults] (/usr/lib/code/out/vs/workbench/services/extensions/node/extensionHostProcess.js:104:23959)
	at w.activate (/home/nick/.vscode-oss/extensions/ms-python.python-2022.0.1786462952/out/client/extension.js:85:74805)
	at /home/nick/.vscode-oss/extensions/ms-python.python-2022.0.1786462952/out/client/extension.js:67:87919
	at Array.map (<anonymous>)
	at f.activateWorkspace (/home/nick/.vscode-oss/extensions/ms-python.python-2022.0.1786462952/out/client/extension.js:67:87910)
	at processTicksAndRejections (internal/process/task_queues.js:93:5)]
Starting Jedi language server.
