Experiment 'pythonaacf' is active
Experiment 'pythonDiscoveryModuleWithoutWatcher' is active
Experiment 'pythonTensorboardExperiment' is active
> conda info --json
> /bin/python ~/.vscode-oss/extensions/ms-python.python-2021.12.1559732655/pythonFiles/interpreterInfo.py
Python interpreter path: /bin/python
> /bin/python2 ~/.vscode-oss/extensions/ms-python.python-2021.12.1559732655/pythonFiles/interpreterInfo.py
> /bin/python3.9 ~/.vscode-oss/extensions/ms-python.python-2021.12.1559732655/pythonFiles/interpreterInfo.py
> /sbin/python ~/.vscode-oss/extensions/ms-python.python-2021.12.1559732655/pythonFiles/interpreterInfo.py
> /sbin/python2 ~/.vscode-oss/extensions/ms-python.python-2021.12.1559732655/pythonFiles/interpreterInfo.py
> /sbin/python3.9 ~/.vscode-oss/extensions/ms-python.python-2021.12.1559732655/pythonFiles/interpreterInfo.py
> /usr/bin/python ~/.vscode-oss/extensions/ms-python.python-2021.12.1559732655/pythonFiles/interpreterInfo.py
> /usr/bin/python2 ~/.vscode-oss/extensions/ms-python.python-2021.12.1559732655/pythonFiles/interpreterInfo.py
> /usr/bin/python3.9 ~/.vscode-oss/extensions/ms-python.python-2021.12.1559732655/pythonFiles/interpreterInfo.py
> /usr/sbin/python ~/.vscode-oss/extensions/ms-python.python-2021.12.1559732655/pythonFiles/interpreterInfo.py
> /usr/sbin/python2 ~/.vscode-oss/extensions/ms-python.python-2021.12.1559732655/pythonFiles/interpreterInfo.py
> /usr/sbin/python3.9 ~/.vscode-oss/extensions/ms-python.python-2021.12.1559732655/pythonFiles/interpreterInfo.py
[ERROR 2022-0-24 16:15:43.885]: [
  'Failed to activate a workspace, Class name = m, completed in 675ms, has a falsy return value, Arg 1: <Uri:/home/nick/github_repos/Pollution-Autoencoders/src/visualization.py>, Return Value: undefined',
  [Error: [ms-python.python]: Proposed API is only available when running out of dev or with the following command line switch: --enable-proposed-api ms-python.python
  	at S (/usr/lib/code/out/vs/workbench/services/extensions/node/extensionHostProcess.js:94:81081)
  	at w (/usr/lib/code/out/vs/workbench/services/extensions/node/extensionHostProcess.js:94:81028)
  	at Object.get testResults [as testResults] (/usr/lib/code/out/vs/workbench/services/extensions/node/extensionHostProcess.js:103:23912)
  	at P.activate (/home/nick/.vscode-oss/extensions/ms-python.python-2021.12.1559732655/out/client/extension.js:74:76104)
  	at /home/nick/.vscode-oss/extensions/ms-python.python-2021.12.1559732655/out/client/extension.js:67:88058
  	at Array.map (<anonymous>)
  	at m.activateWorkspace (/home/nick/.vscode-oss/extensions/ms-python.python-2021.12.1559732655/out/client/extension.js:67:88049)
  	at processTicksAndRejections (internal/process/task_queues.js:93:5)]
]
[ERROR 2022-0-24 16:15:43.897]: Failure during activation. [Error: [ms-python.python]: Proposed API is only available when running out of dev or with the following command line switch: --enable-proposed-api ms-python.python
	at S (/usr/lib/code/out/vs/workbench/services/extensions/node/extensionHostProcess.js:94:81081)
	at w (/usr/lib/code/out/vs/workbench/services/extensions/node/extensionHostProcess.js:94:81028)
	at Object.get testResults [as testResults] (/usr/lib/code/out/vs/workbench/services/extensions/node/extensionHostProcess.js:103:23912)
	at P.activate (/home/nick/.vscode-oss/extensions/ms-python.python-2021.12.1559732655/out/client/extension.js:74:76104)
	at /home/nick/.vscode-oss/extensions/ms-python.python-2021.12.1559732655/out/client/extension.js:67:88058
	at Array.map (<anonymous>)
	at m.activateWorkspace (/home/nick/.vscode-oss/extensions/ms-python.python-2021.12.1559732655/out/client/extension.js:67:88049)
	at processTicksAndRejections (internal/process/task_queues.js:93:5)]
[ERROR 2022-0-24 16:15:43.897]: sendStartupTelemetry() failed. [Error: [ms-python.python]: Proposed API is only available when running out of dev or with the following command line switch: --enable-proposed-api ms-python.python
	at S (/usr/lib/code/out/vs/workbench/services/extensions/node/extensionHostProcess.js:94:81081)
	at w (/usr/lib/code/out/vs/workbench/services/extensions/node/extensionHostProcess.js:94:81028)
	at Object.get testResults [as testResults] (/usr/lib/code/out/vs/workbench/services/extensions/node/extensionHostProcess.js:103:23912)
	at P.activate (/home/nick/.vscode-oss/extensions/ms-python.python-2021.12.1559732655/out/client/extension.js:74:76104)
	at /home/nick/.vscode-oss/extensions/ms-python.python-2021.12.1559732655/out/client/extension.js:67:88058
	at Array.map (<anonymous>)
	at m.activateWorkspace (/home/nick/.vscode-oss/extensions/ms-python.python-2021.12.1559732655/out/client/extension.js:67:88049)
	at processTicksAndRejections (internal/process/task_queues.js:93:5)]
Starting Jedi language server.
