[2022-02-23 17:14:48.680] [sharedprocess] [info] Starting worker process with pid 7263 (type: fileWatcher, window: 1).
[2022-02-23 17:14:50.325] [sharedprocess] [info] Getting Manifest... ms-python.python
[2022-02-23 17:14:50.329] [sharedprocess] [info] Getting Manifest... vscjava.vscode-java-test
[2022-02-23 17:14:55.863] [sharedprocess] [info] Installing extension: ms-python.python
[2022-02-23 17:14:55.942] [sharedprocess] [info] Installing extension: vscjava.vscode-java-test
[2022-02-23 17:14:56.126] [sharedprocess] [info] Downloaded extension: ms-python.python /home/nick/.config/Code - OSS/CachedExtensionVSIXs/ms-python.python-2022.0.1814523869
[2022-02-23 17:14:58.262] [sharedprocess] [info] Extracted extension to /home/nick/.vscode-oss/extensions/.2d95b668-3a5b-4648-93bf-8f1f014491ea: ms-python.python
[2022-02-23 17:14:58.281] [sharedprocess] [info] Renamed to /home/nick/.vscode-oss/extensions/ms-python.python-2022.0.1814523869
[2022-02-23 17:14:58.284] [sharedprocess] [info] Extracting completed. ms-python.python
[2022-02-23 17:14:58.291] [sharedprocess] [info] Extension installed successfully: ms-python.python
[2022-02-23 17:15:25.484] [sharedprocess] [info] Worker process with pid 7263 terminated normally (type: fileWatcher, window: 1).
[2022-02-23 17:15:26.879] [sharedprocess] [info] Starting worker process with pid 7325 (type: fileWatcher, window: 1).
[2022-02-23 17:15:29.456] [sharedprocess] [info] Getting Manifest... vscjava.vscode-java-test
[2022-02-23 17:15:29.612] [sharedprocess] [info] Extensions is already requested to install vscjava.vscode-java-test
[2022-02-23 17:15:35.827] [sharedprocess] [info] Downloaded extension: vscjava.vscode-java-test /home/nick/.config/Code - OSS/CachedExtensionVSIXs/vscjava.vscode-java-test-0.34.0
[2022-02-23 17:15:35.911] [sharedprocess] [info] Extracted extension to /home/nick/.vscode-oss/extensions/.a163d402-2034-43e7-a2fe-bbded4c9d830: vscjava.vscode-java-test
[2022-02-23 17:15:35.917] [sharedprocess] [info] Renamed to /home/nick/.vscode-oss/extensions/vscjava.vscode-java-test-0.34.0
[2022-02-23 17:15:35.919] [sharedprocess] [info] Extracting completed. vscjava.vscode-java-test
[2022-02-23 17:15:35.925] [sharedprocess] [info] Extension installed successfully: vscjava.vscode-java-test
[2022-02-23 17:15:41.971] [sharedprocess] [info] Getting Manifest... sumneko.lua
[2022-02-23 17:15:42.087] [sharedprocess] [info] Installing extension: sumneko.lua
[2022-02-23 17:15:46.015] [sharedprocess] [info] Downloaded extension: sumneko.lua /home/nick/.config/Code - OSS/CachedExtensionVSIXs/sumneko.lua-2.5.3
[2022-02-23 17:15:47.047] [sharedprocess] [info] Extracted extension to /home/nick/.vscode-oss/extensions/.9031ef99-05cd-4c9e-8b73-66a963f5f414: sumneko.lua
[2022-02-23 17:15:47.065] [sharedprocess] [info] Renamed to /home/nick/.vscode-oss/extensions/sumneko.lua-2.5.3
[2022-02-23 17:15:47.067] [sharedprocess] [info] Extracting completed. sumneko.lua
[2022-02-23 17:15:47.068] [sharedprocess] [info] Extension installed successfully: sumneko.lua
