WARNING: Using incubator modules: jdk.incubator.foreign, jdk.incubator.vector
[Error - 2:48:20 PM] Nov 23, 2021, 2:48:20 PM Offset > length: 699 > 0
Offset > length: 699 > 0
org.eclipse.jface.text.BadLocationException: Offset > length: 699 > 0
	at org.eclipse.jface.text.ListLineTracker.getLineNumberOfOffset(ListLineTracker.java:141)
	at org.eclipse.jface.text.AbstractLineTracker.getLineNumberOfOffset(AbstractLineTracker.java:155)
	at org.eclipse.jface.text.AbstractDocument.getLineOfOffset(AbstractDocument.java:872)
	at org.eclipse.jdt.ls.core.internal.handlers.JsonRpcHelpers.toLine(JsonRpcHelpers.java:156)
	at org.eclipse.jdt.ls.core.internal.handlers.JsonRpcHelpers.toLine(JsonRpcHelpers.java:101)
	at org.eclipse.jdt.ls.core.internal.JDTUtils.toRange(JDTUtils.java:857)
	at org.eclipse.jdt.ls.core.internal.JDTUtils.toLocation(JDTUtils.java:756)
	at org.eclipse.jdt.ls.core.internal.JDTUtils.toLocation(JDTUtils.java:702)
	at org.eclipse.jdt.ls.core.internal.handlers.DocumentSymbolHandler.getRange(DocumentSymbolHandler.java:205)
	at org.eclipse.jdt.ls.core.internal.handlers.DocumentSymbolHandler.toDocumentSymbol(DocumentSymbolHandler.java:172)
	at org.eclipse.jdt.ls.core.internal.handlers.DocumentSymbolHandler.lambda$4(DocumentSymbolHandler.java:188)
	at java.base/java.util.stream.ReferencePipeline$3$1.accept(ReferencePipeline.java:197)
	at java.base/java.util.Spliterators$ArraySpliterator.forEachRemaining(Spliterators.java:992)
	at java.base/java.util.stream.AbstractPipeline.copyInto(AbstractPipeline.java:509)
	at java.base/java.util.stream.AbstractPipeline.wrapAndCopyInto(AbstractPipeline.java:499)
	at java.base/java.util.stream.ReduceOps$ReduceOp.evaluateSequential(ReduceOps.java:921)
	at java.base/java.util.stream.AbstractPipeline.evaluate(AbstractPipeline.java:234)
	at java.base/java.util.stream.ReferencePipeline.collect(ReferencePipeline.java:682)
	at org.eclipse.jdt.ls.core.internal.handlers.DocumentSymbolHandler.toDocumentSymbol(DocumentSymbolHandler.java:190)
	at org.eclipse.jdt.ls.core.internal.handlers.DocumentSymbolHandler.lambda$2(DocumentSymbolHandler.java:147)
	at java.base/java.util.stream.ReferencePipeline$3$1.accept(ReferencePipeline.java:197)
	at java.base/java.util.Spliterators$ArraySpliterator.forEachRemaining(Spliterators.java:992)
	at java.base/java.util.stream.AbstractPipeline.copyInto(AbstractPipeline.java:509)
	at java.base/java.util.stream.AbstractPipeline.wrapAndCopyInto(AbstractPipeline.java:499)
	at java.base/java.util.stream.ReduceOps$ReduceOp.evaluateSequential(ReduceOps.java:921)
	at java.base/java.util.stream.AbstractPipeline.evaluate(AbstractPipeline.java:234)
	at java.base/java.util.stream.ReferencePipeline.collect(ReferencePipeline.java:682)
	at org.eclipse.jdt.ls.core.internal.handlers.DocumentSymbolHandler.getHierarchicalOutline(DocumentSymbolHandler.java:147)
	at org.eclipse.jdt.ls.core.internal.handlers.DocumentSymbolHandler.documentSymbol(DocumentSymbolHandler.java:80)
	at org.eclipse.jdt.ls.core.internal.handlers.JDTLanguageServer.lambda$14(JDTLanguageServer.java:636)
	at org.eclipse.jdt.ls.core.internal.BaseJDTLanguageServer.lambda$0(BaseJDTLanguageServer.java:75)
	at java.base/java.util.concurrent.CompletableFuture$UniApply.tryFire(CompletableFuture.java:646)
	at java.base/java.util.concurrent.CompletableFuture$Completion.exec(CompletableFuture.java:483)
	at java.base/java.util.concurrent.ForkJoinTask.doExec(ForkJoinTask.java:373)
	at java.base/java.util.concurrent.ForkJoinPool$WorkQueue.topLevelExec(ForkJoinPool.java:1182)
	at java.base/java.util.concurrent.ForkJoinPool.scan(ForkJoinPool.java:1655)
	at java.base/java.util.concurrent.ForkJoinPool.runWorker(ForkJoinPool.java:1622)
	at java.base/java.util.concurrent.ForkJoinWorkerThread.run(ForkJoinWorkerThread.java:165)

[Error - 2:48:49 PM] Nov 23, 2021, 2:48:49 PM Offset > length: 616 > 0
Offset > length: 616 > 0
org.eclipse.jface.text.BadLocationException: Offset > length: 616 > 0
	at org.eclipse.jface.text.ListLineTracker.getLineNumberOfOffset(ListLineTracker.java:141)
	at org.eclipse.jface.text.AbstractLineTracker.getLineNumberOfOffset(AbstractLineTracker.java:155)
	at org.eclipse.jface.text.AbstractDocument.getLineOfOffset(AbstractDocument.java:872)
	at org.eclipse.jdt.ls.core.internal.handlers.JsonRpcHelpers.toLine(JsonRpcHelpers.java:156)
	at org.eclipse.jdt.ls.core.internal.handlers.JsonRpcHelpers.toLine(JsonRpcHelpers.java:101)
	at org.eclipse.jdt.ls.core.internal.JDTUtils.toRange(JDTUtils.java:857)
	at org.eclipse.jdt.ls.core.internal.JDTUtils.toLocation(JDTUtils.java:756)
	at org.eclipse.jdt.ls.core.internal.JDTUtils.toLocation(JDTUtils.java:702)
	at org.eclipse.jdt.ls.core.internal.handlers.DocumentSymbolHandler.getRange(DocumentSymbolHandler.java:205)
	at org.eclipse.jdt.ls.core.internal.handlers.DocumentSymbolHandler.toDocumentSymbol(DocumentSymbolHandler.java:172)
	at org.eclipse.jdt.ls.core.internal.handlers.DocumentSymbolHandler.lambda$4(DocumentSymbolHandler.java:188)
	at java.base/java.util.stream.ReferencePipeline$3$1.accept(ReferencePipeline.java:197)
	at java.base/java.util.Spliterators$ArraySpliterator.forEachRemaining(Spliterators.java:992)
	at java.base/java.util.stream.AbstractPipeline.copyInto(AbstractPipeline.java:509)
	at java.base/java.util.stream.AbstractPipeline.wrapAndCopyInto(AbstractPipeline.java:499)
	at java.base/java.util.stream.ReduceOps$ReduceOp.evaluateSequential(ReduceOps.java:921)
	at java.base/java.util.stream.AbstractPipeline.evaluate(AbstractPipeline.java:234)
	at java.base/java.util.stream.ReferencePipeline.collect(ReferencePipeline.java:682)
	at org.eclipse.jdt.ls.core.internal.handlers.DocumentSymbolHandler.toDocumentSymbol(DocumentSymbolHandler.java:190)
	at org.eclipse.jdt.ls.core.internal.handlers.DocumentSymbolHandler.lambda$2(DocumentSymbolHandler.java:147)
	at java.base/java.util.stream.ReferencePipeline$3$1.accept(ReferencePipeline.java:197)
	at java.base/java.util.Spliterators$ArraySpliterator.forEachRemaining(Spliterators.java:992)
	at java.base/java.util.stream.AbstractPipeline.copyInto(AbstractPipeline.java:509)
	at java.base/java.util.stream.AbstractPipeline.wrapAndCopyInto(AbstractPipeline.java:499)
	at java.base/java.util.stream.ReduceOps$ReduceOp.evaluateSequential(ReduceOps.java:921)
	at java.base/java.util.stream.AbstractPipeline.evaluate(AbstractPipeline.java:234)
	at java.base/java.util.stream.ReferencePipeline.collect(ReferencePipeline.java:682)
	at org.eclipse.jdt.ls.core.internal.handlers.DocumentSymbolHandler.getHierarchicalOutline(DocumentSymbolHandler.java:147)
	at org.eclipse.jdt.ls.core.internal.handlers.DocumentSymbolHandler.documentSymbol(DocumentSymbolHandler.java:80)
	at org.eclipse.jdt.ls.core.internal.handlers.JDTLanguageServer.lambda$14(JDTLanguageServer.java:636)
	at org.eclipse.jdt.ls.core.internal.BaseJDTLanguageServer.lambda$0(BaseJDTLanguageServer.java:75)
	at java.base/java.util.concurrent.CompletableFuture$UniApply.tryFire(CompletableFuture.java:646)
	at java.base/java.util.concurrent.CompletableFuture$Completion.exec(CompletableFuture.java:483)
	at java.base/java.util.concurrent.ForkJoinTask.doExec(ForkJoinTask.java:373)
	at java.base/java.util.concurrent.ForkJoinPool$WorkQueue.topLevelExec(ForkJoinPool.java:1182)
	at java.base/java.util.concurrent.ForkJoinPool.scan(ForkJoinPool.java:1655)
	at java.base/java.util.concurrent.ForkJoinPool.runWorker(ForkJoinPool.java:1622)
	at java.base/java.util.concurrent.ForkJoinWorkerThread.run(ForkJoinWorkerThread.java:165)

[Error - 2:49:15 PM] Nov 23, 2021, 2:49:15 PM BadLocationException
null
org.eclipse.jface.text.BadLocationException
	at org.eclipse.jface.text.TreeLineTracker.fail(TreeLineTracker.java:1054)
	at org.eclipse.jface.text.TreeLineTracker.lineByOffset(TreeLineTracker.java:268)
	at org.eclipse.jface.text.TreeLineTracker.getLineNumberOfOffset(TreeLineTracker.java:1122)
	at org.eclipse.jface.text.AbstractLineTracker.getLineNumberOfOffset(AbstractLineTracker.java:155)
	at org.eclipse.jface.text.AbstractDocument.getLineOfOffset(AbstractDocument.java:872)
	at org.eclipse.core.internal.filebuffers.SynchronizableDocument.getLineOfOffset(SynchronizableDocument.java:334)
	at org.eclipse.jdt.ls.core.internal.handlers.JsonRpcHelpers.toLine(JsonRpcHelpers.java:156)
	at org.eclipse.jdt.ls.core.internal.handlers.JsonRpcHelpers.toLine(JsonRpcHelpers.java:101)
	at org.eclipse.jdt.ls.core.internal.JDTUtils.toRange(JDTUtils.java:857)
	at org.eclipse.jdt.ls.core.internal.JDTUtils.toLocation(JDTUtils.java:756)
	at org.eclipse.jdt.ls.core.internal.JDTUtils.toLocation(JDTUtils.java:702)
	at org.eclipse.jdt.ls.core.internal.handlers.DocumentSymbolHandler.getRange(DocumentSymbolHandler.java:205)
	at org.eclipse.jdt.ls.core.internal.handlers.DocumentSymbolHandler.toDocumentSymbol(DocumentSymbolHandler.java:172)
	at org.eclipse.jdt.ls.core.internal.handlers.DocumentSymbolHandler.lambda$2(DocumentSymbolHandler.java:147)
	at java.base/java.util.stream.ReferencePipeline$3$1.accept(ReferencePipeline.java:197)
	at java.base/java.util.Spliterators$ArraySpliterator.forEachRemaining(Spliterators.java:992)
	at java.base/java.util.stream.AbstractPipeline.copyInto(AbstractPipeline.java:509)
	at java.base/java.util.stream.AbstractPipeline.wrapAndCopyInto(AbstractPipeline.java:499)
	at java.base/java.util.stream.ReduceOps$ReduceOp.evaluateSequential(ReduceOps.java:921)
	at java.base/java.util.stream.AbstractPipeline.evaluate(AbstractPipeline.java:234)
	at java.base/java.util.stream.ReferencePipeline.collect(ReferencePipeline.java:682)
	at org.eclipse.jdt.ls.core.internal.handlers.DocumentSymbolHandler.getHierarchicalOutline(DocumentSymbolHandler.java:147)
	at org.eclipse.jdt.ls.core.internal.handlers.DocumentSymbolHandler.documentSymbol(DocumentSymbolHandler.java:80)
	at org.eclipse.jdt.ls.core.internal.handlers.JDTLanguageServer.lambda$14(JDTLanguageServer.java:636)
	at org.eclipse.jdt.ls.core.internal.BaseJDTLanguageServer.lambda$0(BaseJDTLanguageServer.java:75)
	at java.base/java.util.concurrent.CompletableFuture$UniApply.tryFire(CompletableFuture.java:646)
	at java.base/java.util.concurrent.CompletableFuture$Completion.exec(CompletableFuture.java:483)
	at java.base/java.util.concurrent.ForkJoinTask.doExec(ForkJoinTask.java:373)
	at java.base/java.util.concurrent.ForkJoinPool$WorkQueue.topLevelExec(ForkJoinPool.java:1182)
	at java.base/java.util.concurrent.ForkJoinPool.scan(ForkJoinPool.java:1655)
	at java.base/java.util.concurrent.ForkJoinPool.runWorker(ForkJoinPool.java:1622)
	at java.base/java.util.concurrent.ForkJoinWorkerThread.run(ForkJoinWorkerThread.java:165)

[Error - 2:49:15 PM] Nov 23, 2021, 2:49:15 PM BadLocationException
null
org.eclipse.jface.text.BadLocationException
	at org.eclipse.jface.text.TreeLineTracker.fail(TreeLineTracker.java:1054)
	at org.eclipse.jface.text.TreeLineTracker.lineByOffset(TreeLineTracker.java:268)
	at org.eclipse.jface.text.TreeLineTracker.getLineNumberOfOffset(TreeLineTracker.java:1122)
	at org.eclipse.jface.text.AbstractLineTracker.getLineNumberOfOffset(AbstractLineTracker.java:155)
	at org.eclipse.jface.text.AbstractDocument.getLineOfOffset(AbstractDocument.java:872)
	at org.eclipse.core.internal.filebuffers.SynchronizableDocument.getLineOfOffset(SynchronizableDocument.java:334)
	at org.eclipse.jdt.ls.core.internal.handlers.JsonRpcHelpers.toLine(JsonRpcHelpers.java:156)
	at org.eclipse.jdt.ls.core.internal.handlers.JsonRpcHelpers.toLine(JsonRpcHelpers.java:101)
	at org.eclipse.jdt.ls.core.internal.JDTUtils.toRange(JDTUtils.java:857)
	at org.eclipse.jdt.ls.core.internal.JDTUtils.toLocation(JDTUtils.java:756)
	at org.eclipse.jdt.ls.core.internal.JDTUtils.toLocation(JDTUtils.java:702)
	at org.eclipse.jdt.ls.core.internal.handlers.DocumentSymbolHandler.getRange(DocumentSymbolHandler.java:205)
	at org.eclipse.jdt.ls.core.internal.handlers.DocumentSymbolHandler.toDocumentSymbol(DocumentSymbolHandler.java:172)
	at org.eclipse.jdt.ls.core.internal.handlers.DocumentSymbolHandler.lambda$4(DocumentSymbolHandler.java:188)
	at java.base/java.util.stream.ReferencePipeline$3$1.accept(ReferencePipeline.java:197)
	at java.base/java.util.Spliterators$ArraySpliterator.forEachRemaining(Spliterators.java:992)
	at java.base/java.util.stream.AbstractPipeline.copyInto(AbstractPipeline.java:509)
	at java.base/java.util.stream.AbstractPipeline.wrapAndCopyInto(AbstractPipeline.java:499)
	at java.base/java.util.stream.ReduceOps$ReduceOp.evaluateSequential(ReduceOps.java:921)
	at java.base/java.util.stream.AbstractPipeline.evaluate(AbstractPipeline.java:234)
	at java.base/java.util.stream.ReferencePipeline.collect(ReferencePipeline.java:682)
	at org.eclipse.jdt.ls.core.internal.handlers.DocumentSymbolHandler.toDocumentSymbol(DocumentSymbolHandler.java:190)
	at org.eclipse.jdt.ls.core.internal.handlers.DocumentSymbolHandler.lambda$2(DocumentSymbolHandler.java:147)
	at java.base/java.util.stream.ReferencePipeline$3$1.accept(ReferencePipeline.java:197)
	at java.base/java.util.Spliterators$ArraySpliterator.forEachRemaining(Spliterators.java:992)
	at java.base/java.util.stream.AbstractPipeline.copyInto(AbstractPipeline.java:509)
	at java.base/java.util.stream.AbstractPipeline.wrapAndCopyInto(AbstractPipeline.java:499)
	at java.base/java.util.stream.ReduceOps$ReduceOp.evaluateSequential(ReduceOps.java:921)
	at java.base/java.util.stream.AbstractPipeline.evaluate(AbstractPipeline.java:234)
	at java.base/java.util.stream.ReferencePipeline.collect(ReferencePipeline.java:682)
	at org.eclipse.jdt.ls.core.internal.handlers.DocumentSymbolHandler.getHierarchicalOutline(DocumentSymbolHandler.java:147)
	at org.eclipse.jdt.ls.core.internal.handlers.DocumentSymbolHandler.documentSymbol(DocumentSymbolHandler.java:80)
	at org.eclipse.jdt.ls.core.internal.handlers.JDTLanguageServer.lambda$14(JDTLanguageServer.java:636)
	at org.eclipse.jdt.ls.core.internal.BaseJDTLanguageServer.lambda$0(BaseJDTLanguageServer.java:75)
	at java.base/java.util.concurrent.CompletableFuture$UniApply.tryFire(CompletableFuture.java:646)
	at java.base/java.util.concurrent.CompletableFuture$Completion.exec(CompletableFuture.java:483)
	at java.base/java.util.concurrent.ForkJoinTask.doExec(ForkJoinTask.java:373)
	at java.base/java.util.concurrent.ForkJoinPool$WorkQueue.topLevelExec(ForkJoinPool.java:1182)
	at java.base/java.util.concurrent.ForkJoinPool.scan(ForkJoinPool.java:1655)
	at java.base/java.util.concurrent.ForkJoinPool.runWorker(ForkJoinPool.java:1622)
	at java.base/java.util.concurrent.ForkJoinWorkerThread.run(ForkJoinWorkerThread.java:165)

[Error - 2:50:26 PM] Nov 23, 2021, 2:50:26 PM Offset > length: 163 > 0
Offset > length: 163 > 0
org.eclipse.jface.text.BadLocationException: Offset > length: 163 > 0
	at org.eclipse.jface.text.ListLineTracker.getLineNumberOfOffset(ListLineTracker.java:141)
	at org.eclipse.jface.text.AbstractLineTracker.getLineNumberOfOffset(AbstractLineTracker.java:155)
	at org.eclipse.jface.text.AbstractDocument.getLineOfOffset(AbstractDocument.java:872)
	at org.eclipse.jdt.ls.core.internal.handlers.JsonRpcHelpers.toLine(JsonRpcHelpers.java:156)
	at org.eclipse.jdt.ls.core.internal.handlers.JsonRpcHelpers.toLine(JsonRpcHelpers.java:101)
	at org.eclipse.jdt.ls.core.internal.JDTUtils.toRange(JDTUtils.java:857)
	at org.eclipse.jdt.ls.core.internal.JDTUtils.toLocation(JDTUtils.java:756)
	at org.eclipse.jdt.ls.core.internal.JDTUtils.toLocation(JDTUtils.java:702)
	at org.eclipse.jdt.ls.core.internal.handlers.DocumentSymbolHandler.getRange(DocumentSymbolHandler.java:205)
	at org.eclipse.jdt.ls.core.internal.handlers.DocumentSymbolHandler.toDocumentSymbol(DocumentSymbolHandler.java:172)
	at org.eclipse.jdt.ls.core.internal.handlers.DocumentSymbolHandler.lambda$4(DocumentSymbolHandler.java:188)
	at java.base/java.util.stream.ReferencePipeline$3$1.accept(ReferencePipeline.java:197)
	at java.base/java.util.Spliterators$ArraySpliterator.forEachRemaining(Spliterators.java:992)
	at java.base/java.util.stream.AbstractPipeline.copyInto(AbstractPipeline.java:509)
	at java.base/java.util.stream.AbstractPipeline.wrapAndCopyInto(AbstractPipeline.java:499)
	at java.base/java.util.stream.ReduceOps$ReduceOp.evaluateSequential(ReduceOps.java:921)
	at java.base/java.util.stream.AbstractPipeline.evaluate(AbstractPipeline.java:234)
	at java.base/java.util.stream.ReferencePipeline.collect(ReferencePipeline.java:682)
	at org.eclipse.jdt.ls.core.internal.handlers.DocumentSymbolHandler.toDocumentSymbol(DocumentSymbolHandler.java:190)
	at org.eclipse.jdt.ls.core.internal.handlers.DocumentSymbolHandler.lambda$2(DocumentSymbolHandler.java:147)
	at java.base/java.util.stream.ReferencePipeline$3$1.accept(ReferencePipeline.java:197)
	at java.base/java.util.Spliterators$ArraySpliterator.forEachRemaining(Spliterators.java:992)
	at java.base/java.util.stream.AbstractPipeline.copyInto(AbstractPipeline.java:509)
	at java.base/java.util.stream.AbstractPipeline.wrapAndCopyInto(AbstractPipeline.java:499)
	at java.base/java.util.stream.ReduceOps$ReduceOp.evaluateSequential(ReduceOps.java:921)
	at java.base/java.util.stream.AbstractPipeline.evaluate(AbstractPipeline.java:234)
	at java.base/java.util.stream.ReferencePipeline.collect(ReferencePipeline.java:682)
	at org.eclipse.jdt.ls.core.internal.handlers.DocumentSymbolHandler.getHierarchicalOutline(DocumentSymbolHandler.java:147)
	at org.eclipse.jdt.ls.core.internal.handlers.DocumentSymbolHandler.documentSymbol(DocumentSymbolHandler.java:80)
	at org.eclipse.jdt.ls.core.internal.handlers.JDTLanguageServer.lambda$14(JDTLanguageServer.java:636)
	at org.eclipse.jdt.ls.core.internal.BaseJDTLanguageServer.lambda$0(BaseJDTLanguageServer.java:75)
	at java.base/java.util.concurrent.CompletableFuture$UniApply.tryFire(CompletableFuture.java:646)
	at java.base/java.util.concurrent.CompletableFuture$Completion.exec(CompletableFuture.java:483)
	at java.base/java.util.concurrent.ForkJoinTask.doExec(ForkJoinTask.java:373)
	at java.base/java.util.concurrent.ForkJoinPool$WorkQueue.topLevelExec(ForkJoinPool.java:1182)
	at java.base/java.util.concurrent.ForkJoinPool.scan(ForkJoinPool.java:1655)
	at java.base/java.util.concurrent.ForkJoinPool.runWorker(ForkJoinPool.java:1622)
	at java.base/java.util.concurrent.ForkJoinWorkerThread.run(ForkJoinWorkerThread.java:165)

[Error - 3:00:03 PM] Nov 23, 2021, 3:00:03 PM BadLocationException
null
org.eclipse.jface.text.BadLocationException
	at org.eclipse.jface.text.TreeLineTracker.fail(TreeLineTracker.java:1054)
	at org.eclipse.jface.text.TreeLineTracker.lineByOffset(TreeLineTracker.java:268)
	at org.eclipse.jface.text.TreeLineTracker.getLineNumberOfOffset(TreeLineTracker.java:1122)
	at org.eclipse.jface.text.AbstractLineTracker.getLineNumberOfOffset(AbstractLineTracker.java:155)
	at org.eclipse.jface.text.AbstractDocument.getLineOfOffset(AbstractDocument.java:872)
	at org.eclipse.core.internal.filebuffers.SynchronizableDocument.getLineOfOffset(SynchronizableDocument.java:334)
	at org.eclipse.jdt.ls.core.internal.handlers.JsonRpcHelpers.toLine(JsonRpcHelpers.java:156)
	at org.eclipse.jdt.ls.core.internal.handlers.JsonRpcHelpers.toLine(JsonRpcHelpers.java:101)
	at org.eclipse.jdt.ls.core.internal.JDTUtils.toRange(JDTUtils.java:857)
	at org.eclipse.jdt.ls.core.internal.JDTUtils.toLocation(JDTUtils.java:756)
	at org.eclipse.jdt.ls.core.internal.JDTUtils.toLocation(JDTUtils.java:702)
	at org.eclipse.jdt.ls.core.internal.handlers.DocumentSymbolHandler.getRange(DocumentSymbolHandler.java:205)
	at org.eclipse.jdt.ls.core.internal.handlers.DocumentSymbolHandler.toDocumentSymbol(DocumentSymbolHandler.java:172)
	at org.eclipse.jdt.ls.core.internal.handlers.DocumentSymbolHandler.lambda$2(DocumentSymbolHandler.java:147)
	at java.base/java.util.stream.ReferencePipeline$3$1.accept(ReferencePipeline.java:197)
	at java.base/java.util.Spliterators$ArraySpliterator.forEachRemaining(Spliterators.java:992)
	at java.base/java.util.stream.AbstractPipeline.copyInto(AbstractPipeline.java:509)
	at java.base/java.util.stream.AbstractPipeline.wrapAndCopyInto(AbstractPipeline.java:499)
	at java.base/java.util.stream.ReduceOps$ReduceOp.evaluateSequential(ReduceOps.java:921)
	at java.base/java.util.stream.AbstractPipeline.evaluate(AbstractPipeline.java:234)
	at java.base/java.util.stream.ReferencePipeline.collect(ReferencePipeline.java:682)
	at org.eclipse.jdt.ls.core.internal.handlers.DocumentSymbolHandler.getHierarchicalOutline(DocumentSymbolHandler.java:147)
	at org.eclipse.jdt.ls.core.internal.handlers.DocumentSymbolHandler.documentSymbol(DocumentSymbolHandler.java:80)
	at org.eclipse.jdt.ls.core.internal.handlers.JDTLanguageServer.lambda$14(JDTLanguageServer.java:636)
	at org.eclipse.jdt.ls.core.internal.BaseJDTLanguageServer.lambda$0(BaseJDTLanguageServer.java:75)
	at java.base/java.util.concurrent.CompletableFuture$UniApply.tryFire(CompletableFuture.java:646)
	at java.base/java.util.concurrent.CompletableFuture$Completion.exec(CompletableFuture.java:483)
	at java.base/java.util.concurrent.ForkJoinTask.doExec(ForkJoinTask.java:373)
	at java.base/java.util.concurrent.ForkJoinPool$WorkQueue.topLevelExec(ForkJoinPool.java:1182)
	at java.base/java.util.concurrent.ForkJoinPool.scan(ForkJoinPool.java:1655)
	at java.base/java.util.concurrent.ForkJoinPool.runWorker(ForkJoinPool.java:1622)
	at java.base/java.util.concurrent.ForkJoinWorkerThread.run(ForkJoinWorkerThread.java:165)

[Error - 3:00:03 PM] Nov 23, 2021, 3:00:03 PM BadLocationException
null
org.eclipse.jface.text.BadLocationException
	at org.eclipse.jface.text.TreeLineTracker.fail(TreeLineTracker.java:1054)
	at org.eclipse.jface.text.TreeLineTracker.lineByOffset(TreeLineTracker.java:268)
	at org.eclipse.jface.text.TreeLineTracker.getLineNumberOfOffset(TreeLineTracker.java:1122)
	at org.eclipse.jface.text.AbstractLineTracker.getLineNumberOfOffset(AbstractLineTracker.java:155)
	at org.eclipse.jface.text.AbstractDocument.getLineOfOffset(AbstractDocument.java:872)
	at org.eclipse.core.internal.filebuffers.SynchronizableDocument.getLineOfOffset(SynchronizableDocument.java:334)
	at org.eclipse.jdt.ls.core.internal.handlers.JsonRpcHelpers.toLine(JsonRpcHelpers.java:156)
	at org.eclipse.jdt.ls.core.internal.handlers.JsonRpcHelpers.toLine(JsonRpcHelpers.java:101)
	at org.eclipse.jdt.ls.core.internal.JDTUtils.toRange(JDTUtils.java:857)
	at org.eclipse.jdt.ls.core.internal.JDTUtils.toLocation(JDTUtils.java:756)
	at org.eclipse.jdt.ls.core.internal.JDTUtils.toLocation(JDTUtils.java:702)
	at org.eclipse.jdt.ls.core.internal.handlers.DocumentSymbolHandler.getRange(DocumentSymbolHandler.java:205)
	at org.eclipse.jdt.ls.core.internal.handlers.DocumentSymbolHandler.toDocumentSymbol(DocumentSymbolHandler.java:172)
	at org.eclipse.jdt.ls.core.internal.handlers.DocumentSymbolHandler.lambda$4(DocumentSymbolHandler.java:188)
	at java.base/java.util.stream.ReferencePipeline$3$1.accept(ReferencePipeline.java:197)
	at java.base/java.util.Spliterators$ArraySpliterator.forEachRemaining(Spliterators.java:992)
	at java.base/java.util.stream.AbstractPipeline.copyInto(AbstractPipeline.java:509)
	at java.base/java.util.stream.AbstractPipeline.wrapAndCopyInto(AbstractPipeline.java:499)
	at java.base/java.util.stream.ReduceOps$ReduceOp.evaluateSequential(ReduceOps.java:921)
	at java.base/java.util.stream.AbstractPipeline.evaluate(AbstractPipeline.java:234)
	at java.base/java.util.stream.ReferencePipeline.collect(ReferencePipeline.java:682)
	at org.eclipse.jdt.ls.core.internal.handlers.DocumentSymbolHandler.toDocumentSymbol(DocumentSymbolHandler.java:190)
	at org.eclipse.jdt.ls.core.internal.handlers.DocumentSymbolHandler.lambda$2(DocumentSymbolHandler.java:147)
	at java.base/java.util.stream.ReferencePipeline$3$1.accept(ReferencePipeline.java:197)
	at java.base/java.util.Spliterators$ArraySpliterator.forEachRemaining(Spliterators.java:992)
	at java.base/java.util.stream.AbstractPipeline.copyInto(AbstractPipeline.java:509)
	at java.base/java.util.stream.AbstractPipeline.wrapAndCopyInto(AbstractPipeline.java:499)
	at java.base/java.util.stream.ReduceOps$ReduceOp.evaluateSequential(ReduceOps.java:921)
	at java.base/java.util.stream.AbstractPipeline.evaluate(AbstractPipeline.java:234)
	at java.base/java.util.stream.ReferencePipeline.collect(ReferencePipeline.java:682)
	at org.eclipse.jdt.ls.core.internal.handlers.DocumentSymbolHandler.getHierarchicalOutline(DocumentSymbolHandler.java:147)
	at org.eclipse.jdt.ls.core.internal.handlers.DocumentSymbolHandler.documentSymbol(DocumentSymbolHandler.java:80)
	at org.eclipse.jdt.ls.core.internal.handlers.JDTLanguageServer.lambda$14(JDTLanguageServer.java:636)
	at org.eclipse.jdt.ls.core.internal.BaseJDTLanguageServer.lambda$0(BaseJDTLanguageServer.java:75)
	at java.base/java.util.concurrent.CompletableFuture$UniApply.tryFire(CompletableFuture.java:646)
	at java.base/java.util.concurrent.CompletableFuture$Completion.exec(CompletableFuture.java:483)
	at java.base/java.util.concurrent.ForkJoinTask.doExec(ForkJoinTask.java:373)
	at java.base/java.util.concurrent.ForkJoinPool$WorkQueue.topLevelExec(ForkJoinPool.java:1182)
	at java.base/java.util.concurrent.ForkJoinPool.scan(ForkJoinPool.java:1655)
	at java.base/java.util.concurrent.ForkJoinPool.runWorker(ForkJoinPool.java:1622)
	at java.base/java.util.concurrent.ForkJoinWorkerThread.run(ForkJoinWorkerThread.java:165)

[Error - 3:05:08 PM] Nov 23, 2021, 3:05:08 PM BadLocationException
null
org.eclipse.jface.text.BadLocationException
	at org.eclipse.jface.text.TreeLineTracker.fail(TreeLineTracker.java:1054)
	at org.eclipse.jface.text.TreeLineTracker.lineByOffset(TreeLineTracker.java:268)
	at org.eclipse.jface.text.TreeLineTracker.getLineNumberOfOffset(TreeLineTracker.java:1122)
	at org.eclipse.jface.text.AbstractLineTracker.getLineNumberOfOffset(AbstractLineTracker.java:155)
	at org.eclipse.jface.text.AbstractDocument.getLineOfOffset(AbstractDocument.java:872)
	at org.eclipse.core.internal.filebuffers.SynchronizableDocument.getLineOfOffset(SynchronizableDocument.java:334)
	at org.eclipse.jdt.ls.core.internal.handlers.JsonRpcHelpers.toLine(JsonRpcHelpers.java:156)
	at org.eclipse.jdt.ls.core.internal.handlers.JsonRpcHelpers.toLine(JsonRpcHelpers.java:101)
	at org.eclipse.jdt.ls.core.internal.JDTUtils.toRange(JDTUtils.java:857)
	at org.eclipse.jdt.ls.core.internal.JDTUtils.toLocation(JDTUtils.java:756)
	at org.eclipse.jdt.ls.core.internal.JDTUtils.toLocation(JDTUtils.java:702)
	at org.eclipse.jdt.ls.core.internal.handlers.DocumentSymbolHandler.getRange(DocumentSymbolHandler.java:205)
	at org.eclipse.jdt.ls.core.internal.handlers.DocumentSymbolHandler.toDocumentSymbol(DocumentSymbolHandler.java:172)
	at org.eclipse.jdt.ls.core.internal.handlers.DocumentSymbolHandler.lambda$2(DocumentSymbolHandler.java:147)
	at java.base/java.util.stream.ReferencePipeline$3$1.accept(ReferencePipeline.java:197)
	at java.base/java.util.Spliterators$ArraySpliterator.forEachRemaining(Spliterators.java:992)
	at java.base/java.util.stream.AbstractPipeline.copyInto(AbstractPipeline.java:509)
	at java.base/java.util.stream.AbstractPipeline.wrapAndCopyInto(AbstractPipeline.java:499)
	at java.base/java.util.stream.ReduceOps$ReduceOp.evaluateSequential(ReduceOps.java:921)
	at java.base/java.util.stream.AbstractPipeline.evaluate(AbstractPipeline.java:234)
	at java.base/java.util.stream.ReferencePipeline.collect(ReferencePipeline.java:682)
	at org.eclipse.jdt.ls.core.internal.handlers.DocumentSymbolHandler.getHierarchicalOutline(DocumentSymbolHandler.java:147)
	at org.eclipse.jdt.ls.core.internal.handlers.DocumentSymbolHandler.documentSymbol(DocumentSymbolHandler.java:80)
	at org.eclipse.jdt.ls.core.internal.handlers.JDTLanguageServer.lambda$14(JDTLanguageServer.java:636)
	at org.eclipse.jdt.ls.core.internal.BaseJDTLanguageServer.lambda$0(BaseJDTLanguageServer.java:75)
	at java.base/java.util.concurrent.CompletableFuture$UniApply.tryFire(CompletableFuture.java:646)
	at java.base/java.util.concurrent.CompletableFuture$Completion.exec(CompletableFuture.java:483)
	at java.base/java.util.concurrent.ForkJoinTask.doExec(ForkJoinTask.java:373)
	at java.base/java.util.concurrent.ForkJoinPool$WorkQueue.topLevelExec(ForkJoinPool.java:1182)
	at java.base/java.util.concurrent.ForkJoinPool.scan(ForkJoinPool.java:1655)
	at java.base/java.util.concurrent.ForkJoinPool.runWorker(ForkJoinPool.java:1622)
	at java.base/java.util.concurrent.ForkJoinWorkerThread.run(ForkJoinWorkerThread.java:165)

[Error - 3:10:49 PM] Nov 23, 2021, 3:10:49 PM Unable to load IDecompiler class for jarFileContentProvider
[Error - 3:11:04 PM] Nov 23, 2021, 3:11:04 PM Unable to load IDecompiler class for jarFileContentProvider
[Error - 3:13:05 PM] Nov 23, 2021, 3:13:05 PM Unable to load IDecompiler class for jarFileContentProvider
[Error - 3:13:29 PM] Nov 23, 2021, 3:13:29 PM Unable to load IDecompiler class for jarFileContentProvider
[Error - 3:19:46 PM] Nov 23, 2021, 3:19:46 PM Unable to load IDecompiler class for jarFileContentProvider
[Error - 3:21:25 PM] Nov 23, 2021, 3:21:25 PM Unable to load IDecompiler class for jarFileContentProvider
[Error - 3:21:25 PM] Nov 23, 2021, 3:21:25 PM Unable to load IDecompiler class for jarFileContentProvider
[Error - 3:21:27 PM] Nov 23, 2021, 3:21:27 PM Unable to load IDecompiler class for jarFileContentProvider
[Error - 3:21:27 PM] Nov 23, 2021, 3:21:27 PM Unable to load IDecompiler class for jarFileContentProvider
[Error - 3:21:27 PM] Nov 23, 2021, 3:21:27 PM Unable to load IDecompiler class for jarFileContentProvider
[Error - 3:21:28 PM] Nov 23, 2021, 3:21:28 PM Unable to load IDecompiler class for jarFileContentProvider
[Error - 3:21:28 PM] Nov 23, 2021, 3:21:28 PM Unable to load IDecompiler class for jarFileContentProvider
[Error - 3:21:30 PM] Nov 23, 2021, 3:21:30 PM Offset > length: 14 > 0
Offset > length: 14 > 0
org.eclipse.jface.text.BadLocationException: Offset > length: 14 > 0
	at org.eclipse.jface.text.ListLineTracker.getLineNumberOfOffset(ListLineTracker.java:141)
	at org.eclipse.jface.text.AbstractLineTracker.getLineNumberOfOffset(AbstractLineTracker.java:155)
	at org.eclipse.jface.text.AbstractDocument.getLineOfOffset(AbstractDocument.java:872)
	at org.eclipse.jdt.ls.core.internal.handlers.JsonRpcHelpers.toLine(JsonRpcHelpers.java:156)
	at org.eclipse.jdt.ls.core.internal.handlers.JsonRpcHelpers.toLine(JsonRpcHelpers.java:101)
	at org.eclipse.jdt.ls.core.internal.JDTUtils.toRange(JDTUtils.java:857)
	at org.eclipse.jdt.ls.core.internal.JDTUtils.toLocation(JDTUtils.java:756)
	at org.eclipse.jdt.ls.core.internal.JDTUtils.toLocation(JDTUtils.java:702)
	at org.eclipse.jdt.ls.core.internal.JDTUtils.toLocation(JDTUtils.java:678)
	at org.eclipse.jdt.ls.core.internal.handlers.DocumentSymbolHandler.getSelectionRange(DocumentSymbolHandler.java:210)
	at org.eclipse.jdt.ls.core.internal.handlers.DocumentSymbolHandler.toDocumentSymbol(DocumentSymbolHandler.java:173)
	at org.eclipse.jdt.ls.core.internal.handlers.DocumentSymbolHandler.lambda$2(DocumentSymbolHandler.java:147)
	at java.base/java.util.stream.ReferencePipeline$3$1.accept(ReferencePipeline.java:197)
	at java.base/java.util.Spliterators$ArraySpliterator.forEachRemaining(Spliterators.java:992)
	at java.base/java.util.stream.AbstractPipeline.copyInto(AbstractPipeline.java:509)
	at java.base/java.util.stream.AbstractPipeline.wrapAndCopyInto(AbstractPipeline.java:499)
	at java.base/java.util.stream.ReduceOps$ReduceOp.evaluateSequential(ReduceOps.java:921)
	at java.base/java.util.stream.AbstractPipeline.evaluate(AbstractPipeline.java:234)
	at java.base/java.util.stream.ReferencePipeline.collect(ReferencePipeline.java:682)
	at org.eclipse.jdt.ls.core.internal.handlers.DocumentSymbolHandler.getHierarchicalOutline(DocumentSymbolHandler.java:147)
	at org.eclipse.jdt.ls.core.internal.handlers.DocumentSymbolHandler.documentSymbol(DocumentSymbolHandler.java:80)
	at org.eclipse.jdt.ls.core.internal.handlers.JDTLanguageServer.lambda$14(JDTLanguageServer.java:636)
	at org.eclipse.jdt.ls.core.internal.BaseJDTLanguageServer.lambda$0(BaseJDTLanguageServer.java:75)
	at java.base/java.util.concurrent.CompletableFuture$UniApply.tryFire(CompletableFuture.java:646)
	at java.base/java.util.concurrent.CompletableFuture$Completion.exec(CompletableFuture.java:483)
	at java.base/java.util.concurrent.ForkJoinTask.doExec(ForkJoinTask.java:373)
	at java.base/java.util.concurrent.ForkJoinPool$WorkQueue.topLevelExec(ForkJoinPool.java:1182)
	at java.base/java.util.concurrent.ForkJoinPool.scan(ForkJoinPool.java:1655)
	at java.base/java.util.concurrent.ForkJoinPool.runWorker(ForkJoinPool.java:1622)
	at java.base/java.util.concurrent.ForkJoinWorkerThread.run(ForkJoinWorkerThread.java:165)

[Error - 3:22:40 PM] Nov 23, 2021, 3:22:40 PM Unable to load IDecompiler class for jarFileContentProvider
[Error - 3:27:14 PM] Nov 23, 2021, 3:27:14 PM Unable to load IDecompiler class for jarFileContentProvider
[Error - 3:28:59 PM] Nov 23, 2021, 3:28:59 PM Offset > length: 2273 > 0
Offset > length: 2273 > 0
org.eclipse.jface.text.BadLocationException: Offset > length: 2273 > 0
	at org.eclipse.jface.text.ListLineTracker.getLineNumberOfOffset(ListLineTracker.java:141)
	at org.eclipse.jface.text.AbstractLineTracker.getLineNumberOfOffset(AbstractLineTracker.java:155)
	at org.eclipse.jface.text.AbstractDocument.getLineOfOffset(AbstractDocument.java:872)
	at org.eclipse.jdt.ls.core.internal.handlers.JsonRpcHelpers.toLine(JsonRpcHelpers.java:156)
	at org.eclipse.jdt.ls.core.internal.handlers.JsonRpcHelpers.toLine(JsonRpcHelpers.java:101)
	at org.eclipse.jdt.ls.core.internal.JDTUtils.toRange(JDTUtils.java:857)
	at org.eclipse.jdt.ls.core.internal.JDTUtils.toLocation(JDTUtils.java:756)
	at org.eclipse.jdt.ls.core.internal.JDTUtils.toLocation(JDTUtils.java:702)
	at org.eclipse.jdt.ls.core.internal.handlers.DocumentSymbolHandler.getRange(DocumentSymbolHandler.java:205)
	at org.eclipse.jdt.ls.core.internal.handlers.DocumentSymbolHandler.toDocumentSymbol(DocumentSymbolHandler.java:172)
	at org.eclipse.jdt.ls.core.internal.handlers.DocumentSymbolHandler.lambda$4(DocumentSymbolHandler.java:188)
	at java.base/java.util.stream.ReferencePipeline$3$1.accept(ReferencePipeline.java:197)
	at java.base/java.util.Spliterators$ArraySpliterator.forEachRemaining(Spliterators.java:992)
	at java.base/java.util.stream.AbstractPipeline.copyInto(AbstractPipeline.java:509)
	at java.base/java.util.stream.AbstractPipeline.wrapAndCopyInto(AbstractPipeline.java:499)
	at java.base/java.util.stream.ReduceOps$ReduceOp.evaluateSequential(ReduceOps.java:921)
	at java.base/java.util.stream.AbstractPipeline.evaluate(AbstractPipeline.java:234)
	at java.base/java.util.stream.ReferencePipeline.collect(ReferencePipeline.java:682)
	at org.eclipse.jdt.ls.core.internal.handlers.DocumentSymbolHandler.toDocumentSymbol(DocumentSymbolHandler.java:190)
	at org.eclipse.jdt.ls.core.internal.handlers.DocumentSymbolHandler.lambda$2(DocumentSymbolHandler.java:147)
	at java.base/java.util.stream.ReferencePipeline$3$1.accept(ReferencePipeline.java:197)
	at java.base/java.util.Spliterators$ArraySpliterator.forEachRemaining(Spliterators.java:992)
	at java.base/java.util.stream.AbstractPipeline.copyInto(AbstractPipeline.java:509)
	at java.base/java.util.stream.AbstractPipeline.wrapAndCopyInto(AbstractPipeline.java:499)
	at java.base/java.util.stream.ReduceOps$ReduceOp.evaluateSequential(ReduceOps.java:921)
	at java.base/java.util.stream.AbstractPipeline.evaluate(AbstractPipeline.java:234)
	at java.base/java.util.stream.ReferencePipeline.collect(ReferencePipeline.java:682)
	at org.eclipse.jdt.ls.core.internal.handlers.DocumentSymbolHandler.getHierarchicalOutline(DocumentSymbolHandler.java:147)
	at org.eclipse.jdt.ls.core.internal.handlers.DocumentSymbolHandler.documentSymbol(DocumentSymbolHandler.java:80)
	at org.eclipse.jdt.ls.core.internal.handlers.JDTLanguageServer.lambda$14(JDTLanguageServer.java:636)
	at org.eclipse.jdt.ls.core.internal.BaseJDTLanguageServer.lambda$0(BaseJDTLanguageServer.java:75)
	at java.base/java.util.concurrent.CompletableFuture$UniApply.tryFire(CompletableFuture.java:646)
	at java.base/java.util.concurrent.CompletableFuture$Completion.exec(CompletableFuture.java:483)
	at java.base/java.util.concurrent.ForkJoinTask.doExec(ForkJoinTask.java:373)
	at java.base/java.util.concurrent.ForkJoinPool$WorkQueue.topLevelExec(ForkJoinPool.java:1182)
	at java.base/java.util.concurrent.ForkJoinPool.scan(ForkJoinPool.java:1655)
	at java.base/java.util.concurrent.ForkJoinPool.runWorker(ForkJoinPool.java:1622)
	at java.base/java.util.concurrent.ForkJoinWorkerThread.run(ForkJoinWorkerThread.java:165)

[Error - 3:29:38 PM] Nov 23, 2021, 3:29:38 PM Problems occurred when invoking code from plug-in: "org.eclipse.jdt.ls.core".
Invalid completion proposal
java.lang.IllegalStateException: Invalid completion proposal
	at org.eclipse.jdt.ls.core.internal.handlers.CompletionResolveHandler.resolve(CompletionResolveHandler.java:110)
	at com.microsoft.jdtls.intellicode.core.CommandHandler.executeCommand(CommandHandler.java:69)
	at org.eclipse.jdt.ls.core.internal.handlers.WorkspaceExecuteCommandHandler$1.run(WorkspaceExecuteCommandHandler.java:215)
	at org.eclipse.core.runtime.SafeRunner.run(SafeRunner.java:45)
	at org.eclipse.jdt.ls.core.internal.handlers.WorkspaceExecuteCommandHandler.executeCommand(WorkspaceExecuteCommandHandler.java:205)
	at org.eclipse.jdt.ls.core.internal.handlers.JDTLanguageServer.lambda$4(JDTLanguageServer.java:507)
	at org.eclipse.jdt.ls.core.internal.BaseJDTLanguageServer.lambda$0(BaseJDTLanguageServer.java:75)
	at java.base/java.util.concurrent.CompletableFuture$UniApply.tryFire(CompletableFuture.java:646)
	at java.base/java.util.concurrent.CompletableFuture$Completion.exec(CompletableFuture.java:483)
	at java.base/java.util.concurrent.ForkJoinTask.doExec(ForkJoinTask.java:373)
	at java.base/java.util.concurrent.ForkJoinPool$WorkQueue.topLevelExec(ForkJoinPool.java:1182)
	at java.base/java.util.concurrent.ForkJoinPool.scan(ForkJoinPool.java:1655)
	at java.base/java.util.concurrent.ForkJoinPool.runWorker(ForkJoinPool.java:1622)
	at java.base/java.util.concurrent.ForkJoinWorkerThread.run(ForkJoinWorkerThread.java:165)

[Error - 3:29:38 PM] Nov 23, 2021, 3:29:38 PM Error in calling delegate command handler
Invalid completion proposal
java.lang.IllegalStateException: Invalid completion proposal
	at org.eclipse.jdt.ls.core.internal.handlers.CompletionResolveHandler.resolve(CompletionResolveHandler.java:110)
	at com.microsoft.jdtls.intellicode.core.CommandHandler.executeCommand(CommandHandler.java:69)
	at org.eclipse.jdt.ls.core.internal.handlers.WorkspaceExecuteCommandHandler$1.run(WorkspaceExecuteCommandHandler.java:215)
	at org.eclipse.core.runtime.SafeRunner.run(SafeRunner.java:45)
	at org.eclipse.jdt.ls.core.internal.handlers.WorkspaceExecuteCommandHandler.executeCommand(WorkspaceExecuteCommandHandler.java:205)
	at org.eclipse.jdt.ls.core.internal.handlers.JDTLanguageServer.lambda$4(JDTLanguageServer.java:507)
	at org.eclipse.jdt.ls.core.internal.BaseJDTLanguageServer.lambda$0(BaseJDTLanguageServer.java:75)
	at java.base/java.util.concurrent.CompletableFuture$UniApply.tryFire(CompletableFuture.java:646)
	at java.base/java.util.concurrent.CompletableFuture$Completion.exec(CompletableFuture.java:483)
	at java.base/java.util.concurrent.ForkJoinTask.doExec(ForkJoinTask.java:373)
	at java.base/java.util.concurrent.ForkJoinPool$WorkQueue.topLevelExec(ForkJoinPool.java:1182)
	at java.base/java.util.concurrent.ForkJoinPool.scan(ForkJoinPool.java:1655)
	at java.base/java.util.concurrent.ForkJoinPool.runWorker(ForkJoinPool.java:1622)
	at java.base/java.util.concurrent.ForkJoinWorkerThread.run(ForkJoinWorkerThread.java:165)

