WARNING: Using incubator modules: jdk.incubator.foreign, jdk.incubator.vector
[Error - 1:50:39 PM] Nov 23, 2021, 1:50:39 PM Unable to load IDecompiler class for jarFileContentProvider
[Error - 1:51:23 PM] Nov 23, 2021, 1:51:23 PM Unable to load IDecompiler class for jarFileContentProvider
[Error - 1:51:48 PM] Nov 23, 2021, 1:51:48 PM Unable to load IDecompiler class for jarFileContentProvider
[Error - 1:54:52 PM] Nov 23, 2021, 1:54:52 PM BadLocationException
null
org.eclipse.jface.text.BadLocationException
	at org.eclipse.jface.text.TreeLineTracker.fail(TreeLineTracker.java:1054)
	at org.eclipse.jface.text.TreeLineTracker.lineByOffset(TreeLineTracker.java:268)
	at org.eclipse.jface.text.TreeLineTracker.getLineNumberOfOffset(TreeLineTracker.java:1122)
	at org.eclipse.jface.text.AbstractLineTracker.getLineNumberOfOffset(AbstractLineTracker.java:155)
	at org.eclipse.jface.text.AbstractDocument.getLineOfOffset(AbstractDocument.java:872)
	at org.eclipse.core.internal.filebuffers.SynchronizableDocument.getLineOfOffset(SynchronizableDocument.java:334)
	at org.eclipse.jdt.ls.core.internal.handlers.JsonRpcHelpers.toLine(JsonRpcHelpers.java:156)
	at org.eclipse.jdt.ls.core.internal.handlers.JsonRpcHelpers.toLine(JsonRpcHelpers.java:101)
	at org.eclipse.jdt.ls.core.internal.JDTUtils.toRange(JDTUtils.java:857)
	at org.eclipse.jdt.ls.core.internal.JDTUtils.toLocation(JDTUtils.java:756)
	at org.eclipse.jdt.ls.core.internal.JDTUtils.toLocation(JDTUtils.java:702)
	at org.eclipse.jdt.ls.core.internal.handlers.DocumentSymbolHandler.getRange(DocumentSymbolHandler.java:205)
	at org.eclipse.jdt.ls.core.internal.handlers.DocumentSymbolHandler.toDocumentSymbol(DocumentSymbolHandler.java:172)
	at org.eclipse.jdt.ls.core.internal.handlers.DocumentSymbolHandler.lambda$2(DocumentSymbolHandler.java:147)
	at java.base/java.util.stream.ReferencePipeline$3$1.accept(ReferencePipeline.java:197)
	at java.base/java.util.Spliterators$ArraySpliterator.forEachRemaining(Spliterators.java:992)
	at java.base/java.util.stream.AbstractPipeline.copyInto(AbstractPipeline.java:509)
	at java.base/java.util.stream.AbstractPipeline.wrapAndCopyInto(AbstractPipeline.java:499)
	at java.base/java.util.stream.ReduceOps$ReduceOp.evaluateSequential(ReduceOps.java:921)
	at java.base/java.util.stream.AbstractPipeline.evaluate(AbstractPipeline.java:234)
	at java.base/java.util.stream.ReferencePipeline.collect(ReferencePipeline.java:682)
	at org.eclipse.jdt.ls.core.internal.handlers.DocumentSymbolHandler.getHierarchicalOutline(DocumentSymbolHandler.java:147)
	at org.eclipse.jdt.ls.core.internal.handlers.DocumentSymbolHandler.documentSymbol(DocumentSymbolHandler.java:80)
	at org.eclipse.jdt.ls.core.internal.handlers.JDTLanguageServer.lambda$14(JDTLanguageServer.java:636)
	at org.eclipse.jdt.ls.core.internal.BaseJDTLanguageServer.lambda$0(BaseJDTLanguageServer.java:75)
	at java.base/java.util.concurrent.CompletableFuture$UniApply.tryFire(CompletableFuture.java:646)
	at java.base/java.util.concurrent.CompletableFuture$Completion.exec(CompletableFuture.java:483)
	at java.base/java.util.concurrent.ForkJoinTask.doExec(ForkJoinTask.java:373)
	at java.base/java.util.concurrent.ForkJoinPool$WorkQueue.topLevelExec(ForkJoinPool.java:1182)
	at java.base/java.util.concurrent.ForkJoinPool.scan(ForkJoinPool.java:1655)
	at java.base/java.util.concurrent.ForkJoinPool.runWorker(ForkJoinPool.java:1622)
	at java.base/java.util.concurrent.ForkJoinWorkerThread.run(ForkJoinWorkerThread.java:165)

[Error - 1:54:52 PM] Nov 23, 2021, 1:54:52 PM BadLocationException
null
org.eclipse.jface.text.BadLocationException
	at org.eclipse.jface.text.TreeLineTracker.fail(TreeLineTracker.java:1054)
	at org.eclipse.jface.text.TreeLineTracker.lineByOffset(TreeLineTracker.java:268)
	at org.eclipse.jface.text.TreeLineTracker.getLineNumberOfOffset(TreeLineTracker.java:1122)
	at org.eclipse.jface.text.AbstractLineTracker.getLineNumberOfOffset(AbstractLineTracker.java:155)
	at org.eclipse.jface.text.AbstractDocument.getLineOfOffset(AbstractDocument.java:872)
	at org.eclipse.core.internal.filebuffers.SynchronizableDocument.getLineOfOffset(SynchronizableDocument.java:334)
	at org.eclipse.jdt.ls.core.internal.handlers.JsonRpcHelpers.toLine(JsonRpcHelpers.java:156)
	at org.eclipse.jdt.ls.core.internal.handlers.JsonRpcHelpers.toLine(JsonRpcHelpers.java:101)
	at org.eclipse.jdt.ls.core.internal.JDTUtils.toRange(JDTUtils.java:857)
	at org.eclipse.jdt.ls.core.internal.JDTUtils.toLocation(JDTUtils.java:756)
	at org.eclipse.jdt.ls.core.internal.JDTUtils.toLocation(JDTUtils.java:702)
	at org.eclipse.jdt.ls.core.internal.handlers.DocumentSymbolHandler.getRange(DocumentSymbolHandler.java:205)
	at org.eclipse.jdt.ls.core.internal.handlers.DocumentSymbolHandler.toDocumentSymbol(DocumentSymbolHandler.java:172)
	at org.eclipse.jdt.ls.core.internal.handlers.DocumentSymbolHandler.lambda$4(DocumentSymbolHandler.java:188)
	at java.base/java.util.stream.ReferencePipeline$3$1.accept(ReferencePipeline.java:197)
	at java.base/java.util.Spliterators$ArraySpliterator.forEachRemaining(Spliterators.java:992)
	at java.base/java.util.stream.AbstractPipeline.copyInto(AbstractPipeline.java:509)
	at java.base/java.util.stream.AbstractPipeline.wrapAndCopyInto(AbstractPipeline.java:499)
	at java.base/java.util.stream.ReduceOps$ReduceOp.evaluateSequential(ReduceOps.java:921)
	at java.base/java.util.stream.AbstractPipeline.evaluate(AbstractPipeline.java:234)
	at java.base/java.util.stream.ReferencePipeline.collect(ReferencePipeline.java:682)
	at org.eclipse.jdt.ls.core.internal.handlers.DocumentSymbolHandler.toDocumentSymbol(DocumentSymbolHandler.java:190)
	at org.eclipse.jdt.ls.core.internal.handlers.DocumentSymbolHandler.lambda$2(DocumentSymbolHandler.java:147)
	at java.base/java.util.stream.ReferencePipeline$3$1.accept(ReferencePipeline.java:197)
	at java.base/java.util.Spliterators$ArraySpliterator.forEachRemaining(Spliterators.java:992)
	at java.base/java.util.stream.AbstractPipeline.copyInto(AbstractPipeline.java:509)
	at java.base/java.util.stream.AbstractPipeline.wrapAndCopyInto(AbstractPipeline.java:499)
	at java.base/java.util.stream.ReduceOps$ReduceOp.evaluateSequential(ReduceOps.java:921)
	at java.base/java.util.stream.AbstractPipeline.evaluate(AbstractPipeline.java:234)
	at java.base/java.util.stream.ReferencePipeline.collect(ReferencePipeline.java:682)
	at org.eclipse.jdt.ls.core.internal.handlers.DocumentSymbolHandler.getHierarchicalOutline(DocumentSymbolHandler.java:147)
	at org.eclipse.jdt.ls.core.internal.handlers.DocumentSymbolHandler.documentSymbol(DocumentSymbolHandler.java:80)
	at org.eclipse.jdt.ls.core.internal.handlers.JDTLanguageServer.lambda$14(JDTLanguageServer.java:636)
	at org.eclipse.jdt.ls.core.internal.BaseJDTLanguageServer.lambda$0(BaseJDTLanguageServer.java:75)
	at java.base/java.util.concurrent.CompletableFuture$UniApply.tryFire(CompletableFuture.java:646)
	at java.base/java.util.concurrent.CompletableFuture$Completion.exec(CompletableFuture.java:483)
	at java.base/java.util.concurrent.ForkJoinTask.doExec(ForkJoinTask.java:373)
	at java.base/java.util.concurrent.ForkJoinPool$WorkQueue.topLevelExec(ForkJoinPool.java:1182)
	at java.base/java.util.concurrent.ForkJoinPool.scan(ForkJoinPool.java:1655)
	at java.base/java.util.concurrent.ForkJoinPool.runWorker(ForkJoinPool.java:1622)
	at java.base/java.util.concurrent.ForkJoinWorkerThread.run(ForkJoinWorkerThread.java:165)

[Error - 1:55:38 PM] Nov 23, 2021, 1:55:38 PM Unable to load IDecompiler class for jarFileContentProvider
