[2021-11-20 13:52:46.930] [renderer1] [info] Starting extension host with pid 9300.
[2021-11-20 13:52:46.930] [renderer1] [info] [LocalProcessExtensionHost]: IExtensionHostStarter.start() took 22 ms.
[2021-11-20 13:52:47.219] [renderer1] [error] [Extension Host] (node:9300) [DEP0005] DeprecationWarning: Buffer() is deprecated due to security and usability issues. Please use the Buffer.alloc(), Buffer.allocUnsafe(), or Buffer.from() methods instead.
(Use `electron --trace-deprecation ...` to show where the warning was created)
[2021-11-20 13:52:51.961] [renderer1] [error] The request (id: 1, method: 'textDocument/hover') has been cancelled: Error: The request (id: 1, method: 'textDocument/hover') has been cancelled
	at /home/nick/.vscode-oss/extensions/redhat.java-1.0.0/dist/extension.js:2:894993
	at /home/nick/.vscode-oss/extensions/redhat.java-1.0.0/dist/extension.js:2:895287
	at Immediate.<anonymous> (/home/nick/.vscode-oss/extensions/redhat.java-1.0.0/dist/extension.js:2:895652)
	at processImmediate (internal/timers.js:461:21)
[2021-11-20 13:52:51.963] [renderer1] [error] The request (id: 3, method: 'textDocument/hover') has been cancelled: Error: The request (id: 3, method: 'textDocument/hover') has been cancelled
	at /home/nick/.vscode-oss/extensions/redhat.java-1.0.0/dist/extension.js:2:894993
	at /home/nick/.vscode-oss/extensions/redhat.java-1.0.0/dist/extension.js:2:895287
	at Immediate.<anonymous> (/home/nick/.vscode-oss/extensions/redhat.java-1.0.0/dist/extension.js:2:895652)
	at processImmediate (internal/timers.js:461:21)
[2021-11-20 13:53:47.806] [renderer1] [error] The request (id: 117, method: 'textDocument/hover') has been cancelled: Error: The request (id: 117, method: 'textDocument/hover') has been cancelled
	at /home/nick/.vscode-oss/extensions/redhat.java-1.0.0/dist/extension.js:2:894993
	at /home/nick/.vscode-oss/extensions/redhat.java-1.0.0/dist/extension.js:2:895287
	at Immediate.<anonymous> (/home/nick/.vscode-oss/extensions/redhat.java-1.0.0/dist/extension.js:2:895652)
	at processImmediate (internal/timers.js:461:21)
[2021-11-20 13:54:15.355] [renderer1] [error] The request (id: 174, method: 'textDocument/hover') has been cancelled: Error: The request (id: 174, method: 'textDocument/hover') has been cancelled
	at /home/nick/.vscode-oss/extensions/redhat.java-1.0.0/dist/extension.js:2:894993
	at /home/nick/.vscode-oss/extensions/redhat.java-1.0.0/dist/extension.js:2:895287
	at Immediate.<anonymous> (/home/nick/.vscode-oss/extensions/redhat.java-1.0.0/dist/extension.js:2:895652)
	at processImmediate (internal/timers.js:461:21)
[2021-11-20 13:54:47.687] [renderer1] [error] selectionRange must be contained in fullRange: Error: selectionRange must be contained in fullRange
	at Function.validate (/usr/lib/code/out/vs/workbench/services/extensions/node/extensionHostProcess.js:87:30564)
	at new n (/usr/lib/code/out/vs/workbench/services/extensions/node/extensionHostProcess.js:87:30432)
	at new n (/usr/lib/code/out/vs/workbench/services/extensions/node/extensionHostProcess.js:87:17223)
	at $ (/home/nick/.vscode-oss/extensions/redhat.java-1.0.0/dist/extension.js:2:800105)
	at Array.map (<anonymous>)
	at Object.asDocumentSymbols (/home/nick/.vscode-oss/extensions/redhat.java-1.0.0/dist/extension.js:2:805451)
	at /home/nick/.vscode-oss/extensions/redhat.java-1.0.0/dist/extension.js:2:624152
	at Generator.next (<anonymous>)
	at s (/home/nick/.vscode-oss/extensions/redhat.java-1.0.0/dist/extension.js:2:623246)
[2021-11-20 13:56:10.522] [renderer1] [error] The request (id: 422, method: 'textDocument/hover') has been cancelled: Error: The request (id: 422, method: 'textDocument/hover') has been cancelled
	at /home/nick/.vscode-oss/extensions/redhat.java-1.0.0/dist/extension.js:2:894993
	at /home/nick/.vscode-oss/extensions/redhat.java-1.0.0/dist/extension.js:2:895287
	at Immediate.<anonymous> (/home/nick/.vscode-oss/extensions/redhat.java-1.0.0/dist/extension.js:2:895652)
	at processImmediate (internal/timers.js:461:21)
[2021-11-20 13:57:49.062] [renderer1] [error] The request (id: 772, method: 'textDocument/documentSymbol') has been cancelled: Error: The request (id: 772, method: 'textDocument/documentSymbol') has been cancelled
	at /home/nick/.vscode-oss/extensions/redhat.java-1.0.0/dist/extension.js:2:894993
	at /home/nick/.vscode-oss/extensions/redhat.java-1.0.0/dist/extension.js:2:895287
	at Immediate.<anonymous> (/home/nick/.vscode-oss/extensions/redhat.java-1.0.0/dist/extension.js:2:895652)
	at processImmediate (internal/timers.js:461:21)
[2021-11-20 13:58:26.551] [renderer1] [error] selectionRange must be contained in fullRange: Error: selectionRange must be contained in fullRange
	at Function.validate (/usr/lib/code/out/vs/workbench/services/extensions/node/extensionHostProcess.js:87:30564)
	at new n (/usr/lib/code/out/vs/workbench/services/extensions/node/extensionHostProcess.js:87:30432)
	at new n (/usr/lib/code/out/vs/workbench/services/extensions/node/extensionHostProcess.js:87:17223)
	at $ (/home/nick/.vscode-oss/extensions/redhat.java-1.0.0/dist/extension.js:2:800105)
	at $ (/home/nick/.vscode-oss/extensions/redhat.java-1.0.0/dist/extension.js:2:800280)
	at Array.map (<anonymous>)
	at Object.asDocumentSymbols (/home/nick/.vscode-oss/extensions/redhat.java-1.0.0/dist/extension.js:2:805451)
	at /home/nick/.vscode-oss/extensions/redhat.java-1.0.0/dist/extension.js:2:624152
	at Generator.next (<anonymous>)
	at s (/home/nick/.vscode-oss/extensions/redhat.java-1.0.0/dist/extension.js:2:623246)
[2021-11-20 13:59:12.689] [renderer1] [error] selectionRange must be contained in fullRange: Error: selectionRange must be contained in fullRange
	at Function.validate (/usr/lib/code/out/vs/workbench/services/extensions/node/extensionHostProcess.js:87:30564)
	at new n (/usr/lib/code/out/vs/workbench/services/extensions/node/extensionHostProcess.js:87:30432)
	at new n (/usr/lib/code/out/vs/workbench/services/extensions/node/extensionHostProcess.js:87:17223)
	at $ (/home/nick/.vscode-oss/extensions/redhat.java-1.0.0/dist/extension.js:2:800105)
	at Array.map (<anonymous>)
	at Object.asDocumentSymbols (/home/nick/.vscode-oss/extensions/redhat.java-1.0.0/dist/extension.js:2:805451)
	at /home/nick/.vscode-oss/extensions/redhat.java-1.0.0/dist/extension.js:2:624152
	at Generator.next (<anonymous>)
	at s (/home/nick/.vscode-oss/extensions/redhat.java-1.0.0/dist/extension.js:2:623246)
[2021-11-20 14:01:08.996] [renderer1] [error] selectionRange must be contained in fullRange: Error: selectionRange must be contained in fullRange
	at Function.validate (/usr/lib/code/out/vs/workbench/services/extensions/node/extensionHostProcess.js:87:30564)
	at new n (/usr/lib/code/out/vs/workbench/services/extensions/node/extensionHostProcess.js:87:30432)
	at new n (/usr/lib/code/out/vs/workbench/services/extensions/node/extensionHostProcess.js:87:17223)
	at $ (/home/nick/.vscode-oss/extensions/redhat.java-1.0.0/dist/extension.js:2:800105)
	at Array.map (<anonymous>)
	at Object.asDocumentSymbols (/home/nick/.vscode-oss/extensions/redhat.java-1.0.0/dist/extension.js:2:805451)
	at /home/nick/.vscode-oss/extensions/redhat.java-1.0.0/dist/extension.js:2:624152
	at Generator.next (<anonymous>)
	at s (/home/nick/.vscode-oss/extensions/redhat.java-1.0.0/dist/extension.js:2:623246)
[2021-11-20 14:01:53.420] [renderer1] [error] The request (id: 1766, method: 'textDocument/hover') has been cancelled: Error: The request (id: 1766, method: 'textDocument/hover') has been cancelled
	at /home/nick/.vscode-oss/extensions/redhat.java-1.0.0/dist/extension.js:2:894993
	at /home/nick/.vscode-oss/extensions/redhat.java-1.0.0/dist/extension.js:2:895287
	at Immediate.<anonymous> (/home/nick/.vscode-oss/extensions/redhat.java-1.0.0/dist/extension.js:2:895652)
	at processImmediate (internal/timers.js:461:21)
[2021-11-20 14:01:59.611] [renderer1] [error] selectionRange must be contained in fullRange: Error: selectionRange must be contained in fullRange
	at Function.validate (/usr/lib/code/out/vs/workbench/services/extensions/node/extensionHostProcess.js:87:30564)
	at new n (/usr/lib/code/out/vs/workbench/services/extensions/node/extensionHostProcess.js:87:30432)
	at new n (/usr/lib/code/out/vs/workbench/services/extensions/node/extensionHostProcess.js:87:17223)
	at $ (/home/nick/.vscode-oss/extensions/redhat.java-1.0.0/dist/extension.js:2:800105)
	at $ (/home/nick/.vscode-oss/extensions/redhat.java-1.0.0/dist/extension.js:2:800280)
	at Array.map (<anonymous>)
	at Object.asDocumentSymbols (/home/nick/.vscode-oss/extensions/redhat.java-1.0.0/dist/extension.js:2:805451)
	at /home/nick/.vscode-oss/extensions/redhat.java-1.0.0/dist/extension.js:2:624152
	at Generator.next (<anonymous>)
	at s (/home/nick/.vscode-oss/extensions/redhat.java-1.0.0/dist/extension.js:2:623246)
[2021-11-20 14:04:00.342] [renderer1] [error] selectionRange must be contained in fullRange: Error: selectionRange must be contained in fullRange
	at Function.validate (/usr/lib/code/out/vs/workbench/services/extensions/node/extensionHostProcess.js:87:30564)
	at new n (/usr/lib/code/out/vs/workbench/services/extensions/node/extensionHostProcess.js:87:30432)
	at new n (/usr/lib/code/out/vs/workbench/services/extensions/node/extensionHostProcess.js:87:17223)
	at $ (/home/nick/.vscode-oss/extensions/redhat.java-1.0.0/dist/extension.js:2:800105)
	at Array.map (<anonymous>)
	at Object.asDocumentSymbols (/home/nick/.vscode-oss/extensions/redhat.java-1.0.0/dist/extension.js:2:805451)
	at /home/nick/.vscode-oss/extensions/redhat.java-1.0.0/dist/extension.js:2:624152
	at Generator.next (<anonymous>)
	at s (/home/nick/.vscode-oss/extensions/redhat.java-1.0.0/dist/extension.js:2:623246)
[2021-11-20 14:06:17.685] [renderer1] [error] selectionRange must be contained in fullRange: Error: selectionRange must be contained in fullRange
	at Function.validate (/usr/lib/code/out/vs/workbench/services/extensions/node/extensionHostProcess.js:87:30564)
	at new n (/usr/lib/code/out/vs/workbench/services/extensions/node/extensionHostProcess.js:87:30432)
	at new n (/usr/lib/code/out/vs/workbench/services/extensions/node/extensionHostProcess.js:87:17223)
	at $ (/home/nick/.vscode-oss/extensions/redhat.java-1.0.0/dist/extension.js:2:800105)
	at Array.map (<anonymous>)
	at Object.asDocumentSymbols (/home/nick/.vscode-oss/extensions/redhat.java-1.0.0/dist/extension.js:2:805451)
	at /home/nick/.vscode-oss/extensions/redhat.java-1.0.0/dist/extension.js:2:624152
	at Generator.next (<anonymous>)
	at s (/home/nick/.vscode-oss/extensions/redhat.java-1.0.0/dist/extension.js:2:623246)
	at runMicrotasks (<anonymous>)
	at runNextTicks (internal/process/task_queues.js:58:5)
	at processImmediate (internal/timers.js:434:9)
[2021-11-20 14:06:30.903] [renderer1] [error] The request (id: 2815, method: 'textDocument/documentSymbol') has been cancelled: Error: The request (id: 2815, method: 'textDocument/documentSymbol') has been cancelled
	at /home/nick/.vscode-oss/extensions/redhat.java-1.0.0/dist/extension.js:2:894993
	at /home/nick/.vscode-oss/extensions/redhat.java-1.0.0/dist/extension.js:2:895287
	at Immediate.<anonymous> (/home/nick/.vscode-oss/extensions/redhat.java-1.0.0/dist/extension.js:2:895652)
	at processImmediate (internal/timers.js:461:21)
[2021-11-20 14:07:02.680] [renderer1] [error] selectionRange must be contained in fullRange: Error: selectionRange must be contained in fullRange
	at Function.validate (/usr/lib/code/out/vs/workbench/services/extensions/node/extensionHostProcess.js:87:30564)
	at new n (/usr/lib/code/out/vs/workbench/services/extensions/node/extensionHostProcess.js:87:30432)
	at new n (/usr/lib/code/out/vs/workbench/services/extensions/node/extensionHostProcess.js:87:17223)
	at $ (/home/nick/.vscode-oss/extensions/redhat.java-1.0.0/dist/extension.js:2:800105)
	at Array.map (<anonymous>)
	at Object.asDocumentSymbols (/home/nick/.vscode-oss/extensions/redhat.java-1.0.0/dist/extension.js:2:805451)
	at /home/nick/.vscode-oss/extensions/redhat.java-1.0.0/dist/extension.js:2:624152
	at Generator.next (<anonymous>)
	at s (/home/nick/.vscode-oss/extensions/redhat.java-1.0.0/dist/extension.js:2:623246)
[2021-11-20 14:08:50.118] [renderer1] [error] The request (id: 3018, method: 'textDocument/documentSymbol') has been cancelled: Error: The request (id: 3018, method: 'textDocument/documentSymbol') has been cancelled
	at /home/nick/.vscode-oss/extensions/redhat.java-1.0.0/dist/extension.js:2:894993
	at /home/nick/.vscode-oss/extensions/redhat.java-1.0.0/dist/extension.js:2:895287
	at Immediate.<anonymous> (/home/nick/.vscode-oss/extensions/redhat.java-1.0.0/dist/extension.js:2:895652)
	at processImmediate (internal/timers.js:461:21)
[2021-11-20 14:09:05.589] [renderer1] [error] selectionRange must be contained in fullRange: Error: selectionRange must be contained in fullRange
	at Function.validate (/usr/lib/code/out/vs/workbench/services/extensions/node/extensionHostProcess.js:87:30564)
	at new n (/usr/lib/code/out/vs/workbench/services/extensions/node/extensionHostProcess.js:87:30432)
	at new n (/usr/lib/code/out/vs/workbench/services/extensions/node/extensionHostProcess.js:87:17223)
	at $ (/home/nick/.vscode-oss/extensions/redhat.java-1.0.0/dist/extension.js:2:800105)
	at Array.map (<anonymous>)
	at Object.asDocumentSymbols (/home/nick/.vscode-oss/extensions/redhat.java-1.0.0/dist/extension.js:2:805451)
	at /home/nick/.vscode-oss/extensions/redhat.java-1.0.0/dist/extension.js:2:624152
	at Generator.next (<anonymous>)
	at s (/home/nick/.vscode-oss/extensions/redhat.java-1.0.0/dist/extension.js:2:623246)
[2021-11-20 14:09:06.251] [renderer1] [error] The request (id: 3116, method: 'textDocument/documentSymbol') has been cancelled: Error: The request (id: 3116, method: 'textDocument/documentSymbol') has been cancelled
	at /home/nick/.vscode-oss/extensions/redhat.java-1.0.0/dist/extension.js:2:894993
	at /home/nick/.vscode-oss/extensions/redhat.java-1.0.0/dist/extension.js:2:895287
	at Immediate.<anonymous> (/home/nick/.vscode-oss/extensions/redhat.java-1.0.0/dist/extension.js:2:895652)
	at processImmediate (internal/timers.js:461:21)
[2021-11-20 14:09:07.745] [renderer1] [error] selectionRange must be contained in fullRange: Error: selectionRange must be contained in fullRange
	at Function.validate (/usr/lib/code/out/vs/workbench/services/extensions/node/extensionHostProcess.js:87:30564)
	at new n (/usr/lib/code/out/vs/workbench/services/extensions/node/extensionHostProcess.js:87:30432)
	at new n (/usr/lib/code/out/vs/workbench/services/extensions/node/extensionHostProcess.js:87:17223)
	at $ (/home/nick/.vscode-oss/extensions/redhat.java-1.0.0/dist/extension.js:2:800105)
	at Array.map (<anonymous>)
	at Object.asDocumentSymbols (/home/nick/.vscode-oss/extensions/redhat.java-1.0.0/dist/extension.js:2:805451)
	at /home/nick/.vscode-oss/extensions/redhat.java-1.0.0/dist/extension.js:2:624152
	at Generator.next (<anonymous>)
	at s (/home/nick/.vscode-oss/extensions/redhat.java-1.0.0/dist/extension.js:2:623246)
[2021-11-20 14:09:13.440] [renderer1] [error] selectionRange must be contained in fullRange: Error: selectionRange must be contained in fullRange
	at Function.validate (/usr/lib/code/out/vs/workbench/services/extensions/node/extensionHostProcess.js:87:30564)
	at new n (/usr/lib/code/out/vs/workbench/services/extensions/node/extensionHostProcess.js:87:30432)
	at new n (/usr/lib/code/out/vs/workbench/services/extensions/node/extensionHostProcess.js:87:17223)
	at $ (/home/nick/.vscode-oss/extensions/redhat.java-1.0.0/dist/extension.js:2:800105)
	at Array.map (<anonymous>)
	at Object.asDocumentSymbols (/home/nick/.vscode-oss/extensions/redhat.java-1.0.0/dist/extension.js:2:805451)
	at /home/nick/.vscode-oss/extensions/redhat.java-1.0.0/dist/extension.js:2:624152
	at Generator.next (<anonymous>)
	at s (/home/nick/.vscode-oss/extensions/redhat.java-1.0.0/dist/extension.js:2:623246)
[2021-11-20 14:17:44.831] [renderer1] [error] The request (id: 3428, method: 'textDocument/documentSymbol') has been cancelled: Error: The request (id: 3428, method: 'textDocument/documentSymbol') has been cancelled
	at /home/nick/.vscode-oss/extensions/redhat.java-1.0.0/dist/extension.js:2:894993
	at /home/nick/.vscode-oss/extensions/redhat.java-1.0.0/dist/extension.js:2:895287
	at Immediate.<anonymous> (/home/nick/.vscode-oss/extensions/redhat.java-1.0.0/dist/extension.js:2:895652)
	at processImmediate (internal/timers.js:461:21)
[2021-11-20 14:18:19.770] [renderer1] [error] selectionRange must be contained in fullRange: Error: selectionRange must be contained in fullRange
	at Function.validate (/usr/lib/code/out/vs/workbench/services/extensions/node/extensionHostProcess.js:87:30564)
	at new n (/usr/lib/code/out/vs/workbench/services/extensions/node/extensionHostProcess.js:87:30432)
	at new n (/usr/lib/code/out/vs/workbench/services/extensions/node/extensionHostProcess.js:87:17223)
	at $ (/home/nick/.vscode-oss/extensions/redhat.java-1.0.0/dist/extension.js:2:800105)
	at Array.map (<anonymous>)
	at Object.asDocumentSymbols (/home/nick/.vscode-oss/extensions/redhat.java-1.0.0/dist/extension.js:2:805451)
	at /home/nick/.vscode-oss/extensions/redhat.java-1.0.0/dist/extension.js:2:624152
	at Generator.next (<anonymous>)
	at s (/home/nick/.vscode-oss/extensions/redhat.java-1.0.0/dist/extension.js:2:623246)
	at runMicrotasks (<anonymous>)
	at runNextTicks (internal/process/task_queues.js:58:5)
	at processImmediate (internal/timers.js:434:9)
[2021-11-20 14:19:19.855] [renderer1] [error] selectionRange must be contained in fullRange: Error: selectionRange must be contained in fullRange
	at Function.validate (/usr/lib/code/out/vs/workbench/services/extensions/node/extensionHostProcess.js:87:30564)
	at new n (/usr/lib/code/out/vs/workbench/services/extensions/node/extensionHostProcess.js:87:30432)
	at new n (/usr/lib/code/out/vs/workbench/services/extensions/node/extensionHostProcess.js:87:17223)
	at $ (/home/nick/.vscode-oss/extensions/redhat.java-1.0.0/dist/extension.js:2:800105)
	at $ (/home/nick/.vscode-oss/extensions/redhat.java-1.0.0/dist/extension.js:2:800280)
	at Array.map (<anonymous>)
	at Object.asDocumentSymbols (/home/nick/.vscode-oss/extensions/redhat.java-1.0.0/dist/extension.js:2:805451)
	at /home/nick/.vscode-oss/extensions/redhat.java-1.0.0/dist/extension.js:2:624152
	at Generator.next (<anonymous>)
	at s (/home/nick/.vscode-oss/extensions/redhat.java-1.0.0/dist/extension.js:2:623246)
[2021-11-20 14:20:29.160] [renderer1] [error] The request (id: 3977, method: 'textDocument/documentSymbol') has been cancelled: Error: The request (id: 3977, method: 'textDocument/documentSymbol') has been cancelled
	at /home/nick/.vscode-oss/extensions/redhat.java-1.0.0/dist/extension.js:2:894993
	at /home/nick/.vscode-oss/extensions/redhat.java-1.0.0/dist/extension.js:2:895287
	at Immediate.<anonymous> (/home/nick/.vscode-oss/extensions/redhat.java-1.0.0/dist/extension.js:2:895652)
	at processImmediate (internal/timers.js:461:21)
[2021-11-20 14:21:08.977] [renderer1] [error] selectionRange must be contained in fullRange: Error: selectionRange must be contained in fullRange
	at Function.validate (/usr/lib/code/out/vs/workbench/services/extensions/node/extensionHostProcess.js:87:30564)
	at new n (/usr/lib/code/out/vs/workbench/services/extensions/node/extensionHostProcess.js:87:30432)
	at new n (/usr/lib/code/out/vs/workbench/services/extensions/node/extensionHostProcess.js:87:17223)
	at $ (/home/nick/.vscode-oss/extensions/redhat.java-1.0.0/dist/extension.js:2:800105)
	at Array.map (<anonymous>)
	at Object.asDocumentSymbols (/home/nick/.vscode-oss/extensions/redhat.java-1.0.0/dist/extension.js:2:805451)
	at /home/nick/.vscode-oss/extensions/redhat.java-1.0.0/dist/extension.js:2:624152
	at Generator.next (<anonymous>)
	at s (/home/nick/.vscode-oss/extensions/redhat.java-1.0.0/dist/extension.js:2:623246)
[2021-11-20 14:24:05.688] [renderer1] [error] The request (id: 4574, method: 'textDocument/hover') has been cancelled: Error: The request (id: 4574, method: 'textDocument/hover') has been cancelled
	at /home/nick/.vscode-oss/extensions/redhat.java-1.0.0/dist/extension.js:2:894993
	at /home/nick/.vscode-oss/extensions/redhat.java-1.0.0/dist/extension.js:2:895287
	at Immediate.<anonymous> (/home/nick/.vscode-oss/extensions/redhat.java-1.0.0/dist/extension.js:2:895652)
	at processImmediate (internal/timers.js:461:21)
[2021-11-20 14:24:08.808] [renderer1] [error] The request (id: 4602, method: 'textDocument/documentSymbol') has been cancelled: Error: The request (id: 4602, method: 'textDocument/documentSymbol') has been cancelled
	at /home/nick/.vscode-oss/extensions/redhat.java-1.0.0/dist/extension.js:2:894993
	at /home/nick/.vscode-oss/extensions/redhat.java-1.0.0/dist/extension.js:2:895287
	at Immediate.<anonymous> (/home/nick/.vscode-oss/extensions/redhat.java-1.0.0/dist/extension.js:2:895652)
	at processImmediate (internal/timers.js:461:21)
[2021-11-20 14:24:08.860] [renderer1] [error] The request (id: 4605, method: 'textDocument/documentSymbol') has been cancelled: Error: The request (id: 4605, method: 'textDocument/documentSymbol') has been cancelled
	at /home/nick/.vscode-oss/extensions/redhat.java-1.0.0/dist/extension.js:2:894993
	at /home/nick/.vscode-oss/extensions/redhat.java-1.0.0/dist/extension.js:2:895287
	at Immediate.<anonymous> (/home/nick/.vscode-oss/extensions/redhat.java-1.0.0/dist/extension.js:2:895652)
	at processImmediate (internal/timers.js:461:21)
[2021-11-20 14:24:17.710] [renderer1] [error] The request (id: 4625, method: 'textDocument/documentSymbol') has been cancelled: Error: The request (id: 4625, method: 'textDocument/documentSymbol') has been cancelled
	at /home/nick/.vscode-oss/extensions/redhat.java-1.0.0/dist/extension.js:2:894993
	at /home/nick/.vscode-oss/extensions/redhat.java-1.0.0/dist/extension.js:2:895287
	at Immediate.<anonymous> (/home/nick/.vscode-oss/extensions/redhat.java-1.0.0/dist/extension.js:2:895652)
	at processImmediate (internal/timers.js:461:21)
[2021-11-20 14:24:49.877] [renderer1] [error] The request (id: 4682, method: 'textDocument/documentSymbol') has been cancelled: Error: The request (id: 4682, method: 'textDocument/documentSymbol') has been cancelled
	at /home/nick/.vscode-oss/extensions/redhat.java-1.0.0/dist/extension.js:2:894993
	at /home/nick/.vscode-oss/extensions/redhat.java-1.0.0/dist/extension.js:2:895287
	at Immediate.<anonymous> (/home/nick/.vscode-oss/extensions/redhat.java-1.0.0/dist/extension.js:2:895652)
	at processImmediate (internal/timers.js:461:21)
[2021-11-20 14:25:39.812] [renderer1] [error] selectionRange must be contained in fullRange: Error: selectionRange must be contained in fullRange
	at Function.validate (/usr/lib/code/out/vs/workbench/services/extensions/node/extensionHostProcess.js:87:30564)
	at new n (/usr/lib/code/out/vs/workbench/services/extensions/node/extensionHostProcess.js:87:30432)
	at new n (/usr/lib/code/out/vs/workbench/services/extensions/node/extensionHostProcess.js:87:17223)
	at $ (/home/nick/.vscode-oss/extensions/redhat.java-1.0.0/dist/extension.js:2:800105)
	at Array.map (<anonymous>)
	at Object.asDocumentSymbols (/home/nick/.vscode-oss/extensions/redhat.java-1.0.0/dist/extension.js:2:805451)
	at /home/nick/.vscode-oss/extensions/redhat.java-1.0.0/dist/extension.js:2:624152
	at Generator.next (<anonymous>)
	at s (/home/nick/.vscode-oss/extensions/redhat.java-1.0.0/dist/extension.js:2:623246)
[2021-11-20 14:26:51.521] [renderer1] [error] selectionRange must be contained in fullRange: Error: selectionRange must be contained in fullRange
	at Function.validate (/usr/lib/code/out/vs/workbench/services/extensions/node/extensionHostProcess.js:87:30564)
	at new n (/usr/lib/code/out/vs/workbench/services/extensions/node/extensionHostProcess.js:87:30432)
	at new n (/usr/lib/code/out/vs/workbench/services/extensions/node/extensionHostProcess.js:87:17223)
	at $ (/home/nick/.vscode-oss/extensions/redhat.java-1.0.0/dist/extension.js:2:800105)
	at $ (/home/nick/.vscode-oss/extensions/redhat.java-1.0.0/dist/extension.js:2:800280)
	at Array.map (<anonymous>)
	at Object.asDocumentSymbols (/home/nick/.vscode-oss/extensions/redhat.java-1.0.0/dist/extension.js:2:805451)
	at /home/nick/.vscode-oss/extensions/redhat.java-1.0.0/dist/extension.js:2:624152
	at Generator.next (<anonymous>)
	at s (/home/nick/.vscode-oss/extensions/redhat.java-1.0.0/dist/extension.js:2:623246)
[2021-11-20 14:26:55.319] [renderer1] [error] The request (id: 5195, method: 'textDocument/documentSymbol') has been cancelled: Error: The request (id: 5195, method: 'textDocument/documentSymbol') has been cancelled
	at /home/nick/.vscode-oss/extensions/redhat.java-1.0.0/dist/extension.js:2:894993
	at /home/nick/.vscode-oss/extensions/redhat.java-1.0.0/dist/extension.js:2:895287
	at Immediate.<anonymous> (/home/nick/.vscode-oss/extensions/redhat.java-1.0.0/dist/extension.js:2:895652)
	at processImmediate (internal/timers.js:461:21)
[2021-11-20 14:30:02.693] [renderer1] [error] The request (id: 5883, method: 'textDocument/hover') has been cancelled: Error: The request (id: 5883, method: 'textDocument/hover') has been cancelled
	at /home/nick/.vscode-oss/extensions/redhat.java-1.0.0/dist/extension.js:2:894993
	at /home/nick/.vscode-oss/extensions/redhat.java-1.0.0/dist/extension.js:2:895287
	at Immediate.<anonymous> (/home/nick/.vscode-oss/extensions/redhat.java-1.0.0/dist/extension.js:2:895652)
	at processImmediate (internal/timers.js:461:21)
[2021-11-20 14:30:07.115] [renderer1] [error] The request (id: 5903, method: 'textDocument/documentSymbol') has been cancelled: Error: The request (id: 5903, method: 'textDocument/documentSymbol') has been cancelled
	at /home/nick/.vscode-oss/extensions/redhat.java-1.0.0/dist/extension.js:2:894993
	at /home/nick/.vscode-oss/extensions/redhat.java-1.0.0/dist/extension.js:2:895287
	at Immediate.<anonymous> (/home/nick/.vscode-oss/extensions/redhat.java-1.0.0/dist/extension.js:2:895652)
	at processImmediate (internal/timers.js:461:21)
[2021-11-20 14:30:12.620] [renderer1] [error] The request (id: 5932, method: 'textDocument/hover') has been cancelled: Error: The request (id: 5932, method: 'textDocument/hover') has been cancelled
	at /home/nick/.vscode-oss/extensions/redhat.java-1.0.0/dist/extension.js:2:894993
	at /home/nick/.vscode-oss/extensions/redhat.java-1.0.0/dist/extension.js:2:895287
	at Immediate.<anonymous> (/home/nick/.vscode-oss/extensions/redhat.java-1.0.0/dist/extension.js:2:895652)
	at processImmediate (internal/timers.js:461:21)
[2021-11-20 14:30:28.703] [renderer1] [error] The request (id: 5961, method: 'textDocument/hover') has been cancelled: Error: The request (id: 5961, method: 'textDocument/hover') has been cancelled
	at /home/nick/.vscode-oss/extensions/redhat.java-1.0.0/dist/extension.js:2:894993
	at /home/nick/.vscode-oss/extensions/redhat.java-1.0.0/dist/extension.js:2:895287
	at Immediate.<anonymous> (/home/nick/.vscode-oss/extensions/redhat.java-1.0.0/dist/extension.js:2:895652)
	at processImmediate (internal/timers.js:461:21)
[2021-11-20 14:32:56.680] [renderer1] [error] The request (id: 6630, method: 'textDocument/documentSymbol') has been cancelled: Error: The request (id: 6630, method: 'textDocument/documentSymbol') has been cancelled
	at /home/nick/.vscode-oss/extensions/redhat.java-1.0.0/dist/extension.js:2:894993
	at /home/nick/.vscode-oss/extensions/redhat.java-1.0.0/dist/extension.js:2:895287
	at Immediate.<anonymous> (/home/nick/.vscode-oss/extensions/redhat.java-1.0.0/dist/extension.js:2:895652)
	at processImmediate (internal/timers.js:461:21)
[2021-11-20 14:33:04.805] [renderer1] [error] The request (id: 6637, method: 'textDocument/documentSymbol') has been cancelled: Error: The request (id: 6637, method: 'textDocument/documentSymbol') has been cancelled
	at /home/nick/.vscode-oss/extensions/redhat.java-1.0.0/dist/extension.js:2:894993
	at /home/nick/.vscode-oss/extensions/redhat.java-1.0.0/dist/extension.js:2:895287
	at Immediate.<anonymous> (/home/nick/.vscode-oss/extensions/redhat.java-1.0.0/dist/extension.js:2:895652)
	at processImmediate (internal/timers.js:461:21)
[2021-11-20 14:33:08.261] [renderer1] [error] The request (id: 6646, method: 'textDocument/documentSymbol') has been cancelled: Error: The request (id: 6646, method: 'textDocument/documentSymbol') has been cancelled
	at /home/nick/.vscode-oss/extensions/redhat.java-1.0.0/dist/extension.js:2:894993
	at /home/nick/.vscode-oss/extensions/redhat.java-1.0.0/dist/extension.js:2:895287
	at Immediate.<anonymous> (/home/nick/.vscode-oss/extensions/redhat.java-1.0.0/dist/extension.js:2:895652)
	at processImmediate (internal/timers.js:461:21)
[2021-11-20 14:33:11.421] [renderer1] [error] The request (id: 6653, method: 'textDocument/documentSymbol') has been cancelled: Error: The request (id: 6653, method: 'textDocument/documentSymbol') has been cancelled
	at /home/nick/.vscode-oss/extensions/redhat.java-1.0.0/dist/extension.js:2:894993
	at /home/nick/.vscode-oss/extensions/redhat.java-1.0.0/dist/extension.js:2:895287
	at Immediate.<anonymous> (/home/nick/.vscode-oss/extensions/redhat.java-1.0.0/dist/extension.js:2:895652)
	at processImmediate (internal/timers.js:461:21)
[2021-11-20 14:33:21.229] [renderer1] [error] The request (id: 6701, method: 'textDocument/documentSymbol') has been cancelled: Error: The request (id: 6701, method: 'textDocument/documentSymbol') has been cancelled
	at /home/nick/.vscode-oss/extensions/redhat.java-1.0.0/dist/extension.js:2:894993
	at /home/nick/.vscode-oss/extensions/redhat.java-1.0.0/dist/extension.js:2:895287
	at Immediate.<anonymous> (/home/nick/.vscode-oss/extensions/redhat.java-1.0.0/dist/extension.js:2:895652)
	at processImmediate (internal/timers.js:461:21)
[2021-11-20 14:34:20.424] [renderer1] [error] selectionRange must be contained in fullRange: Error: selectionRange must be contained in fullRange
	at Function.validate (/usr/lib/code/out/vs/workbench/services/extensions/node/extensionHostProcess.js:87:30564)
	at new n (/usr/lib/code/out/vs/workbench/services/extensions/node/extensionHostProcess.js:87:30432)
	at new n (/usr/lib/code/out/vs/workbench/services/extensions/node/extensionHostProcess.js:87:17223)
	at $ (/home/nick/.vscode-oss/extensions/redhat.java-1.0.0/dist/extension.js:2:800105)
	at Array.map (<anonymous>)
	at Object.asDocumentSymbols (/home/nick/.vscode-oss/extensions/redhat.java-1.0.0/dist/extension.js:2:805451)
	at /home/nick/.vscode-oss/extensions/redhat.java-1.0.0/dist/extension.js:2:624152
	at Generator.next (<anonymous>)
	at s (/home/nick/.vscode-oss/extensions/redhat.java-1.0.0/dist/extension.js:2:623246)
	at runMicrotasks (<anonymous>)
	at runNextTicks (internal/process/task_queues.js:58:5)
	at processImmediate (internal/timers.js:434:9)
[2021-11-20 14:34:39.145] [renderer1] [error] Internal error.: Error: Internal error.
	at /home/nick/.vscode-oss/extensions/redhat.java-1.0.0/dist/extension.js:2:894993
	at /home/nick/.vscode-oss/extensions/redhat.java-1.0.0/dist/extension.js:2:895287
	at Immediate.<anonymous> (/home/nick/.vscode-oss/extensions/redhat.java-1.0.0/dist/extension.js:2:895652)
	at processImmediate (internal/timers.js:461:21)
[2021-11-20 14:34:54.329] [renderer1] [error] The request (id: 7194, method: 'textDocument/documentSymbol') has been cancelled: Error: The request (id: 7194, method: 'textDocument/documentSymbol') has been cancelled
	at /home/nick/.vscode-oss/extensions/redhat.java-1.0.0/dist/extension.js:2:894993
	at /home/nick/.vscode-oss/extensions/redhat.java-1.0.0/dist/extension.js:2:895287
	at Immediate.<anonymous> (/home/nick/.vscode-oss/extensions/redhat.java-1.0.0/dist/extension.js:2:895652)
	at processImmediate (internal/timers.js:461:21)
[2021-11-20 14:37:52.459] [renderer1] [error] The request (id: 7494, method: 'textDocument/hover') has been cancelled: Error: The request (id: 7494, method: 'textDocument/hover') has been cancelled
	at /home/nick/.vscode-oss/extensions/redhat.java-1.0.0/dist/extension.js:2:894993
	at /home/nick/.vscode-oss/extensions/redhat.java-1.0.0/dist/extension.js:2:895287
	at Immediate.<anonymous> (/home/nick/.vscode-oss/extensions/redhat.java-1.0.0/dist/extension.js:2:895652)
	at processImmediate (internal/timers.js:461:21)
[2021-11-20 14:38:01.402] [renderer1] [error] selectionRange must be contained in fullRange: Error: selectionRange must be contained in fullRange
	at Function.validate (/usr/lib/code/out/vs/workbench/services/extensions/node/extensionHostProcess.js:87:30564)
	at new n (/usr/lib/code/out/vs/workbench/services/extensions/node/extensionHostProcess.js:87:30432)
	at new n (/usr/lib/code/out/vs/workbench/services/extensions/node/extensionHostProcess.js:87:17223)
	at $ (/home/nick/.vscode-oss/extensions/redhat.java-1.0.0/dist/extension.js:2:800105)
	at Array.map (<anonymous>)
	at Object.asDocumentSymbols (/home/nick/.vscode-oss/extensions/redhat.java-1.0.0/dist/extension.js:2:805451)
	at /home/nick/.vscode-oss/extensions/redhat.java-1.0.0/dist/extension.js:2:624152
	at Generator.next (<anonymous>)
	at s (/home/nick/.vscode-oss/extensions/redhat.java-1.0.0/dist/extension.js:2:623246)
[2021-11-20 14:38:13.126] [renderer1] [error] The request (id: 7616, method: 'textDocument/hover') has been cancelled: Error: The request (id: 7616, method: 'textDocument/hover') has been cancelled
	at /home/nick/.vscode-oss/extensions/redhat.java-1.0.0/dist/extension.js:2:894993
	at /home/nick/.vscode-oss/extensions/redhat.java-1.0.0/dist/extension.js:2:895287
	at Immediate.<anonymous> (/home/nick/.vscode-oss/extensions/redhat.java-1.0.0/dist/extension.js:2:895652)
	at processImmediate (internal/timers.js:461:21)
