[2022-04-25 10:01:04.762] [renderer1] [warning] [/home/nick/.vscode-oss/extensions/sumneko.lua-2.5.3]: Couldn't find message for key config.diagnostics.ambiguity-1.
[2022-04-25 10:01:04.762] [renderer1] [warning] [/home/nick/.vscode-oss/extensions/sumneko.lua-2.5.3]: Couldn't find message for key config.diagnostics.await-in-sync.
[2022-04-25 10:01:04.762] [renderer1] [warning] [/home/nick/.vscode-oss/extensions/sumneko.lua-2.5.3]: Couldn't find message for key config.diagnostics.circle-doc-class.
[2022-04-25 10:01:04.762] [renderer1] [warning] [/home/nick/.vscode-oss/extensions/sumneko.lua-2.5.3]: Couldn't find message for key config.diagnostics.close-non-object.
[2022-04-25 10:01:04.763] [renderer1] [warning] [/home/nick/.vscode-oss/extensions/sumneko.lua-2.5.3]: Couldn't find message for key config.diagnostics.code-after-break.
[2022-04-25 10:01:04.763] [renderer1] [warning] [/home/nick/.vscode-oss/extensions/sumneko.lua-2.5.3]: Couldn't find message for key config.diagnostics.count-down-loop.
[2022-04-25 10:01:04.763] [renderer1] [warning] [/home/nick/.vscode-oss/extensions/sumneko.lua-2.5.3]: Couldn't find message for key config.diagnostics.deprecated.
[2022-04-25 10:01:04.763] [renderer1] [warning] [/home/nick/.vscode-oss/extensions/sumneko.lua-2.5.3]: Couldn't find message for key config.diagnostics.different-requires.
[2022-04-25 10:01:04.763] [renderer1] [warning] [/home/nick/.vscode-oss/extensions/sumneko.lua-2.5.3]: Couldn't find message for key config.diagnostics.discard-returns.
[2022-04-25 10:01:04.763] [renderer1] [warning] [/home/nick/.vscode-oss/extensions/sumneko.lua-2.5.3]: Couldn't find message for key config.diagnostics.doc-field-no-class.
[2022-04-25 10:01:04.764] [renderer1] [warning] [/home/nick/.vscode-oss/extensions/sumneko.lua-2.5.3]: Couldn't find message for key config.diagnostics.duplicate-doc-class.
[2022-04-25 10:01:04.764] [renderer1] [warning] [/home/nick/.vscode-oss/extensions/sumneko.lua-2.5.3]: Couldn't find message for key config.diagnostics.duplicate-doc-field.
[2022-04-25 10:01:04.764] [renderer1] [warning] [/home/nick/.vscode-oss/extensions/sumneko.lua-2.5.3]: Couldn't find message for key config.diagnostics.duplicate-doc-param.
[2022-04-25 10:01:04.764] [renderer1] [warning] [/home/nick/.vscode-oss/extensions/sumneko.lua-2.5.3]: Couldn't find message for key config.diagnostics.duplicate-index.
[2022-04-25 10:01:04.764] [renderer1] [warning] [/home/nick/.vscode-oss/extensions/sumneko.lua-2.5.3]: Couldn't find message for key config.diagnostics.duplicate-set-field.
[2022-04-25 10:01:04.765] [renderer1] [warning] [/home/nick/.vscode-oss/extensions/sumneko.lua-2.5.3]: Couldn't find message for key config.diagnostics.empty-block.
[2022-04-25 10:01:04.765] [renderer1] [warning] [/home/nick/.vscode-oss/extensions/sumneko.lua-2.5.3]: Couldn't find message for key config.diagnostics.global-in-nil-env.
[2022-04-25 10:01:04.765] [renderer1] [warning] [/home/nick/.vscode-oss/extensions/sumneko.lua-2.5.3]: Couldn't find message for key config.diagnostics.lowercase-global.
[2022-04-25 10:01:04.765] [renderer1] [warning] [/home/nick/.vscode-oss/extensions/sumneko.lua-2.5.3]: Couldn't find message for key config.diagnostics.newfield-call.
[2022-04-25 10:01:04.765] [renderer1] [warning] [/home/nick/.vscode-oss/extensions/sumneko.lua-2.5.3]: Couldn't find message for key config.diagnostics.newline-call.
[2022-04-25 10:01:04.766] [renderer1] [warning] [/home/nick/.vscode-oss/extensions/sumneko.lua-2.5.3]: Couldn't find message for key config.diagnostics.no-implicit-any.
[2022-04-25 10:01:04.766] [renderer1] [warning] [/home/nick/.vscode-oss/extensions/sumneko.lua-2.5.3]: Couldn't find message for key config.diagnostics.not-yieldable.
[2022-04-25 10:01:04.766] [renderer1] [warning] [/home/nick/.vscode-oss/extensions/sumneko.lua-2.5.3]: Couldn't find message for key config.diagnostics.redefined-local.
[2022-04-25 10:01:04.766] [renderer1] [warning] [/home/nick/.vscode-oss/extensions/sumneko.lua-2.5.3]: Couldn't find message for key config.diagnostics.redundant-parameter.
[2022-04-25 10:01:04.766] [renderer1] [warning] [/home/nick/.vscode-oss/extensions/sumneko.lua-2.5.3]: Couldn't find message for key config.diagnostics.redundant-return.
[2022-04-25 10:01:04.766] [renderer1] [warning] [/home/nick/.vscode-oss/extensions/sumneko.lua-2.5.3]: Couldn't find message for key config.diagnostics.redundant-value.
[2022-04-25 10:01:04.766] [renderer1] [warning] [/home/nick/.vscode-oss/extensions/sumneko.lua-2.5.3]: Couldn't find message for key config.diagnostics.trailing-space.
[2022-04-25 10:01:04.766] [renderer1] [warning] [/home/nick/.vscode-oss/extensions/sumneko.lua-2.5.3]: Couldn't find message for key config.diagnostics.type-check.
[2022-04-25 10:01:04.767] [renderer1] [warning] [/home/nick/.vscode-oss/extensions/sumneko.lua-2.5.3]: Couldn't find message for key config.diagnostics.unbalanced-assignments.
[2022-04-25 10:01:04.767] [renderer1] [warning] [/home/nick/.vscode-oss/extensions/sumneko.lua-2.5.3]: Couldn't find message for key config.diagnostics.undefined-doc-class.
[2022-04-25 10:01:04.767] [renderer1] [warning] [/home/nick/.vscode-oss/extensions/sumneko.lua-2.5.3]: Couldn't find message for key config.diagnostics.undefined-doc-name.
[2022-04-25 10:01:04.767] [renderer1] [warning] [/home/nick/.vscode-oss/extensions/sumneko.lua-2.5.3]: Couldn't find message for key config.diagnostics.undefined-doc-param.
[2022-04-25 10:01:04.767] [renderer1] [warning] [/home/nick/.vscode-oss/extensions/sumneko.lua-2.5.3]: Couldn't find message for key config.diagnostics.undefined-env-child.
[2022-04-25 10:01:04.767] [renderer1] [warning] [/home/nick/.vscode-oss/extensions/sumneko.lua-2.5.3]: Couldn't find message for key config.diagnostics.undefined-field.
[2022-04-25 10:01:04.767] [renderer1] [warning] [/home/nick/.vscode-oss/extensions/sumneko.lua-2.5.3]: Couldn't find message for key config.diagnostics.undefined-global.
[2022-04-25 10:01:04.768] [renderer1] [warning] [/home/nick/.vscode-oss/extensions/sumneko.lua-2.5.3]: Couldn't find message for key config.diagnostics.unknown-diag-code.
[2022-04-25 10:01:04.768] [renderer1] [warning] [/home/nick/.vscode-oss/extensions/sumneko.lua-2.5.3]: Couldn't find message for key config.diagnostics.unused-function.
[2022-04-25 10:01:04.768] [renderer1] [warning] [/home/nick/.vscode-oss/extensions/sumneko.lua-2.5.3]: Couldn't find message for key config.diagnostics.unused-label.
[2022-04-25 10:01:04.768] [renderer1] [warning] [/home/nick/.vscode-oss/extensions/sumneko.lua-2.5.3]: Couldn't find message for key config.diagnostics.unused-local.
[2022-04-25 10:01:04.768] [renderer1] [warning] [/home/nick/.vscode-oss/extensions/sumneko.lua-2.5.3]: Couldn't find message for key config.diagnostics.unused-vararg.
[2022-04-25 10:01:04.768] [renderer1] [warning] [/home/nick/.vscode-oss/extensions/sumneko.lua-2.5.3]: Couldn't find message for key config.diagnostics.ambiguity-1.
[2022-04-25 10:01:04.768] [renderer1] [warning] [/home/nick/.vscode-oss/extensions/sumneko.lua-2.5.3]: Couldn't find message for key config.diagnostics.await-in-sync.
[2022-04-25 10:01:04.768] [renderer1] [warning] [/home/nick/.vscode-oss/extensions/sumneko.lua-2.5.3]: Couldn't find message for key config.diagnostics.circle-doc-class.
[2022-04-25 10:01:04.769] [renderer1] [warning] [/home/nick/.vscode-oss/extensions/sumneko.lua-2.5.3]: Couldn't find message for key config.diagnostics.close-non-object.
[2022-04-25 10:01:04.769] [renderer1] [warning] [/home/nick/.vscode-oss/extensions/sumneko.lua-2.5.3]: Couldn't find message for key config.diagnostics.code-after-break.
[2022-04-25 10:01:04.769] [renderer1] [warning] [/home/nick/.vscode-oss/extensions/sumneko.lua-2.5.3]: Couldn't find message for key config.diagnostics.count-down-loop.
[2022-04-25 10:01:04.769] [renderer1] [warning] [/home/nick/.vscode-oss/extensions/sumneko.lua-2.5.3]: Couldn't find message for key config.diagnostics.deprecated.
[2022-04-25 10:01:04.769] [renderer1] [warning] [/home/nick/.vscode-oss/extensions/sumneko.lua-2.5.3]: Couldn't find message for key config.diagnostics.different-requires.
[2022-04-25 10:01:04.769] [renderer1] [warning] [/home/nick/.vscode-oss/extensions/sumneko.lua-2.5.3]: Couldn't find message for key config.diagnostics.discard-returns.
[2022-04-25 10:01:04.770] [renderer1] [warning] [/home/nick/.vscode-oss/extensions/sumneko.lua-2.5.3]: Couldn't find message for key config.diagnostics.doc-field-no-class.
[2022-04-25 10:01:04.770] [renderer1] [warning] [/home/nick/.vscode-oss/extensions/sumneko.lua-2.5.3]: Couldn't find message for key config.diagnostics.duplicate-doc-class.
[2022-04-25 10:01:04.770] [renderer1] [warning] [/home/nick/.vscode-oss/extensions/sumneko.lua-2.5.3]: Couldn't find message for key config.diagnostics.duplicate-doc-field.
[2022-04-25 10:01:04.770] [renderer1] [warning] [/home/nick/.vscode-oss/extensions/sumneko.lua-2.5.3]: Couldn't find message for key config.diagnostics.duplicate-doc-param.
[2022-04-25 10:01:04.770] [renderer1] [warning] [/home/nick/.vscode-oss/extensions/sumneko.lua-2.5.3]: Couldn't find message for key config.diagnostics.duplicate-index.
[2022-04-25 10:01:04.770] [renderer1] [warning] [/home/nick/.vscode-oss/extensions/sumneko.lua-2.5.3]: Couldn't find message for key config.diagnostics.duplicate-set-field.
[2022-04-25 10:01:04.771] [renderer1] [warning] [/home/nick/.vscode-oss/extensions/sumneko.lua-2.5.3]: Couldn't find message for key config.diagnostics.empty-block.
[2022-04-25 10:01:04.771] [renderer1] [warning] [/home/nick/.vscode-oss/extensions/sumneko.lua-2.5.3]: Couldn't find message for key config.diagnostics.global-in-nil-env.
[2022-04-25 10:01:04.771] [renderer1] [warning] [/home/nick/.vscode-oss/extensions/sumneko.lua-2.5.3]: Couldn't find message for key config.diagnostics.lowercase-global.
[2022-04-25 10:01:04.771] [renderer1] [warning] [/home/nick/.vscode-oss/extensions/sumneko.lua-2.5.3]: Couldn't find message for key config.diagnostics.newfield-call.
[2022-04-25 10:01:04.771] [renderer1] [warning] [/home/nick/.vscode-oss/extensions/sumneko.lua-2.5.3]: Couldn't find message for key config.diagnostics.newline-call.
[2022-04-25 10:01:04.772] [renderer1] [warning] [/home/nick/.vscode-oss/extensions/sumneko.lua-2.5.3]: Couldn't find message for key config.diagnostics.no-implicit-any.
[2022-04-25 10:01:04.772] [renderer1] [warning] [/home/nick/.vscode-oss/extensions/sumneko.lua-2.5.3]: Couldn't find message for key config.diagnostics.not-yieldable.
[2022-04-25 10:01:04.772] [renderer1] [warning] [/home/nick/.vscode-oss/extensions/sumneko.lua-2.5.3]: Couldn't find message for key config.diagnostics.redefined-local.
[2022-04-25 10:01:04.772] [renderer1] [warning] [/home/nick/.vscode-oss/extensions/sumneko.lua-2.5.3]: Couldn't find message for key config.diagnostics.redundant-parameter.
[2022-04-25 10:01:04.772] [renderer1] [warning] [/home/nick/.vscode-oss/extensions/sumneko.lua-2.5.3]: Couldn't find message for key config.diagnostics.redundant-return.
[2022-04-25 10:01:04.772] [renderer1] [warning] [/home/nick/.vscode-oss/extensions/sumneko.lua-2.5.3]: Couldn't find message for key config.diagnostics.redundant-value.
[2022-04-25 10:01:04.772] [renderer1] [warning] [/home/nick/.vscode-oss/extensions/sumneko.lua-2.5.3]: Couldn't find message for key config.diagnostics.trailing-space.
[2022-04-25 10:01:04.773] [renderer1] [warning] [/home/nick/.vscode-oss/extensions/sumneko.lua-2.5.3]: Couldn't find message for key config.diagnostics.type-check.
[2022-04-25 10:01:04.773] [renderer1] [warning] [/home/nick/.vscode-oss/extensions/sumneko.lua-2.5.3]: Couldn't find message for key config.diagnostics.unbalanced-assignments.
[2022-04-25 10:01:04.773] [renderer1] [warning] [/home/nick/.vscode-oss/extensions/sumneko.lua-2.5.3]: Couldn't find message for key config.diagnostics.undefined-doc-class.
[2022-04-25 10:01:04.773] [renderer1] [warning] [/home/nick/.vscode-oss/extensions/sumneko.lua-2.5.3]: Couldn't find message for key config.diagnostics.undefined-doc-name.
[2022-04-25 10:01:04.773] [renderer1] [warning] [/home/nick/.vscode-oss/extensions/sumneko.lua-2.5.3]: Couldn't find message for key config.diagnostics.undefined-doc-param.
[2022-04-25 10:01:04.773] [renderer1] [warning] [/home/nick/.vscode-oss/extensions/sumneko.lua-2.5.3]: Couldn't find message for key config.diagnostics.undefined-env-child.
[2022-04-25 10:01:04.773] [renderer1] [warning] [/home/nick/.vscode-oss/extensions/sumneko.lua-2.5.3]: Couldn't find message for key config.diagnostics.undefined-field.
[2022-04-25 10:01:04.773] [renderer1] [warning] [/home/nick/.vscode-oss/extensions/sumneko.lua-2.5.3]: Couldn't find message for key config.diagnostics.undefined-global.
[2022-04-25 10:01:04.774] [renderer1] [warning] [/home/nick/.vscode-oss/extensions/sumneko.lua-2.5.3]: Couldn't find message for key config.diagnostics.unknown-diag-code.
[2022-04-25 10:01:04.774] [renderer1] [warning] [/home/nick/.vscode-oss/extensions/sumneko.lua-2.5.3]: Couldn't find message for key config.diagnostics.unused-function.
[2022-04-25 10:01:04.774] [renderer1] [warning] [/home/nick/.vscode-oss/extensions/sumneko.lua-2.5.3]: Couldn't find message for key config.diagnostics.unused-label.
[2022-04-25 10:01:04.774] [renderer1] [warning] [/home/nick/.vscode-oss/extensions/sumneko.lua-2.5.3]: Couldn't find message for key config.diagnostics.unused-local.
[2022-04-25 10:01:04.774] [renderer1] [warning] [/home/nick/.vscode-oss/extensions/sumneko.lua-2.5.3]: Couldn't find message for key config.diagnostics.unused-vararg.
[2022-04-25 10:01:04.774] [renderer1] [warning] [/home/nick/.vscode-oss/extensions/sumneko.lua-2.5.3]: Couldn't find message for key config.runtime.builtin.basic.
[2022-04-25 10:01:04.774] [renderer1] [warning] [/home/nick/.vscode-oss/extensions/sumneko.lua-2.5.3]: Couldn't find message for key config.runtime.builtin.bit.
[2022-04-25 10:01:04.774] [renderer1] [warning] [/home/nick/.vscode-oss/extensions/sumneko.lua-2.5.3]: Couldn't find message for key config.runtime.builtin.bit32.
[2022-04-25 10:01:04.775] [renderer1] [warning] [/home/nick/.vscode-oss/extensions/sumneko.lua-2.5.3]: Couldn't find message for key config.runtime.builtin.builtin.
[2022-04-25 10:01:04.775] [renderer1] [warning] [/home/nick/.vscode-oss/extensions/sumneko.lua-2.5.3]: Couldn't find message for key config.runtime.builtin.coroutine.
[2022-04-25 10:01:04.775] [renderer1] [warning] [/home/nick/.vscode-oss/extensions/sumneko.lua-2.5.3]: Couldn't find message for key config.runtime.builtin.debug.
[2022-04-25 10:01:04.775] [renderer1] [warning] [/home/nick/.vscode-oss/extensions/sumneko.lua-2.5.3]: Couldn't find message for key config.runtime.builtin.ffi.
[2022-04-25 10:01:04.775] [renderer1] [warning] [/home/nick/.vscode-oss/extensions/sumneko.lua-2.5.3]: Couldn't find message for key config.runtime.builtin.io.
[2022-04-25 10:01:04.775] [renderer1] [warning] [/home/nick/.vscode-oss/extensions/sumneko.lua-2.5.3]: Couldn't find message for key config.runtime.builtin.jit.
[2022-04-25 10:01:04.775] [renderer1] [warning] [/home/nick/.vscode-oss/extensions/sumneko.lua-2.5.3]: Couldn't find message for key config.runtime.builtin.math.
[2022-04-25 10:01:04.776] [renderer1] [warning] [/home/nick/.vscode-oss/extensions/sumneko.lua-2.5.3]: Couldn't find message for key config.runtime.builtin.os.
[2022-04-25 10:01:04.776] [renderer1] [warning] [/home/nick/.vscode-oss/extensions/sumneko.lua-2.5.3]: Couldn't find message for key config.runtime.builtin.package.
[2022-04-25 10:01:04.776] [renderer1] [warning] [/home/nick/.vscode-oss/extensions/sumneko.lua-2.5.3]: Couldn't find message for key config.runtime.builtin.string.
[2022-04-25 10:01:04.776] [renderer1] [warning] [/home/nick/.vscode-oss/extensions/sumneko.lua-2.5.3]: Couldn't find message for key config.runtime.builtin.table.
[2022-04-25 10:01:04.776] [renderer1] [warning] [/home/nick/.vscode-oss/extensions/sumneko.lua-2.5.3]: Couldn't find message for key config.runtime.builtin.utf8.
[2022-04-25 10:01:04.816] [renderer1] [critical] Extension 'ms-python.python' wants API proposal 'languageStatus' but that proposal DOES NOT EXIST. Likely, the proposal has been finalized (check 'vscode.d.ts') or was abandoned.
[2022-04-25 10:01:04.816] [renderer1] [critical] Extension 'ms-python.python CANNOT USE these API proposals 'quickPickSortByLabel, testObserver, notebookEditor'. You MUST start in extension development mode or use the --enable-proposed-api command line flag
[2022-04-25 10:01:04.823] [renderer1] [info] Ignoring configured affinity for 'pub.name' because the extension is unknown or cannot execute.
[2022-04-25 10:01:05.065] [renderer1] [info] Ignoring configured affinity for 'pub.name' because the extension is unknown or cannot execute.
[2022-04-25 10:01:11.385] [renderer1] [warning] [/home/nick/.vscode-oss/extensions/sumneko.lua-3.2.0]: Couldn't find message for key config.diagnostics.await-in-sync.
[2022-04-25 10:01:11.385] [renderer1] [warning] [/home/nick/.vscode-oss/extensions/sumneko.lua-3.2.0]: Couldn't find message for key config.diagnostics.circle-doc-class.
[2022-04-25 10:01:11.385] [renderer1] [warning] [/home/nick/.vscode-oss/extensions/sumneko.lua-3.2.0]: Couldn't find message for key config.diagnostics.close-non-object.
[2022-04-25 10:01:11.385] [renderer1] [warning] [/home/nick/.vscode-oss/extensions/sumneko.lua-3.2.0]: Couldn't find message for key config.diagnostics.code-after-break.
[2022-04-25 10:01:11.385] [renderer1] [warning] [/home/nick/.vscode-oss/extensions/sumneko.lua-3.2.0]: Couldn't find message for key config.diagnostics.codestyle-check.
[2022-04-25 10:01:11.386] [renderer1] [warning] [/home/nick/.vscode-oss/extensions/sumneko.lua-3.2.0]: Couldn't find message for key config.diagnostics.count-down-loop.
[2022-04-25 10:01:11.386] [renderer1] [warning] [/home/nick/.vscode-oss/extensions/sumneko.lua-3.2.0]: Couldn't find message for key config.diagnostics.deprecated.
[2022-04-25 10:01:11.386] [renderer1] [warning] [/home/nick/.vscode-oss/extensions/sumneko.lua-3.2.0]: Couldn't find message for key config.diagnostics.different-requires.
[2022-04-25 10:01:11.386] [renderer1] [warning] [/home/nick/.vscode-oss/extensions/sumneko.lua-3.2.0]: Couldn't find message for key config.diagnostics.discard-returns.
[2022-04-25 10:01:11.386] [renderer1] [warning] [/home/nick/.vscode-oss/extensions/sumneko.lua-3.2.0]: Couldn't find message for key config.diagnostics.doc-field-no-class.
[2022-04-25 10:01:11.386] [renderer1] [warning] [/home/nick/.vscode-oss/extensions/sumneko.lua-3.2.0]: Couldn't find message for key config.diagnostics.duplicate-doc-alias.
[2022-04-25 10:01:11.387] [renderer1] [warning] [/home/nick/.vscode-oss/extensions/sumneko.lua-3.2.0]: Couldn't find message for key config.diagnostics.duplicate-doc-field.
[2022-04-25 10:01:11.387] [renderer1] [warning] [/home/nick/.vscode-oss/extensions/sumneko.lua-3.2.0]: Couldn't find message for key config.diagnostics.duplicate-doc-param.
[2022-04-25 10:01:11.387] [renderer1] [warning] [/home/nick/.vscode-oss/extensions/sumneko.lua-3.2.0]: Couldn't find message for key config.diagnostics.duplicate-set-field.
[2022-04-25 10:01:11.387] [renderer1] [warning] [/home/nick/.vscode-oss/extensions/sumneko.lua-3.2.0]: Couldn't find message for key config.diagnostics.missing-parameter.
[2022-04-25 10:01:11.387] [renderer1] [warning] [/home/nick/.vscode-oss/extensions/sumneko.lua-3.2.0]: Couldn't find message for key config.diagnostics.need-check-nil.
[2022-04-25 10:01:11.387] [renderer1] [warning] [/home/nick/.vscode-oss/extensions/sumneko.lua-3.2.0]: Couldn't find message for key config.diagnostics.no-unknown.
[2022-04-25 10:01:11.388] [renderer1] [warning] [/home/nick/.vscode-oss/extensions/sumneko.lua-3.2.0]: Couldn't find message for key config.diagnostics.not-yieldable.
[2022-04-25 10:01:11.388] [renderer1] [warning] [/home/nick/.vscode-oss/extensions/sumneko.lua-3.2.0]: Couldn't find message for key config.diagnostics.redundant-return.
[2022-04-25 10:01:11.388] [renderer1] [warning] [/home/nick/.vscode-oss/extensions/sumneko.lua-3.2.0]: Couldn't find message for key config.diagnostics.type-check.
[2022-04-25 10:01:11.388] [renderer1] [warning] [/home/nick/.vscode-oss/extensions/sumneko.lua-3.2.0]: Couldn't find message for key config.diagnostics.unbalanced-assignments.
[2022-04-25 10:01:11.388] [renderer1] [warning] [/home/nick/.vscode-oss/extensions/sumneko.lua-3.2.0]: Couldn't find message for key config.diagnostics.undefined-doc-class.
[2022-04-25 10:01:11.389] [renderer1] [warning] [/home/nick/.vscode-oss/extensions/sumneko.lua-3.2.0]: Couldn't find message for key config.diagnostics.undefined-doc-name.
[2022-04-25 10:01:11.389] [renderer1] [warning] [/home/nick/.vscode-oss/extensions/sumneko.lua-3.2.0]: Couldn't find message for key config.diagnostics.undefined-doc-param.
[2022-04-25 10:01:11.389] [renderer1] [warning] [/home/nick/.vscode-oss/extensions/sumneko.lua-3.2.0]: Couldn't find message for key config.diagnostics.undefined-field.
[2022-04-25 10:01:11.389] [renderer1] [warning] [/home/nick/.vscode-oss/extensions/sumneko.lua-3.2.0]: Couldn't find message for key config.diagnostics.unknown-diag-code.
[2022-04-25 10:01:11.389] [renderer1] [warning] [/home/nick/.vscode-oss/extensions/sumneko.lua-3.2.0]: Couldn't find message for key config.diagnostics.await-in-sync.
[2022-04-25 10:01:11.389] [renderer1] [warning] [/home/nick/.vscode-oss/extensions/sumneko.lua-3.2.0]: Couldn't find message for key config.diagnostics.circle-doc-class.
[2022-04-25 10:01:11.389] [renderer1] [warning] [/home/nick/.vscode-oss/extensions/sumneko.lua-3.2.0]: Couldn't find message for key config.diagnostics.close-non-object.
[2022-04-25 10:01:11.390] [renderer1] [warning] [/home/nick/.vscode-oss/extensions/sumneko.lua-3.2.0]: Couldn't find message for key config.diagnostics.code-after-break.
[2022-04-25 10:01:11.390] [renderer1] [warning] [/home/nick/.vscode-oss/extensions/sumneko.lua-3.2.0]: Couldn't find message for key config.diagnostics.codestyle-check.
[2022-04-25 10:01:11.390] [renderer1] [warning] [/home/nick/.vscode-oss/extensions/sumneko.lua-3.2.0]: Couldn't find message for key config.diagnostics.count-down-loop.
[2022-04-25 10:01:11.390] [renderer1] [warning] [/home/nick/.vscode-oss/extensions/sumneko.lua-3.2.0]: Couldn't find message for key config.diagnostics.deprecated.
[2022-04-25 10:01:11.390] [renderer1] [warning] [/home/nick/.vscode-oss/extensions/sumneko.lua-3.2.0]: Couldn't find message for key config.diagnostics.different-requires.
[2022-04-25 10:01:11.392] [renderer1] [warning] [/home/nick/.vscode-oss/extensions/sumneko.lua-3.2.0]: Couldn't find message for key config.diagnostics.discard-returns.
[2022-04-25 10:01:11.392] [renderer1] [warning] [/home/nick/.vscode-oss/extensions/sumneko.lua-3.2.0]: Couldn't find message for key config.diagnostics.doc-field-no-class.
[2022-04-25 10:01:11.392] [renderer1] [warning] [/home/nick/.vscode-oss/extensions/sumneko.lua-3.2.0]: Couldn't find message for key config.diagnostics.duplicate-doc-alias.
[2022-04-25 10:01:11.392] [renderer1] [warning] [/home/nick/.vscode-oss/extensions/sumneko.lua-3.2.0]: Couldn't find message for key config.diagnostics.duplicate-doc-field.
[2022-04-25 10:01:11.393] [renderer1] [warning] [/home/nick/.vscode-oss/extensions/sumneko.lua-3.2.0]: Couldn't find message for key config.diagnostics.duplicate-doc-param.
[2022-04-25 10:01:11.393] [renderer1] [warning] [/home/nick/.vscode-oss/extensions/sumneko.lua-3.2.0]: Couldn't find message for key config.diagnostics.duplicate-set-field.
[2022-04-25 10:01:11.393] [renderer1] [warning] [/home/nick/.vscode-oss/extensions/sumneko.lua-3.2.0]: Couldn't find message for key config.diagnostics.missing-parameter.
[2022-04-25 10:01:11.393] [renderer1] [warning] [/home/nick/.vscode-oss/extensions/sumneko.lua-3.2.0]: Couldn't find message for key config.diagnostics.need-check-nil.
[2022-04-25 10:01:11.394] [renderer1] [warning] [/home/nick/.vscode-oss/extensions/sumneko.lua-3.2.0]: Couldn't find message for key config.diagnostics.no-unknown.
[2022-04-25 10:01:11.394] [renderer1] [warning] [/home/nick/.vscode-oss/extensions/sumneko.lua-3.2.0]: Couldn't find message for key config.diagnostics.not-yieldable.
[2022-04-25 10:01:11.394] [renderer1] [warning] [/home/nick/.vscode-oss/extensions/sumneko.lua-3.2.0]: Couldn't find message for key config.diagnostics.redundant-return.
[2022-04-25 10:01:11.394] [renderer1] [warning] [/home/nick/.vscode-oss/extensions/sumneko.lua-3.2.0]: Couldn't find message for key config.diagnostics.type-check.
[2022-04-25 10:01:11.394] [renderer1] [warning] [/home/nick/.vscode-oss/extensions/sumneko.lua-3.2.0]: Couldn't find message for key config.diagnostics.unbalanced-assignments.
[2022-04-25 10:01:11.395] [renderer1] [warning] [/home/nick/.vscode-oss/extensions/sumneko.lua-3.2.0]: Couldn't find message for key config.diagnostics.undefined-doc-class.
[2022-04-25 10:01:11.395] [renderer1] [warning] [/home/nick/.vscode-oss/extensions/sumneko.lua-3.2.0]: Couldn't find message for key config.diagnostics.undefined-doc-name.
[2022-04-25 10:01:11.395] [renderer1] [warning] [/home/nick/.vscode-oss/extensions/sumneko.lua-3.2.0]: Couldn't find message for key config.diagnostics.undefined-doc-param.
[2022-04-25 10:01:11.395] [renderer1] [warning] [/home/nick/.vscode-oss/extensions/sumneko.lua-3.2.0]: Couldn't find message for key config.diagnostics.undefined-field.
[2022-04-25 10:01:11.395] [renderer1] [warning] [/home/nick/.vscode-oss/extensions/sumneko.lua-3.2.0]: Couldn't find message for key config.diagnostics.unknown-diag-code.
[2022-04-25 10:01:11.395] [renderer1] [warning] [/home/nick/.vscode-oss/extensions/sumneko.lua-3.2.0]: Couldn't find message for key config.format.defaultConfig.
[2022-04-25 10:01:11.396] [renderer1] [warning] [/home/nick/.vscode-oss/extensions/sumneko.lua-3.2.0]: Couldn't find message for key config.runtime.builtin.basic.
[2022-04-25 10:01:11.396] [renderer1] [warning] [/home/nick/.vscode-oss/extensions/sumneko.lua-3.2.0]: Couldn't find message for key config.runtime.builtin.bit.
[2022-04-25 10:01:11.396] [renderer1] [warning] [/home/nick/.vscode-oss/extensions/sumneko.lua-3.2.0]: Couldn't find message for key config.runtime.builtin.bit32.
[2022-04-25 10:01:11.396] [renderer1] [warning] [/home/nick/.vscode-oss/extensions/sumneko.lua-3.2.0]: Couldn't find message for key config.runtime.builtin.builtin.
[2022-04-25 10:01:11.396] [renderer1] [warning] [/home/nick/.vscode-oss/extensions/sumneko.lua-3.2.0]: Couldn't find message for key config.runtime.builtin.coroutine.
[2022-04-25 10:01:11.396] [renderer1] [warning] [/home/nick/.vscode-oss/extensions/sumneko.lua-3.2.0]: Couldn't find message for key config.runtime.builtin.debug.
[2022-04-25 10:01:11.396] [renderer1] [warning] [/home/nick/.vscode-oss/extensions/sumneko.lua-3.2.0]: Couldn't find message for key config.runtime.builtin.ffi.
[2022-04-25 10:01:11.397] [renderer1] [warning] [/home/nick/.vscode-oss/extensions/sumneko.lua-3.2.0]: Couldn't find message for key config.runtime.builtin.io.
[2022-04-25 10:01:11.397] [renderer1] [warning] [/home/nick/.vscode-oss/extensions/sumneko.lua-3.2.0]: Couldn't find message for key config.runtime.builtin.jit.
[2022-04-25 10:01:11.397] [renderer1] [warning] [/home/nick/.vscode-oss/extensions/sumneko.lua-3.2.0]: Couldn't find message for key config.runtime.builtin.math.
[2022-04-25 10:01:11.397] [renderer1] [warning] [/home/nick/.vscode-oss/extensions/sumneko.lua-3.2.0]: Couldn't find message for key config.runtime.builtin.os.
[2022-04-25 10:01:11.397] [renderer1] [warning] [/home/nick/.vscode-oss/extensions/sumneko.lua-3.2.0]: Couldn't find message for key config.runtime.builtin.package.
[2022-04-25 10:01:11.397] [renderer1] [warning] [/home/nick/.vscode-oss/extensions/sumneko.lua-3.2.0]: Couldn't find message for key config.runtime.builtin.string.
[2022-04-25 10:01:11.398] [renderer1] [warning] [/home/nick/.vscode-oss/extensions/sumneko.lua-3.2.0]: Couldn't find message for key config.runtime.builtin.table.
[2022-04-25 10:01:11.398] [renderer1] [warning] [/home/nick/.vscode-oss/extensions/sumneko.lua-3.2.0]: Couldn't find message for key config.runtime.builtin.utf8.
[2022-04-25 10:01:55.916] [renderer1] [warning] [/home/nick/.vscode-oss/extensions/sumneko.lua-2.5.3]: Couldn't find message for key config.diagnostics.ambiguity-1.
[2022-04-25 10:01:55.916] [renderer1] [warning] [/home/nick/.vscode-oss/extensions/sumneko.lua-2.5.3]: Couldn't find message for key config.diagnostics.await-in-sync.
[2022-04-25 10:01:55.916] [renderer1] [warning] [/home/nick/.vscode-oss/extensions/sumneko.lua-2.5.3]: Couldn't find message for key config.diagnostics.circle-doc-class.
[2022-04-25 10:01:55.917] [renderer1] [warning] [/home/nick/.vscode-oss/extensions/sumneko.lua-2.5.3]: Couldn't find message for key config.diagnostics.close-non-object.
[2022-04-25 10:01:55.917] [renderer1] [warning] [/home/nick/.vscode-oss/extensions/sumneko.lua-2.5.3]: Couldn't find message for key config.diagnostics.code-after-break.
[2022-04-25 10:01:55.917] [renderer1] [warning] [/home/nick/.vscode-oss/extensions/sumneko.lua-2.5.3]: Couldn't find message for key config.diagnostics.count-down-loop.
[2022-04-25 10:01:55.919] [renderer1] [warning] [/home/nick/.vscode-oss/extensions/sumneko.lua-2.5.3]: Couldn't find message for key config.diagnostics.deprecated.
[2022-04-25 10:01:55.919] [renderer1] [warning] [/home/nick/.vscode-oss/extensions/sumneko.lua-2.5.3]: Couldn't find message for key config.diagnostics.different-requires.
[2022-04-25 10:01:55.920] [renderer1] [warning] [/home/nick/.vscode-oss/extensions/sumneko.lua-2.5.3]: Couldn't find message for key config.diagnostics.discard-returns.
[2022-04-25 10:01:55.921] [renderer1] [warning] [/home/nick/.vscode-oss/extensions/sumneko.lua-2.5.3]: Couldn't find message for key config.diagnostics.doc-field-no-class.
[2022-04-25 10:01:55.921] [renderer1] [warning] [/home/nick/.vscode-oss/extensions/sumneko.lua-2.5.3]: Couldn't find message for key config.diagnostics.duplicate-doc-class.
[2022-04-25 10:01:55.922] [renderer1] [warning] [/home/nick/.vscode-oss/extensions/sumneko.lua-2.5.3]: Couldn't find message for key config.diagnostics.duplicate-doc-field.
[2022-04-25 10:01:55.923] [renderer1] [warning] [/home/nick/.vscode-oss/extensions/sumneko.lua-2.5.3]: Couldn't find message for key config.diagnostics.duplicate-doc-param.
[2022-04-25 10:01:55.923] [renderer1] [warning] [/home/nick/.vscode-oss/extensions/sumneko.lua-2.5.3]: Couldn't find message for key config.diagnostics.duplicate-index.
[2022-04-25 10:01:55.924] [renderer1] [warning] [/home/nick/.vscode-oss/extensions/sumneko.lua-2.5.3]: Couldn't find message for key config.diagnostics.duplicate-set-field.
[2022-04-25 10:01:55.924] [renderer1] [warning] [/home/nick/.vscode-oss/extensions/sumneko.lua-2.5.3]: Couldn't find message for key config.diagnostics.empty-block.
[2022-04-25 10:01:55.924] [renderer1] [warning] [/home/nick/.vscode-oss/extensions/sumneko.lua-2.5.3]: Couldn't find message for key config.diagnostics.global-in-nil-env.
[2022-04-25 10:01:55.925] [renderer1] [warning] [/home/nick/.vscode-oss/extensions/sumneko.lua-2.5.3]: Couldn't find message for key config.diagnostics.lowercase-global.
[2022-04-25 10:01:55.925] [renderer1] [warning] [/home/nick/.vscode-oss/extensions/sumneko.lua-2.5.3]: Couldn't find message for key config.diagnostics.newfield-call.
[2022-04-25 10:01:55.926] [renderer1] [warning] [/home/nick/.vscode-oss/extensions/sumneko.lua-2.5.3]: Couldn't find message for key config.diagnostics.newline-call.
[2022-04-25 10:01:55.926] [renderer1] [warning] [/home/nick/.vscode-oss/extensions/sumneko.lua-2.5.3]: Couldn't find message for key config.diagnostics.no-implicit-any.
[2022-04-25 10:01:55.926] [renderer1] [warning] [/home/nick/.vscode-oss/extensions/sumneko.lua-2.5.3]: Couldn't find message for key config.diagnostics.not-yieldable.
[2022-04-25 10:01:55.927] [renderer1] [warning] [/home/nick/.vscode-oss/extensions/sumneko.lua-2.5.3]: Couldn't find message for key config.diagnostics.redefined-local.
[2022-04-25 10:01:55.927] [renderer1] [warning] [/home/nick/.vscode-oss/extensions/sumneko.lua-2.5.3]: Couldn't find message for key config.diagnostics.redundant-parameter.
[2022-04-25 10:01:55.927] [renderer1] [warning] [/home/nick/.vscode-oss/extensions/sumneko.lua-2.5.3]: Couldn't find message for key config.diagnostics.redundant-return.
[2022-04-25 10:01:55.927] [renderer1] [warning] [/home/nick/.vscode-oss/extensions/sumneko.lua-2.5.3]: Couldn't find message for key config.diagnostics.redundant-value.
[2022-04-25 10:01:55.928] [renderer1] [warning] [/home/nick/.vscode-oss/extensions/sumneko.lua-2.5.3]: Couldn't find message for key config.diagnostics.trailing-space.
[2022-04-25 10:01:55.928] [renderer1] [warning] [/home/nick/.vscode-oss/extensions/sumneko.lua-2.5.3]: Couldn't find message for key config.diagnostics.type-check.
[2022-04-25 10:01:55.928] [renderer1] [warning] [/home/nick/.vscode-oss/extensions/sumneko.lua-2.5.3]: Couldn't find message for key config.diagnostics.unbalanced-assignments.
[2022-04-25 10:01:55.929] [renderer1] [warning] [/home/nick/.vscode-oss/extensions/sumneko.lua-2.5.3]: Couldn't find message for key config.diagnostics.undefined-doc-class.
[2022-04-25 10:01:55.929] [renderer1] [warning] [/home/nick/.vscode-oss/extensions/sumneko.lua-2.5.3]: Couldn't find message for key config.diagnostics.undefined-doc-name.
[2022-04-25 10:01:55.929] [renderer1] [warning] [/home/nick/.vscode-oss/extensions/sumneko.lua-2.5.3]: Couldn't find message for key config.diagnostics.undefined-doc-param.
[2022-04-25 10:01:55.929] [renderer1] [warning] [/home/nick/.vscode-oss/extensions/sumneko.lua-2.5.3]: Couldn't find message for key config.diagnostics.undefined-env-child.
[2022-04-25 10:01:55.930] [renderer1] [warning] [/home/nick/.vscode-oss/extensions/sumneko.lua-2.5.3]: Couldn't find message for key config.diagnostics.undefined-field.
[2022-04-25 10:01:55.930] [renderer1] [warning] [/home/nick/.vscode-oss/extensions/sumneko.lua-2.5.3]: Couldn't find message for key config.diagnostics.undefined-global.
[2022-04-25 10:01:55.930] [renderer1] [warning] [/home/nick/.vscode-oss/extensions/sumneko.lua-2.5.3]: Couldn't find message for key config.diagnostics.unknown-diag-code.
[2022-04-25 10:01:55.930] [renderer1] [warning] [/home/nick/.vscode-oss/extensions/sumneko.lua-2.5.3]: Couldn't find message for key config.diagnostics.unused-function.
[2022-04-25 10:01:55.931] [renderer1] [warning] [/home/nick/.vscode-oss/extensions/sumneko.lua-2.5.3]: Couldn't find message for key config.diagnostics.unused-label.
[2022-04-25 10:01:55.931] [renderer1] [warning] [/home/nick/.vscode-oss/extensions/sumneko.lua-2.5.3]: Couldn't find message for key config.diagnostics.unused-local.
[2022-04-25 10:01:55.931] [renderer1] [warning] [/home/nick/.vscode-oss/extensions/sumneko.lua-2.5.3]: Couldn't find message for key config.diagnostics.unused-vararg.
[2022-04-25 10:01:55.932] [renderer1] [warning] [/home/nick/.vscode-oss/extensions/sumneko.lua-2.5.3]: Couldn't find message for key config.diagnostics.ambiguity-1.
[2022-04-25 10:01:55.932] [renderer1] [warning] [/home/nick/.vscode-oss/extensions/sumneko.lua-2.5.3]: Couldn't find message for key config.diagnostics.await-in-sync.
[2022-04-25 10:01:55.932] [renderer1] [warning] [/home/nick/.vscode-oss/extensions/sumneko.lua-2.5.3]: Couldn't find message for key config.diagnostics.circle-doc-class.
[2022-04-25 10:01:55.932] [renderer1] [warning] [/home/nick/.vscode-oss/extensions/sumneko.lua-2.5.3]: Couldn't find message for key config.diagnostics.close-non-object.
[2022-04-25 10:01:55.933] [renderer1] [warning] [/home/nick/.vscode-oss/extensions/sumneko.lua-2.5.3]: Couldn't find message for key config.diagnostics.code-after-break.
[2022-04-25 10:01:55.933] [renderer1] [warning] [/home/nick/.vscode-oss/extensions/sumneko.lua-2.5.3]: Couldn't find message for key config.diagnostics.count-down-loop.
[2022-04-25 10:01:55.933] [renderer1] [warning] [/home/nick/.vscode-oss/extensions/sumneko.lua-2.5.3]: Couldn't find message for key config.diagnostics.deprecated.
[2022-04-25 10:01:55.933] [renderer1] [warning] [/home/nick/.vscode-oss/extensions/sumneko.lua-2.5.3]: Couldn't find message for key config.diagnostics.different-requires.
[2022-04-25 10:01:55.934] [renderer1] [warning] [/home/nick/.vscode-oss/extensions/sumneko.lua-2.5.3]: Couldn't find message for key config.diagnostics.discard-returns.
[2022-04-25 10:01:55.934] [renderer1] [warning] [/home/nick/.vscode-oss/extensions/sumneko.lua-2.5.3]: Couldn't find message for key config.diagnostics.doc-field-no-class.
[2022-04-25 10:01:55.934] [renderer1] [warning] [/home/nick/.vscode-oss/extensions/sumneko.lua-2.5.3]: Couldn't find message for key config.diagnostics.duplicate-doc-class.
[2022-04-25 10:01:55.934] [renderer1] [warning] [/home/nick/.vscode-oss/extensions/sumneko.lua-2.5.3]: Couldn't find message for key config.diagnostics.duplicate-doc-field.
[2022-04-25 10:01:55.935] [renderer1] [warning] [/home/nick/.vscode-oss/extensions/sumneko.lua-2.5.3]: Couldn't find message for key config.diagnostics.duplicate-doc-param.
[2022-04-25 10:01:55.936] [renderer1] [warning] [/home/nick/.vscode-oss/extensions/sumneko.lua-2.5.3]: Couldn't find message for key config.diagnostics.duplicate-index.
[2022-04-25 10:01:55.938] [renderer1] [warning] [/home/nick/.vscode-oss/extensions/sumneko.lua-2.5.3]: Couldn't find message for key config.diagnostics.duplicate-set-field.
[2022-04-25 10:01:55.938] [renderer1] [warning] [/home/nick/.vscode-oss/extensions/sumneko.lua-2.5.3]: Couldn't find message for key config.diagnostics.empty-block.
[2022-04-25 10:01:55.939] [renderer1] [warning] [/home/nick/.vscode-oss/extensions/sumneko.lua-2.5.3]: Couldn't find message for key config.diagnostics.global-in-nil-env.
[2022-04-25 10:01:55.939] [renderer1] [warning] [/home/nick/.vscode-oss/extensions/sumneko.lua-2.5.3]: Couldn't find message for key config.diagnostics.lowercase-global.
[2022-04-25 10:01:55.940] [renderer1] [warning] [/home/nick/.vscode-oss/extensions/sumneko.lua-2.5.3]: Couldn't find message for key config.diagnostics.newfield-call.
[2022-04-25 10:01:55.940] [renderer1] [warning] [/home/nick/.vscode-oss/extensions/sumneko.lua-2.5.3]: Couldn't find message for key config.diagnostics.newline-call.
[2022-04-25 10:01:55.941] [renderer1] [warning] [/home/nick/.vscode-oss/extensions/sumneko.lua-2.5.3]: Couldn't find message for key config.diagnostics.no-implicit-any.
[2022-04-25 10:01:55.941] [renderer1] [warning] [/home/nick/.vscode-oss/extensions/sumneko.lua-2.5.3]: Couldn't find message for key config.diagnostics.not-yieldable.
[2022-04-25 10:01:55.941] [renderer1] [warning] [/home/nick/.vscode-oss/extensions/sumneko.lua-2.5.3]: Couldn't find message for key config.diagnostics.redefined-local.
[2022-04-25 10:01:55.942] [renderer1] [warning] [/home/nick/.vscode-oss/extensions/sumneko.lua-2.5.3]: Couldn't find message for key config.diagnostics.redundant-parameter.
[2022-04-25 10:01:55.942] [renderer1] [warning] [/home/nick/.vscode-oss/extensions/sumneko.lua-2.5.3]: Couldn't find message for key config.diagnostics.redundant-return.
[2022-04-25 10:01:55.942] [renderer1] [warning] [/home/nick/.vscode-oss/extensions/sumneko.lua-2.5.3]: Couldn't find message for key config.diagnostics.redundant-value.
[2022-04-25 10:01:55.943] [renderer1] [warning] [/home/nick/.vscode-oss/extensions/sumneko.lua-2.5.3]: Couldn't find message for key config.diagnostics.trailing-space.
[2022-04-25 10:01:55.943] [renderer1] [warning] [/home/nick/.vscode-oss/extensions/sumneko.lua-2.5.3]: Couldn't find message for key config.diagnostics.type-check.
[2022-04-25 10:01:55.944] [renderer1] [warning] [/home/nick/.vscode-oss/extensions/sumneko.lua-2.5.3]: Couldn't find message for key config.diagnostics.unbalanced-assignments.
[2022-04-25 10:01:55.944] [renderer1] [warning] [/home/nick/.vscode-oss/extensions/sumneko.lua-2.5.3]: Couldn't find message for key config.diagnostics.undefined-doc-class.
[2022-04-25 10:01:55.944] [renderer1] [warning] [/home/nick/.vscode-oss/extensions/sumneko.lua-2.5.3]: Couldn't find message for key config.diagnostics.undefined-doc-name.
[2022-04-25 10:01:55.944] [renderer1] [warning] [/home/nick/.vscode-oss/extensions/sumneko.lua-2.5.3]: Couldn't find message for key config.diagnostics.undefined-doc-param.
[2022-04-25 10:01:55.945] [renderer1] [warning] [/home/nick/.vscode-oss/extensions/sumneko.lua-2.5.3]: Couldn't find message for key config.diagnostics.undefined-env-child.
[2022-04-25 10:01:55.945] [renderer1] [warning] [/home/nick/.vscode-oss/extensions/sumneko.lua-2.5.3]: Couldn't find message for key config.diagnostics.undefined-field.
[2022-04-25 10:01:55.945] [renderer1] [warning] [/home/nick/.vscode-oss/extensions/sumneko.lua-2.5.3]: Couldn't find message for key config.diagnostics.undefined-global.
[2022-04-25 10:01:55.945] [renderer1] [warning] [/home/nick/.vscode-oss/extensions/sumneko.lua-2.5.3]: Couldn't find message for key config.diagnostics.unknown-diag-code.
[2022-04-25 10:01:55.946] [renderer1] [warning] [/home/nick/.vscode-oss/extensions/sumneko.lua-2.5.3]: Couldn't find message for key config.diagnostics.unused-function.
[2022-04-25 10:01:55.946] [renderer1] [warning] [/home/nick/.vscode-oss/extensions/sumneko.lua-2.5.3]: Couldn't find message for key config.diagnostics.unused-label.
[2022-04-25 10:01:55.946] [renderer1] [warning] [/home/nick/.vscode-oss/extensions/sumneko.lua-2.5.3]: Couldn't find message for key config.diagnostics.unused-local.
[2022-04-25 10:01:55.947] [renderer1] [warning] [/home/nick/.vscode-oss/extensions/sumneko.lua-2.5.3]: Couldn't find message for key config.diagnostics.unused-vararg.
[2022-04-25 10:01:55.948] [renderer1] [warning] [/home/nick/.vscode-oss/extensions/sumneko.lua-2.5.3]: Couldn't find message for key config.runtime.builtin.basic.
[2022-04-25 10:01:55.948] [renderer1] [warning] [/home/nick/.vscode-oss/extensions/sumneko.lua-2.5.3]: Couldn't find message for key config.runtime.builtin.bit.
[2022-04-25 10:01:55.948] [renderer1] [warning] [/home/nick/.vscode-oss/extensions/sumneko.lua-2.5.3]: Couldn't find message for key config.runtime.builtin.bit32.
[2022-04-25 10:01:55.949] [renderer1] [warning] [/home/nick/.vscode-oss/extensions/sumneko.lua-2.5.3]: Couldn't find message for key config.runtime.builtin.builtin.
[2022-04-25 10:01:55.949] [renderer1] [warning] [/home/nick/.vscode-oss/extensions/sumneko.lua-2.5.3]: Couldn't find message for key config.runtime.builtin.coroutine.
[2022-04-25 10:01:55.949] [renderer1] [warning] [/home/nick/.vscode-oss/extensions/sumneko.lua-2.5.3]: Couldn't find message for key config.runtime.builtin.debug.
[2022-04-25 10:01:55.949] [renderer1] [warning] [/home/nick/.vscode-oss/extensions/sumneko.lua-2.5.3]: Couldn't find message for key config.runtime.builtin.ffi.
[2022-04-25 10:01:55.950] [renderer1] [warning] [/home/nick/.vscode-oss/extensions/sumneko.lua-2.5.3]: Couldn't find message for key config.runtime.builtin.io.
[2022-04-25 10:01:55.950] [renderer1] [warning] [/home/nick/.vscode-oss/extensions/sumneko.lua-2.5.3]: Couldn't find message for key config.runtime.builtin.jit.
[2022-04-25 10:01:55.950] [renderer1] [warning] [/home/nick/.vscode-oss/extensions/sumneko.lua-2.5.3]: Couldn't find message for key config.runtime.builtin.math.
[2022-04-25 10:01:55.950] [renderer1] [warning] [/home/nick/.vscode-oss/extensions/sumneko.lua-2.5.3]: Couldn't find message for key config.runtime.builtin.os.
[2022-04-25 10:01:55.951] [renderer1] [warning] [/home/nick/.vscode-oss/extensions/sumneko.lua-2.5.3]: Couldn't find message for key config.runtime.builtin.package.
[2022-04-25 10:01:55.951] [renderer1] [warning] [/home/nick/.vscode-oss/extensions/sumneko.lua-2.5.3]: Couldn't find message for key config.runtime.builtin.string.
[2022-04-25 10:01:55.951] [renderer1] [warning] [/home/nick/.vscode-oss/extensions/sumneko.lua-2.5.3]: Couldn't find message for key config.runtime.builtin.table.
[2022-04-25 10:01:55.952] [renderer1] [warning] [/home/nick/.vscode-oss/extensions/sumneko.lua-2.5.3]: Couldn't find message for key config.runtime.builtin.utf8.
[2022-04-25 10:01:55.953] [renderer1] [warning] [/home/nick/.vscode-oss/extensions/sumneko.lua-3.2.0]: Couldn't find message for key config.diagnostics.await-in-sync.
[2022-04-25 10:01:55.955] [renderer1] [warning] [/home/nick/.vscode-oss/extensions/sumneko.lua-3.2.0]: Couldn't find message for key config.diagnostics.circle-doc-class.
[2022-04-25 10:01:55.955] [renderer1] [warning] [/home/nick/.vscode-oss/extensions/sumneko.lua-3.2.0]: Couldn't find message for key config.diagnostics.close-non-object.
[2022-04-25 10:01:55.956] [renderer1] [warning] [/home/nick/.vscode-oss/extensions/sumneko.lua-3.2.0]: Couldn't find message for key config.diagnostics.code-after-break.
[2022-04-25 10:01:55.956] [renderer1] [warning] [/home/nick/.vscode-oss/extensions/sumneko.lua-3.2.0]: Couldn't find message for key config.diagnostics.codestyle-check.
[2022-04-25 10:01:55.957] [renderer1] [warning] [/home/nick/.vscode-oss/extensions/sumneko.lua-3.2.0]: Couldn't find message for key config.diagnostics.count-down-loop.
[2022-04-25 10:01:55.957] [renderer1] [warning] [/home/nick/.vscode-oss/extensions/sumneko.lua-3.2.0]: Couldn't find message for key config.diagnostics.deprecated.
[2022-04-25 10:01:55.957] [renderer1] [warning] [/home/nick/.vscode-oss/extensions/sumneko.lua-3.2.0]: Couldn't find message for key config.diagnostics.different-requires.
[2022-04-25 10:01:55.958] [renderer1] [warning] [/home/nick/.vscode-oss/extensions/sumneko.lua-3.2.0]: Couldn't find message for key config.diagnostics.discard-returns.
[2022-04-25 10:01:55.958] [renderer1] [warning] [/home/nick/.vscode-oss/extensions/sumneko.lua-3.2.0]: Couldn't find message for key config.diagnostics.doc-field-no-class.
[2022-04-25 10:01:55.958] [renderer1] [warning] [/home/nick/.vscode-oss/extensions/sumneko.lua-3.2.0]: Couldn't find message for key config.diagnostics.duplicate-doc-alias.
[2022-04-25 10:01:55.959] [renderer1] [warning] [/home/nick/.vscode-oss/extensions/sumneko.lua-3.2.0]: Couldn't find message for key config.diagnostics.duplicate-doc-field.
[2022-04-25 10:01:55.959] [renderer1] [warning] [/home/nick/.vscode-oss/extensions/sumneko.lua-3.2.0]: Couldn't find message for key config.diagnostics.duplicate-doc-param.
[2022-04-25 10:01:55.959] [renderer1] [warning] [/home/nick/.vscode-oss/extensions/sumneko.lua-3.2.0]: Couldn't find message for key config.diagnostics.duplicate-set-field.
[2022-04-25 10:01:55.959] [renderer1] [warning] [/home/nick/.vscode-oss/extensions/sumneko.lua-3.2.0]: Couldn't find message for key config.diagnostics.missing-parameter.
[2022-04-25 10:01:55.960] [renderer1] [warning] [/home/nick/.vscode-oss/extensions/sumneko.lua-3.2.0]: Couldn't find message for key config.diagnostics.need-check-nil.
[2022-04-25 10:01:55.960] [renderer1] [warning] [/home/nick/.vscode-oss/extensions/sumneko.lua-3.2.0]: Couldn't find message for key config.diagnostics.no-unknown.
[2022-04-25 10:01:55.960] [renderer1] [warning] [/home/nick/.vscode-oss/extensions/sumneko.lua-3.2.0]: Couldn't find message for key config.diagnostics.not-yieldable.
[2022-04-25 10:01:55.960] [renderer1] [warning] [/home/nick/.vscode-oss/extensions/sumneko.lua-3.2.0]: Couldn't find message for key config.diagnostics.redundant-return.
[2022-04-25 10:01:55.961] [renderer1] [warning] [/home/nick/.vscode-oss/extensions/sumneko.lua-3.2.0]: Couldn't find message for key config.diagnostics.type-check.
[2022-04-25 10:01:55.961] [renderer1] [warning] [/home/nick/.vscode-oss/extensions/sumneko.lua-3.2.0]: Couldn't find message for key config.diagnostics.unbalanced-assignments.
[2022-04-25 10:01:55.961] [renderer1] [warning] [/home/nick/.vscode-oss/extensions/sumneko.lua-3.2.0]: Couldn't find message for key config.diagnostics.undefined-doc-class.
[2022-04-25 10:01:55.961] [renderer1] [warning] [/home/nick/.vscode-oss/extensions/sumneko.lua-3.2.0]: Couldn't find message for key config.diagnostics.undefined-doc-name.
[2022-04-25 10:01:55.962] [renderer1] [warning] [/home/nick/.vscode-oss/extensions/sumneko.lua-3.2.0]: Couldn't find message for key config.diagnostics.undefined-doc-param.
[2022-04-25 10:01:55.962] [renderer1] [warning] [/home/nick/.vscode-oss/extensions/sumneko.lua-3.2.0]: Couldn't find message for key config.diagnostics.undefined-field.
[2022-04-25 10:01:55.962] [renderer1] [warning] [/home/nick/.vscode-oss/extensions/sumneko.lua-3.2.0]: Couldn't find message for key config.diagnostics.unknown-diag-code.
[2022-04-25 10:01:55.962] [renderer1] [warning] [/home/nick/.vscode-oss/extensions/sumneko.lua-3.2.0]: Couldn't find message for key config.diagnostics.await-in-sync.
[2022-04-25 10:01:55.962] [renderer1] [warning] [/home/nick/.vscode-oss/extensions/sumneko.lua-3.2.0]: Couldn't find message for key config.diagnostics.circle-doc-class.
[2022-04-25 10:01:55.963] [renderer1] [warning] [/home/nick/.vscode-oss/extensions/sumneko.lua-3.2.0]: Couldn't find message for key config.diagnostics.close-non-object.
[2022-04-25 10:01:55.963] [renderer1] [warning] [/home/nick/.vscode-oss/extensions/sumneko.lua-3.2.0]: Couldn't find message for key config.diagnostics.code-after-break.
[2022-04-25 10:01:55.963] [renderer1] [warning] [/home/nick/.vscode-oss/extensions/sumneko.lua-3.2.0]: Couldn't find message for key config.diagnostics.codestyle-check.
[2022-04-25 10:01:55.963] [renderer1] [warning] [/home/nick/.vscode-oss/extensions/sumneko.lua-3.2.0]: Couldn't find message for key config.diagnostics.count-down-loop.
[2022-04-25 10:01:55.964] [renderer1] [warning] [/home/nick/.vscode-oss/extensions/sumneko.lua-3.2.0]: Couldn't find message for key config.diagnostics.deprecated.
[2022-04-25 10:01:55.964] [renderer1] [warning] [/home/nick/.vscode-oss/extensions/sumneko.lua-3.2.0]: Couldn't find message for key config.diagnostics.different-requires.
[2022-04-25 10:01:55.964] [renderer1] [warning] [/home/nick/.vscode-oss/extensions/sumneko.lua-3.2.0]: Couldn't find message for key config.diagnostics.discard-returns.
[2022-04-25 10:01:55.964] [renderer1] [warning] [/home/nick/.vscode-oss/extensions/sumneko.lua-3.2.0]: Couldn't find message for key config.diagnostics.doc-field-no-class.
[2022-04-25 10:01:55.965] [renderer1] [warning] [/home/nick/.vscode-oss/extensions/sumneko.lua-3.2.0]: Couldn't find message for key config.diagnostics.duplicate-doc-alias.
[2022-04-25 10:01:55.965] [renderer1] [warning] [/home/nick/.vscode-oss/extensions/sumneko.lua-3.2.0]: Couldn't find message for key config.diagnostics.duplicate-doc-field.
[2022-04-25 10:01:55.965] [renderer1] [warning] [/home/nick/.vscode-oss/extensions/sumneko.lua-3.2.0]: Couldn't find message for key config.diagnostics.duplicate-doc-param.
[2022-04-25 10:01:55.965] [renderer1] [warning] [/home/nick/.vscode-oss/extensions/sumneko.lua-3.2.0]: Couldn't find message for key config.diagnostics.duplicate-set-field.
[2022-04-25 10:01:55.966] [renderer1] [warning] [/home/nick/.vscode-oss/extensions/sumneko.lua-3.2.0]: Couldn't find message for key config.diagnostics.missing-parameter.
[2022-04-25 10:01:55.966] [renderer1] [warning] [/home/nick/.vscode-oss/extensions/sumneko.lua-3.2.0]: Couldn't find message for key config.diagnostics.need-check-nil.
[2022-04-25 10:01:55.967] [renderer1] [warning] [/home/nick/.vscode-oss/extensions/sumneko.lua-3.2.0]: Couldn't find message for key config.diagnostics.no-unknown.
[2022-04-25 10:01:55.967] [renderer1] [warning] [/home/nick/.vscode-oss/extensions/sumneko.lua-3.2.0]: Couldn't find message for key config.diagnostics.not-yieldable.
[2022-04-25 10:01:55.967] [renderer1] [warning] [/home/nick/.vscode-oss/extensions/sumneko.lua-3.2.0]: Couldn't find message for key config.diagnostics.redundant-return.
[2022-04-25 10:01:55.968] [renderer1] [warning] [/home/nick/.vscode-oss/extensions/sumneko.lua-3.2.0]: Couldn't find message for key config.diagnostics.type-check.
[2022-04-25 10:01:55.968] [renderer1] [warning] [/home/nick/.vscode-oss/extensions/sumneko.lua-3.2.0]: Couldn't find message for key config.diagnostics.unbalanced-assignments.
[2022-04-25 10:01:55.968] [renderer1] [warning] [/home/nick/.vscode-oss/extensions/sumneko.lua-3.2.0]: Couldn't find message for key config.diagnostics.undefined-doc-class.
[2022-04-25 10:01:55.969] [renderer1] [warning] [/home/nick/.vscode-oss/extensions/sumneko.lua-3.2.0]: Couldn't find message for key config.diagnostics.undefined-doc-name.
[2022-04-25 10:01:55.969] [renderer1] [warning] [/home/nick/.vscode-oss/extensions/sumneko.lua-3.2.0]: Couldn't find message for key config.diagnostics.undefined-doc-param.
[2022-04-25 10:01:55.970] [renderer1] [warning] [/home/nick/.vscode-oss/extensions/sumneko.lua-3.2.0]: Couldn't find message for key config.diagnostics.undefined-field.
[2022-04-25 10:01:55.971] [renderer1] [warning] [/home/nick/.vscode-oss/extensions/sumneko.lua-3.2.0]: Couldn't find message for key config.diagnostics.unknown-diag-code.
[2022-04-25 10:01:55.971] [renderer1] [warning] [/home/nick/.vscode-oss/extensions/sumneko.lua-3.2.0]: Couldn't find message for key config.format.defaultConfig.
[2022-04-25 10:01:55.972] [renderer1] [warning] [/home/nick/.vscode-oss/extensions/sumneko.lua-3.2.0]: Couldn't find message for key config.runtime.builtin.basic.
[2022-04-25 10:01:55.972] [renderer1] [warning] [/home/nick/.vscode-oss/extensions/sumneko.lua-3.2.0]: Couldn't find message for key config.runtime.builtin.bit.
[2022-04-25 10:01:55.972] [renderer1] [warning] [/home/nick/.vscode-oss/extensions/sumneko.lua-3.2.0]: Couldn't find message for key config.runtime.builtin.bit32.
[2022-04-25 10:01:55.973] [renderer1] [warning] [/home/nick/.vscode-oss/extensions/sumneko.lua-3.2.0]: Couldn't find message for key config.runtime.builtin.builtin.
[2022-04-25 10:01:55.973] [renderer1] [warning] [/home/nick/.vscode-oss/extensions/sumneko.lua-3.2.0]: Couldn't find message for key config.runtime.builtin.coroutine.
[2022-04-25 10:01:55.974] [renderer1] [warning] [/home/nick/.vscode-oss/extensions/sumneko.lua-3.2.0]: Couldn't find message for key config.runtime.builtin.debug.
[2022-04-25 10:01:55.974] [renderer1] [warning] [/home/nick/.vscode-oss/extensions/sumneko.lua-3.2.0]: Couldn't find message for key config.runtime.builtin.ffi.
[2022-04-25 10:01:55.974] [renderer1] [warning] [/home/nick/.vscode-oss/extensions/sumneko.lua-3.2.0]: Couldn't find message for key config.runtime.builtin.io.
[2022-04-25 10:01:55.975] [renderer1] [warning] [/home/nick/.vscode-oss/extensions/sumneko.lua-3.2.0]: Couldn't find message for key config.runtime.builtin.jit.
[2022-04-25 10:01:55.975] [renderer1] [warning] [/home/nick/.vscode-oss/extensions/sumneko.lua-3.2.0]: Couldn't find message for key config.runtime.builtin.math.
[2022-04-25 10:01:55.975] [renderer1] [warning] [/home/nick/.vscode-oss/extensions/sumneko.lua-3.2.0]: Couldn't find message for key config.runtime.builtin.os.
[2022-04-25 10:01:55.976] [renderer1] [warning] [/home/nick/.vscode-oss/extensions/sumneko.lua-3.2.0]: Couldn't find message for key config.runtime.builtin.package.
[2022-04-25 10:01:55.976] [renderer1] [warning] [/home/nick/.vscode-oss/extensions/sumneko.lua-3.2.0]: Couldn't find message for key config.runtime.builtin.string.
[2022-04-25 10:01:55.976] [renderer1] [warning] [/home/nick/.vscode-oss/extensions/sumneko.lua-3.2.0]: Couldn't find message for key config.runtime.builtin.table.
[2022-04-25 10:01:55.977] [renderer1] [warning] [/home/nick/.vscode-oss/extensions/sumneko.lua-3.2.0]: Couldn't find message for key config.runtime.builtin.utf8.
[2022-04-25 10:01:56.014] [renderer1] [critical] Extension 'ms-python.python CANNOT USE these API proposals 'quickPickSortByLabel, testObserver, notebookEditor'. You MUST start in extension development mode or use the --enable-proposed-api command line flag
[2022-04-25 10:01:56.020] [renderer1] [info] Ignoring configured affinity for 'pub.name' because the extension is unknown or cannot execute.
[2022-04-25 10:01:56.302] [renderer1] [info] Ignoring configured affinity for 'pub.name' because the extension is unknown or cannot execute.
[2022-04-25 10:03:39.319] [renderer1] [critical] Extension 'ms-python.python CANNOT USE these API proposals 'quickPickSortByLabel, testObserver, notebookEditor'. You MUST start in extension development mode or use the --enable-proposed-api command line flag
[2022-04-25 10:03:39.326] [renderer1] [info] Ignoring configured affinity for 'pub.name' because the extension is unknown or cannot execute.
[2022-04-25 10:03:39.775] [renderer1] [info] Ignoring configured affinity for 'pub.name' because the extension is unknown or cannot execute.
[2022-04-25 10:03:43.897] [renderer1] [info] Ignoring configured affinity for 'pub.name' because the extension is unknown or cannot execute.
[2022-04-25 10:05:16.549] [renderer1] [error] GDBus.Error:org.freedesktop.DBus.Error.ServiceUnknown: The name org.freedesktop.secrets was not provided by any .service files: Error: GDBus.Error:org.freedesktop.DBus.Error.ServiceUnknown: The name org.freedesktop.secrets was not provided by any .service files
