[Core] INFO: Trying to re-use existing login session...
[cli] INFO: Preparing download for "A Short Hike" (d6407c9e6fd54cb492b8c6635480d792)...
[Core] INFO: Parsing game manifest...
[Core] INFO: Install path: /media/ssd/sync/dox/games/pc/AShortHike
[Core] INFO: Selected CDN: download.epicgames.com (https)
[DLM] INFO: Found 0 missing files.
[cli] INFO: Install size: 308.46 MiB
[cli] INFO: Download size: 214.30 MiB (Compression savings: 30.9%)
[cli] INFO: Reusable size: 0.00 MiB (chunks) / 0.00 MiB (unchanged / skipped)
[cli] INFO: Downloads are resumable, you can interrupt the download with CTRL-C and resume it using the same command later on.
[DLManager] INFO: Download Manager running with process-id: 29897
[DLManager] INFO: Starting download workers...
[DLManager] INFO: Starting file writing worker...
[DLManager] INFO: = Progress: 0.00% (0/577), Running for 00:00:00, ETA: 00:00:00
[DLManager] INFO:  - Downloaded: 0.00 MiB, Written: 0.00 MiB
[DLManager] INFO:  - Cache usage: 4.00 MiB, active tasks: 3
[DLManager] INFO:  + Download	- 0.00 MiB/s (raw) / 0.00 MiB/s (decompressed)
[DLManager] INFO:  + Disk	- 0.00 MiB/s (write) / 0.00 MiB/s (read)
[DLManager] INFO: = Progress: 3.12% (18/577), Running for 00:00:01, ETA: 00:00:31
[DLManager] INFO:  - Downloaded: 4.49 MiB, Written: 7.00 MiB
[DLManager] INFO:  - Cache usage: 44.00 MiB, active tasks: 32
[DLManager] INFO:  + Download	- 4.48 MiB/s (raw) / 18.97 MiB/s (decompressed)
[DLManager] INFO:  + Disk	- 6.99 MiB/s (write) / 0.00 MiB/s (read)
[DLManager] INFO: = Progress: 15.08% (87/577), Running for 00:00:02, ETA: 00:00:11
[DLManager] INFO:  - Downloaded: 13.28 MiB, Written: 32.73 MiB
[DLManager] INFO:  - Cache usage: 56.00 MiB, active tasks: 32
[DLManager] INFO:  + Download	- 8.77 MiB/s (raw) / 36.91 MiB/s (decompressed)
[DLManager] INFO:  + Disk	- 25.67 MiB/s (write) / 0.00 MiB/s (read)
[DLManager] INFO: = Progress: 39.69% (229/577), Running for 00:00:03, ETA: 00:00:04
[DLManager] INFO:  - Downloaded: 21.28 MiB, Written: 71.44 MiB
[DLManager] INFO:  - Cache usage: 38.00 MiB, active tasks: 32
[DLManager] INFO:  + Download	- 7.99 MiB/s (raw) / 21.97 MiB/s (decompressed)
[DLManager] INFO:  + Disk	- 38.66 MiB/s (write) / 0.00 MiB/s (read)
[DLManager] INFO: = Progress: 40.21% (232/577), Running for 00:00:04, ETA: 00:00:05
[DLManager] INFO:  - Downloaded: 30.34 MiB, Written: 74.44 MiB
[DLManager] INFO:  - Cache usage: 64.00 MiB, active tasks: 32
[DLManager] INFO:  + Download	- 9.04 MiB/s (raw) / 28.96 MiB/s (decompressed)
[DLManager] INFO:  + Disk	- 3.00 MiB/s (write) / 0.00 MiB/s (read)
[DLManager] INFO: = Progress: 47.31% (273/577), Running for 00:00:05, ETA: 00:00:05
[DLManager] INFO:  - Downloaded: 36.38 MiB, Written: 108.73 MiB
[DLManager] INFO:  - Cache usage: 39.00 MiB, active tasks: 32
[DLManager] INFO:  + Download	- 6.03 MiB/s (raw) / 8.99 MiB/s (decompressed)
[DLManager] INFO:  + Disk	- 34.23 MiB/s (write) / 0.00 MiB/s (read)
[DLManager] INFO: = Progress: 50.95% (294/577), Running for 00:00:06, ETA: 00:00:05
[DLManager] INFO:  - Downloaded: 45.99 MiB, Written: 122.62 MiB
[DLManager] INFO:  - Cache usage: 35.00 MiB, active tasks: 32
[DLManager] INFO:  + Download	- 9.60 MiB/s (raw) / 9.98 MiB/s (decompressed)
[DLManager] INFO:  + Disk	- 13.87 MiB/s (write) / 0.00 MiB/s (read)
[DLManager] INFO: = Progress: 56.33% (325/577), Running for 00:00:07, ETA: 00:00:05
[DLManager] INFO:  - Downloaded: 58.37 MiB, Written: 137.62 MiB
[DLManager] INFO:  - Cache usage: 33.00 MiB, active tasks: 32
[DLManager] INFO:  + Download	- 12.36 MiB/s (raw) / 12.98 MiB/s (decompressed)
[DLManager] INFO:  + Disk	- 14.97 MiB/s (write) / 0.00 MiB/s (read)
[DLManager] INFO: = Progress: 57.02% (329/577), Running for 00:00:08, ETA: 00:00:06
[DLManager] INFO:  - Downloaded: 62.37 MiB, Written: 140.62 MiB
[DLManager] INFO:  - Cache usage: 34.00 MiB, active tasks: 32
[DLManager] INFO:  + Download	- 3.99 MiB/s (raw) / 3.99 MiB/s (decompressed)
[DLManager] INFO:  + Disk	- 2.99 MiB/s (write) / 0.00 MiB/s (read)
[DLManager] INFO: = Progress: 57.02% (329/577), Running for 00:00:09, ETA: 00:00:06
[DLManager] INFO:  - Downloaded: 74.35 MiB, Written: 140.62 MiB
[DLManager] INFO:  - Cache usage: 46.00 MiB, active tasks: 32
[DLManager] INFO:  + Download	- 11.96 MiB/s (raw) / 11.98 MiB/s (decompressed)
[DLManager] INFO:  + Disk	- 0.00 MiB/s (write) / 0.00 MiB/s (read)
[DLManager] INFO: = Progress: 57.02% (329/577), Running for 00:00:10, ETA: 00:00:07
[DLManager] INFO:  - Downloaded: 76.33 MiB, Written: 140.62 MiB
[DLManager] INFO:  - Cache usage: 48.00 MiB, active tasks: 32
[DLManager] INFO:  + Download	- 1.98 MiB/s (raw) / 1.99 MiB/s (decompressed)
[DLManager] INFO:  + Disk	- 0.00 MiB/s (write) / 0.00 MiB/s (read)
[DLManager] INFO: = Progress: 62.91% (363/577), Running for 00:00:11, ETA: 00:00:06
[DLManager] INFO:  - Downloaded: 89.29 MiB, Written: 165.51 MiB
[DLManager] INFO:  - Cache usage: 36.00 MiB, active tasks: 32
[DLManager] INFO:  + Download	- 12.93 MiB/s (raw) / 12.97 MiB/s (decompressed)
[DLManager] INFO:  + Disk	- 24.82 MiB/s (write) / 0.00 MiB/s (read)
[DLManager] INFO: = Progress: 65.16% (376/577), Running for 00:00:12, ETA: 00:00:06
[DLManager] INFO:  - Downloaded: 96.29 MiB, Written: 174.91 MiB
[DLManager] INFO:  - Cache usage: 34.00 MiB, active tasks: 32
[DLManager] INFO:  + Download	- 6.99 MiB/s (raw) / 6.99 MiB/s (decompressed)
[DLManager] INFO:  + Disk	- 9.40 MiB/s (write) / 0.00 MiB/s (read)
[DLManager] INFO: = Progress: 65.16% (376/577), Running for 00:00:13, ETA: 00:00:06
[DLManager] INFO:  - Downloaded: 106.28 MiB, Written: 174.91 MiB
[DLManager] INFO:  - Cache usage: 44.00 MiB, active tasks: 32
[DLManager] INFO:  + Download	- 9.97 MiB/s (raw) / 9.98 MiB/s (decompressed)
[DLManager] INFO:  + Disk	- 0.00 MiB/s (write) / 0.00 MiB/s (read)
[DLManager] INFO: = Progress: 65.16% (376/577), Running for 00:00:14, ETA: 00:00:07
[DLManager] INFO:  - Downloaded: 115.27 MiB, Written: 174.91 MiB
[DLManager] INFO:  - Cache usage: 53.00 MiB, active tasks: 32
[DLManager] INFO:  + Download	- 8.97 MiB/s (raw) / 8.98 MiB/s (decompressed)
[DLManager] INFO:  + Disk	- 0.00 MiB/s (write) / 0.00 MiB/s (read)
[DLManager] INFO: = Progress: 71.75% (414/577), Running for 00:00:15, ETA: 00:00:05
[DLManager] INFO:  - Downloaded: 124.25 MiB, Written: 202.22 MiB
[DLManager] INFO:  - Cache usage: 34.00 MiB, active tasks: 32
[DLManager] INFO:  + Download	- 8.97 MiB/s (raw) / 8.98 MiB/s (decompressed)
[DLManager] INFO:  + Disk	- 27.25 MiB/s (write) / 0.00 MiB/s (read)
[DLManager] INFO: = Progress: 75.04% (433/577), Running for 00:00:16, ETA: 00:00:05
[DLManager] INFO:  - Downloaded: 137.22 MiB, Written: 216.58 MiB
[DLManager] INFO:  - Cache usage: 33.00 MiB, active tasks: 32
[DLManager] INFO:  + Download	- 12.95 MiB/s (raw) / 12.98 MiB/s (decompressed)
[DLManager] INFO:  + Disk	- 14.34 MiB/s (write) / 0.00 MiB/s (read)
[DLManager] INFO: = Progress: 75.04% (433/577), Running for 00:00:17, ETA: 00:00:05
[DLManager] INFO:  - Downloaded: 146.17 MiB, Written: 216.58 MiB
[DLManager] INFO:  - Cache usage: 42.00 MiB, active tasks: 32
[DLManager] INFO:  + Download	- 8.94 MiB/s (raw) / 8.99 MiB/s (decompressed)
[DLManager] INFO:  + Disk	- 0.00 MiB/s (write) / 0.00 MiB/s (read)
[DLManager] INFO: = Progress: 77.99% (450/577), Running for 00:00:18, ETA: 00:00:05
[DLManager] INFO:  - Downloaded: 154.17 MiB, Written: 229.97 MiB
[DLManager] INFO:  - Cache usage: 37.00 MiB, active tasks: 32
[DLManager] INFO:  + Download	- 7.98 MiB/s (raw) / 7.99 MiB/s (decompressed)
[DLManager] INFO:  + Disk	- 13.36 MiB/s (write) / 0.00 MiB/s (read)
[DLManager] INFO: = Progress: 81.28% (469/577), Running for 00:00:19, ETA: 00:00:04
[DLManager] INFO:  - Downloaded: 164.13 MiB, Written: 242.26 MiB
[DLManager] INFO:  - Cache usage: 34.00 MiB, active tasks: 32
[DLManager] INFO:  + Download	- 9.94 MiB/s (raw) / 9.98 MiB/s (decompressed)
[DLManager] INFO:  + Disk	- 12.26 MiB/s (write) / 0.00 MiB/s (read)
[DLManager] INFO: = Progress: 82.32% (475/577), Running for 00:00:20, ETA: 00:00:04
[DLManager] INFO:  - Downloaded: 173.11 MiB, Written: 246.66 MiB
[DLManager] INFO:  - Cache usage: 39.00 MiB, active tasks: 32
[DLManager] INFO:  + Download	- 8.96 MiB/s (raw) / 8.99 MiB/s (decompressed)
[DLManager] INFO:  + Disk	- 4.39 MiB/s (write) / 0.00 MiB/s (read)
[DLManager] INFO: = Progress: 84.06% (485/577), Running for 00:00:21, ETA: 00:00:03
[DLManager] INFO:  - Downloaded: 181.43 MiB, Written: 254.66 MiB
[DLManager] INFO:  - Cache usage: 40.00 MiB, active tasks: 32
[DLManager] INFO:  + Download	- 8.31 MiB/s (raw) / 8.99 MiB/s (decompressed)
[DLManager] INFO:  + Disk	- 7.99 MiB/s (write) / 0.00 MiB/s (read)
[DLManager] INFO: = Progress: 88.91% (513/577), Running for 00:00:22, ETA: 00:00:02
[DLManager] INFO:  - Downloaded: 193.36 MiB, Written: 272.61 MiB
[DLManager] INFO:  - Cache usage: 34.00 MiB, active tasks: 32
[DLManager] INFO:  + Download	- 11.91 MiB/s (raw) / 11.98 MiB/s (decompressed)
[DLManager] INFO:  + Disk	- 17.93 MiB/s (write) / 0.00 MiB/s (read)
[DLManager] INFO: = Progress: 88.91% (513/577), Running for 00:00:23, ETA: 00:00:02
[DLManager] INFO:  - Downloaded: 202.11 MiB, Written: 272.61 MiB
[DLManager] INFO:  - Cache usage: 37.00 MiB, active tasks: 22
[DLManager] INFO:  + Download	- 8.74 MiB/s (raw) / 12.98 MiB/s (decompressed)
[DLManager] INFO:  + Disk	- 0.00 MiB/s (write) / 0.00 MiB/s (read)
[DLManager] INFO: = Progress: 100.00% (577/577), Running for 00:00:24, ETA: 00:00:00
[DLManager] INFO:  - Downloaded: 214.30 MiB, Written: 308.46 MiB
[DLManager] INFO:  - Cache usage: 0.00 MiB, active tasks: 0
[DLManager] INFO:  + Download	- 12.17 MiB/s (raw) / 21.96 MiB/s (decompressed)
[DLManager] INFO:  + Disk	- 35.78 MiB/s (write) / 0.00 MiB/s (read)
[DLManager] INFO: Waiting for installation to finish...
[DLManager] INFO: All done! Download manager quitting...
[cli] INFO: Finished installation process in 25.15 seconds.

Legendary update available!
- New version: 0.20.34 - "Direct Intervention"
- Release summary:
 [!] Fixed webview based login
 [*] Fixed a number of bugs and performance issues

See full changelog for additional details.
- Release URL: https://legendary.gl/release/0.20.34
! This update is recommended as it fixes major issues.

- Download URL: https://legendary.gl/release/download/0.20.34/legendary
