[2022-05-24 14:07:53.279] [renderer1] [warning] [/home/nick/.vscode-oss/extensions/sumneko.lua-3.2.0]: Couldn't find message for key config.diagnostics.await-in-sync.
[2022-05-24 14:07:53.279] [renderer1] [warning] [/home/nick/.vscode-oss/extensions/sumneko.lua-3.2.0]: Couldn't find message for key config.diagnostics.circle-doc-class.
[2022-05-24 14:07:53.279] [renderer1] [warning] [/home/nick/.vscode-oss/extensions/sumneko.lua-3.2.0]: Couldn't find message for key config.diagnostics.close-non-object.
[2022-05-24 14:07:53.280] [renderer1] [warning] [/home/nick/.vscode-oss/extensions/sumneko.lua-3.2.0]: Couldn't find message for key config.diagnostics.code-after-break.
[2022-05-24 14:07:53.280] [renderer1] [warning] [/home/nick/.vscode-oss/extensions/sumneko.lua-3.2.0]: Couldn't find message for key config.diagnostics.codestyle-check.
[2022-05-24 14:07:53.280] [renderer1] [warning] [/home/nick/.vscode-oss/extensions/sumneko.lua-3.2.0]: Couldn't find message for key config.diagnostics.count-down-loop.
[2022-05-24 14:07:53.281] [renderer1] [warning] [/home/nick/.vscode-oss/extensions/sumneko.lua-3.2.0]: Couldn't find message for key config.diagnostics.deprecated.
[2022-05-24 14:07:53.281] [renderer1] [warning] [/home/nick/.vscode-oss/extensions/sumneko.lua-3.2.0]: Couldn't find message for key config.diagnostics.different-requires.
[2022-05-24 14:07:53.281] [renderer1] [warning] [/home/nick/.vscode-oss/extensions/sumneko.lua-3.2.0]: Couldn't find message for key config.diagnostics.discard-returns.
[2022-05-24 14:07:53.282] [renderer1] [warning] [/home/nick/.vscode-oss/extensions/sumneko.lua-3.2.0]: Couldn't find message for key config.diagnostics.doc-field-no-class.
[2022-05-24 14:07:53.282] [renderer1] [warning] [/home/nick/.vscode-oss/extensions/sumneko.lua-3.2.0]: Couldn't find message for key config.diagnostics.duplicate-doc-alias.
[2022-05-24 14:07:53.282] [renderer1] [warning] [/home/nick/.vscode-oss/extensions/sumneko.lua-3.2.0]: Couldn't find message for key config.diagnostics.duplicate-doc-field.
[2022-05-24 14:07:53.283] [renderer1] [warning] [/home/nick/.vscode-oss/extensions/sumneko.lua-3.2.0]: Couldn't find message for key config.diagnostics.duplicate-doc-param.
[2022-05-24 14:07:53.283] [renderer1] [warning] [/home/nick/.vscode-oss/extensions/sumneko.lua-3.2.0]: Couldn't find message for key config.diagnostics.duplicate-set-field.
[2022-05-24 14:07:53.283] [renderer1] [warning] [/home/nick/.vscode-oss/extensions/sumneko.lua-3.2.0]: Couldn't find message for key config.diagnostics.missing-parameter.
[2022-05-24 14:07:53.283] [renderer1] [warning] [/home/nick/.vscode-oss/extensions/sumneko.lua-3.2.0]: Couldn't find message for key config.diagnostics.need-check-nil.
[2022-05-24 14:07:53.284] [renderer1] [warning] [/home/nick/.vscode-oss/extensions/sumneko.lua-3.2.0]: Couldn't find message for key config.diagnostics.no-unknown.
[2022-05-24 14:07:53.284] [renderer1] [warning] [/home/nick/.vscode-oss/extensions/sumneko.lua-3.2.0]: Couldn't find message for key config.diagnostics.not-yieldable.
[2022-05-24 14:07:53.284] [renderer1] [warning] [/home/nick/.vscode-oss/extensions/sumneko.lua-3.2.0]: Couldn't find message for key config.diagnostics.redundant-return.
[2022-05-24 14:07:53.285] [renderer1] [warning] [/home/nick/.vscode-oss/extensions/sumneko.lua-3.2.0]: Couldn't find message for key config.diagnostics.type-check.
[2022-05-24 14:07:53.285] [renderer1] [warning] [/home/nick/.vscode-oss/extensions/sumneko.lua-3.2.0]: Couldn't find message for key config.diagnostics.unbalanced-assignments.
[2022-05-24 14:07:53.285] [renderer1] [warning] [/home/nick/.vscode-oss/extensions/sumneko.lua-3.2.0]: Couldn't find message for key config.diagnostics.undefined-doc-class.
[2022-05-24 14:07:53.285] [renderer1] [warning] [/home/nick/.vscode-oss/extensions/sumneko.lua-3.2.0]: Couldn't find message for key config.diagnostics.undefined-doc-name.
[2022-05-24 14:07:53.286] [renderer1] [warning] [/home/nick/.vscode-oss/extensions/sumneko.lua-3.2.0]: Couldn't find message for key config.diagnostics.undefined-doc-param.
[2022-05-24 14:07:53.286] [renderer1] [warning] [/home/nick/.vscode-oss/extensions/sumneko.lua-3.2.0]: Couldn't find message for key config.diagnostics.undefined-field.
[2022-05-24 14:07:53.286] [renderer1] [warning] [/home/nick/.vscode-oss/extensions/sumneko.lua-3.2.0]: Couldn't find message for key config.diagnostics.unknown-diag-code.
[2022-05-24 14:07:53.286] [renderer1] [warning] [/home/nick/.vscode-oss/extensions/sumneko.lua-3.2.0]: Couldn't find message for key config.diagnostics.await-in-sync.
[2022-05-24 14:07:53.287] [renderer1] [warning] [/home/nick/.vscode-oss/extensions/sumneko.lua-3.2.0]: Couldn't find message for key config.diagnostics.circle-doc-class.
[2022-05-24 14:07:53.287] [renderer1] [warning] [/home/nick/.vscode-oss/extensions/sumneko.lua-3.2.0]: Couldn't find message for key config.diagnostics.close-non-object.
[2022-05-24 14:07:53.288] [renderer1] [warning] [/home/nick/.vscode-oss/extensions/sumneko.lua-3.2.0]: Couldn't find message for key config.diagnostics.code-after-break.
[2022-05-24 14:07:53.288] [renderer1] [warning] [/home/nick/.vscode-oss/extensions/sumneko.lua-3.2.0]: Couldn't find message for key config.diagnostics.codestyle-check.
[2022-05-24 14:07:53.288] [renderer1] [warning] [/home/nick/.vscode-oss/extensions/sumneko.lua-3.2.0]: Couldn't find message for key config.diagnostics.count-down-loop.
[2022-05-24 14:07:53.288] [renderer1] [warning] [/home/nick/.vscode-oss/extensions/sumneko.lua-3.2.0]: Couldn't find message for key config.diagnostics.deprecated.
[2022-05-24 14:07:53.289] [renderer1] [warning] [/home/nick/.vscode-oss/extensions/sumneko.lua-3.2.0]: Couldn't find message for key config.diagnostics.different-requires.
[2022-05-24 14:07:53.289] [renderer1] [warning] [/home/nick/.vscode-oss/extensions/sumneko.lua-3.2.0]: Couldn't find message for key config.diagnostics.discard-returns.
[2022-05-24 14:07:53.289] [renderer1] [warning] [/home/nick/.vscode-oss/extensions/sumneko.lua-3.2.0]: Couldn't find message for key config.diagnostics.doc-field-no-class.
[2022-05-24 14:07:53.289] [renderer1] [warning] [/home/nick/.vscode-oss/extensions/sumneko.lua-3.2.0]: Couldn't find message for key config.diagnostics.duplicate-doc-alias.
[2022-05-24 14:07:53.290] [renderer1] [warning] [/home/nick/.vscode-oss/extensions/sumneko.lua-3.2.0]: Couldn't find message for key config.diagnostics.duplicate-doc-field.
[2022-05-24 14:07:53.290] [renderer1] [warning] [/home/nick/.vscode-oss/extensions/sumneko.lua-3.2.0]: Couldn't find message for key config.diagnostics.duplicate-doc-param.
[2022-05-24 14:07:53.290] [renderer1] [warning] [/home/nick/.vscode-oss/extensions/sumneko.lua-3.2.0]: Couldn't find message for key config.diagnostics.duplicate-set-field.
[2022-05-24 14:07:53.290] [renderer1] [warning] [/home/nick/.vscode-oss/extensions/sumneko.lua-3.2.0]: Couldn't find message for key config.diagnostics.missing-parameter.
[2022-05-24 14:07:53.291] [renderer1] [warning] [/home/nick/.vscode-oss/extensions/sumneko.lua-3.2.0]: Couldn't find message for key config.diagnostics.need-check-nil.
[2022-05-24 14:07:53.291] [renderer1] [warning] [/home/nick/.vscode-oss/extensions/sumneko.lua-3.2.0]: Couldn't find message for key config.diagnostics.no-unknown.
[2022-05-24 14:07:53.291] [renderer1] [warning] [/home/nick/.vscode-oss/extensions/sumneko.lua-3.2.0]: Couldn't find message for key config.diagnostics.not-yieldable.
[2022-05-24 14:07:53.292] [renderer1] [warning] [/home/nick/.vscode-oss/extensions/sumneko.lua-3.2.0]: Couldn't find message for key config.diagnostics.redundant-return.
[2022-05-24 14:07:53.292] [renderer1] [warning] [/home/nick/.vscode-oss/extensions/sumneko.lua-3.2.0]: Couldn't find message for key config.diagnostics.type-check.
[2022-05-24 14:07:53.292] [renderer1] [warning] [/home/nick/.vscode-oss/extensions/sumneko.lua-3.2.0]: Couldn't find message for key config.diagnostics.unbalanced-assignments.
[2022-05-24 14:07:53.292] [renderer1] [warning] [/home/nick/.vscode-oss/extensions/sumneko.lua-3.2.0]: Couldn't find message for key config.diagnostics.undefined-doc-class.
[2022-05-24 14:07:53.293] [renderer1] [warning] [/home/nick/.vscode-oss/extensions/sumneko.lua-3.2.0]: Couldn't find message for key config.diagnostics.undefined-doc-name.
[2022-05-24 14:07:53.293] [renderer1] [warning] [/home/nick/.vscode-oss/extensions/sumneko.lua-3.2.0]: Couldn't find message for key config.diagnostics.undefined-doc-param.
[2022-05-24 14:07:53.293] [renderer1] [warning] [/home/nick/.vscode-oss/extensions/sumneko.lua-3.2.0]: Couldn't find message for key config.diagnostics.undefined-field.
[2022-05-24 14:07:53.293] [renderer1] [warning] [/home/nick/.vscode-oss/extensions/sumneko.lua-3.2.0]: Couldn't find message for key config.diagnostics.unknown-diag-code.
[2022-05-24 14:07:53.294] [renderer1] [warning] [/home/nick/.vscode-oss/extensions/sumneko.lua-3.2.0]: Couldn't find message for key config.format.defaultConfig.
[2022-05-24 14:07:53.294] [renderer1] [warning] [/home/nick/.vscode-oss/extensions/sumneko.lua-3.2.0]: Couldn't find message for key config.runtime.builtin.basic.
[2022-05-24 14:07:53.294] [renderer1] [warning] [/home/nick/.vscode-oss/extensions/sumneko.lua-3.2.0]: Couldn't find message for key config.runtime.builtin.bit.
[2022-05-24 14:07:53.294] [renderer1] [warning] [/home/nick/.vscode-oss/extensions/sumneko.lua-3.2.0]: Couldn't find message for key config.runtime.builtin.bit32.
[2022-05-24 14:07:53.294] [renderer1] [warning] [/home/nick/.vscode-oss/extensions/sumneko.lua-3.2.0]: Couldn't find message for key config.runtime.builtin.builtin.
[2022-05-24 14:07:53.294] [renderer1] [warning] [/home/nick/.vscode-oss/extensions/sumneko.lua-3.2.0]: Couldn't find message for key config.runtime.builtin.coroutine.
[2022-05-24 14:07:53.294] [renderer1] [warning] [/home/nick/.vscode-oss/extensions/sumneko.lua-3.2.0]: Couldn't find message for key config.runtime.builtin.debug.
[2022-05-24 14:07:53.295] [renderer1] [warning] [/home/nick/.vscode-oss/extensions/sumneko.lua-3.2.0]: Couldn't find message for key config.runtime.builtin.ffi.
[2022-05-24 14:07:53.295] [renderer1] [warning] [/home/nick/.vscode-oss/extensions/sumneko.lua-3.2.0]: Couldn't find message for key config.runtime.builtin.io.
[2022-05-24 14:07:53.295] [renderer1] [warning] [/home/nick/.vscode-oss/extensions/sumneko.lua-3.2.0]: Couldn't find message for key config.runtime.builtin.jit.
[2022-05-24 14:07:53.295] [renderer1] [warning] [/home/nick/.vscode-oss/extensions/sumneko.lua-3.2.0]: Couldn't find message for key config.runtime.builtin.math.
[2022-05-24 14:07:53.295] [renderer1] [warning] [/home/nick/.vscode-oss/extensions/sumneko.lua-3.2.0]: Couldn't find message for key config.runtime.builtin.os.
[2022-05-24 14:07:53.295] [renderer1] [warning] [/home/nick/.vscode-oss/extensions/sumneko.lua-3.2.0]: Couldn't find message for key config.runtime.builtin.package.
[2022-05-24 14:07:53.295] [renderer1] [warning] [/home/nick/.vscode-oss/extensions/sumneko.lua-3.2.0]: Couldn't find message for key config.runtime.builtin.string.
[2022-05-24 14:07:53.296] [renderer1] [warning] [/home/nick/.vscode-oss/extensions/sumneko.lua-3.2.0]: Couldn't find message for key config.runtime.builtin.table.
[2022-05-24 14:07:53.296] [renderer1] [warning] [/home/nick/.vscode-oss/extensions/sumneko.lua-3.2.0]: Couldn't find message for key config.runtime.builtin.utf8.
[2022-05-24 14:07:53.309] [renderer1] [critical] Extension 'ms-python.python CANNOT USE these API proposals 'quickPickSortByLabel, testObserver, notebookEditor'. You MUST start in extension development mode or use the --enable-proposed-api command line flag
