WARNING: Using incubator modules: jdk.incubator.vector, jdk.incubator.foreign
[Error - 9:41:54 AM] Nov 23, 2021, 9:41:54 AM Unable to load IDecompiler class for jarFileContentProvider
[Error - 9:43:02 AM] Nov 23, 2021, 9:43:02 AM Unable to load IDecompiler class for jarFileContentProvider
[Error - 9:43:28 AM] Nov 23, 2021, 9:43:28 AM Unable to load IDecompiler class for jarFileContentProvider
[Error - 9:44:19 AM] Nov 23, 2021, 9:44:19 AM BadLocationException
null
org.eclipse.jface.text.BadLocationException
	at org.eclipse.jface.text.TreeLineTracker.fail(TreeLineTracker.java:1054)
	at org.eclipse.jface.text.TreeLineTracker.lineByOffset(TreeLineTracker.java:268)
	at org.eclipse.jface.text.TreeLineTracker.getLineNumberOfOffset(TreeLineTracker.java:1122)
	at org.eclipse.jface.text.AbstractLineTracker.getLineNumberOfOffset(AbstractLineTracker.java:155)
	at org.eclipse.jface.text.AbstractDocument.getLineOfOffset(AbstractDocument.java:872)
	at org.eclipse.core.internal.filebuffers.SynchronizableDocument.getLineOfOffset(SynchronizableDocument.java:334)
	at org.eclipse.jdt.ls.core.internal.handlers.JsonRpcHelpers.toLine(JsonRpcHelpers.java:156)
	at org.eclipse.jdt.ls.core.internal.handlers.JsonRpcHelpers.toLine(JsonRpcHelpers.java:101)
	at org.eclipse.jdt.ls.core.internal.JDTUtils.toRange(JDTUtils.java:857)
	at org.eclipse.jdt.ls.core.internal.JDTUtils.toLocation(JDTUtils.java:756)
	at org.eclipse.jdt.ls.core.internal.JDTUtils.toLocation(JDTUtils.java:702)
	at org.eclipse.jdt.ls.core.internal.handlers.DocumentSymbolHandler.getRange(DocumentSymbolHandler.java:205)
	at org.eclipse.jdt.ls.core.internal.handlers.DocumentSymbolHandler.toDocumentSymbol(DocumentSymbolHandler.java:172)
	at org.eclipse.jdt.ls.core.internal.handlers.DocumentSymbolHandler.lambda$2(DocumentSymbolHandler.java:147)
	at java.base/java.util.stream.ReferencePipeline$3$1.accept(ReferencePipeline.java:197)
	at java.base/java.util.Spliterators$ArraySpliterator.forEachRemaining(Spliterators.java:992)
	at java.base/java.util.stream.AbstractPipeline.copyInto(AbstractPipeline.java:509)
	at java.base/java.util.stream.AbstractPipeline.wrapAndCopyInto(AbstractPipeline.java:499)
	at java.base/java.util.stream.ReduceOps$ReduceOp.evaluateSequential(ReduceOps.java:921)
	at java.base/java.util.stream.AbstractPipeline.evaluate(AbstractPipeline.java:234)
	at java.base/java.util.stream.ReferencePipeline.collect(ReferencePipeline.java:682)
	at org.eclipse.jdt.ls.core.internal.handlers.DocumentSymbolHandler.getHierarchicalOutline(DocumentSymbolHandler.java:147)
	at org.eclipse.jdt.ls.core.internal.handlers.DocumentSymbolHandler.documentSymbol(DocumentSymbolHandler.java:80)
	at org.eclipse.jdt.ls.core.internal.handlers.JDTLanguageServer.lambda$14(JDTLanguageServer.java:636)
	at org.eclipse.jdt.ls.core.internal.BaseJDTLanguageServer.lambda$0(BaseJDTLanguageServer.java:75)
	at java.base/java.util.concurrent.CompletableFuture$UniApply.tryFire(CompletableFuture.java:646)
	at java.base/java.util.concurrent.CompletableFuture$Completion.exec(CompletableFuture.java:483)
	at java.base/java.util.concurrent.ForkJoinTask.doExec(ForkJoinTask.java:373)
	at java.base/java.util.concurrent.ForkJoinPool$WorkQueue.topLevelExec(ForkJoinPool.java:1182)
	at java.base/java.util.concurrent.ForkJoinPool.scan(ForkJoinPool.java:1655)
	at java.base/java.util.concurrent.ForkJoinPool.runWorker(ForkJoinPool.java:1622)
	at java.base/java.util.concurrent.ForkJoinWorkerThread.run(ForkJoinWorkerThread.java:165)

[Error - 9:44:25 AM] Nov 23, 2021, 9:44:25 AM Offset > length: 1707 > 0
Offset > length: 1707 > 0
org.eclipse.jface.text.BadLocationException: Offset > length: 1707 > 0
	at org.eclipse.jface.text.ListLineTracker.getLineNumberOfOffset(ListLineTracker.java:141)
	at org.eclipse.jface.text.AbstractLineTracker.getLineNumberOfOffset(AbstractLineTracker.java:155)
	at org.eclipse.jface.text.AbstractDocument.getLineOfOffset(AbstractDocument.java:872)
	at org.eclipse.jdt.ls.core.internal.handlers.JsonRpcHelpers.toLine(JsonRpcHelpers.java:156)
	at org.eclipse.jdt.ls.core.internal.handlers.JsonRpcHelpers.toLine(JsonRpcHelpers.java:101)
	at org.eclipse.jdt.ls.core.internal.JDTUtils.toRange(JDTUtils.java:857)
	at org.eclipse.jdt.ls.core.internal.JDTUtils.toLocation(JDTUtils.java:756)
	at org.eclipse.jdt.ls.core.internal.JDTUtils.toLocation(JDTUtils.java:702)
	at org.eclipse.jdt.ls.core.internal.handlers.DocumentSymbolHandler.getRange(DocumentSymbolHandler.java:205)
	at org.eclipse.jdt.ls.core.internal.handlers.DocumentSymbolHandler.toDocumentSymbol(DocumentSymbolHandler.java:172)
	at org.eclipse.jdt.ls.core.internal.handlers.DocumentSymbolHandler.lambda$4(DocumentSymbolHandler.java:188)
	at java.base/java.util.stream.ReferencePipeline$3$1.accept(ReferencePipeline.java:197)
	at java.base/java.util.Spliterators$ArraySpliterator.forEachRemaining(Spliterators.java:992)
	at java.base/java.util.stream.AbstractPipeline.copyInto(AbstractPipeline.java:509)
	at java.base/java.util.stream.AbstractPipeline.wrapAndCopyInto(AbstractPipeline.java:499)
	at java.base/java.util.stream.ReduceOps$ReduceOp.evaluateSequential(ReduceOps.java:921)
	at java.base/java.util.stream.AbstractPipeline.evaluate(AbstractPipeline.java:234)
	at java.base/java.util.stream.ReferencePipeline.collect(ReferencePipeline.java:682)
	at org.eclipse.jdt.ls.core.internal.handlers.DocumentSymbolHandler.toDocumentSymbol(DocumentSymbolHandler.java:190)
	at org.eclipse.jdt.ls.core.internal.handlers.DocumentSymbolHandler.lambda$2(DocumentSymbolHandler.java:147)
	at java.base/java.util.stream.ReferencePipeline$3$1.accept(ReferencePipeline.java:197)
	at java.base/java.util.Spliterators$ArraySpliterator.forEachRemaining(Spliterators.java:992)
	at java.base/java.util.stream.AbstractPipeline.copyInto(AbstractPipeline.java:509)
	at java.base/java.util.stream.AbstractPipeline.wrapAndCopyInto(AbstractPipeline.java:499)
	at java.base/java.util.stream.ReduceOps$ReduceOp.evaluateSequential(ReduceOps.java:921)
	at java.base/java.util.stream.AbstractPipeline.evaluate(AbstractPipeline.java:234)
	at java.base/java.util.stream.ReferencePipeline.collect(ReferencePipeline.java:682)
	at org.eclipse.jdt.ls.core.internal.handlers.DocumentSymbolHandler.getHierarchicalOutline(DocumentSymbolHandler.java:147)
	at org.eclipse.jdt.ls.core.internal.handlers.DocumentSymbolHandler.documentSymbol(DocumentSymbolHandler.java:80)
	at org.eclipse.jdt.ls.core.internal.handlers.JDTLanguageServer.lambda$14(JDTLanguageServer.java:636)
	at org.eclipse.jdt.ls.core.internal.BaseJDTLanguageServer.lambda$0(BaseJDTLanguageServer.java:75)
	at java.base/java.util.concurrent.CompletableFuture$UniApply.tryFire(CompletableFuture.java:646)
	at java.base/java.util.concurrent.CompletableFuture$Completion.exec(CompletableFuture.java:483)
	at java.base/java.util.concurrent.ForkJoinTask.doExec(ForkJoinTask.java:373)
	at java.base/java.util.concurrent.ForkJoinPool$WorkQueue.topLevelExec(ForkJoinPool.java:1182)
	at java.base/java.util.concurrent.ForkJoinPool.scan(ForkJoinPool.java:1655)
	at java.base/java.util.concurrent.ForkJoinPool.runWorker(ForkJoinPool.java:1622)
	at java.base/java.util.concurrent.ForkJoinWorkerThread.run(ForkJoinWorkerThread.java:165)

[Error - 9:44:52 AM] Nov 23, 2021, 9:44:52 AM BadLocationException
null
org.eclipse.jface.text.BadLocationException
	at org.eclipse.jface.text.TreeLineTracker.fail(TreeLineTracker.java:1054)
	at org.eclipse.jface.text.TreeLineTracker.lineByOffset(TreeLineTracker.java:268)
	at org.eclipse.jface.text.TreeLineTracker.getLineNumberOfOffset(TreeLineTracker.java:1122)
	at org.eclipse.jface.text.AbstractLineTracker.getLineNumberOfOffset(AbstractLineTracker.java:155)
	at org.eclipse.jface.text.AbstractDocument.getLineOfOffset(AbstractDocument.java:872)
	at org.eclipse.core.internal.filebuffers.SynchronizableDocument.getLineOfOffset(SynchronizableDocument.java:334)
	at org.eclipse.jdt.ls.core.internal.handlers.JsonRpcHelpers.toLine(JsonRpcHelpers.java:156)
	at org.eclipse.jdt.ls.core.internal.handlers.JsonRpcHelpers.toLine(JsonRpcHelpers.java:101)
	at org.eclipse.jdt.ls.core.internal.JDTUtils.toRange(JDTUtils.java:857)
	at org.eclipse.jdt.ls.core.internal.JDTUtils.toLocation(JDTUtils.java:756)
	at org.eclipse.jdt.ls.core.internal.JDTUtils.toLocation(JDTUtils.java:702)
	at org.eclipse.jdt.ls.core.internal.handlers.DocumentSymbolHandler.getRange(DocumentSymbolHandler.java:205)
	at org.eclipse.jdt.ls.core.internal.handlers.DocumentSymbolHandler.toDocumentSymbol(DocumentSymbolHandler.java:172)
	at org.eclipse.jdt.ls.core.internal.handlers.DocumentSymbolHandler.lambda$2(DocumentSymbolHandler.java:147)
	at java.base/java.util.stream.ReferencePipeline$3$1.accept(ReferencePipeline.java:197)
	at java.base/java.util.Spliterators$ArraySpliterator.forEachRemaining(Spliterators.java:992)
	at java.base/java.util.stream.AbstractPipeline.copyInto(AbstractPipeline.java:509)
	at java.base/java.util.stream.AbstractPipeline.wrapAndCopyInto(AbstractPipeline.java:499)
	at java.base/java.util.stream.ReduceOps$ReduceOp.evaluateSequential(ReduceOps.java:921)
	at java.base/java.util.stream.AbstractPipeline.evaluate(AbstractPipeline.java:234)
	at java.base/java.util.stream.ReferencePipeline.collect(ReferencePipeline.java:682)
	at org.eclipse.jdt.ls.core.internal.handlers.DocumentSymbolHandler.getHierarchicalOutline(DocumentSymbolHandler.java:147)
	at org.eclipse.jdt.ls.core.internal.handlers.DocumentSymbolHandler.documentSymbol(DocumentSymbolHandler.java:80)
	at org.eclipse.jdt.ls.core.internal.handlers.JDTLanguageServer.lambda$14(JDTLanguageServer.java:636)
	at org.eclipse.jdt.ls.core.internal.BaseJDTLanguageServer.lambda$0(BaseJDTLanguageServer.java:75)
	at java.base/java.util.concurrent.CompletableFuture$UniApply.tryFire(CompletableFuture.java:646)
	at java.base/java.util.concurrent.CompletableFuture$Completion.exec(CompletableFuture.java:483)
	at java.base/java.util.concurrent.ForkJoinTask.doExec(ForkJoinTask.java:373)
	at java.base/java.util.concurrent.ForkJoinPool$WorkQueue.topLevelExec(ForkJoinPool.java:1182)
	at java.base/java.util.concurrent.ForkJoinPool.scan(ForkJoinPool.java:1655)
	at java.base/java.util.concurrent.ForkJoinPool.runWorker(ForkJoinPool.java:1622)
	at java.base/java.util.concurrent.ForkJoinWorkerThread.run(ForkJoinWorkerThread.java:165)

[Error - 9:44:52 AM] Nov 23, 2021, 9:44:52 AM BadLocationException
null
org.eclipse.jface.text.BadLocationException
	at org.eclipse.jface.text.TreeLineTracker.fail(TreeLineTracker.java:1054)
	at org.eclipse.jface.text.TreeLineTracker.lineByOffset(TreeLineTracker.java:268)
	at org.eclipse.jface.text.TreeLineTracker.getLineNumberOfOffset(TreeLineTracker.java:1122)
	at org.eclipse.jface.text.AbstractLineTracker.getLineNumberOfOffset(AbstractLineTracker.java:155)
	at org.eclipse.jface.text.AbstractDocument.getLineOfOffset(AbstractDocument.java:872)
	at org.eclipse.core.internal.filebuffers.SynchronizableDocument.getLineOfOffset(SynchronizableDocument.java:334)
	at org.eclipse.jdt.ls.core.internal.handlers.JsonRpcHelpers.toLine(JsonRpcHelpers.java:156)
	at org.eclipse.jdt.ls.core.internal.handlers.JsonRpcHelpers.toLine(JsonRpcHelpers.java:101)
	at org.eclipse.jdt.ls.core.internal.JDTUtils.toRange(JDTUtils.java:857)
	at org.eclipse.jdt.ls.core.internal.JDTUtils.toLocation(JDTUtils.java:756)
	at org.eclipse.jdt.ls.core.internal.JDTUtils.toLocation(JDTUtils.java:702)
	at org.eclipse.jdt.ls.core.internal.handlers.DocumentSymbolHandler.getRange(DocumentSymbolHandler.java:205)
	at org.eclipse.jdt.ls.core.internal.handlers.DocumentSymbolHandler.toDocumentSymbol(DocumentSymbolHandler.java:172)
	at org.eclipse.jdt.ls.core.internal.handlers.DocumentSymbolHandler.lambda$4(DocumentSymbolHandler.java:188)
	at java.base/java.util.stream.ReferencePipeline$3$1.accept(ReferencePipeline.java:197)
	at java.base/java.util.Spliterators$ArraySpliterator.forEachRemaining(Spliterators.java:992)
	at java.base/java.util.stream.AbstractPipeline.copyInto(AbstractPipeline.java:509)
	at java.base/java.util.stream.AbstractPipeline.wrapAndCopyInto(AbstractPipeline.java:499)
	at java.base/java.util.stream.ReduceOps$ReduceOp.evaluateSequential(ReduceOps.java:921)
	at java.base/java.util.stream.AbstractPipeline.evaluate(AbstractPipeline.java:234)
	at java.base/java.util.stream.ReferencePipeline.collect(ReferencePipeline.java:682)
	at org.eclipse.jdt.ls.core.internal.handlers.DocumentSymbolHandler.toDocumentSymbol(DocumentSymbolHandler.java:190)
	at org.eclipse.jdt.ls.core.internal.handlers.DocumentSymbolHandler.lambda$2(DocumentSymbolHandler.java:147)
	at java.base/java.util.stream.ReferencePipeline$3$1.accept(ReferencePipeline.java:197)
	at java.base/java.util.Spliterators$ArraySpliterator.forEachRemaining(Spliterators.java:992)
	at java.base/java.util.stream.AbstractPipeline.copyInto(AbstractPipeline.java:509)
	at java.base/java.util.stream.AbstractPipeline.wrapAndCopyInto(AbstractPipeline.java:499)
	at java.base/java.util.stream.ReduceOps$ReduceOp.evaluateSequential(ReduceOps.java:921)
	at java.base/java.util.stream.AbstractPipeline.evaluate(AbstractPipeline.java:234)
	at java.base/java.util.stream.ReferencePipeline.collect(ReferencePipeline.java:682)
	at org.eclipse.jdt.ls.core.internal.handlers.DocumentSymbolHandler.getHierarchicalOutline(DocumentSymbolHandler.java:147)
	at org.eclipse.jdt.ls.core.internal.handlers.DocumentSymbolHandler.documentSymbol(DocumentSymbolHandler.java:80)
	at org.eclipse.jdt.ls.core.internal.handlers.JDTLanguageServer.lambda$14(JDTLanguageServer.java:636)
	at org.eclipse.jdt.ls.core.internal.BaseJDTLanguageServer.lambda$0(BaseJDTLanguageServer.java:75)
	at java.base/java.util.concurrent.CompletableFuture$UniApply.tryFire(CompletableFuture.java:646)
	at java.base/java.util.concurrent.CompletableFuture$Completion.exec(CompletableFuture.java:483)
	at java.base/java.util.concurrent.ForkJoinTask.doExec(ForkJoinTask.java:373)
	at java.base/java.util.concurrent.ForkJoinPool$WorkQueue.topLevelExec(ForkJoinPool.java:1182)
	at java.base/java.util.concurrent.ForkJoinPool.scan(ForkJoinPool.java:1655)
	at java.base/java.util.concurrent.ForkJoinPool.runWorker(ForkJoinPool.java:1622)
	at java.base/java.util.concurrent.ForkJoinWorkerThread.run(ForkJoinWorkerThread.java:165)

[Error - 9:46:02 AM] Nov 23, 2021, 9:46:02 AM Unable to load IDecompiler class for jarFileContentProvider
[Error - 9:46:58 AM] Nov 23, 2021, 9:46:58 AM Unable to load IDecompiler class for jarFileContentProvider
[Error - 9:53:16 AM] Nov 23, 2021, 9:53:16 AM BadLocationException
null
org.eclipse.jface.text.BadLocationException
	at org.eclipse.jface.text.TreeLineTracker.fail(TreeLineTracker.java:1054)
	at org.eclipse.jface.text.TreeLineTracker.lineByOffset(TreeLineTracker.java:268)
	at org.eclipse.jface.text.TreeLineTracker.getLineNumberOfOffset(TreeLineTracker.java:1122)
	at org.eclipse.jface.text.AbstractLineTracker.getLineNumberOfOffset(AbstractLineTracker.java:155)
	at org.eclipse.jface.text.AbstractDocument.getLineOfOffset(AbstractDocument.java:872)
	at org.eclipse.core.internal.filebuffers.SynchronizableDocument.getLineOfOffset(SynchronizableDocument.java:334)
	at org.eclipse.jdt.ls.core.internal.handlers.JsonRpcHelpers.toLine(JsonRpcHelpers.java:156)
	at org.eclipse.jdt.ls.core.internal.handlers.JsonRpcHelpers.toLine(JsonRpcHelpers.java:101)
	at org.eclipse.jdt.ls.core.internal.JDTUtils.toRange(JDTUtils.java:857)
	at org.eclipse.jdt.ls.core.internal.JDTUtils.toLocation(JDTUtils.java:756)
	at org.eclipse.jdt.ls.core.internal.JDTUtils.toLocation(JDTUtils.java:702)
	at org.eclipse.jdt.ls.core.internal.handlers.DocumentSymbolHandler.getRange(DocumentSymbolHandler.java:205)
	at org.eclipse.jdt.ls.core.internal.handlers.DocumentSymbolHandler.toDocumentSymbol(DocumentSymbolHandler.java:172)
	at org.eclipse.jdt.ls.core.internal.handlers.DocumentSymbolHandler.lambda$2(DocumentSymbolHandler.java:147)
	at java.base/java.util.stream.ReferencePipeline$3$1.accept(ReferencePipeline.java:197)
	at java.base/java.util.Spliterators$ArraySpliterator.forEachRemaining(Spliterators.java:992)
	at java.base/java.util.stream.AbstractPipeline.copyInto(AbstractPipeline.java:509)
	at java.base/java.util.stream.AbstractPipeline.wrapAndCopyInto(AbstractPipeline.java:499)
	at java.base/java.util.stream.ReduceOps$ReduceOp.evaluateSequential(ReduceOps.java:921)
	at java.base/java.util.stream.AbstractPipeline.evaluate(AbstractPipeline.java:234)
	at java.base/java.util.stream.ReferencePipeline.collect(ReferencePipeline.java:682)
	at org.eclipse.jdt.ls.core.internal.handlers.DocumentSymbolHandler.getHierarchicalOutline(DocumentSymbolHandler.java:147)
	at org.eclipse.jdt.ls.core.internal.handlers.DocumentSymbolHandler.documentSymbol(DocumentSymbolHandler.java:80)
	at org.eclipse.jdt.ls.core.internal.handlers.JDTLanguageServer.lambda$14(JDTLanguageServer.java:636)
	at org.eclipse.jdt.ls.core.internal.BaseJDTLanguageServer.lambda$0(BaseJDTLanguageServer.java:75)
	at java.base/java.util.concurrent.CompletableFuture$UniApply.tryFire(CompletableFuture.java:646)
	at java.base/java.util.concurrent.CompletableFuture$Completion.exec(CompletableFuture.java:483)
	at java.base/java.util.concurrent.ForkJoinTask.doExec(ForkJoinTask.java:373)
	at java.base/java.util.concurrent.ForkJoinPool$WorkQueue.topLevelExec(ForkJoinPool.java:1182)
	at java.base/java.util.concurrent.ForkJoinPool.scan(ForkJoinPool.java:1655)
	at java.base/java.util.concurrent.ForkJoinPool.runWorker(ForkJoinPool.java:1622)
	at java.base/java.util.concurrent.ForkJoinWorkerThread.run(ForkJoinWorkerThread.java:165)

[Error - 9:55:03 AM] Nov 23, 2021, 9:55:03 AM Unable to load IDecompiler class for jarFileContentProvider
[Error - 9:55:03 AM] Nov 23, 2021, 9:55:03 AM Unable to load IDecompiler class for jarFileContentProvider
[Error - 9:55:08 AM] Nov 23, 2021, 9:55:08 AM Unable to load IDecompiler class for jarFileContentProvider
[Error - 9:55:08 AM] Nov 23, 2021, 9:55:08 AM BadLocationException
null
org.eclipse.jface.text.BadLocationException
	at org.eclipse.jface.text.TreeLineTracker.fail(TreeLineTracker.java:1054)
	at org.eclipse.jface.text.TreeLineTracker.lineByOffset(TreeLineTracker.java:268)
	at org.eclipse.jface.text.TreeLineTracker.getLineNumberOfOffset(TreeLineTracker.java:1122)
	at org.eclipse.jface.text.AbstractLineTracker.getLineNumberOfOffset(AbstractLineTracker.java:155)
	at org.eclipse.jface.text.AbstractDocument.getLineOfOffset(AbstractDocument.java:872)
	at org.eclipse.core.internal.filebuffers.SynchronizableDocument.getLineOfOffset(SynchronizableDocument.java:334)
	at org.eclipse.jdt.ls.core.internal.handlers.JsonRpcHelpers.toLine(JsonRpcHelpers.java:156)
	at org.eclipse.jdt.ls.core.internal.handlers.JsonRpcHelpers.toLine(JsonRpcHelpers.java:101)
	at org.eclipse.jdt.ls.core.internal.JDTUtils.toRange(JDTUtils.java:857)
	at org.eclipse.jdt.ls.core.internal.JDTUtils.toLocation(JDTUtils.java:756)
	at org.eclipse.jdt.ls.core.internal.JDTUtils.toLocation(JDTUtils.java:702)
	at org.eclipse.jdt.ls.core.internal.handlers.DocumentSymbolHandler.getRange(DocumentSymbolHandler.java:205)
	at org.eclipse.jdt.ls.core.internal.handlers.DocumentSymbolHandler.toDocumentSymbol(DocumentSymbolHandler.java:172)
	at org.eclipse.jdt.ls.core.internal.handlers.DocumentSymbolHandler.lambda$2(DocumentSymbolHandler.java:147)
	at java.base/java.util.stream.ReferencePipeline$3$1.accept(ReferencePipeline.java:197)
	at java.base/java.util.Spliterators$ArraySpliterator.forEachRemaining(Spliterators.java:992)
	at java.base/java.util.stream.AbstractPipeline.copyInto(AbstractPipeline.java:509)
	at java.base/java.util.stream.AbstractPipeline.wrapAndCopyInto(AbstractPipeline.java:499)
	at java.base/java.util.stream.ReduceOps$ReduceOp.evaluateSequential(ReduceOps.java:921)
	at java.base/java.util.stream.AbstractPipeline.evaluate(AbstractPipeline.java:234)
	at java.base/java.util.stream.ReferencePipeline.collect(ReferencePipeline.java:682)
	at org.eclipse.jdt.ls.core.internal.handlers.DocumentSymbolHandler.getHierarchicalOutline(DocumentSymbolHandler.java:147)
	at org.eclipse.jdt.ls.core.internal.handlers.DocumentSymbolHandler.documentSymbol(DocumentSymbolHandler.java:80)
	at org.eclipse.jdt.ls.core.internal.handlers.JDTLanguageServer.lambda$14(JDTLanguageServer.java:636)
	at org.eclipse.jdt.ls.core.internal.BaseJDTLanguageServer.lambda$0(BaseJDTLanguageServer.java:75)
	at java.base/java.util.concurrent.CompletableFuture$UniApply.tryFire(CompletableFuture.java:646)
	at java.base/java.util.concurrent.CompletableFuture$Completion.exec(CompletableFuture.java:483)
	at java.base/java.util.concurrent.ForkJoinTask.doExec(ForkJoinTask.java:373)
	at java.base/java.util.concurrent.ForkJoinPool$WorkQueue.topLevelExec(ForkJoinPool.java:1182)
	at java.base/java.util.concurrent.ForkJoinPool.scan(ForkJoinPool.java:1655)
	at java.base/java.util.concurrent.ForkJoinPool.runWorker(ForkJoinPool.java:1622)
	at java.base/java.util.concurrent.ForkJoinWorkerThread.run(ForkJoinWorkerThread.java:165)

[Error - 9:55:08 AM] Nov 23, 2021, 9:55:08 AM BadLocationException
null
org.eclipse.jface.text.BadLocationException
	at org.eclipse.jface.text.TreeLineTracker.fail(TreeLineTracker.java:1054)
	at org.eclipse.jface.text.TreeLineTracker.lineByOffset(TreeLineTracker.java:268)
	at org.eclipse.jface.text.TreeLineTracker.getLineNumberOfOffset(TreeLineTracker.java:1122)
	at org.eclipse.jface.text.AbstractLineTracker.getLineNumberOfOffset(AbstractLineTracker.java:155)
	at org.eclipse.jface.text.AbstractDocument.getLineOfOffset(AbstractDocument.java:872)
	at org.eclipse.core.internal.filebuffers.SynchronizableDocument.getLineOfOffset(SynchronizableDocument.java:334)
	at org.eclipse.jdt.ls.core.internal.handlers.JsonRpcHelpers.toLine(JsonRpcHelpers.java:156)
	at org.eclipse.jdt.ls.core.internal.handlers.JsonRpcHelpers.toLine(JsonRpcHelpers.java:101)
	at org.eclipse.jdt.ls.core.internal.JDTUtils.toRange(JDTUtils.java:857)
	at org.eclipse.jdt.ls.core.internal.JDTUtils.toLocation(JDTUtils.java:756)
	at org.eclipse.jdt.ls.core.internal.JDTUtils.toLocation(JDTUtils.java:702)
	at org.eclipse.jdt.ls.core.internal.handlers.DocumentSymbolHandler.getRange(DocumentSymbolHandler.java:205)
	at org.eclipse.jdt.ls.core.internal.handlers.DocumentSymbolHandler.toDocumentSymbol(DocumentSymbolHandler.java:172)
	at org.eclipse.jdt.ls.core.internal.handlers.DocumentSymbolHandler.lambda$4(DocumentSymbolHandler.java:188)
	at java.base/java.util.stream.ReferencePipeline$3$1.accept(ReferencePipeline.java:197)
	at java.base/java.util.Spliterators$ArraySpliterator.forEachRemaining(Spliterators.java:992)
	at java.base/java.util.stream.AbstractPipeline.copyInto(AbstractPipeline.java:509)
	at java.base/java.util.stream.AbstractPipeline.wrapAndCopyInto(AbstractPipeline.java:499)
	at java.base/java.util.stream.ReduceOps$ReduceOp.evaluateSequential(ReduceOps.java:921)
	at java.base/java.util.stream.AbstractPipeline.evaluate(AbstractPipeline.java:234)
	at java.base/java.util.stream.ReferencePipeline.collect(ReferencePipeline.java:682)
	at org.eclipse.jdt.ls.core.internal.handlers.DocumentSymbolHandler.toDocumentSymbol(DocumentSymbolHandler.java:190)
	at org.eclipse.jdt.ls.core.internal.handlers.DocumentSymbolHandler.lambda$2(DocumentSymbolHandler.java:147)
	at java.base/java.util.stream.ReferencePipeline$3$1.accept(ReferencePipeline.java:197)
	at java.base/java.util.Spliterators$ArraySpliterator.forEachRemaining(Spliterators.java:992)
	at java.base/java.util.stream.AbstractPipeline.copyInto(AbstractPipeline.java:509)
	at java.base/java.util.stream.AbstractPipeline.wrapAndCopyInto(AbstractPipeline.java:499)
	at java.base/java.util.stream.ReduceOps$ReduceOp.evaluateSequential(ReduceOps.java:921)
	at java.base/java.util.stream.AbstractPipeline.evaluate(AbstractPipeline.java:234)
	at java.base/java.util.stream.ReferencePipeline.collect(ReferencePipeline.java:682)
	at org.eclipse.jdt.ls.core.internal.handlers.DocumentSymbolHandler.getHierarchicalOutline(DocumentSymbolHandler.java:147)
	at org.eclipse.jdt.ls.core.internal.handlers.DocumentSymbolHandler.documentSymbol(DocumentSymbolHandler.java:80)
	at org.eclipse.jdt.ls.core.internal.handlers.JDTLanguageServer.lambda$14(JDTLanguageServer.java:636)
	at org.eclipse.jdt.ls.core.internal.BaseJDTLanguageServer.lambda$0(BaseJDTLanguageServer.java:75)
	at java.base/java.util.concurrent.CompletableFuture$UniApply.tryFire(CompletableFuture.java:646)
	at java.base/java.util.concurrent.CompletableFuture$Completion.exec(CompletableFuture.java:483)
	at java.base/java.util.concurrent.ForkJoinTask.doExec(ForkJoinTask.java:373)
	at java.base/java.util.concurrent.ForkJoinPool$WorkQueue.topLevelExec(ForkJoinPool.java:1182)
	at java.base/java.util.concurrent.ForkJoinPool.scan(ForkJoinPool.java:1655)
	at java.base/java.util.concurrent.ForkJoinPool.runWorker(ForkJoinPool.java:1622)
	at java.base/java.util.concurrent.ForkJoinWorkerThread.run(ForkJoinWorkerThread.java:165)

[Error - 9:56:42 AM] Nov 23, 2021, 9:56:42 AM Unable to load IDecompiler class for jarFileContentProvider
[Error - 10:03:02 AM] Nov 23, 2021, 10:03:02 AM BadLocationException
null
org.eclipse.jface.text.BadLocationException
	at org.eclipse.jface.text.TreeLineTracker.fail(TreeLineTracker.java:1054)
	at org.eclipse.jface.text.TreeLineTracker.lineByOffset(TreeLineTracker.java:268)
	at org.eclipse.jface.text.TreeLineTracker.getLineNumberOfOffset(TreeLineTracker.java:1122)
	at org.eclipse.jface.text.AbstractLineTracker.getLineNumberOfOffset(AbstractLineTracker.java:155)
	at org.eclipse.jface.text.AbstractDocument.getLineOfOffset(AbstractDocument.java:872)
	at org.eclipse.core.internal.filebuffers.SynchronizableDocument.getLineOfOffset(SynchronizableDocument.java:334)
	at org.eclipse.jdt.ls.core.internal.handlers.JsonRpcHelpers.toLine(JsonRpcHelpers.java:156)
	at org.eclipse.jdt.ls.core.internal.handlers.JsonRpcHelpers.toLine(JsonRpcHelpers.java:101)
	at org.eclipse.jdt.ls.core.internal.JDTUtils.toRange(JDTUtils.java:857)
	at org.eclipse.jdt.ls.core.internal.JDTUtils.toLocation(JDTUtils.java:756)
	at org.eclipse.jdt.ls.core.internal.JDTUtils.toLocation(JDTUtils.java:702)
	at org.eclipse.jdt.ls.core.internal.handlers.DocumentSymbolHandler.getRange(DocumentSymbolHandler.java:205)
	at org.eclipse.jdt.ls.core.internal.handlers.DocumentSymbolHandler.toDocumentSymbol(DocumentSymbolHandler.java:172)
	at org.eclipse.jdt.ls.core.internal.handlers.DocumentSymbolHandler.lambda$2(DocumentSymbolHandler.java:147)
	at java.base/java.util.stream.ReferencePipeline$3$1.accept(ReferencePipeline.java:197)
	at java.base/java.util.Spliterators$ArraySpliterator.forEachRemaining(Spliterators.java:992)
	at java.base/java.util.stream.AbstractPipeline.copyInto(AbstractPipeline.java:509)
	at java.base/java.util.stream.AbstractPipeline.wrapAndCopyInto(AbstractPipeline.java:499)
	at java.base/java.util.stream.ReduceOps$ReduceOp.evaluateSequential(ReduceOps.java:921)
	at java.base/java.util.stream.AbstractPipeline.evaluate(AbstractPipeline.java:234)
	at java.base/java.util.stream.ReferencePipeline.collect(ReferencePipeline.java:682)
	at org.eclipse.jdt.ls.core.internal.handlers.DocumentSymbolHandler.getHierarchicalOutline(DocumentSymbolHandler.java:147)
	at org.eclipse.jdt.ls.core.internal.handlers.DocumentSymbolHandler.documentSymbol(DocumentSymbolHandler.java:80)
	at org.eclipse.jdt.ls.core.internal.handlers.JDTLanguageServer.lambda$14(JDTLanguageServer.java:636)
	at org.eclipse.jdt.ls.core.internal.BaseJDTLanguageServer.lambda$0(BaseJDTLanguageServer.java:75)
	at java.base/java.util.concurrent.CompletableFuture$UniApply.tryFire(CompletableFuture.java:646)
	at java.base/java.util.concurrent.CompletableFuture$Completion.exec(CompletableFuture.java:483)
	at java.base/java.util.concurrent.ForkJoinTask.doExec(ForkJoinTask.java:373)
	at java.base/java.util.concurrent.ForkJoinPool$WorkQueue.topLevelExec(ForkJoinPool.java:1182)
	at java.base/java.util.concurrent.ForkJoinPool.scan(ForkJoinPool.java:1655)
	at java.base/java.util.concurrent.ForkJoinPool.runWorker(ForkJoinPool.java:1622)
	at java.base/java.util.concurrent.ForkJoinWorkerThread.run(ForkJoinWorkerThread.java:165)

[Error - 10:03:02 AM] Nov 23, 2021, 10:03:02 AM BadLocationException
null
org.eclipse.jface.text.BadLocationException
	at org.eclipse.jface.text.TreeLineTracker.fail(TreeLineTracker.java:1054)
	at org.eclipse.jface.text.TreeLineTracker.lineByOffset(TreeLineTracker.java:268)
	at org.eclipse.jface.text.TreeLineTracker.getLineNumberOfOffset(TreeLineTracker.java:1122)
	at org.eclipse.jface.text.AbstractLineTracker.getLineNumberOfOffset(AbstractLineTracker.java:155)
	at org.eclipse.jface.text.AbstractDocument.getLineOfOffset(AbstractDocument.java:872)
	at org.eclipse.core.internal.filebuffers.SynchronizableDocument.getLineOfOffset(SynchronizableDocument.java:334)
	at org.eclipse.jdt.ls.core.internal.handlers.JsonRpcHelpers.toLine(JsonRpcHelpers.java:156)
	at org.eclipse.jdt.ls.core.internal.handlers.JsonRpcHelpers.toLine(JsonRpcHelpers.java:101)
	at org.eclipse.jdt.ls.core.internal.JDTUtils.toRange(JDTUtils.java:857)
	at org.eclipse.jdt.ls.core.internal.JDTUtils.toLocation(JDTUtils.java:756)
	at org.eclipse.jdt.ls.core.internal.JDTUtils.toLocation(JDTUtils.java:702)
	at org.eclipse.jdt.ls.core.internal.handlers.DocumentSymbolHandler.getRange(DocumentSymbolHandler.java:205)
	at org.eclipse.jdt.ls.core.internal.handlers.DocumentSymbolHandler.toDocumentSymbol(DocumentSymbolHandler.java:172)
	at org.eclipse.jdt.ls.core.internal.handlers.DocumentSymbolHandler.lambda$4(DocumentSymbolHandler.java:188)
	at java.base/java.util.stream.ReferencePipeline$3$1.accept(ReferencePipeline.java:197)
	at java.base/java.util.Spliterators$ArraySpliterator.forEachRemaining(Spliterators.java:992)
	at java.base/java.util.stream.AbstractPipeline.copyInto(AbstractPipeline.java:509)
	at java.base/java.util.stream.AbstractPipeline.wrapAndCopyInto(AbstractPipeline.java:499)
	at java.base/java.util.stream.ReduceOps$ReduceOp.evaluateSequential(ReduceOps.java:921)
	at java.base/java.util.stream.AbstractPipeline.evaluate(AbstractPipeline.java:234)
	at java.base/java.util.stream.ReferencePipeline.collect(ReferencePipeline.java:682)
	at org.eclipse.jdt.ls.core.internal.handlers.DocumentSymbolHandler.toDocumentSymbol(DocumentSymbolHandler.java:190)
	at org.eclipse.jdt.ls.core.internal.handlers.DocumentSymbolHandler.lambda$2(DocumentSymbolHandler.java:147)
	at java.base/java.util.stream.ReferencePipeline$3$1.accept(ReferencePipeline.java:197)
	at java.base/java.util.Spliterators$ArraySpliterator.forEachRemaining(Spliterators.java:992)
	at java.base/java.util.stream.AbstractPipeline.copyInto(AbstractPipeline.java:509)
	at java.base/java.util.stream.AbstractPipeline.wrapAndCopyInto(AbstractPipeline.java:499)
	at java.base/java.util.stream.ReduceOps$ReduceOp.evaluateSequential(ReduceOps.java:921)
	at java.base/java.util.stream.AbstractPipeline.evaluate(AbstractPipeline.java:234)
	at java.base/java.util.stream.ReferencePipeline.collect(ReferencePipeline.java:682)
	at org.eclipse.jdt.ls.core.internal.handlers.DocumentSymbolHandler.getHierarchicalOutline(DocumentSymbolHandler.java:147)
	at org.eclipse.jdt.ls.core.internal.handlers.DocumentSymbolHandler.documentSymbol(DocumentSymbolHandler.java:80)
	at org.eclipse.jdt.ls.core.internal.handlers.JDTLanguageServer.lambda$14(JDTLanguageServer.java:636)
	at org.eclipse.jdt.ls.core.internal.BaseJDTLanguageServer.lambda$0(BaseJDTLanguageServer.java:75)
	at java.base/java.util.concurrent.CompletableFuture$UniApply.tryFire(CompletableFuture.java:646)
	at java.base/java.util.concurrent.CompletableFuture$Completion.exec(CompletableFuture.java:483)
	at java.base/java.util.concurrent.ForkJoinTask.doExec(ForkJoinTask.java:373)
	at java.base/java.util.concurrent.ForkJoinPool$WorkQueue.topLevelExec(ForkJoinPool.java:1182)
	at java.base/java.util.concurrent.ForkJoinPool.scan(ForkJoinPool.java:1655)
	at java.base/java.util.concurrent.ForkJoinPool.runWorker(ForkJoinPool.java:1622)
	at java.base/java.util.concurrent.ForkJoinWorkerThread.run(ForkJoinWorkerThread.java:165)

[Error - 10:03:03 AM] Nov 23, 2021, 10:03:03 AM BadLocationException
null
org.eclipse.jface.text.BadLocationException
	at org.eclipse.jface.text.TreeLineTracker.fail(TreeLineTracker.java:1054)
	at org.eclipse.jface.text.TreeLineTracker.lineByOffset(TreeLineTracker.java:268)
	at org.eclipse.jface.text.TreeLineTracker.getLineNumberOfOffset(TreeLineTracker.java:1122)
	at org.eclipse.jface.text.AbstractLineTracker.getLineNumberOfOffset(AbstractLineTracker.java:155)
	at org.eclipse.jface.text.AbstractDocument.getLineOfOffset(AbstractDocument.java:872)
	at org.eclipse.core.internal.filebuffers.SynchronizableDocument.getLineOfOffset(SynchronizableDocument.java:334)
	at org.eclipse.jdt.ls.core.internal.handlers.JsonRpcHelpers.toLine(JsonRpcHelpers.java:156)
	at org.eclipse.jdt.ls.core.internal.handlers.JsonRpcHelpers.toLine(JsonRpcHelpers.java:101)
	at org.eclipse.jdt.ls.core.internal.JDTUtils.toRange(JDTUtils.java:857)
	at org.eclipse.jdt.ls.core.internal.JDTUtils.toLocation(JDTUtils.java:756)
	at org.eclipse.jdt.ls.core.internal.JDTUtils.toLocation(JDTUtils.java:702)
	at org.eclipse.jdt.ls.core.internal.handlers.DocumentSymbolHandler.getRange(DocumentSymbolHandler.java:205)
	at org.eclipse.jdt.ls.core.internal.handlers.DocumentSymbolHandler.toDocumentSymbol(DocumentSymbolHandler.java:172)
	at org.eclipse.jdt.ls.core.internal.handlers.DocumentSymbolHandler.lambda$2(DocumentSymbolHandler.java:147)
	at java.base/java.util.stream.ReferencePipeline$3$1.accept(ReferencePipeline.java:197)
	at java.base/java.util.Spliterators$ArraySpliterator.forEachRemaining(Spliterators.java:992)
	at java.base/java.util.stream.AbstractPipeline.copyInto(AbstractPipeline.java:509)
	at java.base/java.util.stream.AbstractPipeline.wrapAndCopyInto(AbstractPipeline.java:499)
	at java.base/java.util.stream.ReduceOps$ReduceOp.evaluateSequential(ReduceOps.java:921)
	at java.base/java.util.stream.AbstractPipeline.evaluate(AbstractPipeline.java:234)
	at java.base/java.util.stream.ReferencePipeline.collect(ReferencePipeline.java:682)
	at org.eclipse.jdt.ls.core.internal.handlers.DocumentSymbolHandler.getHierarchicalOutline(DocumentSymbolHandler.java:147)
	at org.eclipse.jdt.ls.core.internal.handlers.DocumentSymbolHandler.documentSymbol(DocumentSymbolHandler.java:80)
	at org.eclipse.jdt.ls.core.internal.handlers.JDTLanguageServer.lambda$14(JDTLanguageServer.java:636)
	at org.eclipse.jdt.ls.core.internal.BaseJDTLanguageServer.lambda$0(BaseJDTLanguageServer.java:75)
	at java.base/java.util.concurrent.CompletableFuture$UniApply.tryFire(CompletableFuture.java:646)
	at java.base/java.util.concurrent.CompletableFuture$Completion.exec(CompletableFuture.java:483)
	at java.base/java.util.concurrent.ForkJoinTask.doExec(ForkJoinTask.java:373)
	at java.base/java.util.concurrent.ForkJoinPool$WorkQueue.topLevelExec(ForkJoinPool.java:1182)
	at java.base/java.util.concurrent.ForkJoinPool.scan(ForkJoinPool.java:1655)
	at java.base/java.util.concurrent.ForkJoinPool.runWorker(ForkJoinPool.java:1622)
	at java.base/java.util.concurrent.ForkJoinWorkerThread.run(ForkJoinWorkerThread.java:165)

[Error - 10:15:17 AM] Nov 23, 2021, 10:15:17 AM This refactoring cannot be performed correctly due to syntax errors in the compilation unit. To perform this operation you will need to fix the errors.
[Error - 10:18:17 AM] Nov 23, 2021, 10:18:17 AM Unable to load IDecompiler class for jarFileContentProvider
[Error - 10:18:17 AM] Nov 23, 2021, 10:18:17 AM Unable to load IDecompiler class for jarFileContentProvider
[Error - 10:19:16 AM] Nov 23, 2021, 10:19:16 AM Unable to load IDecompiler class for jarFileContentProvider
[Error - 10:19:46 AM] Nov 23, 2021, 10:19:46 AM Offset > length: 3557 > 0
Offset > length: 3557 > 0
org.eclipse.jface.text.BadLocationException: Offset > length: 3557 > 0
	at org.eclipse.jface.text.ListLineTracker.getLineNumberOfOffset(ListLineTracker.java:141)
	at org.eclipse.jface.text.AbstractLineTracker.getLineNumberOfOffset(AbstractLineTracker.java:155)
	at org.eclipse.jface.text.AbstractDocument.getLineOfOffset(AbstractDocument.java:872)
	at org.eclipse.jdt.ls.core.internal.handlers.JsonRpcHelpers.toLine(JsonRpcHelpers.java:156)
	at org.eclipse.jdt.ls.core.internal.handlers.JsonRpcHelpers.toLine(JsonRpcHelpers.java:101)
	at org.eclipse.jdt.ls.core.internal.JDTUtils.toRange(JDTUtils.java:857)
	at org.eclipse.jdt.ls.core.internal.JDTUtils.toLocation(JDTUtils.java:756)
	at org.eclipse.jdt.ls.core.internal.JDTUtils.toLocation(JDTUtils.java:702)
	at org.eclipse.jdt.ls.core.internal.handlers.DocumentSymbolHandler.getRange(DocumentSymbolHandler.java:205)
	at org.eclipse.jdt.ls.core.internal.handlers.DocumentSymbolHandler.toDocumentSymbol(DocumentSymbolHandler.java:172)
	at org.eclipse.jdt.ls.core.internal.handlers.DocumentSymbolHandler.lambda$4(DocumentSymbolHandler.java:188)
	at java.base/java.util.stream.ReferencePipeline$3$1.accept(ReferencePipeline.java:197)
	at java.base/java.util.Spliterators$ArraySpliterator.forEachRemaining(Spliterators.java:992)
	at java.base/java.util.stream.AbstractPipeline.copyInto(AbstractPipeline.java:509)
	at java.base/java.util.stream.AbstractPipeline.wrapAndCopyInto(AbstractPipeline.java:499)
	at java.base/java.util.stream.ReduceOps$ReduceOp.evaluateSequential(ReduceOps.java:921)
	at java.base/java.util.stream.AbstractPipeline.evaluate(AbstractPipeline.java:234)
	at java.base/java.util.stream.ReferencePipeline.collect(ReferencePipeline.java:682)
	at org.eclipse.jdt.ls.core.internal.handlers.DocumentSymbolHandler.toDocumentSymbol(DocumentSymbolHandler.java:190)
	at org.eclipse.jdt.ls.core.internal.handlers.DocumentSymbolHandler.lambda$2(DocumentSymbolHandler.java:147)
	at java.base/java.util.stream.ReferencePipeline$3$1.accept(ReferencePipeline.java:197)
	at java.base/java.util.Spliterators$ArraySpliterator.forEachRemaining(Spliterators.java:992)
	at java.base/java.util.stream.AbstractPipeline.copyInto(AbstractPipeline.java:509)
	at java.base/java.util.stream.AbstractPipeline.wrapAndCopyInto(AbstractPipeline.java:499)
	at java.base/java.util.stream.ReduceOps$ReduceOp.evaluateSequential(ReduceOps.java:921)
	at java.base/java.util.stream.AbstractPipeline.evaluate(AbstractPipeline.java:234)
	at java.base/java.util.stream.ReferencePipeline.collect(ReferencePipeline.java:682)
	at org.eclipse.jdt.ls.core.internal.handlers.DocumentSymbolHandler.getHierarchicalOutline(DocumentSymbolHandler.java:147)
	at org.eclipse.jdt.ls.core.internal.handlers.DocumentSymbolHandler.documentSymbol(DocumentSymbolHandler.java:80)
	at org.eclipse.jdt.ls.core.internal.handlers.JDTLanguageServer.lambda$14(JDTLanguageServer.java:636)
	at org.eclipse.jdt.ls.core.internal.BaseJDTLanguageServer.lambda$0(BaseJDTLanguageServer.java:75)
	at java.base/java.util.concurrent.CompletableFuture$UniApply.tryFire(CompletableFuture.java:646)
	at java.base/java.util.concurrent.CompletableFuture$Completion.exec(CompletableFuture.java:483)
	at java.base/java.util.concurrent.ForkJoinTask.doExec(ForkJoinTask.java:373)
	at java.base/java.util.concurrent.ForkJoinPool$WorkQueue.topLevelExec(ForkJoinPool.java:1182)
	at java.base/java.util.concurrent.ForkJoinPool.scan(ForkJoinPool.java:1655)
	at java.base/java.util.concurrent.ForkJoinPool.runWorker(ForkJoinPool.java:1622)
	at java.base/java.util.concurrent.ForkJoinWorkerThread.run(ForkJoinWorkerThread.java:165)

[Error - 10:30:09 AM] Nov 23, 2021, 10:30:09 AM Offset > length: 248 > 0
Offset > length: 248 > 0
org.eclipse.jface.text.BadLocationException: Offset > length: 248 > 0
	at org.eclipse.jface.text.ListLineTracker.getLineNumberOfOffset(ListLineTracker.java:141)
	at org.eclipse.jface.text.AbstractLineTracker.getLineNumberOfOffset(AbstractLineTracker.java:155)
	at org.eclipse.jface.text.AbstractDocument.getLineOfOffset(AbstractDocument.java:872)
	at org.eclipse.jdt.ls.core.internal.handlers.JsonRpcHelpers.toLine(JsonRpcHelpers.java:156)
	at org.eclipse.jdt.ls.core.internal.handlers.JsonRpcHelpers.toLine(JsonRpcHelpers.java:101)
	at org.eclipse.jdt.ls.core.internal.JDTUtils.toRange(JDTUtils.java:857)
	at org.eclipse.jdt.ls.core.internal.JDTUtils.toLocation(JDTUtils.java:756)
	at org.eclipse.jdt.ls.core.internal.JDTUtils.toLocation(JDTUtils.java:702)
	at org.eclipse.jdt.ls.core.internal.JDTUtils.toLocation(JDTUtils.java:678)
	at org.eclipse.jdt.ls.core.internal.handlers.DocumentSymbolHandler.getSelectionRange(DocumentSymbolHandler.java:210)
	at org.eclipse.jdt.ls.core.internal.handlers.DocumentSymbolHandler.toDocumentSymbol(DocumentSymbolHandler.java:173)
	at org.eclipse.jdt.ls.core.internal.handlers.DocumentSymbolHandler.lambda$4(DocumentSymbolHandler.java:188)
	at java.base/java.util.stream.ReferencePipeline$3$1.accept(ReferencePipeline.java:197)
	at java.base/java.util.Spliterators$ArraySpliterator.forEachRemaining(Spliterators.java:992)
	at java.base/java.util.stream.AbstractPipeline.copyInto(AbstractPipeline.java:509)
	at java.base/java.util.stream.AbstractPipeline.wrapAndCopyInto(AbstractPipeline.java:499)
	at java.base/java.util.stream.ReduceOps$ReduceOp.evaluateSequential(ReduceOps.java:921)
	at java.base/java.util.stream.AbstractPipeline.evaluate(AbstractPipeline.java:234)
	at java.base/java.util.stream.ReferencePipeline.collect(ReferencePipeline.java:682)
	at org.eclipse.jdt.ls.core.internal.handlers.DocumentSymbolHandler.toDocumentSymbol(DocumentSymbolHandler.java:190)
	at org.eclipse.jdt.ls.core.internal.handlers.DocumentSymbolHandler.lambda$2(DocumentSymbolHandler.java:147)
	at java.base/java.util.stream.ReferencePipeline$3$1.accept(ReferencePipeline.java:197)
	at java.base/java.util.Spliterators$ArraySpliterator.forEachRemaining(Spliterators.java:992)
	at java.base/java.util.stream.AbstractPipeline.copyInto(AbstractPipeline.java:509)
	at java.base/java.util.stream.AbstractPipeline.wrapAndCopyInto(AbstractPipeline.java:499)
	at java.base/java.util.stream.ReduceOps$ReduceOp.evaluateSequential(ReduceOps.java:921)
	at java.base/java.util.stream.AbstractPipeline.evaluate(AbstractPipeline.java:234)
	at java.base/java.util.stream.ReferencePipeline.collect(ReferencePipeline.java:682)
	at org.eclipse.jdt.ls.core.internal.handlers.DocumentSymbolHandler.getHierarchicalOutline(DocumentSymbolHandler.java:147)
	at org.eclipse.jdt.ls.core.internal.handlers.DocumentSymbolHandler.documentSymbol(DocumentSymbolHandler.java:80)
	at org.eclipse.jdt.ls.core.internal.handlers.JDTLanguageServer.lambda$14(JDTLanguageServer.java:636)
	at org.eclipse.jdt.ls.core.internal.BaseJDTLanguageServer.lambda$0(BaseJDTLanguageServer.java:75)
	at java.base/java.util.concurrent.CompletableFuture$UniApply.tryFire(CompletableFuture.java:646)
	at java.base/java.util.concurrent.CompletableFuture$Completion.exec(CompletableFuture.java:483)
	at java.base/java.util.concurrent.ForkJoinTask.doExec(ForkJoinTask.java:373)
	at java.base/java.util.concurrent.ForkJoinPool$WorkQueue.topLevelExec(ForkJoinPool.java:1182)
	at java.base/java.util.concurrent.ForkJoinPool.scan(ForkJoinPool.java:1655)
	at java.base/java.util.concurrent.ForkJoinPool.runWorker(ForkJoinPool.java:1622)
	at java.base/java.util.concurrent.ForkJoinWorkerThread.run(ForkJoinWorkerThread.java:165)

[Error - 10:30:33 AM] Nov 23, 2021, 10:30:33 AM Unable to load IDecompiler class for jarFileContentProvider
[Error - 10:32:06 AM] Nov 23, 2021, 10:32:06 AM Offset > length: 198 > 0
Offset > length: 198 > 0
org.eclipse.jface.text.BadLocationException: Offset > length: 198 > 0
	at org.eclipse.jface.text.ListLineTracker.getLineNumberOfOffset(ListLineTracker.java:141)
	at org.eclipse.jface.text.AbstractLineTracker.getLineNumberOfOffset(AbstractLineTracker.java:155)
	at org.eclipse.jface.text.AbstractDocument.getLineOfOffset(AbstractDocument.java:872)
	at org.eclipse.jdt.ls.core.internal.handlers.JsonRpcHelpers.toLine(JsonRpcHelpers.java:156)
	at org.eclipse.jdt.ls.core.internal.handlers.JsonRpcHelpers.toLine(JsonRpcHelpers.java:101)
	at org.eclipse.jdt.ls.core.internal.JDTUtils.toRange(JDTUtils.java:857)
	at org.eclipse.jdt.ls.core.internal.JDTUtils.toLocation(JDTUtils.java:756)
	at org.eclipse.jdt.ls.core.internal.JDTUtils.toLocation(JDTUtils.java:702)
	at org.eclipse.jdt.ls.core.internal.JDTUtils.toLocation(JDTUtils.java:678)
	at org.eclipse.jdt.ls.core.internal.handlers.DocumentSymbolHandler.getSelectionRange(DocumentSymbolHandler.java:210)
	at org.eclipse.jdt.ls.core.internal.handlers.DocumentSymbolHandler.toDocumentSymbol(DocumentSymbolHandler.java:173)
	at org.eclipse.jdt.ls.core.internal.handlers.DocumentSymbolHandler.lambda$4(DocumentSymbolHandler.java:188)
	at java.base/java.util.stream.ReferencePipeline$3$1.accept(ReferencePipeline.java:197)
	at java.base/java.util.Spliterators$ArraySpliterator.forEachRemaining(Spliterators.java:992)
	at java.base/java.util.stream.AbstractPipeline.copyInto(AbstractPipeline.java:509)
	at java.base/java.util.stream.AbstractPipeline.wrapAndCopyInto(AbstractPipeline.java:499)
	at java.base/java.util.stream.ReduceOps$ReduceOp.evaluateSequential(ReduceOps.java:921)
	at java.base/java.util.stream.AbstractPipeline.evaluate(AbstractPipeline.java:234)
	at java.base/java.util.stream.ReferencePipeline.collect(ReferencePipeline.java:682)
	at org.eclipse.jdt.ls.core.internal.handlers.DocumentSymbolHandler.toDocumentSymbol(DocumentSymbolHandler.java:190)
	at org.eclipse.jdt.ls.core.internal.handlers.DocumentSymbolHandler.lambda$2(DocumentSymbolHandler.java:147)
	at java.base/java.util.stream.ReferencePipeline$3$1.accept(ReferencePipeline.java:197)
	at java.base/java.util.Spliterators$ArraySpliterator.forEachRemaining(Spliterators.java:992)
	at java.base/java.util.stream.AbstractPipeline.copyInto(AbstractPipeline.java:509)
	at java.base/java.util.stream.AbstractPipeline.wrapAndCopyInto(AbstractPipeline.java:499)
	at java.base/java.util.stream.ReduceOps$ReduceOp.evaluateSequential(ReduceOps.java:921)
	at java.base/java.util.stream.AbstractPipeline.evaluate(AbstractPipeline.java:234)
	at java.base/java.util.stream.ReferencePipeline.collect(ReferencePipeline.java:682)
	at org.eclipse.jdt.ls.core.internal.handlers.DocumentSymbolHandler.getHierarchicalOutline(DocumentSymbolHandler.java:147)
	at org.eclipse.jdt.ls.core.internal.handlers.DocumentSymbolHandler.documentSymbol(DocumentSymbolHandler.java:80)
	at org.eclipse.jdt.ls.core.internal.handlers.JDTLanguageServer.lambda$14(JDTLanguageServer.java:636)
	at org.eclipse.jdt.ls.core.internal.BaseJDTLanguageServer.lambda$0(BaseJDTLanguageServer.java:75)
	at java.base/java.util.concurrent.CompletableFuture$UniApply.tryFire(CompletableFuture.java:646)
	at java.base/java.util.concurrent.CompletableFuture$Completion.exec(CompletableFuture.java:483)
	at java.base/java.util.concurrent.ForkJoinTask.doExec(ForkJoinTask.java:373)
	at java.base/java.util.concurrent.ForkJoinPool$WorkQueue.topLevelExec(ForkJoinPool.java:1182)
	at java.base/java.util.concurrent.ForkJoinPool.scan(ForkJoinPool.java:1655)
	at java.base/java.util.concurrent.ForkJoinPool.runWorker(ForkJoinPool.java:1622)
	at java.base/java.util.concurrent.ForkJoinWorkerThread.run(ForkJoinWorkerThread.java:165)

[Error - 10:32:24 AM] Nov 23, 2021, 10:32:24 AM Unable to load IDecompiler class for jarFileContentProvider
[Error - 10:32:25 AM] Nov 23, 2021, 10:32:25 AM Unable to load IDecompiler class for jarFileContentProvider
[Error - 10:33:05 AM] Request textDocument/codeAction failed.
  Message: Internal error.
  Code: -32603 
java.util.concurrent.CompletionException: java.lang.ArrayIndexOutOfBoundsException: Index 957 out of bounds for length 0
	at java.base/java.util.concurrent.CompletableFuture.encodeThrowable(CompletableFuture.java:315)
	at java.base/java.util.concurrent.CompletableFuture.completeThrowable(CompletableFuture.java:320)
	at java.base/java.util.concurrent.CompletableFuture$UniApply.tryFire(CompletableFuture.java:649)
	at java.base/java.util.concurrent.CompletableFuture$Completion.exec(CompletableFuture.java:483)
	at java.base/java.util.concurrent.ForkJoinTask.doExec(ForkJoinTask.java:373)
	at java.base/java.util.concurrent.ForkJoinPool$WorkQueue.topLevelExec(ForkJoinPool.java:1182)
	at java.base/java.util.concurrent.ForkJoinPool.scan(ForkJoinPool.java:1655)
	at java.base/java.util.concurrent.ForkJoinPool.runWorker(ForkJoinPool.java:1622)
	at java.base/java.util.concurrent.ForkJoinWorkerThread.run(ForkJoinWorkerThread.java:165)
Caused by: java.lang.ArrayIndexOutOfBoundsException: Index 957 out of bounds for length 0
	at org.eclipse.jdt.internal.corext.refactoring.util.CommentAnalyzer.adjustSelection(CommentAnalyzer.java:81)
	at org.eclipse.jdt.internal.corext.refactoring.util.CommentAnalyzer.check(CommentAnalyzer.java:43)
	at org.eclipse.jdt.internal.corext.refactoring.util.CommentAnalyzer.perform(CommentAnalyzer.java:37)
	at org.eclipse.jdt.internal.corext.refactoring.util.StatementAnalyzer.endVisit(StatementAnalyzer.java:125)
	at org.eclipse.jdt.ls.core.internal.corext.refactoring.code.ExtractMethodAnalyzer.endVisit(ExtractMethodAnalyzer.java:841)
	at org.eclipse.jdt.core.dom.CompilationUnit.accept0(CompilationUnit.java:260)
	at org.eclipse.jdt.core.dom.ASTNode.accept(ASTNode.java:3129)
	at org.eclipse.jdt.ls.core.internal.corext.refactoring.code.ExtractMethodRefactoring.internalCheckInitialConditions(ExtractMethodRefactoring.java:369)
	at org.eclipse.jdt.ls.core.internal.corext.refactoring.code.ExtractMethodRefactoring.checkInferConditions(ExtractMethodRefactoring.java:345)
	at org.eclipse.jdt.ls.core.internal.text.correction.RefactorProposalUtility.getExtractMethodProposal(RefactorProposalUtility.java:778)
	at org.eclipse.jdt.ls.core.internal.text.correction.RefactorProposalUtility.getExtractMethodCommandProposal(RefactorProposalUtility.java:269)
	at org.eclipse.jdt.ls.core.internal.corrections.RefactorProcessor.getExtractMethodProposal(RefactorProcessor.java:276)
	at org.eclipse.jdt.ls.core.internal.corrections.RefactorProcessor.getProposals(RefactorProcessor.java:143)
	at org.eclipse.jdt.ls.core.internal.handlers.CodeActionHandler.getCodeActionCommands(CodeActionHandler.java:172)
	at org.eclipse.jdt.ls.core.internal.handlers.JDTLanguageServer.lambda$15(JDTLanguageServer.java:649)
	at org.eclipse.jdt.ls.core.internal.BaseJDTLanguageServer.lambda$0(BaseJDTLanguageServer.java:75)
	at java.base/java.util.concurrent.CompletableFuture$UniApply.tryFire(CompletableFuture.java:646)
	... 6 more

[Error - 10:42:30 AM] Nov 23, 2021, 10:42:30 AM Unable to load IDecompiler class for jarFileContentProvider
[Error - 10:45:44 AM] Nov 23, 2021, 10:45:44 AM Unable to load IDecompiler class for jarFileContentProvider
[Error - 10:47:15 AM] Nov 23, 2021, 10:47:15 AM Unable to load IDecompiler class for jarFileContentProvider
[Error - 10:53:35 AM] Nov 23, 2021, 10:53:35 AM InlineValues failed: invalid stackframe id 197.
[Error - 10:53:35 AM] Nov 23, 2021, 10:53:35 AM InlineValues failed: invalid stackframe id 220.
[Error - 10:53:36 AM] Nov 23, 2021, 10:53:36 AM InlineValues failed: invalid stackframe id 22.
[Error - 10:53:37 AM] Nov 23, 2021, 10:53:37 AM InlineValues failed: invalid stackframe id 3.
[Error - 10:53:37 AM] Nov 23, 2021, 10:53:37 AM InlineValues failed: invalid stackframe id 3.
[Error - 10:53:37 AM] Nov 23, 2021, 10:53:37 AM InlineValues failed: invalid stackframe id 30.
[Error - 10:53:38 AM] Nov 23, 2021, 10:53:38 AM InlineValues failed: invalid stackframe id 30.
[Error - 10:58:48 AM] Nov 23, 2021, 10:58:48 AM Unable to load IDecompiler class for jarFileContentProvider
[Error - 11:04:18 AM] Nov 23, 2021, 11:04:18 AM Unable to load IDecompiler class for jarFileContentProvider
[Error - 11:04:34 AM] Nov 23, 2021, 11:04:34 AM Unable to load IDecompiler class for jarFileContentProvider
[Error - 11:08:50 AM] Nov 23, 2021, 11:08:50 AM Unable to load IDecompiler class for jarFileContentProvider
[Error - 11:08:58 AM] Nov 23, 2021, 11:08:58 AM Unable to load IDecompiler class for jarFileContentProvider
[Error - 11:08:58 AM] Nov 23, 2021, 11:08:58 AM Unable to load IDecompiler class for jarFileContentProvider
[Error - 11:10:31 AM] Nov 23, 2021, 11:10:31 AM Unable to load IDecompiler class for jarFileContentProvider
[Error - 11:10:43 AM] Nov 23, 2021, 11:10:43 AM Offset > length: 14 > 0
Offset > length: 14 > 0
org.eclipse.jface.text.BadLocationException: Offset > length: 14 > 0
	at org.eclipse.jface.text.ListLineTracker.getLineNumberOfOffset(ListLineTracker.java:141)
	at org.eclipse.jface.text.AbstractLineTracker.getLineNumberOfOffset(AbstractLineTracker.java:155)
	at org.eclipse.jface.text.AbstractDocument.getLineOfOffset(AbstractDocument.java:872)
	at org.eclipse.jdt.ls.core.internal.handlers.JsonRpcHelpers.toLine(JsonRpcHelpers.java:156)
	at org.eclipse.jdt.ls.core.internal.handlers.JsonRpcHelpers.toLine(JsonRpcHelpers.java:101)
	at org.eclipse.jdt.ls.core.internal.JDTUtils.toRange(JDTUtils.java:857)
	at org.eclipse.jdt.ls.core.internal.JDTUtils.toLocation(JDTUtils.java:756)
	at org.eclipse.jdt.ls.core.internal.JDTUtils.toLocation(JDTUtils.java:702)
	at org.eclipse.jdt.ls.core.internal.handlers.DocumentSymbolHandler.getRange(DocumentSymbolHandler.java:205)
	at org.eclipse.jdt.ls.core.internal.handlers.DocumentSymbolHandler.toDocumentSymbol(DocumentSymbolHandler.java:172)
	at org.eclipse.jdt.ls.core.internal.handlers.DocumentSymbolHandler.lambda$2(DocumentSymbolHandler.java:147)
	at java.base/java.util.stream.ReferencePipeline$3$1.accept(ReferencePipeline.java:197)
	at java.base/java.util.Spliterators$ArraySpliterator.forEachRemaining(Spliterators.java:992)
	at java.base/java.util.stream.AbstractPipeline.copyInto(AbstractPipeline.java:509)
	at java.base/java.util.stream.AbstractPipeline.wrapAndCopyInto(AbstractPipeline.java:499)
	at java.base/java.util.stream.ReduceOps$ReduceOp.evaluateSequential(ReduceOps.java:921)
	at java.base/java.util.stream.AbstractPipeline.evaluate(AbstractPipeline.java:234)
	at java.base/java.util.stream.ReferencePipeline.collect(ReferencePipeline.java:682)
	at org.eclipse.jdt.ls.core.internal.handlers.DocumentSymbolHandler.getHierarchicalOutline(DocumentSymbolHandler.java:147)
	at org.eclipse.jdt.ls.core.internal.handlers.DocumentSymbolHandler.documentSymbol(DocumentSymbolHandler.java:80)
	at org.eclipse.jdt.ls.core.internal.handlers.JDTLanguageServer.lambda$14(JDTLanguageServer.java:636)
	at org.eclipse.jdt.ls.core.internal.BaseJDTLanguageServer.lambda$0(BaseJDTLanguageServer.java:75)
	at java.base/java.util.concurrent.CompletableFuture$UniApply.tryFire(CompletableFuture.java:646)
	at java.base/java.util.concurrent.CompletableFuture$Completion.exec(CompletableFuture.java:483)
	at java.base/java.util.concurrent.ForkJoinTask.doExec(ForkJoinTask.java:373)
	at java.base/java.util.concurrent.ForkJoinPool$WorkQueue.topLevelExec(ForkJoinPool.java:1182)
	at java.base/java.util.concurrent.ForkJoinPool.scan(ForkJoinPool.java:1655)
	at java.base/java.util.concurrent.ForkJoinPool.runWorker(ForkJoinPool.java:1622)
	at java.base/java.util.concurrent.ForkJoinWorkerThread.run(ForkJoinWorkerThread.java:165)

[Error - 11:10:43 AM] Nov 23, 2021, 11:10:43 AM Offset > length: 2970 > 0
Offset > length: 2970 > 0
org.eclipse.jface.text.BadLocationException: Offset > length: 2970 > 0
	at org.eclipse.jface.text.ListLineTracker.getLineNumberOfOffset(ListLineTracker.java:141)
	at org.eclipse.jface.text.AbstractLineTracker.getLineNumberOfOffset(AbstractLineTracker.java:155)
	at org.eclipse.jface.text.AbstractDocument.getLineOfOffset(AbstractDocument.java:872)
	at org.eclipse.jdt.ls.core.internal.handlers.JsonRpcHelpers.toLine(JsonRpcHelpers.java:156)
	at org.eclipse.jdt.ls.core.internal.handlers.JsonRpcHelpers.toLine(JsonRpcHelpers.java:101)
	at org.eclipse.jdt.ls.core.internal.JDTUtils.toRange(JDTUtils.java:857)
	at com.microsoft.java.debug.plugin.internal.ResolveMainMethodHandler.getRange(ResolveMainMethodHandler.java:170)
	at com.microsoft.java.debug.plugin.internal.ResolveMainMethodHandler.extractMainMethodInfo(ResolveMainMethodHandler.java:146)
	at com.microsoft.java.debug.plugin.internal.ResolveMainMethodHandler.resolveMainMethodCore(ResolveMainMethodHandler.java:81)
	at com.microsoft.java.debug.plugin.internal.ResolveMainMethodHandler.resolveMainMethods(ResolveMainMethodHandler.java:72)
	at com.microsoft.java.debug.plugin.internal.JavaDebugDelegateCommandHandler.executeCommand(JavaDebugDelegateCommandHandler.java:76)
	at org.eclipse.jdt.ls.core.internal.handlers.WorkspaceExecuteCommandHandler$1.run(WorkspaceExecuteCommandHandler.java:215)
	at org.eclipse.core.runtime.SafeRunner.run(SafeRunner.java:45)
	at org.eclipse.jdt.ls.core.internal.handlers.WorkspaceExecuteCommandHandler.executeCommand(WorkspaceExecuteCommandHandler.java:205)
	at org.eclipse.jdt.ls.core.internal.handlers.JDTLanguageServer.lambda$4(JDTLanguageServer.java:507)
	at org.eclipse.jdt.ls.core.internal.BaseJDTLanguageServer.lambda$0(BaseJDTLanguageServer.java:75)
	at java.base/java.util.concurrent.CompletableFuture$UniApply.tryFire(CompletableFuture.java:646)
	at java.base/java.util.concurrent.CompletableFuture$Completion.exec(CompletableFuture.java:483)
	at java.base/java.util.concurrent.ForkJoinTask.doExec(ForkJoinTask.java:373)
	at java.base/java.util.concurrent.ForkJoinPool$WorkQueue.topLevelExec(ForkJoinPool.java:1182)
	at java.base/java.util.concurrent.ForkJoinPool.scan(ForkJoinPool.java:1655)
	at java.base/java.util.concurrent.ForkJoinPool.runWorker(ForkJoinPool.java:1622)
	at java.base/java.util.concurrent.ForkJoinWorkerThread.run(ForkJoinWorkerThread.java:165)

[Error - 11:12:11 AM] Nov 23, 2021, 11:12:11 AM Unable to load IDecompiler class for jarFileContentProvider
[Error - 11:12:26 AM] Nov 23, 2021, 11:12:26 AM Unable to load IDecompiler class for jarFileContentProvider
[Error - 11:13:31 AM] Nov 23, 2021, 11:13:31 AM Unable to load IDecompiler class for jarFileContentProvider
[Error - 11:13:31 AM] Nov 23, 2021, 11:13:31 AM Unable to load IDecompiler class for jarFileContentProvider
[Error - 11:18:17 AM] Nov 23, 2021, 11:18:17 AM [error response][stepIn]: Failed to step because the thread 'main' is not suspended in the target VM.
Failed to step because the thread 'main' is not suspended in the target VM.
com.microsoft.java.debug.core.DebugException: Failed to step because the thread 'main' is not suspended in the target VM.
	at com.microsoft.java.debug.core.adapter.AdapterUtils.createCompletionException(AdapterUtils.java:246)
	at com.microsoft.java.debug.core.adapter.handler.StepRequestHandler.handle(StepRequestHandler.java:127)
	at com.microsoft.java.debug.core.adapter.DebugAdapter.lambda$dispatchRequest$0(DebugAdapter.java:89)
	at java.base/java.util.concurrent.CompletableFuture.uniComposeStage(CompletableFuture.java:1187)
	at java.base/java.util.concurrent.CompletableFuture.thenCompose(CompletableFuture.java:2309)
	at com.microsoft.java.debug.core.adapter.DebugAdapter.dispatchRequest(DebugAdapter.java:88)
	at com.microsoft.java.debug.core.adapter.ProtocolServer.dispatchRequest(ProtocolServer.java:118)
	at com.microsoft.java.debug.core.protocol.AbstractProtocolServer.lambda$new$0(AbstractProtocolServer.java:78)
	at io.reactivex.internal.observers.LambdaObserver.onNext(LambdaObserver.java:60)
	at io.reactivex.internal.operators.observable.ObservableObserveOn$ObserveOnObserver.drainNormal(ObservableObserveOn.java:200)
	at io.reactivex.internal.operators.observable.ObservableObserveOn$ObserveOnObserver.run(ObservableObserveOn.java:252)
	at io.reactivex.internal.schedulers.ScheduledRunnable.run(ScheduledRunnable.java:61)
	at io.reactivex.internal.schedulers.ScheduledRunnable.call(ScheduledRunnable.java:52)
	at java.base/java.util.concurrent.FutureTask.run(FutureTask.java:264)
	at java.base/java.util.concurrent.ScheduledThreadPoolExecutor$ScheduledFutureTask.run(ScheduledThreadPoolExecutor.java:304)
	at java.base/java.util.concurrent.ThreadPoolExecutor.runWorker(ThreadPoolExecutor.java:1136)
	at java.base/java.util.concurrent.ThreadPoolExecutor$Worker.run(ThreadPoolExecutor.java:635)
	at java.base/java.lang.Thread.run(Thread.java:833)
Caused by: com.sun.jdi.IncompatibleThreadStateException: Thread was not suspended
	at org.eclipse.jdi.internal.ThreadReferenceImpl.frameCount(ThreadReferenceImpl.java:227)
	at com.microsoft.java.debug.core.adapter.handler.StepRequestHandler.handle(StepRequestHandler.java:79)
	... 16 more

[Error - 11:18:17 AM] Nov 23, 2021, 11:18:17 AM [error response][stepIn]: Failed to step because the thread 'main' is not suspended in the target VM.
Failed to step because the thread 'main' is not suspended in the target VM.
com.microsoft.java.debug.core.DebugException: Failed to step because the thread 'main' is not suspended in the target VM.
	at com.microsoft.java.debug.core.adapter.AdapterUtils.createCompletionException(AdapterUtils.java:246)
	at com.microsoft.java.debug.core.adapter.handler.StepRequestHandler.handle(StepRequestHandler.java:127)
	at com.microsoft.java.debug.core.adapter.DebugAdapter.lambda$dispatchRequest$0(DebugAdapter.java:89)
	at java.base/java.util.concurrent.CompletableFuture.uniComposeStage(CompletableFuture.java:1187)
	at java.base/java.util.concurrent.CompletableFuture.thenCompose(CompletableFuture.java:2309)
	at com.microsoft.java.debug.core.adapter.DebugAdapter.dispatchRequest(DebugAdapter.java:88)
	at com.microsoft.java.debug.core.adapter.ProtocolServer.dispatchRequest(ProtocolServer.java:118)
	at com.microsoft.java.debug.core.protocol.AbstractProtocolServer.lambda$new$0(AbstractProtocolServer.java:78)
	at io.reactivex.internal.observers.LambdaObserver.onNext(LambdaObserver.java:60)
	at io.reactivex.internal.operators.observable.ObservableObserveOn$ObserveOnObserver.drainNormal(ObservableObserveOn.java:200)
	at io.reactivex.internal.operators.observable.ObservableObserveOn$ObserveOnObserver.run(ObservableObserveOn.java:252)
	at io.reactivex.internal.schedulers.ScheduledRunnable.run(ScheduledRunnable.java:61)
	at io.reactivex.internal.schedulers.ScheduledRunnable.call(ScheduledRunnable.java:52)
	at java.base/java.util.concurrent.FutureTask.run(FutureTask.java:264)
	at java.base/java.util.concurrent.ScheduledThreadPoolExecutor$ScheduledFutureTask.run(ScheduledThreadPoolExecutor.java:304)
	at java.base/java.util.concurrent.ThreadPoolExecutor.runWorker(ThreadPoolExecutor.java:1136)
	at java.base/java.util.concurrent.ThreadPoolExecutor$Worker.run(ThreadPoolExecutor.java:635)
	at java.base/java.lang.Thread.run(Thread.java:833)
Caused by: com.sun.jdi.IncompatibleThreadStateException: Thread was not suspended
	at org.eclipse.jdi.internal.ThreadReferenceImpl.frameCount(ThreadReferenceImpl.java:227)
	at com.microsoft.java.debug.core.adapter.handler.StepRequestHandler.handle(StepRequestHandler.java:79)
	... 16 more

[Error - 11:20:49 AM] Nov 23, 2021, 11:20:49 AM [error response][launch]: Failed to launch debuggee in terminal. Reason: Failed to launch debuggee in terminal. Reason: java.util.concurrent.TimeoutException: timeout
Failed to launch debuggee in terminal. Reason: Failed to launch debuggee in terminal. Reason: java.util.concurrent.TimeoutException: timeout
com.microsoft.java.debug.core.DebugException: Failed to launch debuggee in terminal. Reason: Failed to launch debuggee in terminal. Reason: java.util.concurrent.TimeoutException: timeout
	at com.microsoft.java.debug.core.adapter.handler.LaunchWithoutDebuggingDelegate.lambda$launchInTerminal$0(LaunchWithoutDebuggingDelegate.java:132)
	at java.base/java.util.concurrent.CompletableFuture.uniWhenComplete(CompletableFuture.java:863)
	at java.base/java.util.concurrent.CompletableFuture$UniWhenComplete.tryFire(CompletableFuture.java:841)
	at java.base/java.util.concurrent.CompletableFuture.postComplete(CompletableFuture.java:510)
	at java.base/java.util.concurrent.CompletableFuture.completeExceptionally(CompletableFuture.java:2162)
	at com.microsoft.java.debug.core.protocol.AbstractProtocolServer$1.run(AbstractProtocolServer.java:192)
	at java.base/java.util.TimerThread.mainLoop(Timer.java:566)
	at java.base/java.util.TimerThread.run(Timer.java:516)

[Error - 11:20:50 AM] Nov 23, 2021, 11:20:50 AM Unable to load IDecompiler class for jarFileContentProvider
[Error - 11:22:45 AM] Nov 23, 2021, 11:22:45 AM Unable to load IDecompiler class for jarFileContentProvider
[Error - 11:22:52 AM] Nov 23, 2021, 11:22:52 AM Unable to load IDecompiler class for jarFileContentProvider
[Error - 11:23:49 AM] Nov 23, 2021, 11:23:49 AM Unable to load IDecompiler class for jarFileContentProvider
[Error - 11:47:30 AM] Nov 23, 2021, 11:47:30 AM Unable to load IDecompiler class for jarFileContentProvider
[Error - 11:47:43 AM] Nov 23, 2021, 11:47:43 AM Unable to load IDecompiler class for jarFileContentProvider
[Error - 11:48:07 AM] Nov 23, 2021, 11:48:07 AM Unable to load IDecompiler class for jarFileContentProvider
[Error - 11:48:35 AM] Nov 23, 2021, 11:48:35 AM Unable to load IDecompiler class for jarFileContentProvider
[Error - 11:51:56 AM] Nov 23, 2021, 11:51:56 AM Unable to load IDecompiler class for jarFileContentProvider
[Error - 11:52:38 AM] Nov 23, 2021, 11:52:38 AM Offset > length: 232 > 0
Offset > length: 232 > 0
org.eclipse.jface.text.BadLocationException: Offset > length: 232 > 0
	at org.eclipse.jface.text.ListLineTracker.getLineNumberOfOffset(ListLineTracker.java:141)
	at org.eclipse.jface.text.AbstractLineTracker.getLineNumberOfOffset(AbstractLineTracker.java:155)
	at org.eclipse.jface.text.AbstractDocument.getLineOfOffset(AbstractDocument.java:872)
	at org.eclipse.jdt.ls.core.internal.handlers.JsonRpcHelpers.toLine(JsonRpcHelpers.java:156)
	at org.eclipse.jdt.ls.core.internal.handlers.JsonRpcHelpers.toLine(JsonRpcHelpers.java:101)
	at org.eclipse.jdt.ls.core.internal.JDTUtils.toRange(JDTUtils.java:857)
	at org.eclipse.jdt.ls.core.internal.JDTUtils.toLocation(JDTUtils.java:756)
	at org.eclipse.jdt.ls.core.internal.JDTUtils.toLocation(JDTUtils.java:702)
	at org.eclipse.jdt.ls.core.internal.handlers.DocumentSymbolHandler.getRange(DocumentSymbolHandler.java:205)
	at org.eclipse.jdt.ls.core.internal.handlers.DocumentSymbolHandler.toDocumentSymbol(DocumentSymbolHandler.java:172)
	at org.eclipse.jdt.ls.core.internal.handlers.DocumentSymbolHandler.lambda$4(DocumentSymbolHandler.java:188)
	at java.base/java.util.stream.ReferencePipeline$3$1.accept(ReferencePipeline.java:197)
	at java.base/java.util.Spliterators$ArraySpliterator.forEachRemaining(Spliterators.java:992)
	at java.base/java.util.stream.AbstractPipeline.copyInto(AbstractPipeline.java:509)
	at java.base/java.util.stream.AbstractPipeline.wrapAndCopyInto(AbstractPipeline.java:499)
	at java.base/java.util.stream.ReduceOps$ReduceOp.evaluateSequential(ReduceOps.java:921)
	at java.base/java.util.stream.AbstractPipeline.evaluate(AbstractPipeline.java:234)
	at java.base/java.util.stream.ReferencePipeline.collect(ReferencePipeline.java:682)
	at org.eclipse.jdt.ls.core.internal.handlers.DocumentSymbolHandler.toDocumentSymbol(DocumentSymbolHandler.java:190)
	at org.eclipse.jdt.ls.core.internal.handlers.DocumentSymbolHandler.lambda$2(DocumentSymbolHandler.java:147)
	at java.base/java.util.stream.ReferencePipeline$3$1.accept(ReferencePipeline.java:197)
	at java.base/java.util.Spliterators$ArraySpliterator.forEachRemaining(Spliterators.java:992)
	at java.base/java.util.stream.AbstractPipeline.copyInto(AbstractPipeline.java:509)
	at java.base/java.util.stream.AbstractPipeline.wrapAndCopyInto(AbstractPipeline.java:499)
	at java.base/java.util.stream.ReduceOps$ReduceOp.evaluateSequential(ReduceOps.java:921)
	at java.base/java.util.stream.AbstractPipeline.evaluate(AbstractPipeline.java:234)
	at java.base/java.util.stream.ReferencePipeline.collect(ReferencePipeline.java:682)
	at org.eclipse.jdt.ls.core.internal.handlers.DocumentSymbolHandler.getHierarchicalOutline(DocumentSymbolHandler.java:147)
	at org.eclipse.jdt.ls.core.internal.handlers.DocumentSymbolHandler.documentSymbol(DocumentSymbolHandler.java:80)
	at org.eclipse.jdt.ls.core.internal.handlers.JDTLanguageServer.lambda$14(JDTLanguageServer.java:636)
	at org.eclipse.jdt.ls.core.internal.BaseJDTLanguageServer.lambda$0(BaseJDTLanguageServer.java:75)
	at java.base/java.util.concurrent.CompletableFuture$UniApply.tryFire(CompletableFuture.java:646)
	at java.base/java.util.concurrent.CompletableFuture$Completion.exec(CompletableFuture.java:483)
	at java.base/java.util.concurrent.ForkJoinTask.doExec(ForkJoinTask.java:373)
	at java.base/java.util.concurrent.ForkJoinPool$WorkQueue.topLevelExec(ForkJoinPool.java:1182)
	at java.base/java.util.concurrent.ForkJoinPool.scan(ForkJoinPool.java:1655)
	at java.base/java.util.concurrent.ForkJoinPool.runWorker(ForkJoinPool.java:1622)
	at java.base/java.util.concurrent.ForkJoinWorkerThread.run(ForkJoinWorkerThread.java:165)

[Error - 11:52:39 AM] Nov 23, 2021, 11:52:39 AM Unable to load IDecompiler class for jarFileContentProvider
[Error - 11:58:40 AM] Nov 23, 2021, 11:58:40 AM Offset > length: 1428 > 0
Offset > length: 1428 > 0
org.eclipse.jface.text.BadLocationException: Offset > length: 1428 > 0
	at org.eclipse.jface.text.ListLineTracker.getLineNumberOfOffset(ListLineTracker.java:141)
	at org.eclipse.jface.text.AbstractLineTracker.getLineNumberOfOffset(AbstractLineTracker.java:155)
	at org.eclipse.jface.text.AbstractDocument.getLineOfOffset(AbstractDocument.java:872)
	at org.eclipse.jdt.ls.core.internal.handlers.JsonRpcHelpers.toLine(JsonRpcHelpers.java:156)
	at org.eclipse.jdt.ls.core.internal.handlers.JsonRpcHelpers.toLine(JsonRpcHelpers.java:101)
	at org.eclipse.jdt.ls.core.internal.JDTUtils.toRange(JDTUtils.java:857)
	at org.eclipse.jdt.ls.core.internal.JDTUtils.toLocation(JDTUtils.java:756)
	at org.eclipse.jdt.ls.core.internal.JDTUtils.toLocation(JDTUtils.java:702)
	at org.eclipse.jdt.ls.core.internal.handlers.DocumentSymbolHandler.getRange(DocumentSymbolHandler.java:205)
	at org.eclipse.jdt.ls.core.internal.handlers.DocumentSymbolHandler.toDocumentSymbol(DocumentSymbolHandler.java:172)
	at org.eclipse.jdt.ls.core.internal.handlers.DocumentSymbolHandler.lambda$4(DocumentSymbolHandler.java:188)
	at java.base/java.util.stream.ReferencePipeline$3$1.accept(ReferencePipeline.java:197)
	at java.base/java.util.Spliterators$ArraySpliterator.forEachRemaining(Spliterators.java:992)
	at java.base/java.util.stream.AbstractPipeline.copyInto(AbstractPipeline.java:509)
	at java.base/java.util.stream.AbstractPipeline.wrapAndCopyInto(AbstractPipeline.java:499)
	at java.base/java.util.stream.ReduceOps$ReduceOp.evaluateSequential(ReduceOps.java:921)
	at java.base/java.util.stream.AbstractPipeline.evaluate(AbstractPipeline.java:234)
	at java.base/java.util.stream.ReferencePipeline.collect(ReferencePipeline.java:682)
	at org.eclipse.jdt.ls.core.internal.handlers.DocumentSymbolHandler.toDocumentSymbol(DocumentSymbolHandler.java:190)
	at org.eclipse.jdt.ls.core.internal.handlers.DocumentSymbolHandler.lambda$2(DocumentSymbolHandler.java:147)
	at java.base/java.util.stream.ReferencePipeline$3$1.accept(ReferencePipeline.java:197)
	at java.base/java.util.Spliterators$ArraySpliterator.forEachRemaining(Spliterators.java:992)
	at java.base/java.util.stream.AbstractPipeline.copyInto(AbstractPipeline.java:509)
	at java.base/java.util.stream.AbstractPipeline.wrapAndCopyInto(AbstractPipeline.java:499)
	at java.base/java.util.stream.ReduceOps$ReduceOp.evaluateSequential(ReduceOps.java:921)
	at java.base/java.util.stream.AbstractPipeline.evaluate(AbstractPipeline.java:234)
	at java.base/java.util.stream.ReferencePipeline.collect(ReferencePipeline.java:682)
	at org.eclipse.jdt.ls.core.internal.handlers.DocumentSymbolHandler.getHierarchicalOutline(DocumentSymbolHandler.java:147)
	at org.eclipse.jdt.ls.core.internal.handlers.DocumentSymbolHandler.documentSymbol(DocumentSymbolHandler.java:80)
	at org.eclipse.jdt.ls.core.internal.handlers.JDTLanguageServer.lambda$14(JDTLanguageServer.java:636)
	at org.eclipse.jdt.ls.core.internal.BaseJDTLanguageServer.lambda$0(BaseJDTLanguageServer.java:75)
	at java.base/java.util.concurrent.CompletableFuture$UniApply.tryFire(CompletableFuture.java:646)
	at java.base/java.util.concurrent.CompletableFuture$Completion.exec(CompletableFuture.java:483)
	at java.base/java.util.concurrent.ForkJoinTask.doExec(ForkJoinTask.java:373)
	at java.base/java.util.concurrent.ForkJoinPool$WorkQueue.topLevelExec(ForkJoinPool.java:1182)
	at java.base/java.util.concurrent.ForkJoinPool.scan(ForkJoinPool.java:1655)
	at java.base/java.util.concurrent.ForkJoinPool.runWorker(ForkJoinPool.java:1622)
	at java.base/java.util.concurrent.ForkJoinWorkerThread.run(ForkJoinWorkerThread.java:165)

[Error - 11:59:30 AM] Nov 23, 2021, 11:59:30 AM Unable to load IDecompiler class for jarFileContentProvider
[Error - 12:07:51 PM] Nov 23, 2021, 12:07:51 PM Unable to load IDecompiler class for jarFileContentProvider
[Error - 12:08:04 PM] Nov 23, 2021, 12:08:04 PM Unable to load IDecompiler class for jarFileContentProvider
[Error - 12:08:59 PM] Nov 23, 2021, 12:08:59 PM BadLocationException
null
org.eclipse.jface.text.BadLocationException
	at org.eclipse.jface.text.TreeLineTracker.fail(TreeLineTracker.java:1054)
	at org.eclipse.jface.text.TreeLineTracker.lineByOffset(TreeLineTracker.java:268)
	at org.eclipse.jface.text.TreeLineTracker.getLineNumberOfOffset(TreeLineTracker.java:1122)
	at org.eclipse.jface.text.AbstractLineTracker.getLineNumberOfOffset(AbstractLineTracker.java:155)
	at org.eclipse.jface.text.AbstractDocument.getLineOfOffset(AbstractDocument.java:872)
	at org.eclipse.core.internal.filebuffers.SynchronizableDocument.getLineOfOffset(SynchronizableDocument.java:334)
	at org.eclipse.jdt.ls.core.internal.handlers.JsonRpcHelpers.toLine(JsonRpcHelpers.java:156)
	at org.eclipse.jdt.ls.core.internal.handlers.JsonRpcHelpers.toLine(JsonRpcHelpers.java:101)
	at org.eclipse.jdt.ls.core.internal.JDTUtils.toRange(JDTUtils.java:857)
	at org.eclipse.jdt.ls.core.internal.JDTUtils.toLocation(JDTUtils.java:756)
	at org.eclipse.jdt.ls.core.internal.JDTUtils.toLocation(JDTUtils.java:702)
	at org.eclipse.jdt.ls.core.internal.handlers.DocumentSymbolHandler.getRange(DocumentSymbolHandler.java:205)
	at org.eclipse.jdt.ls.core.internal.handlers.DocumentSymbolHandler.toDocumentSymbol(DocumentSymbolHandler.java:172)
	at org.eclipse.jdt.ls.core.internal.handlers.DocumentSymbolHandler.lambda$2(DocumentSymbolHandler.java:147)
	at java.base/java.util.stream.ReferencePipeline$3$1.accept(ReferencePipeline.java:197)
	at java.base/java.util.Spliterators$ArraySpliterator.forEachRemaining(Spliterators.java:992)
	at java.base/java.util.stream.AbstractPipeline.copyInto(AbstractPipeline.java:509)
	at java.base/java.util.stream.AbstractPipeline.wrapAndCopyInto(AbstractPipeline.java:499)
	at java.base/java.util.stream.ReduceOps$ReduceOp.evaluateSequential(ReduceOps.java:921)
	at java.base/java.util.stream.AbstractPipeline.evaluate(AbstractPipeline.java:234)
	at java.base/java.util.stream.ReferencePipeline.collect(ReferencePipeline.java:682)
	at org.eclipse.jdt.ls.core.internal.handlers.DocumentSymbolHandler.getHierarchicalOutline(DocumentSymbolHandler.java:147)
	at org.eclipse.jdt.ls.core.internal.handlers.DocumentSymbolHandler.documentSymbol(DocumentSymbolHandler.java:80)
	at org.eclipse.jdt.ls.core.internal.handlers.JDTLanguageServer.lambda$14(JDTLanguageServer.java:636)
	at org.eclipse.jdt.ls.core.internal.BaseJDTLanguageServer.lambda$0(BaseJDTLanguageServer.java:75)
	at java.base/java.util.concurrent.CompletableFuture$UniApply.tryFire(CompletableFuture.java:646)
	at java.base/java.util.concurrent.CompletableFuture$Completion.exec(CompletableFuture.java:483)
	at java.base/java.util.concurrent.ForkJoinTask.doExec(ForkJoinTask.java:373)
	at java.base/java.util.concurrent.ForkJoinPool$WorkQueue.topLevelExec(ForkJoinPool.java:1182)
	at java.base/java.util.concurrent.ForkJoinPool.scan(ForkJoinPool.java:1655)
	at java.base/java.util.concurrent.ForkJoinPool.runWorker(ForkJoinPool.java:1622)
	at java.base/java.util.concurrent.ForkJoinWorkerThread.run(ForkJoinWorkerThread.java:165)

[Error - 12:08:59 PM] Nov 23, 2021, 12:08:59 PM BadLocationException
null
org.eclipse.jface.text.BadLocationException
	at org.eclipse.jface.text.TreeLineTracker.fail(TreeLineTracker.java:1054)
	at org.eclipse.jface.text.TreeLineTracker.lineByOffset(TreeLineTracker.java:268)
	at org.eclipse.jface.text.TreeLineTracker.getLineNumberOfOffset(TreeLineTracker.java:1122)
	at org.eclipse.jface.text.AbstractLineTracker.getLineNumberOfOffset(AbstractLineTracker.java:155)
	at org.eclipse.jface.text.AbstractDocument.getLineOfOffset(AbstractDocument.java:872)
	at org.eclipse.core.internal.filebuffers.SynchronizableDocument.getLineOfOffset(SynchronizableDocument.java:334)
	at org.eclipse.jdt.ls.core.internal.handlers.JsonRpcHelpers.toLine(JsonRpcHelpers.java:156)
	at org.eclipse.jdt.ls.core.internal.handlers.JsonRpcHelpers.toLine(JsonRpcHelpers.java:101)
	at org.eclipse.jdt.ls.core.internal.JDTUtils.toRange(JDTUtils.java:857)
	at org.eclipse.jdt.ls.core.internal.JDTUtils.toLocation(JDTUtils.java:756)
	at org.eclipse.jdt.ls.core.internal.JDTUtils.toLocation(JDTUtils.java:702)
	at org.eclipse.jdt.ls.core.internal.handlers.DocumentSymbolHandler.getRange(DocumentSymbolHandler.java:205)
	at org.eclipse.jdt.ls.core.internal.handlers.DocumentSymbolHandler.toDocumentSymbol(DocumentSymbolHandler.java:172)
	at org.eclipse.jdt.ls.core.internal.handlers.DocumentSymbolHandler.lambda$4(DocumentSymbolHandler.java:188)
	at java.base/java.util.stream.ReferencePipeline$3$1.accept(ReferencePipeline.java:197)
	at java.base/java.util.Spliterators$ArraySpliterator.forEachRemaining(Spliterators.java:992)
	at java.base/java.util.stream.AbstractPipeline.copyInto(AbstractPipeline.java:509)
	at java.base/java.util.stream.AbstractPipeline.wrapAndCopyInto(AbstractPipeline.java:499)
	at java.base/java.util.stream.ReduceOps$ReduceOp.evaluateSequential(ReduceOps.java:921)
	at java.base/java.util.stream.AbstractPipeline.evaluate(AbstractPipeline.java:234)
	at java.base/java.util.stream.ReferencePipeline.collect(ReferencePipeline.java:682)
	at org.eclipse.jdt.ls.core.internal.handlers.DocumentSymbolHandler.toDocumentSymbol(DocumentSymbolHandler.java:190)
	at org.eclipse.jdt.ls.core.internal.handlers.DocumentSymbolHandler.lambda$2(DocumentSymbolHandler.java:147)
	at java.base/java.util.stream.ReferencePipeline$3$1.accept(ReferencePipeline.java:197)
	at java.base/java.util.Spliterators$ArraySpliterator.forEachRemaining(Spliterators.java:992)
	at java.base/java.util.stream.AbstractPipeline.copyInto(AbstractPipeline.java:509)
	at java.base/java.util.stream.AbstractPipeline.wrapAndCopyInto(AbstractPipeline.java:499)
	at java.base/java.util.stream.ReduceOps$ReduceOp.evaluateSequential(ReduceOps.java:921)
	at java.base/java.util.stream.AbstractPipeline.evaluate(AbstractPipeline.java:234)
	at java.base/java.util.stream.ReferencePipeline.collect(ReferencePipeline.java:682)
	at org.eclipse.jdt.ls.core.internal.handlers.DocumentSymbolHandler.getHierarchicalOutline(DocumentSymbolHandler.java:147)
	at org.eclipse.jdt.ls.core.internal.handlers.DocumentSymbolHandler.documentSymbol(DocumentSymbolHandler.java:80)
	at org.eclipse.jdt.ls.core.internal.handlers.JDTLanguageServer.lambda$14(JDTLanguageServer.java:636)
	at org.eclipse.jdt.ls.core.internal.BaseJDTLanguageServer.lambda$0(BaseJDTLanguageServer.java:75)
	at java.base/java.util.concurrent.CompletableFuture$UniApply.tryFire(CompletableFuture.java:646)
	at java.base/java.util.concurrent.CompletableFuture$Completion.exec(CompletableFuture.java:483)
	at java.base/java.util.concurrent.ForkJoinTask.doExec(ForkJoinTask.java:373)
	at java.base/java.util.concurrent.ForkJoinPool$WorkQueue.topLevelExec(ForkJoinPool.java:1182)
	at java.base/java.util.concurrent.ForkJoinPool.scan(ForkJoinPool.java:1655)
	at java.base/java.util.concurrent.ForkJoinPool.runWorker(ForkJoinPool.java:1622)
	at java.base/java.util.concurrent.ForkJoinWorkerThread.run(ForkJoinWorkerThread.java:165)

[Error - 12:10:14 PM] Nov 23, 2021, 12:10:14 PM Unable to load IDecompiler class for jarFileContentProvider
[Error - 12:11:51 PM] Nov 23, 2021, 12:11:51 PM Unable to load IDecompiler class for jarFileContentProvider
[Error - 12:11:51 PM] Nov 23, 2021, 12:11:51 PM Unable to load IDecompiler class for jarFileContentProvider
[Error - 12:13:25 PM] Nov 23, 2021, 12:13:25 PM Unable to load IDecompiler class for jarFileContentProvider
[Error - 12:14:45 PM] Nov 23, 2021, 12:14:45 PM Unable to load IDecompiler class for jarFileContentProvider
[Error - 12:24:12 PM] Nov 23, 2021, 12:24:12 PM Unable to load IDecompiler class for jarFileContentProvider
