[2021-11-21 09:47:09.262] [exthost] [info] Extension host with pid 4657 started
[2021-11-21 09:47:09.262] [exthost] [info] Skipping acquiring lock for /home/nick/.config/Code - OSS/User/workspaceStorage/d683f26180f1719dde5a5b515e8e4e7a.
[2021-11-21 09:47:09.352] [exthost] [info] ExtensionService#_doActivateExtension mechatroner.rainbow-csv, startup: false, activationEvent: 'onLanguage:plaintext'
[2021-11-21 09:47:09.356] [exthost] [info] ExtensionService#_doActivateExtension redhat.java, startup: false, activationEvent: 'onLanguage:java', root cause: vscjava.vscode-java-test
[2021-11-21 09:47:09.400] [exthost] [info] ExtensionService#_doActivateExtension VisualStudioExptTeam.vscodeintellicode, startup: false, activationEvent: 'onLanguage:java'
[2021-11-21 09:47:09.448] [exthost] [info] ExtensionService#_doActivateExtension vscjava.vscode-java-debug, startup: false, activationEvent: 'onLanguage:java', root cause: vscjava.vscode-java-test
[2021-11-21 09:47:09.469] [exthost] [info] ExtensionService#_doActivateExtension vscjava.vscode-java-dependency, startup: false, activationEvent: 'onLanguage:java'
[2021-11-21 09:47:09.488] [exthost] [info] ExtensionService#_doActivateExtension vscjava.vscode-java-pack, startup: false, activationEvent: 'onLanguage:java'
[2021-11-21 09:47:09.543] [exthost] [info] ExtensionService#_doActivateExtension vscode.debug-auto-launch, startup: true, activationEvent: '*'
[2021-11-21 09:47:09.546] [exthost] [info] ExtensionService#_doActivateExtension vscode.git, startup: true, activationEvent: '*', root cause: vscode.github
[2021-11-21 09:47:09.569] [exthost] [info] ExtensionService#_doActivateExtension sainnhe.gruvbox-material, startup: true, activationEvent: '*'
[2021-11-21 09:47:09.726] [exthost] [info] ExtensionService#_doActivateExtension vscode.github, startup: true, activationEvent: '*'
[2021-11-21 09:47:09.788] [exthost] [info] Eager extensions activated
[2021-11-21 09:47:09.814] [exthost] [info] ExtensionService#_doActivateExtension vscode.merge-conflict, startup: false, activationEvent: 'onStartupFinished'
[2021-11-21 09:47:09.868] [exthost] [warning] [redhat.java] Accessing a resource scoped configuration without providing a resource is not expected. To get the effective value for '[java]', provide the URI of a resource or 'null' for any resource.
[2021-11-21 09:47:09.918] [exthost] [warning] [redhat.java] Accessing a resource scoped configuration without providing a resource is not expected. To get the effective value for '[java]', provide the URI of a resource or 'null' for any resource.
[2021-11-21 09:47:14.593] [exthost] [info] ExtensionService#_doActivateExtension vscjava.vscode-java-test, startup: false, activationEvent: 'onLanguage:java'
[2021-11-21 09:49:56.541] [exthost] [error] [redhat.java] provider FAILED
[2021-11-21 09:49:56.541] [exthost] [error] Error: The request (id: 34, method: 'textDocument/documentSymbol') has been cancelled
	at /home/nick/.vscode-oss/extensions/redhat.java-1.0.0/dist/extension.js:2:894993
	at /home/nick/.vscode-oss/extensions/redhat.java-1.0.0/dist/extension.js:2:895287
	at Immediate.<anonymous> (/home/nick/.vscode-oss/extensions/redhat.java-1.0.0/dist/extension.js:2:895652)
	at processImmediate (internal/timers.js:461:21)
[2021-11-21 09:49:58.182] [exthost] [error] [redhat.java] provider FAILED
[2021-11-21 09:49:58.182] [exthost] [error] Error: The request (id: 41, method: 'textDocument/hover') has been cancelled
	at /home/nick/.vscode-oss/extensions/redhat.java-1.0.0/dist/extension.js:2:894993
	at /home/nick/.vscode-oss/extensions/redhat.java-1.0.0/dist/extension.js:2:895287
	at Immediate.<anonymous> (/home/nick/.vscode-oss/extensions/redhat.java-1.0.0/dist/extension.js:2:895652)
	at processImmediate (internal/timers.js:461:21)
[2021-11-21 09:52:09.622] [exthost] [error] [redhat.java] provider FAILED
[2021-11-21 09:52:09.622] [exthost] [error] Error: The request (id: 53, method: 'textDocument/hover') has been cancelled
	at /home/nick/.vscode-oss/extensions/redhat.java-1.0.0/dist/extension.js:2:894993
	at /home/nick/.vscode-oss/extensions/redhat.java-1.0.0/dist/extension.js:2:895287
	at Immediate.<anonymous> (/home/nick/.vscode-oss/extensions/redhat.java-1.0.0/dist/extension.js:2:895652)
	at processImmediate (internal/timers.js:461:21)
[2021-11-21 09:56:30.725] [exthost] [info] ExtensionService#_doActivateExtension vscode.debug-server-ready, startup: false, activationEvent: 'onDebugResolve'
[2021-11-21 10:00:01.257] [exthost] [error] [redhat.java] provider FAILED
[2021-11-21 10:00:01.258] [exthost] [error] Error: The request (id: 321, method: 'textDocument/documentSymbol') has been cancelled
	at /home/nick/.vscode-oss/extensions/redhat.java-1.0.0/dist/extension.js:2:894993
	at /home/nick/.vscode-oss/extensions/redhat.java-1.0.0/dist/extension.js:2:895287
	at Immediate.<anonymous> (/home/nick/.vscode-oss/extensions/redhat.java-1.0.0/dist/extension.js:2:895652)
	at processImmediate (internal/timers.js:461:21)
[2021-11-21 10:01:18.103] [exthost] [error] [redhat.java] provider FAILED
[2021-11-21 10:01:18.104] [exthost] [error] Error: The request (id: 471, method: 'textDocument/hover') has been cancelled
	at /home/nick/.vscode-oss/extensions/redhat.java-1.0.0/dist/extension.js:2:894993
	at /home/nick/.vscode-oss/extensions/redhat.java-1.0.0/dist/extension.js:2:895287
	at Immediate.<anonymous> (/home/nick/.vscode-oss/extensions/redhat.java-1.0.0/dist/extension.js:2:895652)
	at processImmediate (internal/timers.js:461:21)
[2021-11-21 10:02:03.243] [exthost] [error] [redhat.java] provider FAILED
[2021-11-21 10:02:03.243] [exthost] [error] Error: The request (id: 626, method: 'textDocument/documentSymbol') has been cancelled
	at /home/nick/.vscode-oss/extensions/redhat.java-1.0.0/dist/extension.js:2:894993
	at /home/nick/.vscode-oss/extensions/redhat.java-1.0.0/dist/extension.js:2:895287
	at Immediate.<anonymous> (/home/nick/.vscode-oss/extensions/redhat.java-1.0.0/dist/extension.js:2:895652)
	at processImmediate (internal/timers.js:461:21)
[2021-11-21 10:02:25.224] [exthost] [error] Error: The request (id: 746, method: 'workspace/executeCommand') has been cancelled
	at /home/nick/.vscode-oss/extensions/redhat.java-1.0.0/dist/extension.js:2:894993
	at /home/nick/.vscode-oss/extensions/redhat.java-1.0.0/dist/extension.js:2:895287
	at Immediate.<anonymous> (/home/nick/.vscode-oss/extensions/redhat.java-1.0.0/dist/extension.js:2:895652)
	at processImmediate (internal/timers.js:461:21) java.execute.workspaceCommand {"value":"redhat.java","_lower":"redhat.java"}
[2021-11-21 10:02:25.731] [exthost] [error] [redhat.java] provider FAILED
[2021-11-21 10:02:25.731] [exthost] [error] Error: The request (id: 752, method: 'textDocument/documentSymbol') has been cancelled
	at /home/nick/.vscode-oss/extensions/redhat.java-1.0.0/dist/extension.js:2:894993
	at /home/nick/.vscode-oss/extensions/redhat.java-1.0.0/dist/extension.js:2:895287
	at Immediate.<anonymous> (/home/nick/.vscode-oss/extensions/redhat.java-1.0.0/dist/extension.js:2:895652)
	at processImmediate (internal/timers.js:461:21)
[2021-11-21 10:03:27.999] [exthost] [error] [redhat.java] provider FAILED
[2021-11-21 10:03:27.999] [exthost] [error] Error: selectionRange must be contained in fullRange
	at Function.validate (/usr/lib/code/out/vs/workbench/services/extensions/node/extensionHostProcess.js:87:30564)
	at new n (/usr/lib/code/out/vs/workbench/services/extensions/node/extensionHostProcess.js:87:30432)
	at new n (/usr/lib/code/out/vs/workbench/services/extensions/node/extensionHostProcess.js:87:17223)
	at $ (/home/nick/.vscode-oss/extensions/redhat.java-1.0.0/dist/extension.js:2:800105)
	at Array.map (<anonymous>)
	at Object.asDocumentSymbols (/home/nick/.vscode-oss/extensions/redhat.java-1.0.0/dist/extension.js:2:805451)
	at /home/nick/.vscode-oss/extensions/redhat.java-1.0.0/dist/extension.js:2:624152
	at Generator.next (<anonymous>)
	at s (/home/nick/.vscode-oss/extensions/redhat.java-1.0.0/dist/extension.js:2:623246)
[2021-11-21 10:03:28.496] [exthost] [error] Error: The request (id: 871, method: 'workspace/executeCommand') has been cancelled
	at /home/nick/.vscode-oss/extensions/redhat.java-1.0.0/dist/extension.js:2:894993
	at /home/nick/.vscode-oss/extensions/redhat.java-1.0.0/dist/extension.js:2:895287
	at Immediate.<anonymous> (/home/nick/.vscode-oss/extensions/redhat.java-1.0.0/dist/extension.js:2:895652)
	at processImmediate (internal/timers.js:461:21) java.execute.workspaceCommand {"value":"redhat.java","_lower":"redhat.java"}
[2021-11-21 10:03:35.410] [exthost] [error] Error: The request (id: 944, method: 'workspace/executeCommand') has been cancelled
	at /home/nick/.vscode-oss/extensions/redhat.java-1.0.0/dist/extension.js:2:894993
	at /home/nick/.vscode-oss/extensions/redhat.java-1.0.0/dist/extension.js:2:895287
	at Immediate.<anonymous> (/home/nick/.vscode-oss/extensions/redhat.java-1.0.0/dist/extension.js:2:895652)
	at processImmediate (internal/timers.js:461:21) java.execute.workspaceCommand {"value":"redhat.java","_lower":"redhat.java"}
[2021-11-21 10:03:43.246] [exthost] [error] Error: The request (id: 977, method: 'workspace/executeCommand') has been cancelled
	at /home/nick/.vscode-oss/extensions/redhat.java-1.0.0/dist/extension.js:2:894993
	at /home/nick/.vscode-oss/extensions/redhat.java-1.0.0/dist/extension.js:2:895287
	at Immediate.<anonymous> (/home/nick/.vscode-oss/extensions/redhat.java-1.0.0/dist/extension.js:2:895652)
	at processImmediate (internal/timers.js:461:21) java.execute.workspaceCommand {"value":"redhat.java","_lower":"redhat.java"}
[2021-11-21 10:16:41.861] [exthost] [error] Error: sub {key=Lpset9/Main$sub;} [in Main [in [Working copy] Main.java [in pset9 [in _/comp272 [in Course-Archive_6d80f42f]]]]] does not exist
	at /home/nick/.vscode-oss/extensions/redhat.java-1.0.0/dist/extension.js:2:894993
	at /home/nick/.vscode-oss/extensions/redhat.java-1.0.0/dist/extension.js:2:895287
	at Immediate.<anonymous> (/home/nick/.vscode-oss/extensions/redhat.java-1.0.0/dist/extension.js:2:895652)
	at processImmediate (internal/timers.js:461:21) java.execute.workspaceCommand {"value":"redhat.java","_lower":"redhat.java"}
[2021-11-21 10:16:42.063] [exthost] [error] Error: The request (id: 1655, method: 'workspace/executeCommand') has been cancelled
	at /home/nick/.vscode-oss/extensions/redhat.java-1.0.0/dist/extension.js:2:894993
	at /home/nick/.vscode-oss/extensions/redhat.java-1.0.0/dist/extension.js:2:895287
	at Immediate.<anonymous> (/home/nick/.vscode-oss/extensions/redhat.java-1.0.0/dist/extension.js:2:895652)
	at processImmediate (internal/timers.js:461:21) java.execute.workspaceCommand {"value":"redhat.java","_lower":"redhat.java"}
[2021-11-21 10:16:52.728] [exthost] [error] Error: The request (id: 1760, method: 'workspace/executeCommand') has been cancelled
	at /home/nick/.vscode-oss/extensions/redhat.java-1.0.0/dist/extension.js:2:894993
	at /home/nick/.vscode-oss/extensions/redhat.java-1.0.0/dist/extension.js:2:895287
	at Immediate.<anonymous> (/home/nick/.vscode-oss/extensions/redhat.java-1.0.0/dist/extension.js:2:895652)
	at processImmediate (internal/timers.js:461:21) java.execute.workspaceCommand {"value":"redhat.java","_lower":"redhat.java"}
[2021-11-21 10:18:30.778] [exthost] [error] [redhat.java] provider FAILED
[2021-11-21 10:18:30.778] [exthost] [error] Error: selectionRange must be contained in fullRange
	at Function.validate (/usr/lib/code/out/vs/workbench/services/extensions/node/extensionHostProcess.js:87:30564)
	at new n (/usr/lib/code/out/vs/workbench/services/extensions/node/extensionHostProcess.js:87:30432)
	at new n (/usr/lib/code/out/vs/workbench/services/extensions/node/extensionHostProcess.js:87:17223)
	at $ (/home/nick/.vscode-oss/extensions/redhat.java-1.0.0/dist/extension.js:2:800105)
	at Array.map (<anonymous>)
	at Object.asDocumentSymbols (/home/nick/.vscode-oss/extensions/redhat.java-1.0.0/dist/extension.js:2:805451)
	at /home/nick/.vscode-oss/extensions/redhat.java-1.0.0/dist/extension.js:2:624152
	at Generator.next (<anonymous>)
	at s (/home/nick/.vscode-oss/extensions/redhat.java-1.0.0/dist/extension.js:2:623246)
	at runMicrotasks (<anonymous>)
	at runNextTicks (internal/process/task_queues.js:58:5)
	at processImmediate (internal/timers.js:434:9)
[2021-11-21 10:18:32.211] [exthost] [error] [redhat.java] provider FAILED
[2021-11-21 10:18:32.211] [exthost] [error] Error: selectionRange must be contained in fullRange
	at Function.validate (/usr/lib/code/out/vs/workbench/services/extensions/node/extensionHostProcess.js:87:30564)
	at new n (/usr/lib/code/out/vs/workbench/services/extensions/node/extensionHostProcess.js:87:30432)
	at new n (/usr/lib/code/out/vs/workbench/services/extensions/node/extensionHostProcess.js:87:17223)
	at $ (/home/nick/.vscode-oss/extensions/redhat.java-1.0.0/dist/extension.js:2:800105)
	at Array.map (<anonymous>)
	at Object.asDocumentSymbols (/home/nick/.vscode-oss/extensions/redhat.java-1.0.0/dist/extension.js:2:805451)
	at /home/nick/.vscode-oss/extensions/redhat.java-1.0.0/dist/extension.js:2:624152
	at Generator.next (<anonymous>)
	at s (/home/nick/.vscode-oss/extensions/redhat.java-1.0.0/dist/extension.js:2:623246)
[2021-11-21 10:18:35.585] [exthost] [error] [redhat.java] provider FAILED
[2021-11-21 10:18:35.586] [exthost] [error] Error: The request (id: 1993, method: 'textDocument/documentSymbol') has been cancelled
	at /home/nick/.vscode-oss/extensions/redhat.java-1.0.0/dist/extension.js:2:894993
	at /home/nick/.vscode-oss/extensions/redhat.java-1.0.0/dist/extension.js:2:895287
	at Immediate.<anonymous> (/home/nick/.vscode-oss/extensions/redhat.java-1.0.0/dist/extension.js:2:895652)
	at processImmediate (internal/timers.js:461:21)
[2021-11-21 10:18:43.164] [exthost] [error] [redhat.java] provider FAILED
[2021-11-21 10:18:43.164] [exthost] [error] Error: The request (id: 2052, method: 'textDocument/documentSymbol') has been cancelled
	at /home/nick/.vscode-oss/extensions/redhat.java-1.0.0/dist/extension.js:2:894993
	at /home/nick/.vscode-oss/extensions/redhat.java-1.0.0/dist/extension.js:2:895287
	at Immediate.<anonymous> (/home/nick/.vscode-oss/extensions/redhat.java-1.0.0/dist/extension.js:2:895652)
	at processImmediate (internal/timers.js:461:21)
[2021-11-21 10:18:48.822] [exthost] [error] Error: The request (id: 2071, method: 'workspace/executeCommand') has been cancelled
	at /home/nick/.vscode-oss/extensions/redhat.java-1.0.0/dist/extension.js:2:894993
	at /home/nick/.vscode-oss/extensions/redhat.java-1.0.0/dist/extension.js:2:895287
	at Immediate.<anonymous> (/home/nick/.vscode-oss/extensions/redhat.java-1.0.0/dist/extension.js:2:895652)
	at processImmediate (internal/timers.js:461:21) java.execute.workspaceCommand {"value":"redhat.java","_lower":"redhat.java"}
[2021-11-21 10:19:23.433] [exthost] [error] [redhat.java] provider FAILED
[2021-11-21 10:19:23.433] [exthost] [error] Error: The request (id: 2172, method: 'textDocument/hover') has been cancelled
	at /home/nick/.vscode-oss/extensions/redhat.java-1.0.0/dist/extension.js:2:894993
	at /home/nick/.vscode-oss/extensions/redhat.java-1.0.0/dist/extension.js:2:895287
	at Immediate.<anonymous> (/home/nick/.vscode-oss/extensions/redhat.java-1.0.0/dist/extension.js:2:895652)
	at processImmediate (internal/timers.js:461:21)
[2021-11-21 10:19:36.656] [exthost] [error] [redhat.java] provider FAILED
[2021-11-21 10:19:36.657] [exthost] [error] Error: selectionRange must be contained in fullRange
	at Function.validate (/usr/lib/code/out/vs/workbench/services/extensions/node/extensionHostProcess.js:87:30564)
	at new n (/usr/lib/code/out/vs/workbench/services/extensions/node/extensionHostProcess.js:87:30432)
	at new n (/usr/lib/code/out/vs/workbench/services/extensions/node/extensionHostProcess.js:87:17223)
	at $ (/home/nick/.vscode-oss/extensions/redhat.java-1.0.0/dist/extension.js:2:800105)
	at $ (/home/nick/.vscode-oss/extensions/redhat.java-1.0.0/dist/extension.js:2:800280)
	at Array.map (<anonymous>)
	at Object.asDocumentSymbols (/home/nick/.vscode-oss/extensions/redhat.java-1.0.0/dist/extension.js:2:805451)
	at /home/nick/.vscode-oss/extensions/redhat.java-1.0.0/dist/extension.js:2:624152
	at Generator.next (<anonymous>)
	at s (/home/nick/.vscode-oss/extensions/redhat.java-1.0.0/dist/extension.js:2:623246)
[2021-11-21 10:19:40.742] [exthost] [error] [redhat.java] provider FAILED
[2021-11-21 10:19:40.743] [exthost] [error] Error: selectionRange must be contained in fullRange
	at Function.validate (/usr/lib/code/out/vs/workbench/services/extensions/node/extensionHostProcess.js:87:30564)
	at new n (/usr/lib/code/out/vs/workbench/services/extensions/node/extensionHostProcess.js:87:30432)
	at new n (/usr/lib/code/out/vs/workbench/services/extensions/node/extensionHostProcess.js:87:17223)
	at $ (/home/nick/.vscode-oss/extensions/redhat.java-1.0.0/dist/extension.js:2:800105)
	at $ (/home/nick/.vscode-oss/extensions/redhat.java-1.0.0/dist/extension.js:2:800280)
	at $ (/home/nick/.vscode-oss/extensions/redhat.java-1.0.0/dist/extension.js:2:800280)
	at Array.map (<anonymous>)
	at Object.asDocumentSymbols (/home/nick/.vscode-oss/extensions/redhat.java-1.0.0/dist/extension.js:2:805451)
	at /home/nick/.vscode-oss/extensions/redhat.java-1.0.0/dist/extension.js:2:624152
	at Generator.next (<anonymous>)
	at s (/home/nick/.vscode-oss/extensions/redhat.java-1.0.0/dist/extension.js:2:623246)
[2021-11-21 10:19:44.564] [exthost] [error] [redhat.java] provider FAILED
[2021-11-21 10:19:44.564] [exthost] [error] Error: The request (id: 2261, method: 'textDocument/hover') has been cancelled
	at /home/nick/.vscode-oss/extensions/redhat.java-1.0.0/dist/extension.js:2:894993
	at /home/nick/.vscode-oss/extensions/redhat.java-1.0.0/dist/extension.js:2:895287
	at Immediate.<anonymous> (/home/nick/.vscode-oss/extensions/redhat.java-1.0.0/dist/extension.js:2:895652)
	at processImmediate (internal/timers.js:461:21)
[2021-11-21 10:19:47.163] [exthost] [error] [redhat.java] provider FAILED
[2021-11-21 10:19:47.164] [exthost] [error] Error: The request (id: 2273, method: 'textDocument/documentSymbol') has been cancelled
	at /home/nick/.vscode-oss/extensions/redhat.java-1.0.0/dist/extension.js:2:894993
	at /home/nick/.vscode-oss/extensions/redhat.java-1.0.0/dist/extension.js:2:895287
	at Immediate.<anonymous> (/home/nick/.vscode-oss/extensions/redhat.java-1.0.0/dist/extension.js:2:895652)
	at processImmediate (internal/timers.js:461:21)
[2021-11-21 10:20:02.461] [exthost] [error] [redhat.java] provider FAILED
[2021-11-21 10:20:02.461] [exthost] [error] Error: selectionRange must be contained in fullRange
	at Function.validate (/usr/lib/code/out/vs/workbench/services/extensions/node/extensionHostProcess.js:87:30564)
	at new n (/usr/lib/code/out/vs/workbench/services/extensions/node/extensionHostProcess.js:87:30432)
	at new n (/usr/lib/code/out/vs/workbench/services/extensions/node/extensionHostProcess.js:87:17223)
	at $ (/home/nick/.vscode-oss/extensions/redhat.java-1.0.0/dist/extension.js:2:800105)
	at $ (/home/nick/.vscode-oss/extensions/redhat.java-1.0.0/dist/extension.js:2:800280)
	at $ (/home/nick/.vscode-oss/extensions/redhat.java-1.0.0/dist/extension.js:2:800280)
	at Array.map (<anonymous>)
	at Object.asDocumentSymbols (/home/nick/.vscode-oss/extensions/redhat.java-1.0.0/dist/extension.js:2:805451)
	at /home/nick/.vscode-oss/extensions/redhat.java-1.0.0/dist/extension.js:2:624152
	at Generator.next (<anonymous>)
	at s (/home/nick/.vscode-oss/extensions/redhat.java-1.0.0/dist/extension.js:2:623246)
[2021-11-21 10:20:39.965] [exthost] [error] Error: The request (id: 2451, method: 'workspace/executeCommand') has been cancelled
	at /home/nick/.vscode-oss/extensions/redhat.java-1.0.0/dist/extension.js:2:894993
	at /home/nick/.vscode-oss/extensions/redhat.java-1.0.0/dist/extension.js:2:895287
	at Immediate.<anonymous> (/home/nick/.vscode-oss/extensions/redhat.java-1.0.0/dist/extension.js:2:895652)
	at processImmediate (internal/timers.js:461:21) java.execute.workspaceCommand {"value":"redhat.java","_lower":"redhat.java"}
[2021-11-21 10:20:42.151] [exthost] [error] [redhat.java] provider FAILED
[2021-11-21 10:20:42.151] [exthost] [error] Error: The request (id: 2476, method: 'textDocument/hover') has been cancelled
	at /home/nick/.vscode-oss/extensions/redhat.java-1.0.0/dist/extension.js:2:894993
	at /home/nick/.vscode-oss/extensions/redhat.java-1.0.0/dist/extension.js:2:895287
	at Immediate.<anonymous> (/home/nick/.vscode-oss/extensions/redhat.java-1.0.0/dist/extension.js:2:895652)
	at processImmediate (internal/timers.js:461:21)
[2021-11-21 10:20:44.778] [exthost] [error] [redhat.java] provider FAILED
[2021-11-21 10:20:44.778] [exthost] [error] Error: The request (id: 2481, method: 'textDocument/documentSymbol') has been cancelled
	at /home/nick/.vscode-oss/extensions/redhat.java-1.0.0/dist/extension.js:2:894993
	at /home/nick/.vscode-oss/extensions/redhat.java-1.0.0/dist/extension.js:2:895287
	at Immediate.<anonymous> (/home/nick/.vscode-oss/extensions/redhat.java-1.0.0/dist/extension.js:2:895652)
	at processImmediate (internal/timers.js:461:21)
[2021-11-21 10:21:25.777] [exthost] [error] [redhat.java] provider FAILED
[2021-11-21 10:21:25.777] [exthost] [error] Error: selectionRange must be contained in fullRange
	at Function.validate (/usr/lib/code/out/vs/workbench/services/extensions/node/extensionHostProcess.js:87:30564)
	at new n (/usr/lib/code/out/vs/workbench/services/extensions/node/extensionHostProcess.js:87:30432)
	at new n (/usr/lib/code/out/vs/workbench/services/extensions/node/extensionHostProcess.js:87:17223)
	at $ (/home/nick/.vscode-oss/extensions/redhat.java-1.0.0/dist/extension.js:2:800105)
	at Array.map (<anonymous>)
	at Object.asDocumentSymbols (/home/nick/.vscode-oss/extensions/redhat.java-1.0.0/dist/extension.js:2:805451)
	at /home/nick/.vscode-oss/extensions/redhat.java-1.0.0/dist/extension.js:2:624152
	at Generator.next (<anonymous>)
	at s (/home/nick/.vscode-oss/extensions/redhat.java-1.0.0/dist/extension.js:2:623246)
	at runMicrotasks (<anonymous>)
	at runNextTicks (internal/process/task_queues.js:58:5)
	at processImmediate (internal/timers.js:434:9)
[2021-11-21 10:22:43.823] [exthost] [error] Error: The request (id: 2825, method: 'workspace/executeCommand') has been cancelled
	at /home/nick/.vscode-oss/extensions/redhat.java-1.0.0/dist/extension.js:2:894993
	at /home/nick/.vscode-oss/extensions/redhat.java-1.0.0/dist/extension.js:2:895287
	at Immediate.<anonymous> (/home/nick/.vscode-oss/extensions/redhat.java-1.0.0/dist/extension.js:2:895652)
	at processImmediate (internal/timers.js:461:21) java.execute.workspaceCommand {"value":"redhat.java","_lower":"redhat.java"}
[2021-11-21 10:23:15.556] [exthost] [error] [redhat.java] provider FAILED
[2021-11-21 10:23:15.556] [exthost] [error] Error: The request (id: 2944, method: 'textDocument/hover') has been cancelled
	at /home/nick/.vscode-oss/extensions/redhat.java-1.0.0/dist/extension.js:2:894993
	at /home/nick/.vscode-oss/extensions/redhat.java-1.0.0/dist/extension.js:2:895287
	at Immediate.<anonymous> (/home/nick/.vscode-oss/extensions/redhat.java-1.0.0/dist/extension.js:2:895652)
	at processImmediate (internal/timers.js:461:21)
[2021-11-21 10:23:36.913] [exthost] [error] Error: The request (id: 3009, method: 'workspace/executeCommand') has been cancelled
	at /home/nick/.vscode-oss/extensions/redhat.java-1.0.0/dist/extension.js:2:894993
	at /home/nick/.vscode-oss/extensions/redhat.java-1.0.0/dist/extension.js:2:895287
	at Immediate.<anonymous> (/home/nick/.vscode-oss/extensions/redhat.java-1.0.0/dist/extension.js:2:895652)
	at processImmediate (internal/timers.js:461:21) java.execute.workspaceCommand {"value":"redhat.java","_lower":"redhat.java"}
[2021-11-21 10:23:40.890] [exthost] [error] Error: The request (id: 3037, method: 'workspace/executeCommand') has been cancelled
	at /home/nick/.vscode-oss/extensions/redhat.java-1.0.0/dist/extension.js:2:894993
	at /home/nick/.vscode-oss/extensions/redhat.java-1.0.0/dist/extension.js:2:895287
	at Immediate.<anonymous> (/home/nick/.vscode-oss/extensions/redhat.java-1.0.0/dist/extension.js:2:895652)
	at processImmediate (internal/timers.js:461:21) java.execute.workspaceCommand {"value":"redhat.java","_lower":"redhat.java"}
[2021-11-21 10:23:44.028] [exthost] [error] Error: The request (id: 3069, method: 'workspace/executeCommand') has been cancelled
	at /home/nick/.vscode-oss/extensions/redhat.java-1.0.0/dist/extension.js:2:894993
	at /home/nick/.vscode-oss/extensions/redhat.java-1.0.0/dist/extension.js:2:895287
	at Immediate.<anonymous> (/home/nick/.vscode-oss/extensions/redhat.java-1.0.0/dist/extension.js:2:895652)
	at processImmediate (internal/timers.js:461:21) java.execute.workspaceCommand {"value":"redhat.java","_lower":"redhat.java"}
[2021-11-21 10:24:35.019] [exthost] [error] Error: The request (id: 3283, method: 'workspace/executeCommand') has been cancelled
	at /home/nick/.vscode-oss/extensions/redhat.java-1.0.0/dist/extension.js:2:894993
	at /home/nick/.vscode-oss/extensions/redhat.java-1.0.0/dist/extension.js:2:895287
	at Immediate.<anonymous> (/home/nick/.vscode-oss/extensions/redhat.java-1.0.0/dist/extension.js:2:895652)
	at processImmediate (internal/timers.js:461:21) java.execute.workspaceCommand {"value":"redhat.java","_lower":"redhat.java"}
[2021-11-21 10:24:35.117] [exthost] [error] [redhat.java] provider FAILED
[2021-11-21 10:24:35.117] [exthost] [error] Error: The request (id: 3284, method: 'textDocument/documentSymbol') has been cancelled
	at /home/nick/.vscode-oss/extensions/redhat.java-1.0.0/dist/extension.js:2:894993
	at /home/nick/.vscode-oss/extensions/redhat.java-1.0.0/dist/extension.js:2:895287
	at Immediate.<anonymous> (/home/nick/.vscode-oss/extensions/redhat.java-1.0.0/dist/extension.js:2:895652)
	at processImmediate (internal/timers.js:461:21)
[2021-11-21 10:24:42.369] [exthost] [error] Error: The request (id: 3327, method: 'workspace/executeCommand') has been cancelled
	at /home/nick/.vscode-oss/extensions/redhat.java-1.0.0/dist/extension.js:2:894993
	at /home/nick/.vscode-oss/extensions/redhat.java-1.0.0/dist/extension.js:2:895287
	at Immediate.<anonymous> (/home/nick/.vscode-oss/extensions/redhat.java-1.0.0/dist/extension.js:2:895652)
	at processImmediate (internal/timers.js:461:21) java.execute.workspaceCommand {"value":"redhat.java","_lower":"redhat.java"}
[2021-11-21 10:24:43.553] [exthost] [error] Error: The request (id: 3341, method: 'workspace/executeCommand') has been cancelled
	at /home/nick/.vscode-oss/extensions/redhat.java-1.0.0/dist/extension.js:2:894993
	at /home/nick/.vscode-oss/extensions/redhat.java-1.0.0/dist/extension.js:2:895287
	at Immediate.<anonymous> (/home/nick/.vscode-oss/extensions/redhat.java-1.0.0/dist/extension.js:2:895652)
	at processImmediate (internal/timers.js:461:21) java.execute.workspaceCommand {"value":"redhat.java","_lower":"redhat.java"}
[2021-11-21 10:24:58.972] [exthost] [error] Error: The request (id: 3428, method: 'workspace/executeCommand') has been cancelled
	at /home/nick/.vscode-oss/extensions/redhat.java-1.0.0/dist/extension.js:2:894993
	at /home/nick/.vscode-oss/extensions/redhat.java-1.0.0/dist/extension.js:2:895287
	at Immediate.<anonymous> (/home/nick/.vscode-oss/extensions/redhat.java-1.0.0/dist/extension.js:2:895652)
	at processImmediate (internal/timers.js:461:21) java.execute.workspaceCommand {"value":"redhat.java","_lower":"redhat.java"}
[2021-11-21 10:25:02.630] [exthost] [error] Error: The request (id: 3445, method: 'workspace/executeCommand') has been cancelled
	at /home/nick/.vscode-oss/extensions/redhat.java-1.0.0/dist/extension.js:2:894993
	at /home/nick/.vscode-oss/extensions/redhat.java-1.0.0/dist/extension.js:2:895287
	at Immediate.<anonymous> (/home/nick/.vscode-oss/extensions/redhat.java-1.0.0/dist/extension.js:2:895652)
	at processImmediate (internal/timers.js:461:21) java.execute.workspaceCommand {"value":"redhat.java","_lower":"redhat.java"}
[2021-11-21 10:25:03.114] [exthost] [error] [redhat.java] provider FAILED
[2021-11-21 10:25:03.114] [exthost] [error] Error: The request (id: 3450, method: 'textDocument/documentSymbol') has been cancelled
	at /home/nick/.vscode-oss/extensions/redhat.java-1.0.0/dist/extension.js:2:894993
	at /home/nick/.vscode-oss/extensions/redhat.java-1.0.0/dist/extension.js:2:895287
	at Immediate.<anonymous> (/home/nick/.vscode-oss/extensions/redhat.java-1.0.0/dist/extension.js:2:895652)
	at processImmediate (internal/timers.js:461:21)
[2021-11-21 10:25:03.556] [exthost] [error] [redhat.java] provider FAILED
[2021-11-21 10:25:03.556] [exthost] [error] Error: The request (id: 3458, method: 'textDocument/documentSymbol') has been cancelled
	at /home/nick/.vscode-oss/extensions/redhat.java-1.0.0/dist/extension.js:2:894993
	at /home/nick/.vscode-oss/extensions/redhat.java-1.0.0/dist/extension.js:2:895287
	at Immediate.<anonymous> (/home/nick/.vscode-oss/extensions/redhat.java-1.0.0/dist/extension.js:2:895652)
	at processImmediate (internal/timers.js:461:21)
[2021-11-21 10:25:18.674] [exthost] [error] Error: The request (id: 3529, method: 'workspace/executeCommand') has been cancelled
	at /home/nick/.vscode-oss/extensions/redhat.java-1.0.0/dist/extension.js:2:894993
	at /home/nick/.vscode-oss/extensions/redhat.java-1.0.0/dist/extension.js:2:895287
	at Immediate.<anonymous> (/home/nick/.vscode-oss/extensions/redhat.java-1.0.0/dist/extension.js:2:895652)
	at processImmediate (internal/timers.js:461:21) java.execute.workspaceCommand {"value":"redhat.java","_lower":"redhat.java"}
[2021-11-21 10:25:21.771] [exthost] [error] Error: The request (id: 3556, method: 'workspace/executeCommand') has been cancelled
	at /home/nick/.vscode-oss/extensions/redhat.java-1.0.0/dist/extension.js:2:894993
	at /home/nick/.vscode-oss/extensions/redhat.java-1.0.0/dist/extension.js:2:895287
	at Immediate.<anonymous> (/home/nick/.vscode-oss/extensions/redhat.java-1.0.0/dist/extension.js:2:895652)
	at processImmediate (internal/timers.js:461:21) java.execute.workspaceCommand {"value":"redhat.java","_lower":"redhat.java"}
[2021-11-21 10:25:39.394] [exthost] [error] Error: The request (id: 3684, method: 'workspace/executeCommand') has been cancelled
	at /home/nick/.vscode-oss/extensions/redhat.java-1.0.0/dist/extension.js:2:894993
	at /home/nick/.vscode-oss/extensions/redhat.java-1.0.0/dist/extension.js:2:895287
	at Immediate.<anonymous> (/home/nick/.vscode-oss/extensions/redhat.java-1.0.0/dist/extension.js:2:895652)
	at processImmediate (internal/timers.js:461:21) java.execute.workspaceCommand {"value":"redhat.java","_lower":"redhat.java"}
[2021-11-21 10:25:44.030] [exthost] [error] Error: The request (id: 3708, method: 'workspace/executeCommand') has been cancelled
	at /home/nick/.vscode-oss/extensions/redhat.java-1.0.0/dist/extension.js:2:894993
	at /home/nick/.vscode-oss/extensions/redhat.java-1.0.0/dist/extension.js:2:895287
	at Immediate.<anonymous> (/home/nick/.vscode-oss/extensions/redhat.java-1.0.0/dist/extension.js:2:895652)
	at processImmediate (internal/timers.js:461:21) java.execute.workspaceCommand {"value":"redhat.java","_lower":"redhat.java"}
[2021-11-21 10:27:14.716] [exthost] [error] [redhat.java] provider FAILED
[2021-11-21 10:27:14.717] [exthost] [error] Error: selectionRange must be contained in fullRange
	at Function.validate (/usr/lib/code/out/vs/workbench/services/extensions/node/extensionHostProcess.js:87:30564)
	at new n (/usr/lib/code/out/vs/workbench/services/extensions/node/extensionHostProcess.js:87:30432)
	at new n (/usr/lib/code/out/vs/workbench/services/extensions/node/extensionHostProcess.js:87:17223)
	at $ (/home/nick/.vscode-oss/extensions/redhat.java-1.0.0/dist/extension.js:2:800105)
	at Array.map (<anonymous>)
	at Object.asDocumentSymbols (/home/nick/.vscode-oss/extensions/redhat.java-1.0.0/dist/extension.js:2:805451)
	at /home/nick/.vscode-oss/extensions/redhat.java-1.0.0/dist/extension.js:2:624152
	at Generator.next (<anonymous>)
	at s (/home/nick/.vscode-oss/extensions/redhat.java-1.0.0/dist/extension.js:2:623246)
[2021-11-21 10:27:14.938] [exthost] [error] Error: The request (id: 3767, method: 'workspace/executeCommand') has been cancelled
	at /home/nick/.vscode-oss/extensions/redhat.java-1.0.0/dist/extension.js:2:894993
	at /home/nick/.vscode-oss/extensions/redhat.java-1.0.0/dist/extension.js:2:895287
	at Immediate.<anonymous> (/home/nick/.vscode-oss/extensions/redhat.java-1.0.0/dist/extension.js:2:895652)
	at processImmediate (internal/timers.js:461:21) java.execute.workspaceCommand {"value":"redhat.java","_lower":"redhat.java"}
[2021-11-21 10:27:41.142] [exthost] [error] [redhat.java] provider FAILED
[2021-11-21 10:27:41.143] [exthost] [error] Error: The request (id: 3832, method: 'textDocument/documentSymbol') has been cancelled
	at /home/nick/.vscode-oss/extensions/redhat.java-1.0.0/dist/extension.js:2:894993
	at /home/nick/.vscode-oss/extensions/redhat.java-1.0.0/dist/extension.js:2:895287
	at Immediate.<anonymous> (/home/nick/.vscode-oss/extensions/redhat.java-1.0.0/dist/extension.js:2:895652)
	at processImmediate (internal/timers.js:461:21)
[2021-11-21 10:27:41.590] [exthost] [error] [redhat.java] provider FAILED
[2021-11-21 10:27:41.590] [exthost] [error] Error: The request (id: 3837, method: 'textDocument/documentSymbol') has been cancelled
	at /home/nick/.vscode-oss/extensions/redhat.java-1.0.0/dist/extension.js:2:894993
	at /home/nick/.vscode-oss/extensions/redhat.java-1.0.0/dist/extension.js:2:895287
	at Immediate.<anonymous> (/home/nick/.vscode-oss/extensions/redhat.java-1.0.0/dist/extension.js:2:895652)
	at processImmediate (internal/timers.js:461:21)
[2021-11-21 10:27:42.076] [exthost] [error] [redhat.java] provider FAILED
[2021-11-21 10:27:42.076] [exthost] [error] Error: selectionRange must be contained in fullRange
	at Function.validate (/usr/lib/code/out/vs/workbench/services/extensions/node/extensionHostProcess.js:87:30564)
	at new n (/usr/lib/code/out/vs/workbench/services/extensions/node/extensionHostProcess.js:87:30432)
	at new n (/usr/lib/code/out/vs/workbench/services/extensions/node/extensionHostProcess.js:87:17223)
	at $ (/home/nick/.vscode-oss/extensions/redhat.java-1.0.0/dist/extension.js:2:800105)
	at Array.map (<anonymous>)
	at Object.asDocumentSymbols (/home/nick/.vscode-oss/extensions/redhat.java-1.0.0/dist/extension.js:2:805451)
	at /home/nick/.vscode-oss/extensions/redhat.java-1.0.0/dist/extension.js:2:624152
	at Generator.next (<anonymous>)
	at s (/home/nick/.vscode-oss/extensions/redhat.java-1.0.0/dist/extension.js:2:623246)
[2021-11-21 10:27:42.293] [exthost] [error] Error: The request (id: 3848, method: 'workspace/executeCommand') has been cancelled
	at /home/nick/.vscode-oss/extensions/redhat.java-1.0.0/dist/extension.js:2:894993
	at /home/nick/.vscode-oss/extensions/redhat.java-1.0.0/dist/extension.js:2:895287
	at Immediate.<anonymous> (/home/nick/.vscode-oss/extensions/redhat.java-1.0.0/dist/extension.js:2:895652)
	at processImmediate (internal/timers.js:461:21) java.execute.workspaceCommand {"value":"redhat.java","_lower":"redhat.java"}
[2021-11-21 10:27:48.036] [exthost] [error] [redhat.java] provider FAILED
[2021-11-21 10:27:48.037] [exthost] [error] Error: The request (id: 3871, method: 'textDocument/documentSymbol') has been cancelled
	at /home/nick/.vscode-oss/extensions/redhat.java-1.0.0/dist/extension.js:2:894993
	at /home/nick/.vscode-oss/extensions/redhat.java-1.0.0/dist/extension.js:2:895287
	at Immediate.<anonymous> (/home/nick/.vscode-oss/extensions/redhat.java-1.0.0/dist/extension.js:2:895652)
	at processImmediate (internal/timers.js:461:21)
[2021-11-21 10:28:05.444] [exthost] [error] [redhat.java] provider FAILED
[2021-11-21 10:28:05.444] [exthost] [error] Error: The request (id: 3905, method: 'textDocument/hover') has been cancelled
	at /home/nick/.vscode-oss/extensions/redhat.java-1.0.0/dist/extension.js:2:894993
	at /home/nick/.vscode-oss/extensions/redhat.java-1.0.0/dist/extension.js:2:895287
	at Immediate.<anonymous> (/home/nick/.vscode-oss/extensions/redhat.java-1.0.0/dist/extension.js:2:895652)
	at processImmediate (internal/timers.js:461:21)
[2021-11-21 10:28:55.103] [exthost] [error] [redhat.java] provider FAILED
[2021-11-21 10:28:55.103] [exthost] [error] Error: selectionRange must be contained in fullRange
	at Function.validate (/usr/lib/code/out/vs/workbench/services/extensions/node/extensionHostProcess.js:87:30564)
	at new n (/usr/lib/code/out/vs/workbench/services/extensions/node/extensionHostProcess.js:87:30432)
	at new n (/usr/lib/code/out/vs/workbench/services/extensions/node/extensionHostProcess.js:87:17223)
	at $ (/home/nick/.vscode-oss/extensions/redhat.java-1.0.0/dist/extension.js:2:800105)
	at Array.map (<anonymous>)
	at Object.asDocumentSymbols (/home/nick/.vscode-oss/extensions/redhat.java-1.0.0/dist/extension.js:2:805451)
	at /home/nick/.vscode-oss/extensions/redhat.java-1.0.0/dist/extension.js:2:624152
	at Generator.next (<anonymous>)
	at s (/home/nick/.vscode-oss/extensions/redhat.java-1.0.0/dist/extension.js:2:623246)
[2021-11-21 10:28:55.342] [exthost] [error] Error: The request (id: 4043, method: 'workspace/executeCommand') has been cancelled
	at /home/nick/.vscode-oss/extensions/redhat.java-1.0.0/dist/extension.js:2:894993
	at /home/nick/.vscode-oss/extensions/redhat.java-1.0.0/dist/extension.js:2:895287
	at Immediate.<anonymous> (/home/nick/.vscode-oss/extensions/redhat.java-1.0.0/dist/extension.js:2:895652)
	at processImmediate (internal/timers.js:461:21) java.execute.workspaceCommand {"value":"redhat.java","_lower":"redhat.java"}
[2021-11-21 10:28:55.964] [exthost] [error] Error: The request (id: 4051, method: 'workspace/executeCommand') has been cancelled
	at /home/nick/.vscode-oss/extensions/redhat.java-1.0.0/dist/extension.js:2:894993
	at /home/nick/.vscode-oss/extensions/redhat.java-1.0.0/dist/extension.js:2:895287
	at Immediate.<anonymous> (/home/nick/.vscode-oss/extensions/redhat.java-1.0.0/dist/extension.js:2:895652)
	at processImmediate (internal/timers.js:461:21) java.execute.workspaceCommand {"value":"redhat.java","_lower":"redhat.java"}
[2021-11-21 10:29:15.087] [exthost] [error] [redhat.java] provider FAILED
[2021-11-21 10:29:15.087] [exthost] [error] Error: selectionRange must be contained in fullRange
	at Function.validate (/usr/lib/code/out/vs/workbench/services/extensions/node/extensionHostProcess.js:87:30564)
	at new n (/usr/lib/code/out/vs/workbench/services/extensions/node/extensionHostProcess.js:87:30432)
	at new n (/usr/lib/code/out/vs/workbench/services/extensions/node/extensionHostProcess.js:87:17223)
	at $ (/home/nick/.vscode-oss/extensions/redhat.java-1.0.0/dist/extension.js:2:800105)
	at Array.map (<anonymous>)
	at Object.asDocumentSymbols (/home/nick/.vscode-oss/extensions/redhat.java-1.0.0/dist/extension.js:2:805451)
	at /home/nick/.vscode-oss/extensions/redhat.java-1.0.0/dist/extension.js:2:624152
	at Generator.next (<anonymous>)
	at s (/home/nick/.vscode-oss/extensions/redhat.java-1.0.0/dist/extension.js:2:623246)
	at runMicrotasks (<anonymous>)
	at runNextTicks (internal/process/task_queues.js:58:5)
	at processImmediate (internal/timers.js:434:9)
[2021-11-21 10:32:01.435] [exthost] [error] Error: The request (id: 4164, method: 'workspace/executeCommand') has been cancelled
	at /home/nick/.vscode-oss/extensions/redhat.java-1.0.0/dist/extension.js:2:894993
	at /home/nick/.vscode-oss/extensions/redhat.java-1.0.0/dist/extension.js:2:895287
	at Immediate.<anonymous> (/home/nick/.vscode-oss/extensions/redhat.java-1.0.0/dist/extension.js:2:895652)
	at processImmediate (internal/timers.js:461:21) java.execute.workspaceCommand {"value":"redhat.java","_lower":"redhat.java"}
[2021-11-21 10:32:01.533] [exthost] [error] [redhat.java] provider FAILED
[2021-11-21 10:32:01.533] [exthost] [error] Error: The request (id: 4165, method: 'textDocument/documentSymbol') has been cancelled
	at /home/nick/.vscode-oss/extensions/redhat.java-1.0.0/dist/extension.js:2:894993
	at /home/nick/.vscode-oss/extensions/redhat.java-1.0.0/dist/extension.js:2:895287
	at Immediate.<anonymous> (/home/nick/.vscode-oss/extensions/redhat.java-1.0.0/dist/extension.js:2:895652)
	at processImmediate (internal/timers.js:461:21)
[2021-11-21 10:32:01.834] [exthost] [error] Error: The request (id: 4169, method: 'workspace/executeCommand') has been cancelled
	at /home/nick/.vscode-oss/extensions/redhat.java-1.0.0/dist/extension.js:2:894993
	at /home/nick/.vscode-oss/extensions/redhat.java-1.0.0/dist/extension.js:2:895287
	at Immediate.<anonymous> (/home/nick/.vscode-oss/extensions/redhat.java-1.0.0/dist/extension.js:2:895652)
	at processImmediate (internal/timers.js:461:21) java.execute.workspaceCommand {"value":"redhat.java","_lower":"redhat.java"}
[2021-11-21 10:32:01.932] [exthost] [error] [redhat.java] provider FAILED
[2021-11-21 10:32:01.932] [exthost] [error] Error: The request (id: 4171, method: 'textDocument/documentSymbol') has been cancelled
	at /home/nick/.vscode-oss/extensions/redhat.java-1.0.0/dist/extension.js:2:894993
	at /home/nick/.vscode-oss/extensions/redhat.java-1.0.0/dist/extension.js:2:895287
	at Immediate.<anonymous> (/home/nick/.vscode-oss/extensions/redhat.java-1.0.0/dist/extension.js:2:895652)
	at processImmediate (internal/timers.js:461:21)
[2021-11-21 10:32:02.174] [exthost] [error] [redhat.java] provider FAILED
[2021-11-21 10:32:02.174] [exthost] [error] Error: selectionRange must be contained in fullRange
	at Function.validate (/usr/lib/code/out/vs/workbench/services/extensions/node/extensionHostProcess.js:87:30564)
	at new n (/usr/lib/code/out/vs/workbench/services/extensions/node/extensionHostProcess.js:87:30432)
	at new n (/usr/lib/code/out/vs/workbench/services/extensions/node/extensionHostProcess.js:87:17223)
	at $ (/home/nick/.vscode-oss/extensions/redhat.java-1.0.0/dist/extension.js:2:800105)
	at Array.map (<anonymous>)
	at Object.asDocumentSymbols (/home/nick/.vscode-oss/extensions/redhat.java-1.0.0/dist/extension.js:2:805451)
	at /home/nick/.vscode-oss/extensions/redhat.java-1.0.0/dist/extension.js:2:624152
	at Generator.next (<anonymous>)
	at s (/home/nick/.vscode-oss/extensions/redhat.java-1.0.0/dist/extension.js:2:623246)
[2021-11-21 10:33:18.566] [exthost] [error] Error: The request (id: 4281, method: 'workspace/executeCommand') has been cancelled
	at /home/nick/.vscode-oss/extensions/redhat.java-1.0.0/dist/extension.js:2:894993
	at /home/nick/.vscode-oss/extensions/redhat.java-1.0.0/dist/extension.js:2:895287
	at Immediate.<anonymous> (/home/nick/.vscode-oss/extensions/redhat.java-1.0.0/dist/extension.js:2:895652)
	at processImmediate (internal/timers.js:461:21) java.execute.workspaceCommand {"value":"redhat.java","_lower":"redhat.java"}
[2021-11-21 10:33:18.929] [exthost] [error] Error: The request (id: 4286, method: 'workspace/executeCommand') has been cancelled
	at /home/nick/.vscode-oss/extensions/redhat.java-1.0.0/dist/extension.js:2:894993
	at /home/nick/.vscode-oss/extensions/redhat.java-1.0.0/dist/extension.js:2:895287
	at Immediate.<anonymous> (/home/nick/.vscode-oss/extensions/redhat.java-1.0.0/dist/extension.js:2:895652)
	at processImmediate (internal/timers.js:461:21) java.execute.workspaceCommand {"value":"redhat.java","_lower":"redhat.java"}
[2021-11-21 10:33:19.028] [exthost] [error] [redhat.java] provider FAILED
[2021-11-21 10:33:19.028] [exthost] [error] Error: The request (id: 4287, method: 'textDocument/documentSymbol') has been cancelled
	at /home/nick/.vscode-oss/extensions/redhat.java-1.0.0/dist/extension.js:2:894993
	at /home/nick/.vscode-oss/extensions/redhat.java-1.0.0/dist/extension.js:2:895287
	at Immediate.<anonymous> (/home/nick/.vscode-oss/extensions/redhat.java-1.0.0/dist/extension.js:2:895652)
	at processImmediate (internal/timers.js:461:21)
[2021-11-21 10:34:55.595] [exthost] [error] [redhat.java] provider FAILED
[2021-11-21 10:34:55.595] [exthost] [error] Error: The request (id: 4335, method: 'textDocument/documentSymbol') has been cancelled
	at /home/nick/.vscode-oss/extensions/redhat.java-1.0.0/dist/extension.js:2:894993
	at /home/nick/.vscode-oss/extensions/redhat.java-1.0.0/dist/extension.js:2:895287
	at Immediate.<anonymous> (/home/nick/.vscode-oss/extensions/redhat.java-1.0.0/dist/extension.js:2:895652)
	at processImmediate (internal/timers.js:461:21)
[2021-11-21 10:34:56.543] [exthost] [error] [redhat.java] provider FAILED
[2021-11-21 10:34:56.543] [exthost] [error] Error: The request (id: 4342, method: 'textDocument/hover') has been cancelled
	at /home/nick/.vscode-oss/extensions/redhat.java-1.0.0/dist/extension.js:2:894993
	at /home/nick/.vscode-oss/extensions/redhat.java-1.0.0/dist/extension.js:2:895287
	at Immediate.<anonymous> (/home/nick/.vscode-oss/extensions/redhat.java-1.0.0/dist/extension.js:2:895652)
	at processImmediate (internal/timers.js:461:21)
[2021-11-21 10:35:21.639] [exthost] [error] [redhat.java] provider FAILED
[2021-11-21 10:35:21.639] [exthost] [error] Error: The request (id: 4378, method: 'textDocument/documentSymbol') has been cancelled
	at /home/nick/.vscode-oss/extensions/redhat.java-1.0.0/dist/extension.js:2:894993
	at /home/nick/.vscode-oss/extensions/redhat.java-1.0.0/dist/extension.js:2:895287
	at Immediate.<anonymous> (/home/nick/.vscode-oss/extensions/redhat.java-1.0.0/dist/extension.js:2:895652)
	at processImmediate (internal/timers.js:461:21)
[2021-11-21 10:35:21.904] [exthost] [error] Error: The request (id: 4382, method: 'workspace/executeCommand') has been cancelled
	at /home/nick/.vscode-oss/extensions/redhat.java-1.0.0/dist/extension.js:2:894993
	at /home/nick/.vscode-oss/extensions/redhat.java-1.0.0/dist/extension.js:2:895287
	at Immediate.<anonymous> (/home/nick/.vscode-oss/extensions/redhat.java-1.0.0/dist/extension.js:2:895652)
	at processImmediate (internal/timers.js:461:21) java.execute.workspaceCommand {"value":"redhat.java","_lower":"redhat.java"}
[2021-11-21 10:35:22.003] [exthost] [error] [redhat.java] provider FAILED
[2021-11-21 10:35:22.003] [exthost] [error] Error: The request (id: 4383, method: 'textDocument/documentSymbol') has been cancelled
	at /home/nick/.vscode-oss/extensions/redhat.java-1.0.0/dist/extension.js:2:894993
	at /home/nick/.vscode-oss/extensions/redhat.java-1.0.0/dist/extension.js:2:895287
	at Immediate.<anonymous> (/home/nick/.vscode-oss/extensions/redhat.java-1.0.0/dist/extension.js:2:895652)
	at processImmediate (internal/timers.js:461:21)
[2021-11-21 10:37:43.026] [exthost] [info] extension host terminating: renderer closed the socket
[2021-11-21 10:37:44.044] [exthost] [info] Extension host with pid 4657 exiting with code 0
