[2022-02-23 17:14:48.015] [exthost] [info] Extension host with pid 7209 started
[2022-02-23 17:14:48.072] [exthost] [info] ExtensionService#_doActivateExtension mechatroner.rainbow-csv, startup: false, activationEvent: 'onLanguage:plaintext'
[2022-02-23 17:14:48.079] [exthost] [info] ExtensionService#_doActivateExtension vscode.debug-auto-launch, startup: true, activationEvent: '*'
[2022-02-23 17:14:48.082] [exthost] [info] ExtensionService#_doActivateExtension vscode.git-base, startup: true, activationEvent: '*', root cause: vscode.github
[2022-02-23 17:14:48.086] [exthost] [info] ExtensionService#_doActivateExtension sainnhe.gruvbox-material, startup: true, activationEvent: '*'
[2022-02-23 17:14:48.125] [exthost] [info] ExtensionService#_doActivateExtension vscode.git, startup: true, activationEvent: '*'
[2022-02-23 17:14:48.202] [exthost] [info] ExtensionService#_doActivateExtension vscode.github, startup: true, activationEvent: '*'
[2022-02-23 17:14:48.236] [exthost] [info] Eager extensions activated
[2022-02-23 17:14:48.250] [exthost] [info] ExtensionService#_doActivateExtension vscode.emmet, startup: false, activationEvent: 'onStartupFinished'
[2022-02-23 17:14:48.270] [exthost] [info] ExtensionService#_doActivateExtension vscode.merge-conflict, startup: false, activationEvent: 'onStartupFinished'
[2022-02-23 17:15:25.466] [exthost] [info] extension host terminating: renderer closed the socket
[2022-02-23 17:15:25.471] [exthost] [info] Extension host with pid 7209 exiting with code 0
[2022-02-23 17:15:27.419] [exthost] [info] Extension host with pid 7324 started
[2022-02-23 17:15:27.419] [exthost] [info] Skipping acquiring lock for /home/nick/.config/Code - OSS/User/workspaceStorage/14fec0e28ab4206e7683bd8bddc7d221.
[2022-02-23 17:15:27.479] [exthost] [info] ExtensionService#_doActivateExtension vscode.debug-auto-launch, startup: true, activationEvent: '*'
[2022-02-23 17:15:27.483] [exthost] [info] ExtensionService#_doActivateExtension vscode.git-base, startup: true, activationEvent: '*', root cause: vscode.github
[2022-02-23 17:15:27.484] [exthost] [info] ExtensionService#_doActivateExtension sainnhe.gruvbox-material, startup: true, activationEvent: '*'
[2022-02-23 17:15:27.511] [exthost] [info] ExtensionService#_doActivateExtension vscode.git, startup: true, activationEvent: '*'
[2022-02-23 17:15:27.524] [exthost] [info] ExtensionService#_doActivateExtension vscode.github, startup: true, activationEvent: '*'
[2022-02-23 17:15:27.557] [exthost] [info] Eager extensions activated
[2022-02-23 17:15:27.568] [exthost] [info] ExtensionService#_doActivateExtension vscode.emmet, startup: false, activationEvent: 'onStartupFinished'
[2022-02-23 17:15:27.573] [exthost] [info] ExtensionService#_doActivateExtension vscode.merge-conflict, startup: false, activationEvent: 'onStartupFinished'
[2022-02-23 17:15:47.283] [exthost] [info] ExtensionService#_doActivateExtension sumneko.lua, startup: false, activationEvent: 'onLanguage:lua'
[2022-02-23 17:16:37.278] [exthost] [info] extension host terminating: renderer closed the socket
[2022-02-23 17:16:37.284] [exthost] [info] Extension host with pid 7324 exiting with code 0
