[01/22/22, 16:14:52:248] info: [API-Q] (TBNBEJWCV) noversion-1642889692.090 Flannel permissions/info is RESOLVED 
[01/22/22, 16:15:34:211] info: [API-Q] (TBNBEJWCV) noversion-1642889734.209 Flannel users/info called with reason: flannel-call:users/info 
[01/22/22, 16:15:34:211] info: [API-Q] (TBNBEJWCV) noversion-1642889734.209 Flannel users/info is ENQUEUED 
[01/22/22, 16:15:34:212] info: [API-Q] (TBNBEJWCV) noversion-1642889734.209 Flannel users/info is ACTIVE 
[01/22/22, 16:15:34:257] info: [API-Q] (TBNBEJWCV) noversion-1642889734.209 Flannel users/info is RESOLVED 
[01/22/22, 16:18:09:833] info: [RTM-EVENT-METRICS] Metrics collection sampling has been reset. 
[01/22/22, 16:18:13:495] info: [DND] (TBNBEJWCV) Checking for changes in DND status for the following members: U02GDMW2QNP,U01SR93F7A9,U02A2SDMUMA,U016T9SUNR2,U01A17WP6Q6,U015BTGR796,U010SRV42BT,U01PSJJBX32,U01EUCW3SSJ,U01A17WB030,U01P308TGD9,U029TKQTRHT,U01VA960D0F,U023T988TL2,U01VA96A8UX,U01SMHVMA9L,U01T6BHASNP,U020490MH0W,U01ALJDNF7T,U01SDJ0RKAB,U01A17YG9B8,U01L4NKB9QC,U02GAML0UUV,U01TGSFM8FN,U01LNCSV3K2,U02KKR1QHK5,U01JFEV783S,U02E2HDR48Y,U020A4LGVQF,U01DE4U6VCM,U01P8UKK24C,U018KEN6W0Z,U01JBSB3KSM,U02SLCSUH8U,U020804DKEZ,U029WLRTN1Y,U01A17W6TGE 
[01/22/22, 16:18:13:495] info: [DND] (TBNBEJWCV) Will check for changes in DND status again in 5 minutes 
[01/22/22, 16:18:17:745] info: [DND] (THJE8BA1Z) Checking for changes in DND status for the following members: U019QAPMCP9,U01BWB9JQ2U,U01CWS3MVUL,U02CQ03B3BR,U01L5QTQ188,UN5LMDZB3,UTE0KAJL8,UNC3JTBU5 
[01/22/22, 16:18:17:745] info: [DND] (THJE8BA1Z) Will check for changes in DND status again in 5 minutes 
[01/22/22, 16:18:43:352] info: [RTM-EVENT-METRICS] Metrics collection enabled for the current interval. 
[01/22/22, 16:18:43:360] info: [RTM] (TBNBEJWCV) Processed 1 presence_change event(s) over 6.90ms 
[01/22/22, 16:18:45:298] info: [RTM] (TBNBEJWCV) Processed 1 presence_change event(s) over 6.10ms 
[01/22/22, 16:22:13:501] info: [API-Q] (TBNBEJWCV) noversion-1642890133.490 Flannel users/info called with reason: flannel-call:users/info 
[01/22/22, 16:22:13:502] info: [API-Q] (TBNBEJWCV) noversion-1642890133.490 Flannel users/info is ENQUEUED 
[01/22/22, 16:22:13:518] info: [API-Q] (TBNBEJWCV) noversion-1642890133.490 Flannel users/info is ACTIVE 
[01/22/22, 16:22:13:688] info: [API-Q] (TBNBEJWCV) noversion-1642890133.490 Flannel users/info is RESOLVED 
[01/22/22, 16:23:13:498] info: [DND] (TBNBEJWCV) Checking for changes in DND status for the following members: U02GDMW2QNP,U01SR93F7A9,U02A2SDMUMA,U016T9SUNR2,U01A17WP6Q6,U015BTGR796,U010SRV42BT,U01PSJJBX32,U01EUCW3SSJ,U01A17WB030,U01P308TGD9,U029TKQTRHT,U01VA960D0F,U023T988TL2,U01VA96A8UX,U01SMHVMA9L,U01T6BHASNP,U020490MH0W,U01ALJDNF7T,U01SDJ0RKAB,U01A17YG9B8,U01L4NKB9QC,U02GAML0UUV,U01TGSFM8FN,U01LNCSV3K2,U02KKR1QHK5,U01JFEV783S,U02E2HDR48Y,U020A4LGVQF,U01DE4U6VCM,U01P8UKK24C,U018KEN6W0Z,U01JBSB3KSM,U02SLCSUH8U,U020804DKEZ,U029WLRTN1Y,U01A17W6TGE 
[01/22/22, 16:23:13:499] info: [DND] (TBNBEJWCV) Will check for changes in DND status again in 5 minutes 
[01/22/22, 16:23:17:747] info: [DND] (THJE8BA1Z) Checking for changes in DND status for the following members: U019QAPMCP9,U01BWB9JQ2U,U01CWS3MVUL,U02CQ03B3BR,U01L5QTQ188,UN5LMDZB3,UTE0KAJL8,UNC3JTBU5 
[01/22/22, 16:23:17:748] info: [DND] (THJE8BA1Z) Will check for changes in DND status again in 5 minutes 
[01/22/22, 16:23:38:678] info: [RTM] (TBNBEJWCV) Processed 1 presence_change event(s) over 7.90ms 
[01/22/22, 16:24:22:502] info: Store: SET_SYSTEM_IDLE idle_taskbar 
[01/22/22, 16:24:22:546] info: [DESKTOP-SIDE-EFFECT] Update from desktop for keys  ["app"] 
[01/22/22, 16:26:54:148] info: [MIN-VERSION] Checking to see if we should reload 
[01/22/22, 16:26:54:148] info: [MIN-VERSION] teamIds: TBNBEJWCV,THJE8BA1Z; versionTs: 1642706847; buildVersionTs: 1642706847; configVersionTs: 1642879678; All config versions: {"TBNBEJWCV":1642879678,"THJE8BA1Z":1642879680} 
[01/22/22, 16:26:54:157] info: [API-Q] (TBNBEJWCV) 97bf9d3e-1642890414.156 client.shouldReload called with reason: polling 
[01/22/22, 16:26:54:157] info: [API-Q] (TBNBEJWCV) 97bf9d3e-1642890414.156 client.shouldReload is ENQUEUED 
[01/22/22, 16:26:54:157] info: [API-Q] (TBNBEJWCV) 97bf9d3e-1642890414.156 client.shouldReload is ACTIVE 
[01/22/22, 16:26:54:275] info: [API-Q] (TBNBEJWCV) 97bf9d3e-1642890414.156 client.shouldReload is RESOLVED 
[01/22/22, 16:26:54:277] info: [MIN-VERSION] Build version is enabled for this polling interval. Using build version: 1642706847 
[01/22/22, 16:26:54:277] info: [MIN-VERSION] No need to reload 
[01/22/22, 16:27:48:046] info: [FOCUS-EVENT] Client window focused 
[01/22/22, 16:27:48:079] info: [FOCUS-EVENT] Client window blurred 
[01/22/22, 16:27:48:144] info: [FOCUS-EVENT] Client window focused 
[01/22/22, 16:27:48:197] info: [CHECK-UNREADS] (TBNBEJWCV) Checking unreads after window became focused 
[01/22/22, 16:27:48:197] info: [CHECK-UNREADS] (TBNBEJWCV) Not marking C02UZRJ5LNS because last_read >= latest && channel is read 
[01/22/22, 16:27:48:197] info: [CHECK-UNREADS] (TBNBEJWCV) Checking unreads after window became focused 
[01/22/22, 16:27:48:198] info: [CHECK-UNREADS] (TBNBEJWCV) Not marking C02UZRJ5LNS because last_read >= latest && channel is read 
[01/22/22, 16:27:50:553] info: [API-Q] (TBNBEJWCV) 97bf9d3e-1642890470.552 emoji.collections.list called with reason: emojiPack:dialog 
[01/22/22, 16:27:50:553] info: [API-Q] (TBNBEJWCV) 97bf9d3e-1642890470.552 emoji.collections.list is ENQUEUED 
[01/22/22, 16:27:50:596] info: [API-Q] (TBNBEJWCV) 97bf9d3e-1642890470.552 emoji.collections.list is ACTIVE 
[01/22/22, 16:27:50:597] info: [API-Q] (TBNBEJWCV) noversion-1642890470.596 Flannel emojis/list called with reason: flannel-call:emojis/list 
[01/22/22, 16:27:50:597] info: [API-Q] (TBNBEJWCV) noversion-1642890470.596 Flannel emojis/list is ENQUEUED 
[01/22/22, 16:27:50:597] info: [API-Q] (TBNBEJWCV) noversion-1642890470.596 Flannel emojis/list is ACTIVE 
[01/22/22, 16:27:50:654] info: [API-Q] (TBNBEJWCV) noversion-1642890470.654 Flannel emojis/info called with reason: flannel-call:emojis/info 
[01/22/22, 16:27:50:655] info: [API-Q] (TBNBEJWCV) noversion-1642890470.654 Flannel emojis/info is ENQUEUED 
[01/22/22, 16:27:50:655] info: [API-Q] (TBNBEJWCV) noversion-1642890470.654 Flannel emojis/info is ACTIVE 
[01/22/22, 16:27:50:847] info: [API-Q] (TBNBEJWCV) noversion-1642890470.654 Flannel emojis/info is RESOLVED 
[01/22/22, 16:27:50:848] info: [API-Q] (TBNBEJWCV) noversion-1642890470.596 Flannel emojis/list is RESOLVED 
[01/22/22, 16:27:50:892] info: [API-Q] (TBNBEJWCV) 97bf9d3e-1642890470.552 emoji.collections.list is RESOLVED 
[01/22/22, 16:27:51:019] info: [UFM-FLANNELEMOJI] (TBNBEJWCV) requesting 94 objects (1) 
[01/22/22, 16:27:51:020] info: [API-Q] (TBNBEJWCV) noversion-1642890471.020 Flannel emojis/info called with reason: flannel-call:emojis/info 
[01/22/22, 16:27:51:020] info: [API-Q] (TBNBEJWCV) noversion-1642890471.020 Flannel emojis/info is ENQUEUED 
[01/22/22, 16:27:51:021] info: [API-Q] (TBNBEJWCV) noversion-1642890471.020 Flannel emojis/info is ACTIVE 
[01/22/22, 16:27:51:069] info: [API-Q] (TBNBEJWCV) noversion-1642890471.020 Flannel emojis/info is RESOLVED 
[01/22/22, 16:27:51:082] info: [UFM-FLANNELEMOJI] (TBNBEJWCV) received 94 objects (1) 
[01/22/22, 16:27:52:406] info: [API-Q] (TBNBEJWCV) 97bf9d3e-1642890472.405 users.prefs.set called with reason: prefs-api/setUserPrefByApi 
[01/22/22, 16:27:52:406] info: [API-Q] (TBNBEJWCV) 97bf9d3e-1642890472.405 users.prefs.set is ENQUEUED 
[01/22/22, 16:27:52:409] info: [API-Q] (TBNBEJWCV) 97bf9d3e-1642890472.409 reactions.add called with reason: changeReactionFromUserAction 
[01/22/22, 16:27:52:410] info: [API-Q] (TBNBEJWCV) 97bf9d3e-1642890472.409 reactions.add is ENQUEUED 
[01/22/22, 16:27:52:426] info: [API-Q] (TBNBEJWCV) 97bf9d3e-1642890472.405 users.prefs.set is ACTIVE 
[01/22/22, 16:27:52:426] info: [API-Q] (TBNBEJWCV) 97bf9d3e-1642890472.409 reactions.add is ACTIVE 
[01/22/22, 16:27:52:492] info: [API-Q] (TBNBEJWCV) 97bf9d3e-1642890472.405 users.prefs.set is RESOLVED 
[01/22/22, 16:27:52:532] info: [API-Q] (TBNBEJWCV) 97bf9d3e-1642890472.409 reactions.add is RESOLVED 
[01/22/22, 16:27:52:684] info: Store: SET_SYSTEM_IDLE active 
[01/22/22, 16:27:52:693] info: [DESKTOP-SIDE-EFFECT] Update from desktop for keys  ["app"] 
[01/22/22, 16:28:00:285] info: [FOCUS-EVENT] Client window blurred 
[01/22/22, 16:28:00:515] info: Store: UPDATE_SETTINGS {
  "mainWindowSettings": {
    "fullScreen": false,
    "maximized": false,
    "bounds": {
      "x": 1934,
      "y": 39,
      "width": 1892,
      "height": 1027
    }
  }
} 
[01/22/22, 16:28:00:531] info: [DESKTOP-SIDE-EFFECT] Update from desktop for keys  ["settings"] 
[01/22/22, 16:28:01:292] info: [FOCUS-EVENT] Client window focused 
[01/22/22, 16:28:01:354] info: [CHECK-UNREADS] (TBNBEJWCV) Checking unreads after window became focused 
[01/22/22, 16:28:01:354] info: [CHECK-UNREADS] (TBNBEJWCV) Not marking C02UZRJ5LNS because last_read >= latest && channel is read 
[01/22/22, 16:28:05:462] info: Store: SET_CONTEXT_MENU_TEMPLATE {
  "menuTemplate": [
    {
      "label": "[REDACTED]",
      "enabled": true,
      "id": "94c6cb70-21f5-4bb6-acbe-ca034aff5b9e"
    }
  ],
  "menuId": 0,
  "contextMenuChannel": "SLACK_CONTEXT_MENU_CLICK:0",
  "options": {
    "overrideDefaultMenu": true
  }
} 
[01/22/22, 16:28:05:462] info: Store: OPEN_CONTEXT_MENU {
  "id": 1,
  "params": "[REDACTED]"
} 
[01/22/22, 16:28:06:111] info: Store: UPDATE_SETTINGS {
  "mainWindowSettings": {
    "fullScreen": false,
    "maximized": false,
    "bounds": {
      "x": 1934,
      "y": 39,
      "width": 1892,
      "height": 1027
    }
  }
} 
[01/22/22, 16:28:06:123] info: [DESKTOP-SIDE-EFFECT] Update from desktop for keys  ["settings"] 
[01/22/22, 16:28:10:853] info: [RTM-EVENT-METRICS] Sending metric report for id: TBNBEJWCV 
[01/22/22, 16:28:10:855] info: [RTM-EVENT-METRICS] TBNBEJWCV total dispatch event count: 6 
[01/22/22, 16:28:10:860] info: [RTM-EVENT-METRICS] TBNBEJWCV total incoming event count: 5 
[01/22/22, 16:28:10:862] info: [RTM-EVENT-METRICS] Metrics collection sampling has been reset for id: TBNBEJWCV 
[01/22/22, 16:28:11:840] info: [RTM-EVENT-METRICS] Completed metrics aggregation {"traceId":"9c333ae8538e7ad51409d8fb48d1231c"} 
[01/22/22, 16:28:13:501] info: [DND] (TBNBEJWCV) Checking for changes in DND status for the following members: U02GDMW2QNP,U01SR93F7A9,U02A2SDMUMA,U016T9SUNR2,U01A17WP6Q6,U015BTGR796,U010SRV42BT,U01PSJJBX32,U01EUCW3SSJ,U01A17WB030,U01P308TGD9,U029TKQTRHT,U01VA960D0F,U023T988TL2,U01VA96A8UX,U01SMHVMA9L,U01T6BHASNP,U020490MH0W,U01ALJDNF7T,U01SDJ0RKAB,U01A17YG9B8,U01L4NKB9QC,U02GAML0UUV,U01TGSFM8FN,U01LNCSV3K2,U02KKR1QHK5,U01JFEV783S,U02E2HDR48Y,U020A4LGVQF,U01DE4U6VCM,U01P8UKK24C,U018KEN6W0Z,U01JBSB3KSM,U02SLCSUH8U,U020804DKEZ,U029WLRTN1Y,U01A17W6TGE 
[01/22/22, 16:28:13:502] info: [DND] (TBNBEJWCV) Will check for changes in DND status again in 5 minutes 
[01/22/22, 16:28:13:731] info: [ACTION:WORKSPACES] Remove workspace 
[01/22/22, 16:28:13:732] info: [WORKSPACES] Signing out of the currently focused workspace (TBNBEJWCV); will return to THJE8BA1Z after re-fetching auth 
[01/22/22, 16:28:13:763] info: [SOCKET-MANAGER] (TBNBEJWCV) Halting 
[01/22/22, 16:28:13:763] info: [SOCKET-MANAGER] (TBNBEJWCV) Changing from connected to halt 
[01/22/22, 16:28:13:763] info: [SOCKET-MANAGER] (TBNBEJWCV) will stay in halt state for up to 10000 ms 
[01/22/22, 16:28:13:764] info: [SOCKET-MANAGER] (TBNBEJWCV) Changing from halt to halting 
[01/22/22, 16:28:13:764] info: [SOCKET-MANAGER] (TBNBEJWCV) will stay in halting state for up to 10000 ms 
[01/22/22, 16:28:13:764] info: [SOCKET-MANAGER] (TBNBEJWCV) Closing socket because #4110: socket activity halted 
[01/22/22, 16:28:13:764] info: [SLACK-SOCKET] socket.close() has been initiated with statusCode 4110 and description socket activity halted 
[01/22/22, 16:28:13:764] info: [SOCKET-MANAGER] (TBNBEJWCV) Changing from halting to halted 
[01/22/22, 16:28:13:764] info: [SOCKET-MANAGER] (TBNBEJWCV) will stay in halted state for up to Infinity ms 
[01/22/22, 16:28:13:764] info: [(TBNBEJWCV)] Halting the API queue 
[01/22/22, 16:28:13:765] info: Store: EXTEND_MENU global: menucategory-file,menucategory-view,menucategory-jump-to 
[01/22/22, 16:28:13:797] info: Store: EXTEND_MENU TBNBEJWCV: menucategory-file,menucategory-view,menucategory-edit,menucategory-history,menucategory-help 
[01/22/22, 16:28:13:866] info: [RTM-EVENT-METRICS] Metrics collection enabled for the current interval. 
[01/22/22, 16:28:13:886] info: [PERSIST] (TBNBEJWCV) Purging persisted model... 
[01/22/22, 16:28:13:888] info: [AUTH] authCookieChanged: event occurred 
[01/22/22, 16:28:13:888] info: [AUTH] authCookieChanged 0: event happened, re-starting listening to the event, isFetchingAuth=false 
[01/22/22, 16:28:13:889] info: [AUTH] authCookieChanged 0: starting to ensure credentials 
[01/22/22, 16:28:13:889] info: [AUTH] Credentials are fresh (psc=1642890484, csc=1642890484) 
[01/22/22, 16:28:13:889] info: [AUTH] authCookieChanged 0: ensureCredentialsAreFresh completed 
[01/22/22, 16:28:13:901] info: [PERSIST] (TBNBEJWCV) Purged model 
[01/22/22, 16:28:13:901] info: [LOCAL_STORAGE_CLEAR] (TBNBEJWCV) Purging all data in localStorage for user U02GDMW2QNP, teamId TBNBEJWCV and enterpriseId undefined... 
[01/22/22, 16:28:13:901] info: [LOCAL_STORAGE_CLEAR] (TBNBEJWCV) localStorage purging for user U02GDMW2QNP, teamId TBNBEJWCV and enterpriseId undefined is complete! 
[01/22/22, 16:28:13:914] info: [(TBNBEJWCV)] Signed out; re-fetching auth 
[01/22/22, 16:28:13:914] info: [AUTH] fetchAuthAndReturnToUrl: auth fetch times: 1642890493904 
[01/22/22, 16:28:13:914] info: [AUTH] fetchAuthAndReturnToUrl: will return to /client/THJE8BA1Z 
[01/22/22, 16:28:13:914] info: [AUTH] fetchAuthAndReturnToUrl: fetching credentials with iframe at /auth?app=client&lc=1641236590&return_to=%2Fclient%2FTHJE8BA1Z&teams=THJE8BA1Z 
[01/22/22, 16:28:13:922] info: Store: REMOVE_TEAMS [
  "TBNBEJWCV"
] 
[01/22/22, 16:28:13:989] warn: The page delivered both an 'X-Frame-Options' header and a 'Content-Security-Policy' header with a 'frame-ancestors' directive. Although the 'X-Frame-Options' header alone would have blocked embedding, it has been ignored. 
[01/22/22, 16:28:13:992] info: [AUTH] credentials are ready 
[01/22/22, 16:28:13:993] info: [AUTH] credentials are ready ({"added":[],"changed":[],"removed":["TBNBEJWCV"],"pending":[],"isNoOp":false,"usersChanged":false}) 
[01/22/22, 16:28:13:994] info: [AUTH] Fetched auth but need to reload to handle the change; navigating to /client/THJE8BA1Z 
[01/22/22, 16:28:13:996] warn: Couldn't complete metrics measurement for start mark 'session_lifespan' 
[01/22/22, 16:28:13:997] warn: Couldn't complete metrics measurement for start mark 'session_lifespan' 
[01/22/22, 16:28:13:997] warn: Couldn't complete metrics measurement for start mark 'session_lifespan' 
[01/22/22, 16:28:13:997] warn: Couldn't complete metrics measurement for start mark 'session_lifespan' 
[01/22/22, 16:28:13:997] warn: Couldn't complete metrics measurement for start mark 'session_lifespan' 
[01/22/22, 16:28:13:999] info: [RELOAD] Page is about to unload. This might not be a reload, it could be a window close or navigation 
[01/22/22, 16:28:13:999] info: [WINDOW-UNLOADING] Client window is unloading 
[01/22/22, 16:28:14:002] info: [WINDOW-UNLOADING] (TBNBEJWCV) workspace handling window unloading event 
[01/22/22, 16:28:14:002] info: [WINDOW-UNLOADING] (THJE8BA1Z) workspace handling window unloading event 
[01/22/22, 16:28:14:002] info: [PERSIST] (TBNBEJWCV) Not persisting state to storage even though the window is about to unload - teamId not found in sidebar 
[01/22/22, 16:28:14:003] info: [MESSAGE-LIST] (TBNBEJWCV) getScrollmark reason:with_serialization channelId:C02UZRJ5LNS at end 
[01/22/22, 16:28:14:006] info: [PERSIST] (THJE8BA1Z) Persisting state to storage because the window is about to unload 
[01/22/22, 16:28:14:028] info: Store: UPSERT_WEB_CONTENTS {
  "id": 1,
  "history": "[REDACTED]"
} 
[01/22/22, 16:28:14:031] error: [BEACON-COUNT-INSTANTLY] {} 
[01/22/22, 16:28:14:032] error: [BEACON-COUNT-INSTANTLY] {} 
[01/22/22, 16:28:14:097] info: Starting Sentry 
[01/22/22, 16:28:14:101] info: Creating desktop interface object 
[01/22/22, 16:28:14:102] info: Exposing context bridge 
[01/22/22, 16:28:14:130] info: Store: UPSERT_WEB_CONTENTS {
  "id": 1,
  "state": "loaded"
} 
[01/22/22, 16:28:14:256] info: [METRICS] Starting timers for metrics collection 
[01/22/22, 16:28:14:300] info: [PERF] setupGantry_w begin 286ms 
[01/22/22, 16:28:14:301] info: [APP] client 
[01/22/22, 16:28:14:301] info: [DATE/TIME] 1642890494301 "2022-01-22T22:28:14.301Z" 
[01/22/22, 16:28:14:301] info: [VERSION] version_hash: 09a67cce7660aff8afd43d01cbbd9401e89422b3 
[01/22/22, 16:28:14:301] info: [VERSION] version_ts: 1642822047 
[01/22/22, 16:28:14:302] info: [VERSION] min_version_data_ts: 1628640332 
[01/22/22, 16:28:14:302] info: [AUTH] authCookieChanged: started listening to the event 
[01/22/22, 16:28:14:304] info: [AUTH] Need to re-fetch auth (sc=true, psc=1641236590, csc=1642890484, mfc=false, lf=1641236600, mf=1635006011) 
[01/22/22, 16:28:14:304] info: [AUTH] fetchAuthAndReturnToUrl: auth fetch times: 1642890494304 
[01/22/22, 16:28:14:305] info: [AUTH] fetchAuthAndReturnToUrl: will return to /client/THJE8BA1Z 
[01/22/22, 16:28:14:305] info: [AUTH] fetchAuthAndReturnToUrl: fetching credentials with iframe at /auth?app=client&lc=1641236590&return_to=%2Fclient%2FTHJE8BA1Z&teams=THJE8BA1Z 
[01/22/22, 16:28:14:318] info: [WD] All assets have reported back; s: 6; f: 0 
[01/22/22, 16:28:14:366] warn: The page delivered both an 'X-Frame-Options' header and a 'Content-Security-Policy' header with a 'frame-ancestors' directive. Although the 'X-Frame-Options' header alone would have blocked embedding, it has been ignored. 
[01/22/22, 16:28:14:367] info: [AUTH] credentials are ready 
[01/22/22, 16:28:14:368] info: [AUTH] credentials are ready ({"added":[],"changed":[],"removed":["TBNBEJWCV"],"pending":[],"isNoOp":false,"usersChanged":false}) 
[01/22/22, 16:28:14:369] info: [LOCAL-CONFIG] ingestIncomingConfig(): processing 566 bytes of data 
[01/22/22, 16:28:14:371] info: [LOCAL-CONFIG] ingestIncomingConfig(): teams before: THJE8BA1Z:U019QAPMCP9,TBNBEJWCV:U02GDMW2QNP, teams now: THJE8BA1Z:U019QAPMCP9 
[01/22/22, 16:28:14:377] info: [BOOT] Initial team ID: THJE8BA1Z 
[01/22/22, 16:28:14:378] info: [PERF] setupGantry_w took 77.3ms 
[01/22/22, 16:28:14:379] info: [PERF] bootClient_w begin 365ms 
[01/22/22, 16:28:14:393] info: [BOOT] (THJE8BA1Z) Initializing boot 
[01/22/22, 16:28:14:395] info: [BOOT] (THJE8BA1Z) Minimum supported data version is 1628640332; currently on 1642603649 
[01/22/22, 16:28:14:396] info: [PERSIST] (THJE8BA1Z) Getting state from IndexedDB 
[01/22/22, 16:28:14:399] info: [TRACER] Tracing is not sampled by default for this team. 
[01/22/22, 16:28:14:415] info: [PERSIST] (THJE8BA1Z) Successfully got state from IndexedDB 
[01/22/22, 16:28:14:608] info: [BOOT] (THJE8BA1Z) Booting with persisted store 
[01/22/22, 16:28:14:608] info: [BOOT] (THJE8BA1Z) Minimum supported data version is 1628640332; currently on 1642603649 
[01/22/22, 16:28:14:608] info: [PERSIST] (THJE8BA1Z) Getting state from IndexedDB 
[01/22/22, 16:28:14:629] info: [PERSIST] (THJE8BA1Z) Successfully got state from IndexedDB 
[01/22/22, 16:28:14:656] info: Network status check {
  "elapsed_time_ms": 45,
  "navigator_online": true,
  "api_test": "online"
} 
[01/22/22, 16:28:14:657] info: Store: SET_NETWORK_STATUS online 
[01/22/22, 16:28:16:329] info: [TRACER] Tracing is not sampled by default for this session. 
[01/22/22, 16:28:16:367] info: [EMOJI_TRANSLATION] Emoji translations not needed for default locale, only adding keywords 
[01/22/22, 16:28:16:368] info: [PERSIST] (THJE8BA1Z) Checking for persistence method changes 
[01/22/22, 16:28:16:368] info: [PERSIST] (THJE8BA1Z) Preparing state for hydration 
[01/22/22, 16:28:16:396] info: [PERSIST] (THJE8BA1Z) appViews store's shape has changed, throwing away persisted data for it. New hash d5cc42a5a7eb400e7ab4fcf605ed6faf doesn't equal old hash 5298e4118b3f801a4a59bee78904d812 
[01/22/22, 16:28:16:411] info: [PERSIST] (THJE8BA1Z) State prepared for hydration 
[01/22/22, 16:28:16:412] info: [PERSIST] (THJE8BA1Z) Checking for required data 
[01/22/22, 16:28:16:413] info: [MIN-VERSION] Using build version 1642822047 for this min version bump check 
[01/22/22, 16:28:16:428] info: [EMOJI_TRANSLATION] Emoji translations not needed for default locale, only adding keywords 
[01/22/22, 16:28:16:429] info: [BOOT] (THJE8BA1Z) Booting warm 
[01/22/22, 16:28:16:434] info: [DESKTOP-MIDDLEWARE] (THJE8BA1Z) Forwarding redux payload to desktop ["theme","notificationPrefs","connectivityPrefs","featureFlags","unreads","locale","version","userId"] 
[01/22/22, 16:28:16:441] info: [ROUTES] [ROUTE_ENTITY] Attempting to navigate to new route {"teamId":"THJE8BA1Z","entityId":"CHZFB5M47","memberId":"U019QAPMCP9"} 
[01/22/22, 16:28:16:449] info: [ROUTES] [ROUTE_ENTITY] Navigated to new route 
[01/22/22, 16:28:16:456] info: [DESKTOP-SIDE-EFFECT] (THJE8BA1Z) Team THJE8BA1Z booted, creating delegate 
[01/22/22, 16:28:16:456] info: Exposing workspace desktop delegate for  {
  "workspaceId": "THJE8BA1Z"
} 
[01/22/22, 16:28:16:457] info: Setting global desktop delegate 
[01/22/22, 16:28:16:458] info: [DESKTOP-SIDE-EFFECT] (THJE8BA1Z) Attempted boot for all workspaces, signaling desktop 
[01/22/22, 16:28:16:463] info: [BOOT] (THJE8BA1Z) Connecting to socket 
[01/22/22, 16:28:16:464] info: [SOCKET-MANAGER] (THJE8BA1Z) Changing from never_connected to prov_connect 
[01/22/22, 16:28:16:464] info: [SOCKET-MANAGER] (THJE8BA1Z) will stay in prov_connect state for up to 10000 ms 
[01/22/22, 16:28:16:464] info: [SOCKET-MANAGER] (THJE8BA1Z) Connecting with token ending: 9051 
[01/22/22, 16:28:16:464] info: [SOCKET-MANAGER] (THJE8BA1Z) Changing from prov_connect to prov_connecting 
[01/22/22, 16:28:16:464] info: [SOCKET-MANAGER] (THJE8BA1Z) will stay in prov_connecting state for up to 35000 ms 
[01/22/22, 16:28:16:466] info: [ENDPOINT-MANAGER] (THJE8BA1Z) No stale versions to clear. 
[01/22/22, 16:28:16:466] info: [SOCKET-MANAGER-MIDDLE] (THJE8BA1Z) Initialized Socket Manager instance 
[01/22/22, 16:28:16:467] info: [BOOT] (THJE8BA1Z) Fetching fresh boot data after booting with persisted store 
[01/22/22, 16:28:16:470] info: [BOOT-QUEUE] THJE8BA1Z noversion-1642890496.468 client.boot called with reason: deferred-data 
[01/22/22, 16:28:16:470] info: [BOOT-QUEUE] THJE8BA1Z noversion-1642890496.468 client.boot is ENQUEUED 
[01/22/22, 16:28:16:472] info: [BOOT-QUEUE] THJE8BA1Z noversion-1642890496.471 api.features called 
[01/22/22, 16:28:16:472] info: [BOOT-QUEUE] THJE8BA1Z noversion-1642890496.471 api.features is ENQUEUED 
[01/22/22, 16:28:16:472] info: [BOOT-QUEUE] THJE8BA1Z noversion-1642890496.472 experiments.getByUser called 
[01/22/22, 16:28:16:472] info: [BOOT-QUEUE] THJE8BA1Z noversion-1642890496.472 experiments.getByUser is ENQUEUED 
[01/22/22, 16:28:16:473] info: [BOOT] Booting into channel: CHZFB5M47 
[01/22/22, 16:28:16:474] info: [BOOT-QUEUE] THJE8BA1Z noversion-1642890496.468 client.boot is ACTIVE 
[01/22/22, 16:28:16:478] info: [BOOT] (THJE8BA1Z) (THJE8BA1Z) Mounting client 
[01/22/22, 16:28:16:614] info: [PERF] (THJE8BA1Z) First meaningful paint: 2407ms 
[01/22/22, 16:28:16:616] info: [DRAFTS] (THJE8BA1Z) There are no channels with drafts 
[01/22/22, 16:28:16:616] info: [BOOT] (THJE8BA1Z) Beaconed client boot mount success 
[01/22/22, 16:28:16:617] info: [API-Q] (THJE8BA1Z) 97bf9d3e-1642890496.616 sharedInvites.canGetLink called with reason: sidebar-mount 
[01/22/22, 16:28:16:617] info: [API-Q] (THJE8BA1Z) 97bf9d3e-1642890496.616 sharedInvites.canGetLink is ENQUEUED 
[01/22/22, 16:28:16:625] info: [PERF] (THJE8BA1Z) Logged time to visible (TTV): 2611.199999999255 
[01/22/22, 16:28:16:627] info: [API-Q] (THJE8BA1Z) 97bf9d3e-1642890496.627 channels.prefs.get called with reason: fetch-channel-pref 
[01/22/22, 16:28:16:627] info: [API-Q] (THJE8BA1Z) 97bf9d3e-1642890496.627 channels.prefs.get is ENQUEUED 
[01/22/22, 16:28:16:628] info: [API-Q] (THJE8BA1Z) 97bf9d3e-1642890496.627 channels.prefs.get called with reason: fetch-channel-pref 
[01/22/22, 16:28:16:628] info: [API-Q] (THJE8BA1Z) 97bf9d3e-1642890496.627 channels.prefs.get is ENQUEUED 
[01/22/22, 16:28:16:631] info: [WORKSPACE] (THJE8BA1Z) Workspace mounted, transitioning focus to primary view message-pane_message_input 
[01/22/22, 16:28:16:654] info: [API-Q] (THJE8BA1Z) 97bf9d3e-1642890496.654 search.autocomplete.model called with reason: AutocompleteModelCache 
[01/22/22, 16:28:16:655] info: [API-Q] (THJE8BA1Z) 97bf9d3e-1642890496.654 search.autocomplete.model is ENQUEUED 
[01/22/22, 16:28:16:656] info: [API-Q] (THJE8BA1Z) 97bf9d3e-1642890496.655 search.autocomplete.offlineFeatures called with reason: search-offline-features 
[01/22/22, 16:28:16:656] info: [API-Q] (THJE8BA1Z) 97bf9d3e-1642890496.655 search.autocomplete.offlineFeatures is ENQUEUED 
[01/22/22, 16:28:17:142] info: [API-Q] (THJE8BA1Z) 97bf9d3e-1642890496.616 sharedInvites.canGetLink is ACTIVE 
[01/22/22, 16:28:17:143] info: [API-Q] (THJE8BA1Z) 97bf9d3e-1642890496.627 channels.prefs.get is ACTIVE 
[01/22/22, 16:28:17:144] info: [API-Q] (THJE8BA1Z) 97bf9d3e-1642890496.627 channels.prefs.get is ACTIVE 
[01/22/22, 16:28:17:145] info: [API-Q] (THJE8BA1Z) 97bf9d3e-1642890496.654 search.autocomplete.model is ACTIVE 
[01/22/22, 16:28:17:146] info: [API-Q] (THJE8BA1Z) 97bf9d3e-1642890496.655 search.autocomplete.offlineFeatures is ACTIVE 
[01/22/22, 16:28:17:146] info: [PERF] bootClient_w took 2765.9ms 
[01/22/22, 16:28:17:147] info: [BOOT] Booting other teams:  
[01/22/22, 16:28:17:147] info: [MIN-VERSION] Starting client min-version poll. 
[01/22/22, 16:28:17:150] info: [PERSIST] Purging persisted models, except for the following teamIds ["THJE8BA1Z"] 
[01/22/22, 16:28:17:336] info: [WD] All assets have reported back; s: 9; f: 0 
[01/22/22, 16:28:17:365] info: [CHECK-UNREADS] (THJE8BA1Z) unreadLineVisible updated: true -> false 
[01/22/22, 16:28:17:380] info: [CHECK-UNREADS] (THJE8BA1Z) Checking unreads after workspace became focused 
[01/22/22, 16:28:17:380] info: [CHECK-UNREADS] (THJE8BA1Z) Not marking CHZFB5M47 because attention not on chat (window_not_focused) 
[01/22/22, 16:28:17:394] info: [BOOT-QUEUE] THJE8BA1Z noversion-1642890496.468 client.boot is RESOLVED 
[01/22/22, 16:28:17:396] info: [BOOT-QUEUE] THJE8BA1Z noversion-1642890496.471 api.features is ACTIVE 
[01/22/22, 16:28:17:423] info: [SERVICE-WORKER] registration success {} 
[01/22/22, 16:28:17:425] info: [SERVICE-WORKER-STATE] initial activated 
[01/22/22, 16:28:17:432] info: [API-Q] (THJE8BA1Z) 97bf9d3e-1642890496.616 sharedInvites.canGetLink is RESOLVED 
[01/22/22, 16:28:17:433] info: [API-Q] (THJE8BA1Z) 97bf9d3e-1642890496.627 channels.prefs.get is RESOLVED 
[01/22/22, 16:28:17:434] info: [API-Q] (THJE8BA1Z) 97bf9d3e-1642890496.627 channels.prefs.get is RESOLVED 
[01/22/22, 16:28:17:435] info: [API-Q] (THJE8BA1Z) 97bf9d3e-1642890496.654 search.autocomplete.model is RESOLVED 
[01/22/22, 16:28:17:437] info: [API-Q] (THJE8BA1Z) 97bf9d3e-1642890496.655 search.autocomplete.offlineFeatures is RESOLVED 
[01/22/22, 16:28:17:482] info: [API-Q] (THJE8BA1Z) 97bf9d3e-1642890497.481 calendar.getInstalledCalendars called with reason: calendar-get-installed-calendars 
[01/22/22, 16:28:17:482] info: [API-Q] (THJE8BA1Z) 97bf9d3e-1642890497.481 calendar.getInstalledCalendars is ENQUEUED 
[01/22/22, 16:28:17:513] info: [API-Q] (THJE8BA1Z) 97bf9d3e-1642890497.512 drafts.list called with reason: boot-team 
[01/22/22, 16:28:17:513] info: [API-Q] (THJE8BA1Z) 97bf9d3e-1642890497.512 drafts.list is ENQUEUED 
[01/22/22, 16:28:17:513] info: [DRAFTS] (THJE8BA1Z) No local drafts - skipping fetch to purge inactive drafts 
[01/22/22, 16:28:17:530] info: [EMOJI_TRANSLATION] Emoji translations not needed for default locale, only adding keywords 
[01/22/22, 16:28:17:532] info: [API-Q] (THJE8BA1Z) 97bf9d3e-1642890497.531 search.autocomplete.topEmojis called with reason: loadEmoji-maybeReloadEmoji-sonicBootTeam 
[01/22/22, 16:28:17:532] info: [API-Q] (THJE8BA1Z) 97bf9d3e-1642890497.531 search.autocomplete.topEmojis is ENQUEUED 
[01/22/22, 16:28:17:533] info: [API-Q] (THJE8BA1Z) 97bf9d3e-1642890497.532 megaphone.notifications.list called with reason: fetch-megaphone-notification-data 
[01/22/22, 16:28:17:534] info: [API-Q] (THJE8BA1Z) 97bf9d3e-1642890497.532 megaphone.notifications.list is ENQUEUED 
[01/22/22, 16:28:17:534] info: [API-Q] (THJE8BA1Z) 97bf9d3e-1642890497.534 megaphone.notifications.list called with reason: fetch-megaphone-notification-data 
[01/22/22, 16:28:17:534] info: [API-Q] (THJE8BA1Z) 97bf9d3e-1642890497.534 megaphone.notifications.list is ENQUEUED 
[01/22/22, 16:28:17:535] info: [API-Q] (THJE8BA1Z) 97bf9d3e-1642890497.481 calendar.getInstalledCalendars is ACTIVE 
[01/22/22, 16:28:17:535] info: [API-Q] (THJE8BA1Z) 97bf9d3e-1642890497.512 drafts.list is ACTIVE 
[01/22/22, 16:28:17:536] info: [API-Q] (THJE8BA1Z) 97bf9d3e-1642890497.531 search.autocomplete.topEmojis is ACTIVE 
[01/22/22, 16:28:17:537] info: [API-Q] (THJE8BA1Z) 97bf9d3e-1642890497.532 megaphone.notifications.list is ACTIVE 
[01/22/22, 16:28:17:538] info: [API-Q] (THJE8BA1Z) 97bf9d3e-1642890497.534 megaphone.notifications.list is ACTIVE 
[01/22/22, 16:28:17:538] info: [UFM] (THJE8BA1Z) requesting CHZFB5M47 (1) 
[01/22/22, 16:28:17:539] info: [API-Q] (THJE8BA1Z) 97bf9d3e-1642890497.538 bookmarks.list called with reason: bookmarks-store/conditional-fetching 
[01/22/22, 16:28:17:539] info: [API-Q] (THJE8BA1Z) 97bf9d3e-1642890497.538 bookmarks.list is ENQUEUED 
[01/22/22, 16:28:17:539] info: [API-Q] (THJE8BA1Z) 97bf9d3e-1642890497.538 bookmarks.list is ACTIVE 
[01/22/22, 16:28:17:540] info: Store: UPDATE_SETTINGS {
  "mainWindowSettings": {
    "fullScreen": false,
    "maximized": false,
    "bounds": {
      "x": 1934,
      "y": 39,
      "width": 976,
      "height": 1027
    }
  }
} 
[01/22/22, 16:28:17:545] info: [DESKTOP-SIDE-EFFECT] Update from desktop for keys  ["settings"] 
[01/22/22, 16:28:17:547] info: [API-Q] (THJE8BA1Z) noversion-1642890497.547 Flannel channels/info called with reason: flannel-call:channels/info 
[01/22/22, 16:28:17:548] info: [API-Q] (THJE8BA1Z) noversion-1642890497.547 Flannel channels/info is ENQUEUED 
[01/22/22, 16:28:17:548] info: [API-Q] (THJE8BA1Z) noversion-1642890497.547 Flannel channels/info is ACTIVE 
[01/22/22, 16:28:17:550] info: [FLANNEL] (THJE8BA1Z) received a user_subscribe_request call while we are not connected; deferring 
[01/22/22, 16:28:17:551] info: [API-Q] (THJE8BA1Z) noversion-1642890497.550 Flannel users/info called with reason: flannel-call:users/info 
[01/22/22, 16:28:17:551] info: [API-Q] (THJE8BA1Z) noversion-1642890497.550 Flannel users/info is ENQUEUED 
[01/22/22, 16:28:17:552] info: [API-Q] (THJE8BA1Z) noversion-1642890497.550 Flannel users/info is ACTIVE 
[01/22/22, 16:28:17:553] info: [API-Q] (THJE8BA1Z) 97bf9d3e-1642890497.552 team.info called with reason: conditional-fetching 
[01/22/22, 16:28:17:553] info: [API-Q] (THJE8BA1Z) 97bf9d3e-1642890497.552 team.info is ENQUEUED 
[01/22/22, 16:28:17:554] info: [API-Q] (THJE8BA1Z) 97bf9d3e-1642890497.552 team.info is ACTIVE 
[01/22/22, 16:28:17:554] info: Store: UPDATE_SETTINGS {
  "userTheme": "dark"
} 
[01/22/22, 16:28:17:556] info: [DESKTOP-SIDE-EFFECT] Update from desktop for keys  ["settings"] 
[01/22/22, 16:28:17:556] info: [API-Q] (THJE8BA1Z) 97bf9d3e-1642890497.556 sharedInvites.canGetLink called with reason: slack-connect-dm-eligibility-cfm 
[01/22/22, 16:28:17:557] info: [API-Q] (THJE8BA1Z) 97bf9d3e-1642890497.556 sharedInvites.canGetLink is ENQUEUED 
[01/22/22, 16:28:17:557] info: [API-Q] (THJE8BA1Z) 97bf9d3e-1642890497.556 sharedInvites.canGetLink is ACTIVE 
[01/22/22, 16:28:17:558] info: [API-Q] (THJE8BA1Z) 97bf9d3e-1642890497.557 users.channelSections.list called with reason: conditional-fetch-manager 
[01/22/22, 16:28:17:558] info: [API-Q] (THJE8BA1Z) 97bf9d3e-1642890497.557 users.channelSections.list is ENQUEUED 
[01/22/22, 16:28:17:559] info: [API-Q] (THJE8BA1Z) 97bf9d3e-1642890497.558 conversations.teamConnections called with reason: fetchAndUpsertSharedChannelTeamConnections 
[01/22/22, 16:28:17:559] info: [API-Q] (THJE8BA1Z) 97bf9d3e-1642890497.558 conversations.teamConnections is ENQUEUED 
[01/22/22, 16:28:17:559] info: Store: UPDATE_SETTINGS {
  "systemThemeSyncEnabled": false
} 
[01/22/22, 16:28:17:561] info: [DESKTOP-SIDE-EFFECT] Update from desktop for keys  ["settings"] 
[01/22/22, 16:28:17:565] info: [API-Q] (THJE8BA1Z) noversion-1642890497.561 Flannel permissions/info called with reason: flannel-call:permissions/info 
[01/22/22, 16:28:17:565] info: [API-Q] (THJE8BA1Z) noversion-1642890497.561 Flannel permissions/info is ENQUEUED 
[01/22/22, 16:28:17:566] info: [HISTORY-CFM] (THJE8BA1Z) Re-fetching CHZFB5M47 1642105090.001300 - 1642886562.052700 
[01/22/22, 16:28:17:567] info: [API-Q] (THJE8BA1Z) 97bf9d3e-1642890497.566 conversations.history called with reason: channel-history-store.CFM.fetch 
[01/22/22, 16:28:17:567] info: [API-Q] (THJE8BA1Z) 97bf9d3e-1642890497.566 conversations.history is ENQUEUED 
[01/22/22, 16:28:17:568] info: [API-Q] (THJE8BA1Z) noversion-1642890497.567 Flannel emojis/info called with reason: flannel-call:emojis/info 
[01/22/22, 16:28:17:568] info: [API-Q] (THJE8BA1Z) noversion-1642890497.567 Flannel emojis/info is ENQUEUED 
[01/22/22, 16:28:17:568] info: Store: SYNC (Empty) 
[01/22/22, 16:28:17:569] info: [API-Q] (THJE8BA1Z) noversion-1642890497.568 Flannel permissions/info called with reason: flannel-call:permissions/info 
[01/22/22, 16:28:17:569] info: [API-Q] (THJE8BA1Z) noversion-1642890497.568 Flannel permissions/info is ENQUEUED 
[01/22/22, 16:28:17:569] info: [API-Q] (THJE8BA1Z) noversion-1642890497.569 Flannel permissions/info called with reason: flannel-call:permissions/info 
[01/22/22, 16:28:17:570] info: [API-Q] (THJE8BA1Z) noversion-1642890497.569 Flannel permissions/info is ENQUEUED 
[01/22/22, 16:28:17:570] info: [API-Q] (THJE8BA1Z) noversion-1642890497.569 Flannel permissions/info called with reason: flannel-call:permissions/info 
[01/22/22, 16:28:17:570] info: [API-Q] (THJE8BA1Z) noversion-1642890497.569 Flannel permissions/info is ENQUEUED 
[01/22/22, 16:28:17:570] info: Store: SELECTION_CHANGED THJE8BA1Z 
[01/22/22, 16:28:17:571] info: [API-Q] (THJE8BA1Z) 97bf9d3e-1642890497.570 help.issues.ticketStats called with reason: fetchAndUpsertTicketStats 
[01/22/22, 16:28:17:571] info: [API-Q] (THJE8BA1Z) 97bf9d3e-1642890497.570 help.issues.ticketStats is ENQUEUED 
[01/22/22, 16:28:17:571] info: Store: REDUX_UPDATE_FROM_WEBAPP (THJE8BA1Z) Changed keys [theme,notificationPrefs,connectivityPrefs,featureFlags,unreads,locale,version,userId] 
[01/22/22, 16:28:17:572] info: [API-Q] (THJE8BA1Z) 97bf9d3e-1642890497.572 help.productHelpCard.list called with reason: return_product_help_cards 
[01/22/22, 16:28:17:573] info: [API-Q] (THJE8BA1Z) 97bf9d3e-1642890497.572 help.productHelpCard.list is ENQUEUED 
[01/22/22, 16:28:17:573] info: [API-Q] (THJE8BA1Z) noversion-1642890497.573 Flannel users/counts called with reason: flannel-call:users/counts 
[01/22/22, 16:28:17:573] info: [API-Q] (THJE8BA1Z) noversion-1642890497.573 Flannel users/counts is ENQUEUED 
[01/22/22, 16:28:17:573] info: Store: SYNC Synced 1 workspaces with IDs [THJE8BA1Z] 
[01/22/22, 16:28:17:574] info: Store: SELECTION_CHANGED THJE8BA1Z 
[01/22/22, 16:28:17:574] info: Store: UPSERT_WEB_CONTENTS {
  "id": 1,
  "state": "webapp-loaded"
} 
[01/22/22, 16:28:17:574] info: Store: UPDATE_SETTINGS {
  "forceHiddenInsetTitleBar": false
} 
[01/22/22, 16:28:17:576] info: [DESKTOP-SIDE-EFFECT] Update from desktop for keys  ["settings"] 
[01/22/22, 16:28:17:576] info: Store: UPDATE_SETTINGS {
  "trafficLightPosition": {
    "x": 14,
    "y": 22
  }
} 
[01/22/22, 16:28:17:577] info: [DESKTOP-SIDE-EFFECT] Update from desktop for keys  ["settings"] 
[01/22/22, 16:28:17:577] info: Store: UPDATE_SETTINGS {
  "isIAEnabled": true
} 
[01/22/22, 16:28:17:578] info: [DESKTOP-SIDE-EFFECT] Update from desktop for keys  ["settings"] 
[01/22/22, 16:28:17:579] info: Store: EXTEND_MENU global: menucategory-file,menucategory-view,menucategory-jump-to 
[01/22/22, 16:28:17:579] info: Store: EXTEND_MENU THJE8BA1Z: menucategory-file,menucategory-view,menucategory-edit,menucategory-history,menucategory-help 
[01/22/22, 16:28:17:580] info: Store: EXTEND_MENU THJE8BA1Z: menucategory-file,menucategory-view,menucategory-edit,menucategory-history,menucategory-help 
[01/22/22, 16:28:17:634] info: [BOOT-QUEUE] THJE8BA1Z noversion-1642890496.471 api.features is RESOLVED 
[01/22/22, 16:28:17:636] info: [BOOT-QUEUE] THJE8BA1Z noversion-1642890496.472 experiments.getByUser is ACTIVE 
[01/22/22, 16:28:17:637] info: [DND] (THJE8BA1Z) Preparing to fetch DND times for the following members: U019QAPMCP9,U01BWB9JQ2U,U01CWS3MVUL,U02CQ03B3BR,U01L5QTQ188,UN5LMDZB3,UTE0KAJL8,UNC3JTBU5 
[01/22/22, 16:28:17:638] info: [API-Q] (THJE8BA1Z) 97bf9d3e-1642890497.637 dnd.info called with reason: getDndTimesForSubscribedMembers 
[01/22/22, 16:28:17:638] info: [API-Q] (THJE8BA1Z) 97bf9d3e-1642890497.637 dnd.info is ENQUEUED 
[01/22/22, 16:28:17:639] info: [API-Q] (THJE8BA1Z) 97bf9d3e-1642890497.638 dnd.teamInfo called with reason: getDndTimesForSubscribedMembers:self 
[01/22/22, 16:28:17:639] info: [API-Q] (THJE8BA1Z) 97bf9d3e-1642890497.638 dnd.teamInfo is ENQUEUED 
[01/22/22, 16:28:17:640] info: [API-Q] (THJE8BA1Z) noversion-1642890497.639 Flannel permissions/info called with reason: flannel-call:permissions/info 
[01/22/22, 16:28:17:640] info: [API-Q] (THJE8BA1Z) noversion-1642890497.639 Flannel permissions/info is ENQUEUED 
[01/22/22, 16:28:17:640] info: [UFM] (THJE8BA1Z) requesting _all_actions (1) 
[01/22/22, 16:28:17:641] info: [API-Q] (THJE8BA1Z) 97bf9d3e-1642890497.640 apps.actions.v2.list called with reason: list-message-actions 
[01/22/22, 16:28:17:641] info: [API-Q] (THJE8BA1Z) 97bf9d3e-1642890497.640 apps.actions.v2.list is ENQUEUED 
[01/22/22, 16:28:17:643] info: [SOCKET-MANAGER] (THJE8BA1Z) Changing from prov_connecting to prov_connected 
[01/22/22, 16:28:17:643] info: [SOCKET-MANAGER] (THJE8BA1Z) will stay in prov_connected state for up to 60000 ms 
[01/22/22, 16:28:17:646] info: [SOCKET-MANAGER] (THJE8BA1Z) Changing from prov_connected to prov_finalize 
[01/22/22, 16:28:17:646] info: [SOCKET-MANAGER] (THJE8BA1Z) will stay in prov_finalize state for up to 10000 ms 
[01/22/22, 16:28:17:647] info: [SOCKET-MANAGER] (THJE8BA1Z) Changing from prov_finalize to prov_finalizing 
[01/22/22, 16:28:17:647] info: [SOCKET-MANAGER] (THJE8BA1Z) will stay in prov_finalizing state for up to 10000 ms 
[01/22/22, 16:28:17:647] info: [SOCKET-MANAGER] (THJE8BA1Z) Changing from prov_finalizing to connected 
[01/22/22, 16:28:17:648] info: [SOCKET-MANAGER] (THJE8BA1Z) will stay in connected state for up to Infinity ms 
[01/22/22, 16:28:17:648] info: [SOCKET-MANAGER] (THJE8BA1Z) Connected to primary region 
[01/22/22, 16:28:17:650] info: [FLANNEL] (THJE8BA1Z) connected and trouble free! Continuing deferred user_subscribe_request call 
[01/22/22, 16:28:17:653] info: [API-Q] (THJE8BA1Z) 97bf9d3e-1642890497.652 users.customStatus.list called with reason: fetchCustomStatusOnReconnect 
[01/22/22, 16:28:17:653] info: [API-Q] (THJE8BA1Z) 97bf9d3e-1642890497.652 users.customStatus.list is ENQUEUED 
[01/22/22, 16:28:17:654] info: [EVENTLOG] (THJE8BA1Z) fr=false, lc=false, lt=1642889483.053100 
[01/22/22, 16:28:17:654] info: [EVENTLOG] (THJE8BA1Z) fetching events since 1642889483.053100 (1015 seconds ago) 
[01/22/22, 16:28:17:655] info: [API-Q] (THJE8BA1Z) 97bf9d3e-1642890497.655 ublockworkaround.history called with reason: fetchEventLogHistoryImmediately 
[01/22/22, 16:28:17:656] info: [API-Q] (THJE8BA1Z) 97bf9d3e-1642890497.655 ublockworkaround.history is ENQUEUED 
[01/22/22, 16:28:17:656] info: [API-Q] (THJE8BA1Z) 97bf9d3e-1642890497.656 ublockworkaround.history called with reason: fetchEventLogHistoryImmediately 
[01/22/22, 16:28:17:657] info: [API-Q] (THJE8BA1Z) 97bf9d3e-1642890497.656 ublockworkaround.history is ENQUEUED 
[01/22/22, 16:28:17:658] info: [MESSAGE-HISTORY] (THJE8BA1Z) Resetting reachedEnd 
[01/22/22, 16:28:17:663] info: [PRESENCE_PROMPT] (THJE8BA1Z) ignoring prompt due to presence (active) 
[01/22/22, 16:28:17:664] info: [UNREAD-COUNTS] (THJE8BA1Z) Fetching counts 
[01/22/22, 16:28:17:664] info: [API-Q] (THJE8BA1Z) 97bf9d3e-1642890497.664 client.counts called with reason: client-counts-api/fetchClientCounts 
[01/22/22, 16:28:17:664] info: [API-Q] (THJE8BA1Z) 97bf9d3e-1642890497.664 client.counts is ENQUEUED 
[01/22/22, 16:28:17:683] info: [API-Q] (THJE8BA1Z) 97bf9d3e-1642890497.512 drafts.list is RESOLVED 
[01/22/22, 16:28:17:685] info: [API-Q] (THJE8BA1Z) 97bf9d3e-1642890497.656 ublockworkaround.history is ACTIVE 
[01/22/22, 16:28:17:686] info: [API-Q] (THJE8BA1Z) 97bf9d3e-1642890497.531 search.autocomplete.topEmojis is RESOLVED 
[01/22/22, 16:28:17:687] info: [API-Q] (THJE8BA1Z) 97bf9d3e-1642890497.655 ublockworkaround.history is ACTIVE 
[01/22/22, 16:28:17:688] info: [API-Q] (THJE8BA1Z) 97bf9d3e-1642890497.538 bookmarks.list is RESOLVED 
[01/22/22, 16:28:17:688] info: [API-Q] (THJE8BA1Z) noversion-1642890497.639 Flannel permissions/info is ACTIVE 
[01/22/22, 16:28:17:689] info: [API-Q] (THJE8BA1Z) noversion-1642890497.547 Flannel channels/info is RESOLVED 
[01/22/22, 16:28:17:690] info: [API-Q] (THJE8BA1Z) noversion-1642890497.573 Flannel users/counts is ACTIVE 
[01/22/22, 16:28:17:691] info: [API-Q] (THJE8BA1Z) noversion-1642890497.550 Flannel users/info is RESOLVED 
[01/22/22, 16:28:17:692] info: [API-Q] (THJE8BA1Z) noversion-1642890497.569 Flannel permissions/info is ACTIVE 
[01/22/22, 16:28:17:692] info: [API-Q] (THJE8BA1Z) 97bf9d3e-1642890497.552 team.info is RESOLVED 
[01/22/22, 16:28:17:693] info: [API-Q] (THJE8BA1Z) noversion-1642890497.569 Flannel permissions/info is ACTIVE 
[01/22/22, 16:28:17:787] info: [API-Q] (THJE8BA1Z) 97bf9d3e-1642890497.556 sharedInvites.canGetLink is RESOLVED 
[01/22/22, 16:28:17:789] info: [API-Q] (THJE8BA1Z) noversion-1642890497.568 Flannel permissions/info is ACTIVE 
[01/22/22, 16:28:17:790] info: [API-Q] (THJE8BA1Z) 97bf9d3e-1642890497.481 calendar.getInstalledCalendars is RESOLVED 
[01/22/22, 16:28:17:791] info: [API-Q] (THJE8BA1Z) noversion-1642890497.567 Flannel emojis/info is ACTIVE 
[01/22/22, 16:28:17:792] info: [API-Q] (THJE8BA1Z) 97bf9d3e-1642890497.534 megaphone.notifications.list is RESOLVED 
[01/22/22, 16:28:17:793] info: [API-Q] (THJE8BA1Z) noversion-1642890497.561 Flannel permissions/info is ACTIVE 
[01/22/22, 16:28:17:795] info: [DRAFTS] (THJE8BA1Z) No active drafts 
[01/22/22, 16:28:17:795] info: [DRAFTS] (THJE8BA1Z) Successfully fetched all active and inactive drafts ✨ 
[01/22/22, 16:28:17:796] info: [API-Q] (THJE8BA1Z) 97bf9d3e-1642890497.532 megaphone.notifications.list is RESOLVED 
[01/22/22, 16:28:17:798] info: [API-Q] (THJE8BA1Z) 97bf9d3e-1642890497.557 users.channelSections.list is ACTIVE 
[01/22/22, 16:28:17:799] info: [UFM] (THJE8BA1Z) received CHZFB5M47 (1) 
[01/22/22, 16:28:17:808] info: [API-Q] (THJE8BA1Z) 97bf9d3e-1642890497.807 conversations.genericInfo called with reason: fallback:fetchAndUpsertChannelsById 
[01/22/22, 16:28:17:808] info: [API-Q] (THJE8BA1Z) 97bf9d3e-1642890497.807 conversations.genericInfo is ENQUEUED 
[01/22/22, 16:28:17:810] info: [API-Q] (THJE8BA1Z) noversion-1642890497.569 Flannel permissions/info is RESOLVED 
[01/22/22, 16:28:17:811] info: [API-Q] (THJE8BA1Z) 97bf9d3e-1642890497.558 conversations.teamConnections is ACTIVE 
[01/22/22, 16:28:17:812] info: [API-Q] (THJE8BA1Z) noversion-1642890497.573 Flannel users/counts is RESOLVED 
[01/22/22, 16:28:17:813] info: [API-Q] (THJE8BA1Z) 97bf9d3e-1642890497.566 conversations.history is ACTIVE 
[01/22/22, 16:28:17:814] info: [API-Q] (THJE8BA1Z) noversion-1642890497.639 Flannel permissions/info is RESOLVED 
[01/22/22, 16:28:17:815] info: [API-Q] (THJE8BA1Z) 97bf9d3e-1642890497.570 help.issues.ticketStats is ACTIVE 
[01/22/22, 16:28:17:816] info: [API-Q] (THJE8BA1Z) noversion-1642890497.569 Flannel permissions/info is RESOLVED 
[01/22/22, 16:28:17:816] info: [API-Q] (THJE8BA1Z) 97bf9d3e-1642890497.572 help.productHelpCard.list is ACTIVE 
[01/22/22, 16:28:17:817] info: [API-Q] (THJE8BA1Z) 97bf9d3e-1642890497.655 ublockworkaround.history is RESOLVED 
[01/22/22, 16:28:17:818] info: [API-Q] (THJE8BA1Z) 97bf9d3e-1642890497.637 dnd.info is ACTIVE 
[01/22/22, 16:28:17:924] info: [PERSIST] Purged persisted models [] 
[01/22/22, 16:28:17:932] info: [RTM-EVENT-METRICS] Metrics collection sampling has been reset. 
[01/22/22, 16:28:17:936] info: [API-Q] (THJE8BA1Z) 97bf9d3e-1642890497.935 calendar.user.info called with reason: calendar-get-user-info 
[01/22/22, 16:28:17:936] info: [API-Q] (THJE8BA1Z) 97bf9d3e-1642890497.935 calendar.user.info is ENQUEUED 
[01/22/22, 16:28:17:949] info: [BOOT-QUEUE] THJE8BA1Z noversion-1642890496.472 experiments.getByUser is RESOLVED 
[01/22/22, 16:28:17:958] info: [API-Q] (THJE8BA1Z) 97bf9d3e-1642890497.656 ublockworkaround.history is RESOLVED 
[01/22/22, 16:28:17:959] info: [API-Q] (THJE8BA1Z) 97bf9d3e-1642890497.638 dnd.teamInfo is ACTIVE 
[01/22/22, 16:28:17:960] info: [EVENTLOG] (THJE8BA1Z) nothing to process 
[01/22/22, 16:28:17:960] info: [API-Q] (THJE8BA1Z) noversion-1642890497.568 Flannel permissions/info is RESOLVED 
[01/22/22, 16:28:17:961] info: [API-Q] (THJE8BA1Z) 97bf9d3e-1642890497.640 apps.actions.v2.list is ACTIVE 
[01/22/22, 16:28:17:962] info: [API-Q] (THJE8BA1Z) noversion-1642890497.567 Flannel emojis/info is RESOLVED 
[01/22/22, 16:28:17:963] info: [API-Q] (THJE8BA1Z) 97bf9d3e-1642890497.652 users.customStatus.list is ACTIVE 
[01/22/22, 16:28:17:964] info: [API-Q] (THJE8BA1Z) noversion-1642890497.561 Flannel permissions/info is RESOLVED 
[01/22/22, 16:28:17:964] info: [API-Q] (THJE8BA1Z) 97bf9d3e-1642890497.664 client.counts is ACTIVE 
[01/22/22, 16:28:17:965] info: [API-Q] (THJE8BA1Z) 97bf9d3e-1642890497.557 users.channelSections.list is RESOLVED 
[01/22/22, 16:28:17:966] info: [API-Q] (THJE8BA1Z) 97bf9d3e-1642890497.807 conversations.genericInfo is ACTIVE 
[01/22/22, 16:28:17:982] info: [API-Q] (THJE8BA1Z) 97bf9d3e-1642890497.570 help.issues.ticketStats is RESOLVED 
[01/22/22, 16:28:17:982] info: [API-Q] (THJE8BA1Z) 97bf9d3e-1642890497.935 calendar.user.info is ACTIVE 
[01/22/22, 16:28:17:983] info: [API-Q] (THJE8BA1Z) 97bf9d3e-1642890497.637 dnd.info is RESOLVED 
[01/22/22, 16:28:17:983] info: [API-Q] (THJE8BA1Z) 97bf9d3e-1642890497.572 help.productHelpCard.list is RESOLVED 
[01/22/22, 16:28:17:983] info: [API-Q] (THJE8BA1Z) 97bf9d3e-1642890497.558 conversations.teamConnections is RESOLVED 
[01/22/22, 16:28:18:044] info: [API-Q] (THJE8BA1Z) 97bf9d3e-1642890497.566 conversations.history is RESOLVED 
[01/22/22, 16:28:18:054] info: [EVENTLOG] (THJE8BA1Z) nothing to process 
[01/22/22, 16:28:18:055] info: [EVENTLOG] (THJE8BA1Z) fetched finish (cancelled? false) 
[01/22/22, 16:28:18:055] info: [EVENTLOG] (THJE8BA1Z) dispatching signal and clearing timestamp 
[01/22/22, 16:28:18:061] info: [DND] (THJE8BA1Z) Fetched DND info for the following member: U019QAPMCP9 
[01/22/22, 16:28:18:061] info: [DND] (THJE8BA1Z) Checking for changes in DND status for the following members: U019QAPMCP9 
[01/22/22, 16:28:18:062] info: [DND] (THJE8BA1Z) Will check for changes in DND status again in 5 minutes 
[01/22/22, 16:28:18:066] info: [API-Q] (THJE8BA1Z) 97bf9d3e-1642890497.652 users.customStatus.list is RESOLVED 
[01/22/22, 16:28:18:066] info: [API-Q] (THJE8BA1Z) 97bf9d3e-1642890497.638 dnd.teamInfo is RESOLVED 
[01/22/22, 16:28:18:068] info: [API-Q] (THJE8BA1Z) 97bf9d3e-1642890497.664 client.counts is RESOLVED 
[01/22/22, 16:28:18:068] info: [API-Q] (THJE8BA1Z) 97bf9d3e-1642890497.935 calendar.user.info is RESOLVED 
[01/22/22, 16:28:18:075] info: [PLATFORM-CHANNEL-ACTI] (THJE8BA1Z) Not updating count for channel CHZFB5M47, as count was already set to 0 
[01/22/22, 16:28:18:080] info: [UNREAD-COUNTS] (THJE8BA1Z) Counting unreads in CHZFB5M47 because (8) timestamps added 
[01/22/22, 16:28:18:081] info: [UNREAD-COUNTS] (THJE8BA1Z) Checking unreads in CHZFB5M47 after a new message 
[01/22/22, 16:28:18:082] info: [CHECK-UNREADS] (THJE8BA1Z) Not marking CHZFB5M47 because attention not on chat (window_not_focused) 
[01/22/22, 16:28:18:083] info: [API-Q] (THJE8BA1Z) 97bf9d3e-1642890497.640 apps.actions.v2.list is RESOLVED 
[01/22/22, 16:28:18:198] info: [DND] (THJE8BA1Z) Fetched DND info for the following members: U01BWB9JQ2U,U01CWS3MVUL,U02CQ03B3BR,U01L5QTQ188,UN5LMDZB3,UTE0KAJL8,UNC3JTBU5 
[01/22/22, 16:28:18:199] info: [DND] (THJE8BA1Z) Checking for changes in DND status for the following members: U019QAPMCP9,U01BWB9JQ2U,U01CWS3MVUL,U02CQ03B3BR,U01L5QTQ188,UN5LMDZB3,UTE0KAJL8,UNC3JTBU5 
[01/22/22, 16:28:18:206] info: [DND] (THJE8BA1Z) Will check for changes in DND status again in 5 minutes 
[01/22/22, 16:28:18:208] info: [BOOT] Feature flag config version: 1642890487; Experiments config version: 1642890488 
[01/22/22, 16:28:18:209] info: [BOOT] Current earliest config version: 1642890487; All config versions: {"THJE8BA1Z":1642890487} 
[01/22/22, 16:28:18:209] info: [MIN-VERSION] Using build version 1642822047 for this min version bump check 
[01/22/22, 16:28:18:211] info: [BOOT] (THJE8BA1Z) Dispatching boot data 
[01/22/22, 16:28:18:238] info: [EMOJI_TRANSLATION] Emoji translations not needed for default locale, only adding keywords 
[01/22/22, 16:28:18:240] info: [API-Q] (THJE8BA1Z) 09a67cce-1642890498.239 search.autocomplete.topEmojis called with reason: loadEmoji-maybeReloadEmoji-setModelData 
[01/22/22, 16:28:18:240] info: [API-Q] (THJE8BA1Z) 09a67cce-1642890498.239 search.autocomplete.topEmojis is ENQUEUED 
[01/22/22, 16:28:18:241] info: [API-Q] (THJE8BA1Z) 09a67cce-1642890498.240 files.list called with reason: paperclip-recents 
[01/22/22, 16:28:18:241] info: [API-Q] (THJE8BA1Z) 09a67cce-1642890498.240 files.list is ENQUEUED 
[01/22/22, 16:28:18:253] info: [PLATFORM-CHANNEL-ACTI] (THJE8BA1Z) Not updating count for channel CHZFB5M47, as count was already set to 0 
[01/22/22, 16:28:18:255] info: [API-Q] (THJE8BA1Z) 09a67cce-1642890498.255 commands.list called with reason: loadSlashCommands 
[01/22/22, 16:28:18:256] info: [API-Q] (THJE8BA1Z) 09a67cce-1642890498.255 commands.list is ENQUEUED 
[01/22/22, 16:28:18:256] info: [API-Q] (THJE8BA1Z) 09a67cce-1642890498.256 i18n.translations.get called with reason: fetchTranslatedCustomStatusPresets 
[01/22/22, 16:28:18:256] info: [API-Q] (THJE8BA1Z) 09a67cce-1642890498.256 i18n.translations.get is ENQUEUED 
[01/22/22, 16:28:18:257] info: [API-Q] (THJE8BA1Z) 09a67cce-1642890498.239 search.autocomplete.topEmojis is ACTIVE 
[01/22/22, 16:28:18:258] info: [API-Q] (THJE8BA1Z) 09a67cce-1642890498.240 files.list is ACTIVE 
[01/22/22, 16:28:18:259] info: [UNREAD-COUNTS] (THJE8BA1Z) Counting unreads in CHZFB5M47 because (28) timestamps added 
[01/22/22, 16:28:18:259] info: [API-Q] (THJE8BA1Z) 09a67cce-1642890498.255 commands.list is ACTIVE 
[01/22/22, 16:28:18:260] info: [API-Q] (THJE8BA1Z) 09a67cce-1642890498.256 i18n.translations.get is ACTIVE 
[01/22/22, 16:28:18:260] info: [BOOT] (THJE8BA1Z) Boot complete 
[01/22/22, 16:28:18:261] info: [DESKTOP-SIDE-EFFECT] (THJE8BA1Z) Reacting to  {"type":"[26] Set a value that represents whether we are currently in the boot phase","payload":false,"error":false} 
[01/22/22, 16:28:18:262] info: [AUTH] Installing incremental auth handler 
[01/22/22, 16:28:18:264] info: [COUNTS] (THJE8BA1Z) Applying counts to channels 
[01/22/22, 16:28:18:266] info: [COUNTS] (THJE8BA1Z) Recounted CHZFB5M47; initial: {"unreadCnt":0,"unreadHighlightCnt":0}; after: {"unreadCnt":0,"unreadHighlightCnt":0} 
[01/22/22, 16:28:18:267] info: [COUNTS] (THJE8BA1Z) Threads has_unreads:false mention_count:0 
[01/22/22, 16:28:18:267] info: [COUNTS] (THJE8BA1Z) Completed counts processing 
[01/22/22, 16:28:18:270] info: [API-Q] (THJE8BA1Z) 97bf9d3e-1642890497.807 conversations.genericInfo is RESOLVED 
[01/22/22, 16:28:18:271] info: [UFM] (THJE8BA1Z) received _all_actions (1) 
[01/22/22, 16:28:18:379] info: [API-Q] (THJE8BA1Z) noversion-1642890498.378 Flannel channels/membership called with reason: flannel-call:channels/membership 
[01/22/22, 16:28:18:379] info: [API-Q] (THJE8BA1Z) noversion-1642890498.378 Flannel channels/membership is ENQUEUED 
[01/22/22, 16:28:18:380] info: [API-Q] (THJE8BA1Z) noversion-1642890498.378 Flannel channels/membership is ACTIVE 
[01/22/22, 16:28:18:387] info: [API-Q] (THJE8BA1Z) 09a67cce-1642890498.256 i18n.translations.get is RESOLVED 
[01/22/22, 16:28:18:388] info: [API-Q] (THJE8BA1Z) 09a67cce-1642890498.255 commands.list is RESOLVED 
[01/22/22, 16:28:18:389] info: [API-Q] (THJE8BA1Z) 09a67cce-1642890498.239 search.autocomplete.topEmojis is RESOLVED 
[01/22/22, 16:28:18:427] info: [API-Q] (THJE8BA1Z) noversion-1642890498.378 Flannel channels/membership is RESOLVED 
[01/22/22, 16:28:18:516] info: [API-Q] (THJE8BA1Z) 09a67cce-1642890498.240 files.list is RESOLVED 
[01/22/22, 16:28:18:544] info: [PERSIST] (THJE8BA1Z) Successfully persisted state 
[01/22/22, 16:28:18:582] info: [UNREAD-COUNTS] (THJE8BA1Z) Checking unreads in CHZFB5M47 after a new message 
[01/22/22, 16:28:18:582] info: [CHECK-UNREADS] (THJE8BA1Z) Not marking CHZFB5M47 because attention not on chat (window_not_focused) 
[01/22/22, 16:28:18:605] info: [API-Q] (THJE8BA1Z) noversion-1642890498.605 Flannel users/info called with reason: flannel-call:users/info 
[01/22/22, 16:28:18:605] info: [API-Q] (THJE8BA1Z) noversion-1642890498.605 Flannel users/info is ENQUEUED 
[01/22/22, 16:28:18:606] info: [API-Q] (THJE8BA1Z) noversion-1642890498.605 Flannel users/info is ACTIVE 
[01/22/22, 16:28:18:619] info: [RTM-EVENT-METRICS] Metrics collection enabled for the current interval. 
[01/22/22, 16:28:18:624] info: [RTM] (THJE8BA1Z) Processed 1 presence_change event(s) over 2.30ms 
[01/22/22, 16:28:18:650] info: [RTM] Setting a timeout of 69 ms to process more rtm events 
[01/22/22, 16:28:18:651] info: [API-Q] (THJE8BA1Z) noversion-1642890498.605 Flannel users/info is RESOLVED 
[01/22/22, 16:28:18:720] info: [RTM] Waited 69 ms, processing more rtm events now 
[01/22/22, 16:28:18:728] info: [RTM] (THJE8BA1Z) Processed 1 presence_change event(s) over 6.50ms 
[01/22/22, 16:28:20:781] info: [API-Q] (THJE8BA1Z) noversion-1642890500.779 Flannel users/info called with reason: flannel-call:users/info 
[01/22/22, 16:28:20:781] info: [API-Q] (THJE8BA1Z) noversion-1642890500.779 Flannel users/info is ENQUEUED 
[01/22/22, 16:28:20:782] info: [API-Q] (THJE8BA1Z) noversion-1642890500.779 Flannel users/info is ACTIVE 
[01/22/22, 16:28:20:829] info: [API-Q] (THJE8BA1Z) noversion-1642890500.779 Flannel users/info is RESOLVED 
[01/22/22, 16:28:23:973] info: [FOCUS-EVENT] Client window focused 
[01/22/22, 16:28:24:046] info: [CHECK-UNREADS] (THJE8BA1Z) Checking unreads after window became focused 
[01/22/22, 16:28:24:047] info: [CHECK-UNREADS] (THJE8BA1Z) Not marking CHZFB5M47 because last_read >= latest && channel is read 
[01/22/22, 16:28:24:338] info: [CHECK-UNREADS] (THJE8BA1Z) unreadLineVisible updated: false -> true 
[01/22/22, 16:28:24:693] info: [CHECK-UNREADS] (THJE8BA1Z) Checking unreads after unread line became visible 
[01/22/22, 16:28:24:693] info: [CHECK-UNREADS] (THJE8BA1Z) Not marking CHZFB5M47 because last_read >= latest && channel is read 
[01/22/22, 16:28:25:045] info: Store: UPDATE_SETTINGS {
  "mainWindowSettings": {
    "fullScreen": false,
    "maximized": false,
    "bounds": {
      "x": 1934,
      "y": 39,
      "width": 1892,
      "height": 1027
    }
  }
} 
[01/22/22, 16:28:25:054] info: [DESKTOP-SIDE-EFFECT] Update from desktop for keys  ["settings"] 
[01/22/22, 16:28:31:226] info: [FOCUS-EVENT] Client window blurred 
