[2022-05-20 09:05:47.786] [renderer1] [warning] [/home/nick/.vscode-oss/extensions/sumneko.lua-2.5.3]: Couldn't find message for key config.diagnostics.ambiguity-1.
[2022-05-20 09:05:47.786] [renderer1] [warning] [/home/nick/.vscode-oss/extensions/sumneko.lua-2.5.3]: Couldn't find message for key config.diagnostics.await-in-sync.
[2022-05-20 09:05:47.786] [renderer1] [warning] [/home/nick/.vscode-oss/extensions/sumneko.lua-2.5.3]: Couldn't find message for key config.diagnostics.circle-doc-class.
[2022-05-20 09:05:47.786] [renderer1] [warning] [/home/nick/.vscode-oss/extensions/sumneko.lua-2.5.3]: Couldn't find message for key config.diagnostics.close-non-object.
[2022-05-20 09:05:47.787] [renderer1] [warning] [/home/nick/.vscode-oss/extensions/sumneko.lua-2.5.3]: Couldn't find message for key config.diagnostics.code-after-break.
[2022-05-20 09:05:47.787] [renderer1] [warning] [/home/nick/.vscode-oss/extensions/sumneko.lua-2.5.3]: Couldn't find message for key config.diagnostics.count-down-loop.
[2022-05-20 09:05:47.787] [renderer1] [warning] [/home/nick/.vscode-oss/extensions/sumneko.lua-2.5.3]: Couldn't find message for key config.diagnostics.deprecated.
[2022-05-20 09:05:47.787] [renderer1] [warning] [/home/nick/.vscode-oss/extensions/sumneko.lua-2.5.3]: Couldn't find message for key config.diagnostics.different-requires.
[2022-05-20 09:05:47.788] [renderer1] [warning] [/home/nick/.vscode-oss/extensions/sumneko.lua-2.5.3]: Couldn't find message for key config.diagnostics.discard-returns.
[2022-05-20 09:05:47.788] [renderer1] [warning] [/home/nick/.vscode-oss/extensions/sumneko.lua-2.5.3]: Couldn't find message for key config.diagnostics.doc-field-no-class.
[2022-05-20 09:05:47.788] [renderer1] [warning] [/home/nick/.vscode-oss/extensions/sumneko.lua-2.5.3]: Couldn't find message for key config.diagnostics.duplicate-doc-class.
[2022-05-20 09:05:47.788] [renderer1] [warning] [/home/nick/.vscode-oss/extensions/sumneko.lua-2.5.3]: Couldn't find message for key config.diagnostics.duplicate-doc-field.
[2022-05-20 09:05:47.788] [renderer1] [warning] [/home/nick/.vscode-oss/extensions/sumneko.lua-2.5.3]: Couldn't find message for key config.diagnostics.duplicate-doc-param.
[2022-05-20 09:05:47.789] [renderer1] [warning] [/home/nick/.vscode-oss/extensions/sumneko.lua-2.5.3]: Couldn't find message for key config.diagnostics.duplicate-index.
[2022-05-20 09:05:47.789] [renderer1] [warning] [/home/nick/.vscode-oss/extensions/sumneko.lua-2.5.3]: Couldn't find message for key config.diagnostics.duplicate-set-field.
[2022-05-20 09:05:47.789] [renderer1] [warning] [/home/nick/.vscode-oss/extensions/sumneko.lua-2.5.3]: Couldn't find message for key config.diagnostics.empty-block.
[2022-05-20 09:05:47.789] [renderer1] [warning] [/home/nick/.vscode-oss/extensions/sumneko.lua-2.5.3]: Couldn't find message for key config.diagnostics.global-in-nil-env.
[2022-05-20 09:05:47.790] [renderer1] [warning] [/home/nick/.vscode-oss/extensions/sumneko.lua-2.5.3]: Couldn't find message for key config.diagnostics.lowercase-global.
[2022-05-20 09:05:47.790] [renderer1] [warning] [/home/nick/.vscode-oss/extensions/sumneko.lua-2.5.3]: Couldn't find message for key config.diagnostics.newfield-call.
[2022-05-20 09:05:47.790] [renderer1] [warning] [/home/nick/.vscode-oss/extensions/sumneko.lua-2.5.3]: Couldn't find message for key config.diagnostics.newline-call.
[2022-05-20 09:05:47.790] [renderer1] [warning] [/home/nick/.vscode-oss/extensions/sumneko.lua-2.5.3]: Couldn't find message for key config.diagnostics.no-implicit-any.
[2022-05-20 09:05:47.790] [renderer1] [warning] [/home/nick/.vscode-oss/extensions/sumneko.lua-2.5.3]: Couldn't find message for key config.diagnostics.not-yieldable.
[2022-05-20 09:05:47.791] [renderer1] [warning] [/home/nick/.vscode-oss/extensions/sumneko.lua-2.5.3]: Couldn't find message for key config.diagnostics.redefined-local.
[2022-05-20 09:05:47.791] [renderer1] [warning] [/home/nick/.vscode-oss/extensions/sumneko.lua-2.5.3]: Couldn't find message for key config.diagnostics.redundant-parameter.
[2022-05-20 09:05:47.791] [renderer1] [warning] [/home/nick/.vscode-oss/extensions/sumneko.lua-2.5.3]: Couldn't find message for key config.diagnostics.redundant-return.
[2022-05-20 09:05:47.791] [renderer1] [warning] [/home/nick/.vscode-oss/extensions/sumneko.lua-2.5.3]: Couldn't find message for key config.diagnostics.redundant-value.
[2022-05-20 09:05:47.791] [renderer1] [warning] [/home/nick/.vscode-oss/extensions/sumneko.lua-2.5.3]: Couldn't find message for key config.diagnostics.trailing-space.
[2022-05-20 09:05:47.791] [renderer1] [warning] [/home/nick/.vscode-oss/extensions/sumneko.lua-2.5.3]: Couldn't find message for key config.diagnostics.type-check.
[2022-05-20 09:05:47.791] [renderer1] [warning] [/home/nick/.vscode-oss/extensions/sumneko.lua-2.5.3]: Couldn't find message for key config.diagnostics.unbalanced-assignments.
[2022-05-20 09:05:47.792] [renderer1] [warning] [/home/nick/.vscode-oss/extensions/sumneko.lua-2.5.3]: Couldn't find message for key config.diagnostics.undefined-doc-class.
[2022-05-20 09:05:47.792] [renderer1] [warning] [/home/nick/.vscode-oss/extensions/sumneko.lua-2.5.3]: Couldn't find message for key config.diagnostics.undefined-doc-name.
[2022-05-20 09:05:47.792] [renderer1] [warning] [/home/nick/.vscode-oss/extensions/sumneko.lua-2.5.3]: Couldn't find message for key config.diagnostics.undefined-doc-param.
[2022-05-20 09:05:47.792] [renderer1] [warning] [/home/nick/.vscode-oss/extensions/sumneko.lua-2.5.3]: Couldn't find message for key config.diagnostics.undefined-env-child.
[2022-05-20 09:05:47.792] [renderer1] [warning] [/home/nick/.vscode-oss/extensions/sumneko.lua-2.5.3]: Couldn't find message for key config.diagnostics.undefined-field.
[2022-05-20 09:05:47.792] [renderer1] [warning] [/home/nick/.vscode-oss/extensions/sumneko.lua-2.5.3]: Couldn't find message for key config.diagnostics.undefined-global.
[2022-05-20 09:05:47.792] [renderer1] [warning] [/home/nick/.vscode-oss/extensions/sumneko.lua-2.5.3]: Couldn't find message for key config.diagnostics.unknown-diag-code.
[2022-05-20 09:05:47.793] [renderer1] [warning] [/home/nick/.vscode-oss/extensions/sumneko.lua-2.5.3]: Couldn't find message for key config.diagnostics.unused-function.
[2022-05-20 09:05:47.793] [renderer1] [warning] [/home/nick/.vscode-oss/extensions/sumneko.lua-2.5.3]: Couldn't find message for key config.diagnostics.unused-label.
[2022-05-20 09:05:47.793] [renderer1] [warning] [/home/nick/.vscode-oss/extensions/sumneko.lua-2.5.3]: Couldn't find message for key config.diagnostics.unused-local.
[2022-05-20 09:05:47.793] [renderer1] [warning] [/home/nick/.vscode-oss/extensions/sumneko.lua-2.5.3]: Couldn't find message for key config.diagnostics.unused-vararg.
[2022-05-20 09:05:47.793] [renderer1] [warning] [/home/nick/.vscode-oss/extensions/sumneko.lua-2.5.3]: Couldn't find message for key config.diagnostics.ambiguity-1.
[2022-05-20 09:05:47.793] [renderer1] [warning] [/home/nick/.vscode-oss/extensions/sumneko.lua-2.5.3]: Couldn't find message for key config.diagnostics.await-in-sync.
[2022-05-20 09:05:47.793] [renderer1] [warning] [/home/nick/.vscode-oss/extensions/sumneko.lua-2.5.3]: Couldn't find message for key config.diagnostics.circle-doc-class.
[2022-05-20 09:05:47.794] [renderer1] [warning] [/home/nick/.vscode-oss/extensions/sumneko.lua-2.5.3]: Couldn't find message for key config.diagnostics.close-non-object.
[2022-05-20 09:05:47.794] [renderer1] [warning] [/home/nick/.vscode-oss/extensions/sumneko.lua-2.5.3]: Couldn't find message for key config.diagnostics.code-after-break.
[2022-05-20 09:05:47.794] [renderer1] [warning] [/home/nick/.vscode-oss/extensions/sumneko.lua-2.5.3]: Couldn't find message for key config.diagnostics.count-down-loop.
[2022-05-20 09:05:47.794] [renderer1] [warning] [/home/nick/.vscode-oss/extensions/sumneko.lua-2.5.3]: Couldn't find message for key config.diagnostics.deprecated.
[2022-05-20 09:05:47.794] [renderer1] [warning] [/home/nick/.vscode-oss/extensions/sumneko.lua-2.5.3]: Couldn't find message for key config.diagnostics.different-requires.
[2022-05-20 09:05:47.794] [renderer1] [warning] [/home/nick/.vscode-oss/extensions/sumneko.lua-2.5.3]: Couldn't find message for key config.diagnostics.discard-returns.
[2022-05-20 09:05:47.794] [renderer1] [warning] [/home/nick/.vscode-oss/extensions/sumneko.lua-2.5.3]: Couldn't find message for key config.diagnostics.doc-field-no-class.
[2022-05-20 09:05:47.795] [renderer1] [warning] [/home/nick/.vscode-oss/extensions/sumneko.lua-2.5.3]: Couldn't find message for key config.diagnostics.duplicate-doc-class.
[2022-05-20 09:05:47.795] [renderer1] [warning] [/home/nick/.vscode-oss/extensions/sumneko.lua-2.5.3]: Couldn't find message for key config.diagnostics.duplicate-doc-field.
[2022-05-20 09:05:47.795] [renderer1] [warning] [/home/nick/.vscode-oss/extensions/sumneko.lua-2.5.3]: Couldn't find message for key config.diagnostics.duplicate-doc-param.
[2022-05-20 09:05:47.795] [renderer1] [warning] [/home/nick/.vscode-oss/extensions/sumneko.lua-2.5.3]: Couldn't find message for key config.diagnostics.duplicate-index.
[2022-05-20 09:05:47.795] [renderer1] [warning] [/home/nick/.vscode-oss/extensions/sumneko.lua-2.5.3]: Couldn't find message for key config.diagnostics.duplicate-set-field.
[2022-05-20 09:05:47.795] [renderer1] [warning] [/home/nick/.vscode-oss/extensions/sumneko.lua-2.5.3]: Couldn't find message for key config.diagnostics.empty-block.
[2022-05-20 09:05:47.796] [renderer1] [warning] [/home/nick/.vscode-oss/extensions/sumneko.lua-2.5.3]: Couldn't find message for key config.diagnostics.global-in-nil-env.
[2022-05-20 09:05:47.796] [renderer1] [warning] [/home/nick/.vscode-oss/extensions/sumneko.lua-2.5.3]: Couldn't find message for key config.diagnostics.lowercase-global.
[2022-05-20 09:05:47.796] [renderer1] [warning] [/home/nick/.vscode-oss/extensions/sumneko.lua-2.5.3]: Couldn't find message for key config.diagnostics.newfield-call.
[2022-05-20 09:05:47.796] [renderer1] [warning] [/home/nick/.vscode-oss/extensions/sumneko.lua-2.5.3]: Couldn't find message for key config.diagnostics.newline-call.
[2022-05-20 09:05:47.796] [renderer1] [warning] [/home/nick/.vscode-oss/extensions/sumneko.lua-2.5.3]: Couldn't find message for key config.diagnostics.no-implicit-any.
[2022-05-20 09:05:47.796] [renderer1] [warning] [/home/nick/.vscode-oss/extensions/sumneko.lua-2.5.3]: Couldn't find message for key config.diagnostics.not-yieldable.
[2022-05-20 09:05:47.797] [renderer1] [warning] [/home/nick/.vscode-oss/extensions/sumneko.lua-2.5.3]: Couldn't find message for key config.diagnostics.redefined-local.
[2022-05-20 09:05:47.797] [renderer1] [warning] [/home/nick/.vscode-oss/extensions/sumneko.lua-2.5.3]: Couldn't find message for key config.diagnostics.redundant-parameter.
[2022-05-20 09:05:47.797] [renderer1] [warning] [/home/nick/.vscode-oss/extensions/sumneko.lua-2.5.3]: Couldn't find message for key config.diagnostics.redundant-return.
[2022-05-20 09:05:47.797] [renderer1] [warning] [/home/nick/.vscode-oss/extensions/sumneko.lua-2.5.3]: Couldn't find message for key config.diagnostics.redundant-value.
[2022-05-20 09:05:47.797] [renderer1] [warning] [/home/nick/.vscode-oss/extensions/sumneko.lua-2.5.3]: Couldn't find message for key config.diagnostics.trailing-space.
[2022-05-20 09:05:47.797] [renderer1] [warning] [/home/nick/.vscode-oss/extensions/sumneko.lua-2.5.3]: Couldn't find message for key config.diagnostics.type-check.
[2022-05-20 09:05:47.798] [renderer1] [warning] [/home/nick/.vscode-oss/extensions/sumneko.lua-2.5.3]: Couldn't find message for key config.diagnostics.unbalanced-assignments.
[2022-05-20 09:05:47.798] [renderer1] [warning] [/home/nick/.vscode-oss/extensions/sumneko.lua-2.5.3]: Couldn't find message for key config.diagnostics.undefined-doc-class.
[2022-05-20 09:05:47.798] [renderer1] [warning] [/home/nick/.vscode-oss/extensions/sumneko.lua-2.5.3]: Couldn't find message for key config.diagnostics.undefined-doc-name.
[2022-05-20 09:05:47.799] [renderer1] [warning] [/home/nick/.vscode-oss/extensions/sumneko.lua-2.5.3]: Couldn't find message for key config.diagnostics.undefined-doc-param.
[2022-05-20 09:05:47.799] [renderer1] [warning] [/home/nick/.vscode-oss/extensions/sumneko.lua-2.5.3]: Couldn't find message for key config.diagnostics.undefined-env-child.
[2022-05-20 09:05:47.799] [renderer1] [warning] [/home/nick/.vscode-oss/extensions/sumneko.lua-2.5.3]: Couldn't find message for key config.diagnostics.undefined-field.
[2022-05-20 09:05:47.799] [renderer1] [warning] [/home/nick/.vscode-oss/extensions/sumneko.lua-2.5.3]: Couldn't find message for key config.diagnostics.undefined-global.
[2022-05-20 09:05:47.799] [renderer1] [warning] [/home/nick/.vscode-oss/extensions/sumneko.lua-2.5.3]: Couldn't find message for key config.diagnostics.unknown-diag-code.
[2022-05-20 09:05:47.800] [renderer1] [warning] [/home/nick/.vscode-oss/extensions/sumneko.lua-2.5.3]: Couldn't find message for key config.diagnostics.unused-function.
[2022-05-20 09:05:47.800] [renderer1] [warning] [/home/nick/.vscode-oss/extensions/sumneko.lua-2.5.3]: Couldn't find message for key config.diagnostics.unused-label.
[2022-05-20 09:05:47.800] [renderer1] [warning] [/home/nick/.vscode-oss/extensions/sumneko.lua-2.5.3]: Couldn't find message for key config.diagnostics.unused-local.
[2022-05-20 09:05:47.800] [renderer1] [warning] [/home/nick/.vscode-oss/extensions/sumneko.lua-2.5.3]: Couldn't find message for key config.diagnostics.unused-vararg.
[2022-05-20 09:05:47.800] [renderer1] [warning] [/home/nick/.vscode-oss/extensions/sumneko.lua-2.5.3]: Couldn't find message for key config.runtime.builtin.basic.
[2022-05-20 09:05:47.800] [renderer1] [warning] [/home/nick/.vscode-oss/extensions/sumneko.lua-2.5.3]: Couldn't find message for key config.runtime.builtin.bit.
[2022-05-20 09:05:47.800] [renderer1] [warning] [/home/nick/.vscode-oss/extensions/sumneko.lua-2.5.3]: Couldn't find message for key config.runtime.builtin.bit32.
[2022-05-20 09:05:47.801] [renderer1] [warning] [/home/nick/.vscode-oss/extensions/sumneko.lua-2.5.3]: Couldn't find message for key config.runtime.builtin.builtin.
[2022-05-20 09:05:47.802] [renderer1] [warning] [/home/nick/.vscode-oss/extensions/sumneko.lua-2.5.3]: Couldn't find message for key config.runtime.builtin.coroutine.
[2022-05-20 09:05:47.802] [renderer1] [warning] [/home/nick/.vscode-oss/extensions/sumneko.lua-2.5.3]: Couldn't find message for key config.runtime.builtin.debug.
[2022-05-20 09:05:47.802] [renderer1] [warning] [/home/nick/.vscode-oss/extensions/sumneko.lua-2.5.3]: Couldn't find message for key config.runtime.builtin.ffi.
[2022-05-20 09:05:47.802] [renderer1] [warning] [/home/nick/.vscode-oss/extensions/sumneko.lua-2.5.3]: Couldn't find message for key config.runtime.builtin.io.
[2022-05-20 09:05:47.802] [renderer1] [warning] [/home/nick/.vscode-oss/extensions/sumneko.lua-2.5.3]: Couldn't find message for key config.runtime.builtin.jit.
[2022-05-20 09:05:47.803] [renderer1] [warning] [/home/nick/.vscode-oss/extensions/sumneko.lua-2.5.3]: Couldn't find message for key config.runtime.builtin.math.
[2022-05-20 09:05:47.803] [renderer1] [warning] [/home/nick/.vscode-oss/extensions/sumneko.lua-2.5.3]: Couldn't find message for key config.runtime.builtin.os.
[2022-05-20 09:05:47.803] [renderer1] [warning] [/home/nick/.vscode-oss/extensions/sumneko.lua-2.5.3]: Couldn't find message for key config.runtime.builtin.package.
[2022-05-20 09:05:47.803] [renderer1] [warning] [/home/nick/.vscode-oss/extensions/sumneko.lua-2.5.3]: Couldn't find message for key config.runtime.builtin.string.
[2022-05-20 09:05:47.803] [renderer1] [warning] [/home/nick/.vscode-oss/extensions/sumneko.lua-2.5.3]: Couldn't find message for key config.runtime.builtin.table.
[2022-05-20 09:05:47.804] [renderer1] [warning] [/home/nick/.vscode-oss/extensions/sumneko.lua-2.5.3]: Couldn't find message for key config.runtime.builtin.utf8.
[2022-05-20 09:05:47.805] [renderer1] [warning] [/home/nick/.vscode-oss/extensions/sumneko.lua-3.2.0]: Couldn't find message for key config.diagnostics.await-in-sync.
[2022-05-20 09:05:47.805] [renderer1] [warning] [/home/nick/.vscode-oss/extensions/sumneko.lua-3.2.0]: Couldn't find message for key config.diagnostics.circle-doc-class.
[2022-05-20 09:05:47.806] [renderer1] [warning] [/home/nick/.vscode-oss/extensions/sumneko.lua-3.2.0]: Couldn't find message for key config.diagnostics.close-non-object.
[2022-05-20 09:05:47.806] [renderer1] [warning] [/home/nick/.vscode-oss/extensions/sumneko.lua-3.2.0]: Couldn't find message for key config.diagnostics.code-after-break.
[2022-05-20 09:05:47.806] [renderer1] [warning] [/home/nick/.vscode-oss/extensions/sumneko.lua-3.2.0]: Couldn't find message for key config.diagnostics.codestyle-check.
[2022-05-20 09:05:47.806] [renderer1] [warning] [/home/nick/.vscode-oss/extensions/sumneko.lua-3.2.0]: Couldn't find message for key config.diagnostics.count-down-loop.
[2022-05-20 09:05:47.806] [renderer1] [warning] [/home/nick/.vscode-oss/extensions/sumneko.lua-3.2.0]: Couldn't find message for key config.diagnostics.deprecated.
[2022-05-20 09:05:47.806] [renderer1] [warning] [/home/nick/.vscode-oss/extensions/sumneko.lua-3.2.0]: Couldn't find message for key config.diagnostics.different-requires.
[2022-05-20 09:05:47.806] [renderer1] [warning] [/home/nick/.vscode-oss/extensions/sumneko.lua-3.2.0]: Couldn't find message for key config.diagnostics.discard-returns.
[2022-05-20 09:05:47.807] [renderer1] [warning] [/home/nick/.vscode-oss/extensions/sumneko.lua-3.2.0]: Couldn't find message for key config.diagnostics.doc-field-no-class.
[2022-05-20 09:05:47.807] [renderer1] [warning] [/home/nick/.vscode-oss/extensions/sumneko.lua-3.2.0]: Couldn't find message for key config.diagnostics.duplicate-doc-alias.
[2022-05-20 09:05:47.807] [renderer1] [warning] [/home/nick/.vscode-oss/extensions/sumneko.lua-3.2.0]: Couldn't find message for key config.diagnostics.duplicate-doc-field.
[2022-05-20 09:05:47.807] [renderer1] [warning] [/home/nick/.vscode-oss/extensions/sumneko.lua-3.2.0]: Couldn't find message for key config.diagnostics.duplicate-doc-param.
[2022-05-20 09:05:47.807] [renderer1] [warning] [/home/nick/.vscode-oss/extensions/sumneko.lua-3.2.0]: Couldn't find message for key config.diagnostics.duplicate-set-field.
[2022-05-20 09:05:47.807] [renderer1] [warning] [/home/nick/.vscode-oss/extensions/sumneko.lua-3.2.0]: Couldn't find message for key config.diagnostics.missing-parameter.
[2022-05-20 09:05:47.807] [renderer1] [warning] [/home/nick/.vscode-oss/extensions/sumneko.lua-3.2.0]: Couldn't find message for key config.diagnostics.need-check-nil.
[2022-05-20 09:05:47.807] [renderer1] [warning] [/home/nick/.vscode-oss/extensions/sumneko.lua-3.2.0]: Couldn't find message for key config.diagnostics.no-unknown.
[2022-05-20 09:05:47.808] [renderer1] [warning] [/home/nick/.vscode-oss/extensions/sumneko.lua-3.2.0]: Couldn't find message for key config.diagnostics.not-yieldable.
[2022-05-20 09:05:47.808] [renderer1] [warning] [/home/nick/.vscode-oss/extensions/sumneko.lua-3.2.0]: Couldn't find message for key config.diagnostics.redundant-return.
[2022-05-20 09:05:47.808] [renderer1] [warning] [/home/nick/.vscode-oss/extensions/sumneko.lua-3.2.0]: Couldn't find message for key config.diagnostics.type-check.
[2022-05-20 09:05:47.808] [renderer1] [warning] [/home/nick/.vscode-oss/extensions/sumneko.lua-3.2.0]: Couldn't find message for key config.diagnostics.unbalanced-assignments.
[2022-05-20 09:05:47.808] [renderer1] [warning] [/home/nick/.vscode-oss/extensions/sumneko.lua-3.2.0]: Couldn't find message for key config.diagnostics.undefined-doc-class.
[2022-05-20 09:05:47.808] [renderer1] [warning] [/home/nick/.vscode-oss/extensions/sumneko.lua-3.2.0]: Couldn't find message for key config.diagnostics.undefined-doc-name.
[2022-05-20 09:05:47.808] [renderer1] [warning] [/home/nick/.vscode-oss/extensions/sumneko.lua-3.2.0]: Couldn't find message for key config.diagnostics.undefined-doc-param.
[2022-05-20 09:05:47.808] [renderer1] [warning] [/home/nick/.vscode-oss/extensions/sumneko.lua-3.2.0]: Couldn't find message for key config.diagnostics.undefined-field.
[2022-05-20 09:05:47.809] [renderer1] [warning] [/home/nick/.vscode-oss/extensions/sumneko.lua-3.2.0]: Couldn't find message for key config.diagnostics.unknown-diag-code.
[2022-05-20 09:05:47.809] [renderer1] [warning] [/home/nick/.vscode-oss/extensions/sumneko.lua-3.2.0]: Couldn't find message for key config.diagnostics.await-in-sync.
[2022-05-20 09:05:47.809] [renderer1] [warning] [/home/nick/.vscode-oss/extensions/sumneko.lua-3.2.0]: Couldn't find message for key config.diagnostics.circle-doc-class.
[2022-05-20 09:05:47.809] [renderer1] [warning] [/home/nick/.vscode-oss/extensions/sumneko.lua-3.2.0]: Couldn't find message for key config.diagnostics.close-non-object.
[2022-05-20 09:05:47.809] [renderer1] [warning] [/home/nick/.vscode-oss/extensions/sumneko.lua-3.2.0]: Couldn't find message for key config.diagnostics.code-after-break.
[2022-05-20 09:05:47.809] [renderer1] [warning] [/home/nick/.vscode-oss/extensions/sumneko.lua-3.2.0]: Couldn't find message for key config.diagnostics.codestyle-check.
[2022-05-20 09:05:47.810] [renderer1] [warning] [/home/nick/.vscode-oss/extensions/sumneko.lua-3.2.0]: Couldn't find message for key config.diagnostics.count-down-loop.
[2022-05-20 09:05:47.810] [renderer1] [warning] [/home/nick/.vscode-oss/extensions/sumneko.lua-3.2.0]: Couldn't find message for key config.diagnostics.deprecated.
[2022-05-20 09:05:47.810] [renderer1] [warning] [/home/nick/.vscode-oss/extensions/sumneko.lua-3.2.0]: Couldn't find message for key config.diagnostics.different-requires.
[2022-05-20 09:05:47.810] [renderer1] [warning] [/home/nick/.vscode-oss/extensions/sumneko.lua-3.2.0]: Couldn't find message for key config.diagnostics.discard-returns.
[2022-05-20 09:05:47.810] [renderer1] [warning] [/home/nick/.vscode-oss/extensions/sumneko.lua-3.2.0]: Couldn't find message for key config.diagnostics.doc-field-no-class.
[2022-05-20 09:05:47.810] [renderer1] [warning] [/home/nick/.vscode-oss/extensions/sumneko.lua-3.2.0]: Couldn't find message for key config.diagnostics.duplicate-doc-alias.
[2022-05-20 09:05:47.810] [renderer1] [warning] [/home/nick/.vscode-oss/extensions/sumneko.lua-3.2.0]: Couldn't find message for key config.diagnostics.duplicate-doc-field.
[2022-05-20 09:05:47.810] [renderer1] [warning] [/home/nick/.vscode-oss/extensions/sumneko.lua-3.2.0]: Couldn't find message for key config.diagnostics.duplicate-doc-param.
[2022-05-20 09:05:47.811] [renderer1] [warning] [/home/nick/.vscode-oss/extensions/sumneko.lua-3.2.0]: Couldn't find message for key config.diagnostics.duplicate-set-field.
[2022-05-20 09:05:47.811] [renderer1] [warning] [/home/nick/.vscode-oss/extensions/sumneko.lua-3.2.0]: Couldn't find message for key config.diagnostics.missing-parameter.
[2022-05-20 09:05:47.811] [renderer1] [warning] [/home/nick/.vscode-oss/extensions/sumneko.lua-3.2.0]: Couldn't find message for key config.diagnostics.need-check-nil.
[2022-05-20 09:05:47.811] [renderer1] [warning] [/home/nick/.vscode-oss/extensions/sumneko.lua-3.2.0]: Couldn't find message for key config.diagnostics.no-unknown.
[2022-05-20 09:05:47.811] [renderer1] [warning] [/home/nick/.vscode-oss/extensions/sumneko.lua-3.2.0]: Couldn't find message for key config.diagnostics.not-yieldable.
[2022-05-20 09:05:47.811] [renderer1] [warning] [/home/nick/.vscode-oss/extensions/sumneko.lua-3.2.0]: Couldn't find message for key config.diagnostics.redundant-return.
[2022-05-20 09:05:47.811] [renderer1] [warning] [/home/nick/.vscode-oss/extensions/sumneko.lua-3.2.0]: Couldn't find message for key config.diagnostics.type-check.
[2022-05-20 09:05:47.811] [renderer1] [warning] [/home/nick/.vscode-oss/extensions/sumneko.lua-3.2.0]: Couldn't find message for key config.diagnostics.unbalanced-assignments.
[2022-05-20 09:05:47.812] [renderer1] [warning] [/home/nick/.vscode-oss/extensions/sumneko.lua-3.2.0]: Couldn't find message for key config.diagnostics.undefined-doc-class.
[2022-05-20 09:05:47.812] [renderer1] [warning] [/home/nick/.vscode-oss/extensions/sumneko.lua-3.2.0]: Couldn't find message for key config.diagnostics.undefined-doc-name.
[2022-05-20 09:05:47.812] [renderer1] [warning] [/home/nick/.vscode-oss/extensions/sumneko.lua-3.2.0]: Couldn't find message for key config.diagnostics.undefined-doc-param.
[2022-05-20 09:05:47.812] [renderer1] [warning] [/home/nick/.vscode-oss/extensions/sumneko.lua-3.2.0]: Couldn't find message for key config.diagnostics.undefined-field.
[2022-05-20 09:05:47.812] [renderer1] [warning] [/home/nick/.vscode-oss/extensions/sumneko.lua-3.2.0]: Couldn't find message for key config.diagnostics.unknown-diag-code.
[2022-05-20 09:05:47.812] [renderer1] [warning] [/home/nick/.vscode-oss/extensions/sumneko.lua-3.2.0]: Couldn't find message for key config.format.defaultConfig.
[2022-05-20 09:05:47.812] [renderer1] [warning] [/home/nick/.vscode-oss/extensions/sumneko.lua-3.2.0]: Couldn't find message for key config.runtime.builtin.basic.
[2022-05-20 09:05:47.812] [renderer1] [warning] [/home/nick/.vscode-oss/extensions/sumneko.lua-3.2.0]: Couldn't find message for key config.runtime.builtin.bit.
[2022-05-20 09:05:47.813] [renderer1] [warning] [/home/nick/.vscode-oss/extensions/sumneko.lua-3.2.0]: Couldn't find message for key config.runtime.builtin.bit32.
[2022-05-20 09:05:47.813] [renderer1] [warning] [/home/nick/.vscode-oss/extensions/sumneko.lua-3.2.0]: Couldn't find message for key config.runtime.builtin.builtin.
[2022-05-20 09:05:47.813] [renderer1] [warning] [/home/nick/.vscode-oss/extensions/sumneko.lua-3.2.0]: Couldn't find message for key config.runtime.builtin.coroutine.
[2022-05-20 09:05:47.813] [renderer1] [warning] [/home/nick/.vscode-oss/extensions/sumneko.lua-3.2.0]: Couldn't find message for key config.runtime.builtin.debug.
[2022-05-20 09:05:47.813] [renderer1] [warning] [/home/nick/.vscode-oss/extensions/sumneko.lua-3.2.0]: Couldn't find message for key config.runtime.builtin.ffi.
[2022-05-20 09:05:47.813] [renderer1] [warning] [/home/nick/.vscode-oss/extensions/sumneko.lua-3.2.0]: Couldn't find message for key config.runtime.builtin.io.
[2022-05-20 09:05:47.814] [renderer1] [warning] [/home/nick/.vscode-oss/extensions/sumneko.lua-3.2.0]: Couldn't find message for key config.runtime.builtin.jit.
[2022-05-20 09:05:47.814] [renderer1] [warning] [/home/nick/.vscode-oss/extensions/sumneko.lua-3.2.0]: Couldn't find message for key config.runtime.builtin.math.
[2022-05-20 09:05:47.814] [renderer1] [warning] [/home/nick/.vscode-oss/extensions/sumneko.lua-3.2.0]: Couldn't find message for key config.runtime.builtin.os.
[2022-05-20 09:05:47.814] [renderer1] [warning] [/home/nick/.vscode-oss/extensions/sumneko.lua-3.2.0]: Couldn't find message for key config.runtime.builtin.package.
[2022-05-20 09:05:47.814] [renderer1] [warning] [/home/nick/.vscode-oss/extensions/sumneko.lua-3.2.0]: Couldn't find message for key config.runtime.builtin.string.
[2022-05-20 09:05:47.814] [renderer1] [warning] [/home/nick/.vscode-oss/extensions/sumneko.lua-3.2.0]: Couldn't find message for key config.runtime.builtin.table.
[2022-05-20 09:05:47.814] [renderer1] [warning] [/home/nick/.vscode-oss/extensions/sumneko.lua-3.2.0]: Couldn't find message for key config.runtime.builtin.utf8.
[2022-05-20 09:05:47.832] [renderer1] [critical] Extension 'ms-python.python CANNOT USE these API proposals 'quickPickSortByLabel, testObserver, notebookEditor'. You MUST start in extension development mode or use the --enable-proposed-api command line flag
[2022-05-20 09:06:21.672] [renderer1] [warning] [/home/nick/.vscode-oss/extensions/sumneko.lua-3.2.0]: Couldn't find message for key config.diagnostics.await-in-sync.
[2022-05-20 09:06:21.672] [renderer1] [warning] [/home/nick/.vscode-oss/extensions/sumneko.lua-3.2.0]: Couldn't find message for key config.diagnostics.circle-doc-class.
[2022-05-20 09:06:21.672] [renderer1] [warning] [/home/nick/.vscode-oss/extensions/sumneko.lua-3.2.0]: Couldn't find message for key config.diagnostics.close-non-object.
[2022-05-20 09:06:21.672] [renderer1] [warning] [/home/nick/.vscode-oss/extensions/sumneko.lua-3.2.0]: Couldn't find message for key config.diagnostics.code-after-break.
[2022-05-20 09:06:21.673] [renderer1] [warning] [/home/nick/.vscode-oss/extensions/sumneko.lua-3.2.0]: Couldn't find message for key config.diagnostics.codestyle-check.
[2022-05-20 09:06:21.673] [renderer1] [warning] [/home/nick/.vscode-oss/extensions/sumneko.lua-3.2.0]: Couldn't find message for key config.diagnostics.count-down-loop.
[2022-05-20 09:06:21.673] [renderer1] [warning] [/home/nick/.vscode-oss/extensions/sumneko.lua-3.2.0]: Couldn't find message for key config.diagnostics.deprecated.
[2022-05-20 09:06:21.673] [renderer1] [warning] [/home/nick/.vscode-oss/extensions/sumneko.lua-3.2.0]: Couldn't find message for key config.diagnostics.different-requires.
[2022-05-20 09:06:21.673] [renderer1] [warning] [/home/nick/.vscode-oss/extensions/sumneko.lua-3.2.0]: Couldn't find message for key config.diagnostics.discard-returns.
[2022-05-20 09:06:21.674] [renderer1] [warning] [/home/nick/.vscode-oss/extensions/sumneko.lua-3.2.0]: Couldn't find message for key config.diagnostics.doc-field-no-class.
[2022-05-20 09:06:21.674] [renderer1] [warning] [/home/nick/.vscode-oss/extensions/sumneko.lua-3.2.0]: Couldn't find message for key config.diagnostics.duplicate-doc-alias.
[2022-05-20 09:06:21.674] [renderer1] [warning] [/home/nick/.vscode-oss/extensions/sumneko.lua-3.2.0]: Couldn't find message for key config.diagnostics.duplicate-doc-field.
[2022-05-20 09:06:21.674] [renderer1] [warning] [/home/nick/.vscode-oss/extensions/sumneko.lua-3.2.0]: Couldn't find message for key config.diagnostics.duplicate-doc-param.
[2022-05-20 09:06:21.674] [renderer1] [warning] [/home/nick/.vscode-oss/extensions/sumneko.lua-3.2.0]: Couldn't find message for key config.diagnostics.duplicate-set-field.
[2022-05-20 09:06:21.674] [renderer1] [warning] [/home/nick/.vscode-oss/extensions/sumneko.lua-3.2.0]: Couldn't find message for key config.diagnostics.missing-parameter.
[2022-05-20 09:06:21.675] [renderer1] [warning] [/home/nick/.vscode-oss/extensions/sumneko.lua-3.2.0]: Couldn't find message for key config.diagnostics.need-check-nil.
[2022-05-20 09:06:21.675] [renderer1] [warning] [/home/nick/.vscode-oss/extensions/sumneko.lua-3.2.0]: Couldn't find message for key config.diagnostics.no-unknown.
[2022-05-20 09:06:21.675] [renderer1] [warning] [/home/nick/.vscode-oss/extensions/sumneko.lua-3.2.0]: Couldn't find message for key config.diagnostics.not-yieldable.
[2022-05-20 09:06:21.675] [renderer1] [warning] [/home/nick/.vscode-oss/extensions/sumneko.lua-3.2.0]: Couldn't find message for key config.diagnostics.redundant-return.
[2022-05-20 09:06:21.675] [renderer1] [warning] [/home/nick/.vscode-oss/extensions/sumneko.lua-3.2.0]: Couldn't find message for key config.diagnostics.type-check.
[2022-05-20 09:06:21.676] [renderer1] [warning] [/home/nick/.vscode-oss/extensions/sumneko.lua-3.2.0]: Couldn't find message for key config.diagnostics.unbalanced-assignments.
[2022-05-20 09:06:21.676] [renderer1] [warning] [/home/nick/.vscode-oss/extensions/sumneko.lua-3.2.0]: Couldn't find message for key config.diagnostics.undefined-doc-class.
[2022-05-20 09:06:21.676] [renderer1] [warning] [/home/nick/.vscode-oss/extensions/sumneko.lua-3.2.0]: Couldn't find message for key config.diagnostics.undefined-doc-name.
[2022-05-20 09:06:21.676] [renderer1] [warning] [/home/nick/.vscode-oss/extensions/sumneko.lua-3.2.0]: Couldn't find message for key config.diagnostics.undefined-doc-param.
[2022-05-20 09:06:21.677] [renderer1] [warning] [/home/nick/.vscode-oss/extensions/sumneko.lua-3.2.0]: Couldn't find message for key config.diagnostics.undefined-field.
[2022-05-20 09:06:21.677] [renderer1] [warning] [/home/nick/.vscode-oss/extensions/sumneko.lua-3.2.0]: Couldn't find message for key config.diagnostics.unknown-diag-code.
[2022-05-20 09:06:21.677] [renderer1] [warning] [/home/nick/.vscode-oss/extensions/sumneko.lua-3.2.0]: Couldn't find message for key config.diagnostics.await-in-sync.
[2022-05-20 09:06:21.677] [renderer1] [warning] [/home/nick/.vscode-oss/extensions/sumneko.lua-3.2.0]: Couldn't find message for key config.diagnostics.circle-doc-class.
[2022-05-20 09:06:21.678] [renderer1] [warning] [/home/nick/.vscode-oss/extensions/sumneko.lua-3.2.0]: Couldn't find message for key config.diagnostics.close-non-object.
[2022-05-20 09:06:21.678] [renderer1] [warning] [/home/nick/.vscode-oss/extensions/sumneko.lua-3.2.0]: Couldn't find message for key config.diagnostics.code-after-break.
[2022-05-20 09:06:21.678] [renderer1] [warning] [/home/nick/.vscode-oss/extensions/sumneko.lua-3.2.0]: Couldn't find message for key config.diagnostics.codestyle-check.
[2022-05-20 09:06:21.678] [renderer1] [warning] [/home/nick/.vscode-oss/extensions/sumneko.lua-3.2.0]: Couldn't find message for key config.diagnostics.count-down-loop.
[2022-05-20 09:06:21.679] [renderer1] [warning] [/home/nick/.vscode-oss/extensions/sumneko.lua-3.2.0]: Couldn't find message for key config.diagnostics.deprecated.
[2022-05-20 09:06:21.679] [renderer1] [warning] [/home/nick/.vscode-oss/extensions/sumneko.lua-3.2.0]: Couldn't find message for key config.diagnostics.different-requires.
[2022-05-20 09:06:21.679] [renderer1] [warning] [/home/nick/.vscode-oss/extensions/sumneko.lua-3.2.0]: Couldn't find message for key config.diagnostics.discard-returns.
[2022-05-20 09:06:21.679] [renderer1] [warning] [/home/nick/.vscode-oss/extensions/sumneko.lua-3.2.0]: Couldn't find message for key config.diagnostics.doc-field-no-class.
[2022-05-20 09:06:21.680] [renderer1] [warning] [/home/nick/.vscode-oss/extensions/sumneko.lua-3.2.0]: Couldn't find message for key config.diagnostics.duplicate-doc-alias.
[2022-05-20 09:06:21.680] [renderer1] [warning] [/home/nick/.vscode-oss/extensions/sumneko.lua-3.2.0]: Couldn't find message for key config.diagnostics.duplicate-doc-field.
[2022-05-20 09:06:21.680] [renderer1] [warning] [/home/nick/.vscode-oss/extensions/sumneko.lua-3.2.0]: Couldn't find message for key config.diagnostics.duplicate-doc-param.
[2022-05-20 09:06:21.681] [renderer1] [warning] [/home/nick/.vscode-oss/extensions/sumneko.lua-3.2.0]: Couldn't find message for key config.diagnostics.duplicate-set-field.
[2022-05-20 09:06:21.681] [renderer1] [warning] [/home/nick/.vscode-oss/extensions/sumneko.lua-3.2.0]: Couldn't find message for key config.diagnostics.missing-parameter.
[2022-05-20 09:06:21.682] [renderer1] [warning] [/home/nick/.vscode-oss/extensions/sumneko.lua-3.2.0]: Couldn't find message for key config.diagnostics.need-check-nil.
[2022-05-20 09:06:21.682] [renderer1] [warning] [/home/nick/.vscode-oss/extensions/sumneko.lua-3.2.0]: Couldn't find message for key config.diagnostics.no-unknown.
[2022-05-20 09:06:21.682] [renderer1] [warning] [/home/nick/.vscode-oss/extensions/sumneko.lua-3.2.0]: Couldn't find message for key config.diagnostics.not-yieldable.
[2022-05-20 09:06:21.683] [renderer1] [warning] [/home/nick/.vscode-oss/extensions/sumneko.lua-3.2.0]: Couldn't find message for key config.diagnostics.redundant-return.
[2022-05-20 09:06:21.683] [renderer1] [warning] [/home/nick/.vscode-oss/extensions/sumneko.lua-3.2.0]: Couldn't find message for key config.diagnostics.type-check.
[2022-05-20 09:06:21.683] [renderer1] [warning] [/home/nick/.vscode-oss/extensions/sumneko.lua-3.2.0]: Couldn't find message for key config.diagnostics.unbalanced-assignments.
[2022-05-20 09:06:21.683] [renderer1] [warning] [/home/nick/.vscode-oss/extensions/sumneko.lua-3.2.0]: Couldn't find message for key config.diagnostics.undefined-doc-class.
[2022-05-20 09:06:21.683] [renderer1] [warning] [/home/nick/.vscode-oss/extensions/sumneko.lua-3.2.0]: Couldn't find message for key config.diagnostics.undefined-doc-name.
[2022-05-20 09:06:21.683] [renderer1] [warning] [/home/nick/.vscode-oss/extensions/sumneko.lua-3.2.0]: Couldn't find message for key config.diagnostics.undefined-doc-param.
[2022-05-20 09:06:21.684] [renderer1] [warning] [/home/nick/.vscode-oss/extensions/sumneko.lua-3.2.0]: Couldn't find message for key config.diagnostics.undefined-field.
[2022-05-20 09:06:21.684] [renderer1] [warning] [/home/nick/.vscode-oss/extensions/sumneko.lua-3.2.0]: Couldn't find message for key config.diagnostics.unknown-diag-code.
[2022-05-20 09:06:21.684] [renderer1] [warning] [/home/nick/.vscode-oss/extensions/sumneko.lua-3.2.0]: Couldn't find message for key config.format.defaultConfig.
[2022-05-20 09:06:21.684] [renderer1] [warning] [/home/nick/.vscode-oss/extensions/sumneko.lua-3.2.0]: Couldn't find message for key config.runtime.builtin.basic.
[2022-05-20 09:06:21.684] [renderer1] [warning] [/home/nick/.vscode-oss/extensions/sumneko.lua-3.2.0]: Couldn't find message for key config.runtime.builtin.bit.
[2022-05-20 09:06:21.684] [renderer1] [warning] [/home/nick/.vscode-oss/extensions/sumneko.lua-3.2.0]: Couldn't find message for key config.runtime.builtin.bit32.
[2022-05-20 09:06:21.685] [renderer1] [warning] [/home/nick/.vscode-oss/extensions/sumneko.lua-3.2.0]: Couldn't find message for key config.runtime.builtin.builtin.
[2022-05-20 09:06:21.685] [renderer1] [warning] [/home/nick/.vscode-oss/extensions/sumneko.lua-3.2.0]: Couldn't find message for key config.runtime.builtin.coroutine.
[2022-05-20 09:06:21.685] [renderer1] [warning] [/home/nick/.vscode-oss/extensions/sumneko.lua-3.2.0]: Couldn't find message for key config.runtime.builtin.debug.
[2022-05-20 09:06:21.685] [renderer1] [warning] [/home/nick/.vscode-oss/extensions/sumneko.lua-3.2.0]: Couldn't find message for key config.runtime.builtin.ffi.
[2022-05-20 09:06:21.686] [renderer1] [warning] [/home/nick/.vscode-oss/extensions/sumneko.lua-3.2.0]: Couldn't find message for key config.runtime.builtin.io.
[2022-05-20 09:06:21.686] [renderer1] [warning] [/home/nick/.vscode-oss/extensions/sumneko.lua-3.2.0]: Couldn't find message for key config.runtime.builtin.jit.
[2022-05-20 09:06:21.686] [renderer1] [warning] [/home/nick/.vscode-oss/extensions/sumneko.lua-3.2.0]: Couldn't find message for key config.runtime.builtin.math.
[2022-05-20 09:06:21.686] [renderer1] [warning] [/home/nick/.vscode-oss/extensions/sumneko.lua-3.2.0]: Couldn't find message for key config.runtime.builtin.os.
[2022-05-20 09:06:21.687] [renderer1] [warning] [/home/nick/.vscode-oss/extensions/sumneko.lua-3.2.0]: Couldn't find message for key config.runtime.builtin.package.
[2022-05-20 09:06:21.687] [renderer1] [warning] [/home/nick/.vscode-oss/extensions/sumneko.lua-3.2.0]: Couldn't find message for key config.runtime.builtin.string.
[2022-05-20 09:06:21.687] [renderer1] [warning] [/home/nick/.vscode-oss/extensions/sumneko.lua-3.2.0]: Couldn't find message for key config.runtime.builtin.table.
[2022-05-20 09:06:21.687] [renderer1] [warning] [/home/nick/.vscode-oss/extensions/sumneko.lua-3.2.0]: Couldn't find message for key config.runtime.builtin.utf8.
[2022-05-20 09:06:21.714] [renderer1] [critical] Extension 'ms-python.python CANNOT USE these API proposals 'quickPickSortByLabel, testObserver, notebookEditor'. You MUST start in extension development mode or use the --enable-proposed-api command line flag
