Found 36 domains for movement class 351 on map Desert Shellmap.
Found 3 domains for movement class 2048 on map Desert Shellmap.
Found 3 domains for movement class 2049 on map Desert Shellmap.
Found 1 domains for movement class 0 on map Desert Shellmap.
--Tick: 1 (net)
--Tick: 2 (local)
--Tick: 3 (local)
--Tick: 4 (net)
--Tick: 5 (local)
--Tick: 6 (local)
--Tick: 7 (net)
--Tick: 8 (local)
--Tick: 9 (local)
--Tick: 10 (net)
--Tick: 11 (local)
--Tick: 12 (local)
--Tick: 13 (net)
--Tick: 14 (local)
--Tick: 15 (local)
--Tick: 16 (net)
--Tick: 17 (local)
--Tick: 18 (local)
--Tick: 19 (net)
--Tick: 20 (local)
--Tick: 21 (local)
--Tick: 22 (net)
--Tick: 23 (local)
--Tick: 24 (local)
--Tick: 25 (net)
--Tick: 26 (local)
--Tick: 27 (local)
--Tick: 28 (net)
--Tick: 29 (local)
--Tick: 30 (local)
--Tick: 31 (net)
--Tick: 32 (local)
--Tick: 33 (local)
--Tick: 34 (net)
--Tick: 35 (local)
--Tick: 36 (local)
--Tick: 37 (net)
--Tick: 38 (local)
--Tick: 39 (local)
--Tick: 40 (net)
--Tick: 41 (local)
--Tick: 42 (local)
--Tick: 43 (net)
--Tick: 44 (local)
--Tick: 45 (local)
--Tick: 46 (net)
--Tick: 47 (local)
--Tick: 48 (local)
--Tick: 49 (net)
--Tick: 50 (local)
--Tick: 51 (local)
--Tick: 52 (net)
--Tick: 53 (local)
--Tick: 54 (local)
--Tick: 55 (net)
--Tick: 56 (local)
--Tick: 57 (local)
--Tick: 58 (net)
--Tick: 59 (local)
--Tick: 60 (local)
--Tick: 61 (net)
--Tick: 62 (local)
--Tick: 63 (local)
--Tick: 64 (net)
--Tick: 65 (local)
--Tick: 66 (local)
--Tick: 67 (net)
--Tick: 68 (local)
--Tick: 69 (local)
--Tick: 70 (net)
--Tick: 71 (local)
--Tick: 72 (local)
--Tick: 73 (net)
--Tick: 74 (local)
--Tick: 75 (local)
--Tick: 76 (net)
--Tick: 77 (local)
--Tick: 78 (local)
--Tick: 79 (net)
--Tick: 80 (local)
--Tick: 81 (local)
--Tick: 82 (net)
--Tick: 83 (local)
--Tick: 84 (local)
--Tick: 85 (net)
--Tick: 86 (local)
--Tick: 87 (local)
--Tick: 88 (net)
--Tick: 89 (local)
--Tick: 90 (local)
--Tick: 91 (net)
--Tick: 92 (local)
--Tick: 93 (local)
--Tick: 94 (net)
--Tick: 95 (local)
--Tick: 96 (local)
--Tick: 97 (net)
--Tick: 98 (local)
--Tick: 99 (local)
--Tick: 100 (net)
--Tick: 101 (local)
--Tick: 102 (local)
--Tick: 103 (net)
--Tick: 104 (local)
--Tick: 105 (local)
--Tick: 106 (net)
--Tick: 107 (local)
--Tick: 108 (local)
--Tick: 109 (net)
--Tick: 110 (local)
--Tick: 111 (local)
--Tick: 112 (net)
--Tick: 113 (local)
--Tick: 114 (local)
--Tick: 115 (net)
--Tick: 116 (local)
--Tick: 117 (local)
--Tick: 118 (net)
--Tick: 119 (local)
--Tick: 120 (local)
--Tick: 121 (net)
--Tick: 122 (local)
--Tick: 123 (local)
--Tick: 124 (net)
--Tick: 125 (local)
--Tick: 126 (local)
--Tick: 127 (net)
--Tick: 128 (local)
--Tick: 129 (local)
--Tick: 130 (net)
--Tick: 131 (local)
--Tick: 132 (local)
--Tick: 133 (net)
--Tick: 134 (local)
--Tick: 135 (local)
--Tick: 136 (net)
--Tick: 137 (local)
--Tick: 138 (local)
--Tick: 139 (net)
--Tick: 140 (local)
--Tick: 141 (local)
--Tick: 142 (net)
--Tick: 143 (local)
--Tick: 144 (local)
--Tick: 145 (net)
--Tick: 146 (local)
--Tick: 147 (local)
--Tick: 148 (net)
--Tick: 149 (local)
--Tick: 150 (local)
--Tick: 151 (net)
--Tick: 152 (local)
--Tick: 153 (local)
--Tick: 154 (net)
--Tick: 155 (local)
--Tick: 156 (local)
--Tick: 157 (net)
--Tick: 158 (local)
--Tick: 159 (local)
--Tick: 160 (net)
--Tick: 161 (local)
--Tick: 162 (local)
--Tick: 163 (net)
--Tick: 164 (local)
--Tick: 165 (local)
--Tick: 166 (net)
--Tick: 167 (local)
--Tick: 168 (local)
--Tick: 169 (net)
--Tick: 170 (local)
--Tick: 171 (local)
--Tick: 172 (net)
--Tick: 173 (local)
--Tick: 174 (local)
--Tick: 175 (net)
--Tick: 176 (local)
--Tick: 177 (local)
--Tick: 178 (net)
--Tick: 179 (local)
--Tick: 180 (local)
--Tick: 181 (net)
--Tick: 182 (local)
--Tick: 183 (local)
--Tick: 184 (net)
--Tick: 185 (local)
--Tick: 186 (local)
--Tick: 187 (net)
--Tick: 188 (local)
--Tick: 189 (local)
--Tick: 190 (net)
--Tick: 191 (local)
--Tick: 192 (local)
--Tick: 193 (net)
--Tick: 194 (local)
--Tick: 195 (local)
--Tick: 196 (net)
--Tick: 197 (local)
--Tick: 198 (local)
--Tick: 199 (net)
--Tick: 200 (local)
--Tick: 201 (local)
--Tick: 202 (net)
--Tick: 203 (local)
--Tick: 204 (local)
--Tick: 205 (net)
--Tick: 206 (local)
--Tick: 207 (local)
--Tick: 208 (net)
--Tick: 209 (local)
--Tick: 210 (local)
--Tick: 211 (net)
--Tick: 212 (local)
--Tick: 213 (local)
--Tick: 214 (net)
--Tick: 215 (local)
--Tick: 216 (local)
--Tick: 217 (net)
--Tick: 218 (local)
--Tick: 219 (local)
--Tick: 220 (net)
--Tick: 221 (local)
--Tick: 222 (local)
--Tick: 223 (net)
--Tick: 224 (local)
--Tick: 225 (local)
--Tick: 226 (net)
--Tick: 227 (local)
--Tick: 228 (local)
--Tick: 229 (net)
--Tick: 230 (local)
--Tick: 231 (local)
--Tick: 232 (net)
--Tick: 233 (local)
--Tick: 234 (local)
--Tick: 235 (net)
--Tick: 236 (local)
--Tick: 237 (local)
--Tick: 238 (net)
--Tick: 239 (local)
--Tick: 240 (local)
--Tick: 241 (net)
--Tick: 242 (local)
--Tick: 243 (local)
--Tick: 244 (net)
--Tick: 245 (local)
--Tick: 246 (local)
--Tick: 247 (net)
--Tick: 248 (local)
--Tick: 249 (local)
--Tick: 250 (net)
--Tick: 251 (local)
--Tick: 252 (local)
--Tick: 253 (net)
--Tick: 254 (local)
--Tick: 255 (local)
--Tick: 256 (net)
--Tick: 257 (local)
--Tick: 258 (local)
--Tick: 259 (net)
--Tick: 260 (local)
--Tick: 261 (local)
--Tick: 262 (net)
--Tick: 263 (local)
--Tick: 264 (local)
--Tick: 265 (net)
--Tick: 266 (local)
--Tick: 267 (local)
--Tick: 268 (net)
--Tick: 269 (local)
--Tick: 270 (local)
--Tick: 271 (net)
--Tick: 272 (local)
--Tick: 273 (local)
--Tick: 274 (net)
--Tick: 275 (local)
--Tick: 276 (local)
--Tick: 277 (net)
c2 #233 killed by 3tnk #445
--Tick: 278 (local)
--Tick: 279 (local)
--Tick: 280 (net)
--Tick: 281 (local)
--Tick: 282 (local)
--Tick: 283 (net)
--Tick: 284 (local)
--Tick: 285 (local)
--Tick: 286 (net)
--Tick: 287 (local)
--Tick: 288 (local)
--Tick: 289 (net)
--Tick: 290 (local)
--Tick: 291 (local)
--Tick: 292 (net)
--Tick: 293 (local)
--Tick: 294 (local)
--Tick: 295 (net)
--Tick: 296 (local)
--Tick: 297 (local)
--Tick: 298 (net)
--Tick: 299 (local)
--Tick: 300 (local)
--Tick: 301 (net)
--Tick: 302 (local)
--Tick: 303 (local)
--Tick: 304 (net)
wood #371 killed by ttnk #447
--Tick: 305 (local)
--Tick: 306 (local)
--Tick: 307 (net)
--Tick: 308 (local)
--Tick: 309 (local)
--Tick: 310 (net)
--Tick: 311 (local)
--Tick: 312 (local)
--Tick: 313 (net)
--Tick: 314 (local)
--Tick: 315 (local)
--Tick: 316 (net)
--Tick: 317 (local)
--Tick: 318 (local)
--Tick: 319 (net)
--Tick: 320 (local)
--Tick: 321 (local)
--Tick: 322 (net)
--Tick: 323 (local)
--Tick: 324 (local)
--Tick: 325 (net)
--Tick: 326 (local)
--Tick: 327 (local)
--Tick: 328 (net)
--Tick: 329 (local)
--Tick: 330 (local)
--Tick: 331 (net)
--Tick: 332 (local)
--Tick: 333 (local)
--Tick: 334 (net)
--Tick: 335 (local)
--Tick: 336 (local)
--Tick: 337 (net)
--Tick: 338 (local)
--Tick: 339 (local)
--Tick: 340 (net)
--Tick: 341 (local)
--Tick: 342 (local)
--Tick: 343 (net)
--Tick: 344 (local)
--Tick: 345 (local)
--Tick: 346 (net)
--Tick: 347 (local)
--Tick: 348 (local)
--Tick: 349 (net)
--Tick: 350 (local)
--Tick: 351 (local)
--Tick: 352 (net)
--Tick: 353 (local)
--Tick: 354 (local)
--Tick: 355 (net)
--Tick: 356 (local)
--Tick: 357 (local)
--Tick: 358 (net)
--Tick: 359 (local)
--Tick: 360 (local)
--Tick: 361 (net)
--Tick: 362 (local)
--Tick: 363 (local)
e3 #501 killed by ca #78
--Tick: 364 (net)
--Tick: 365 (local)
--Tick: 366 (local)
--Tick: 367 (net)
--Tick: 368 (local)
--Tick: 369 (local)
--Tick: 370 (net)
--Tick: 371 (local)
--Tick: 372 (local)
--Tick: 373 (net)
--Tick: 374 (local)
--Tick: 375 (local)
--Tick: 376 (net)
--Tick: 377 (local)
MapCache.LoadAsyncInternal started
--Tick: 378 (local)
--Tick: 379 (net)
--Tick: 380 (local)
--Tick: 381 (local)
--Tick: 382 (net)
--Tick: 383 (local)
--Tick: 384 (local)
--Tick: 385 (net)
--Tick: 386 (local)
--Tick: 387 (local)
--Tick: 388 (net)
--Tick: 389 (local)
--Tick: 390 (local)
--Tick: 391 (net)
--Tick: 392 (local)
--Tick: 393 (local)
--Tick: 394 (net)
--Tick: 395 (local)
--Tick: 396 (local)
--Tick: 397 (net)
--Tick: 398 (local)
--Tick: 399 (local)
--Tick: 400 (net)
--Tick: 401 (local)
--Tick: 402 (local)
--Tick: 403 (net)
--Tick: 404 (local)
--Tick: 405 (local)
--Tick: 406 (net)
--Tick: 407 (local)
--Tick: 408 (local)
--Tick: 409 (net)
--Tick: 410 (local)
--Tick: 411 (local)
--Tick: 412 (net)
--Tick: 413 (local)
--Tick: 414 (local)
--Tick: 415 (net)
--Tick: 416 (local)
--Tick: 417 (local)
--Tick: 418 (net)
--Tick: 419 (local)
--Tick: 420 (local)
--Tick: 421 (net)
--Tick: 422 (local)
--Tick: 423 (local)
--Tick: 424 (net)
--Tick: 425 (local)
--Tick: 426 (local)
--Tick: 427 (net)
--Tick: 428 (local)
--Tick: 429 (local)
--Tick: 430 (net)
--Tick: 431 (local)
--Tick: 432 (local)
--Tick: 433 (net)
--Tick: 434 (local)
--Tick: 435 (local)
--Tick: 436 (net)
e2 #500 killed by e7 #181
--Tick: 437 (local)
--Tick: 438 (local)
--Tick: 439 (net)
--Tick: 440 (local)
--Tick: 441 (local)
--Tick: 442 (net)
--Tick: 443 (local)
--Tick: 444 (local)
--Tick: 445 (net)
--Tick: 446 (local)
ftrk #446 killed by 2tnk #255
--Tick: 447 (local)
--Tick: 448 (net)
--Tick: 449 (local)
--Tick: 450 (local)
--Tick: 451 (net)
--Tick: 452 (local)
--Tick: 453 (local)
--Tick: 454 (net)
--Tick: 455 (local)
--Tick: 456 (local)
--Tick: 457 (net)
--Tick: 458 (local)
--Tick: 459 (local)
--Tick: 460 (net)
--Tick: 461 (local)
--Tick: 462 (local)
--Tick: 463 (net)
--Tick: 464 (local)
--Tick: 465 (local)
--Tick: 466 (net)
--Tick: 467 (local)
--Tick: 468 (local)
--Tick: 469 (net)
--Tick: 470 (local)
--Tick: 471 (local)
--Tick: 472 (net)
--Tick: 473 (local)
--Tick: 474 (local)
--Tick: 475 (net)
--Tick: 476 (local)
--Tick: 477 (local)
--Tick: 478 (net)
--Tick: 479 (local)
--Tick: 480 (local)
--Tick: 481 (net)
--Tick: 482 (local)
--Tick: 483 (local)
--Tick: 484 (net)
--Tick: 485 (local)
--Tick: 486 (local)
--Tick: 487 (net)
--Tick: 488 (local)
--Tick: 489 (local)
--Tick: 490 (net)
--Tick: 491 (local)
--Tick: 492 (local)
--Tick: 493 (net)
--Tick: 494 (local)
--Tick: 495 (local)
--Tick: 496 (net)
--Tick: 497 (local)
--Tick: 498 (local)
--Tick: 499 (net)
--Tick: 500 (local)
--Tick: 501 (local)
e2 #504 killed by e7 #181
--Tick: 502 (net)
--Tick: 503 (local)
--Tick: 504 (local)
--Tick: 505 (net)
--Tick: 506 (local)
--Tick: 507 (local)
--Tick: 508 (net)
--Tick: 509 (local)
--Tick: 510 (local)
--Tick: 511 (net)
--Tick: 512 (local)
--Tick: 513 (local)
--Tick: 514 (net)
--Tick: 515 (local)
--Tick: 516 (local)
--Tick: 517 (net)
e1 #116 killed by 2tnk #523
--Tick: 518 (local)
--Tick: 519 (local)
--Tick: 520 (net)
--Tick: 521 (local)
--Tick: 522 (local)
--Tick: 523 (net)
--Tick: 524 (local)
--Tick: 525 (local)
--Tick: 526 (net)
--Tick: 527 (local)
--Tick: 528 (local)
--Tick: 529 (net)
--Tick: 0 (net)
--Tick: 0 (net)
--Tick: 0 (net)
--Tick: 0 (net)
--Tick: 0 (net)
--Tick: 0 (net)
--Tick: 0 (net)
--Tick: 0 (net)
--Tick: 0 (net)
Found 4 domains for movement class 351 on map 01:   In the thick of it.
Found 3 domains for movement class 2048 on map 01:   In the thick of it.
Found 3 domains for movement class 2049 on map 01:   In the thick of it.
Found 1 domains for movement class 0 on map 01:   In the thick of it.
--Tick: 1 (net)
--Tick: 2 (local)
--Tick: 3 (local)
--Tick: 4 (net)
--Tick: 5 (local)
--Tick: 6 (local)
--Tick: 7 (net)
--Tick: 8 (local)
--Tick: 9 (local)
--Tick: 10 (net)
--Tick: 11 (local)
--Tick: 12 (local)
--Tick: 13 (net)
--Tick: 14 (local)
--Tick: 15 (local)
--Tick: 16 (net)
--Tick: 17 (local)
--Tick: 18 (local)
--Tick: 19 (net)
--Tick: 20 (local)
--Tick: 21 (local)
--Tick: 22 (net)
--Tick: 23 (local)
--Tick: 24 (local)
--Tick: 25 (net)
--Tick: 26 (local)
--Tick: 27 (local)
--Tick: 28 (net)
--Tick: 29 (local)
--Tick: 30 (local)
--Tick: 31 (net)
--Tick: 32 (local)
--Tick: 33 (local)
--Tick: 34 (net)
--Tick: 35 (local)
--Tick: 36 (local)
--Tick: 37 (net)
--Tick: 38 (local)
--Tick: 39 (local)
--Tick: 40 (net)
--Tick: 41 (local)
--Tick: 42 (local)
--Tick: 43 (net)
--Tick: 44 (local)
--Tick: 45 (local)
--Tick: 46 (net)
--Tick: 47 (local)
--Tick: 48 (local)
dog #104 killed by jeep #51
--Tick: 49 (net)
--Tick: 50 (local)
--Tick: 51 (local)
--Tick: 52 (net)
--Tick: 53 (local)
--Tick: 54 (local)
--Tick: 55 (net)
--Tick: 56 (local)
--Tick: 57 (local)
--Tick: 58 (net)
--Tick: 59 (local)
--Tick: 60 (local)
--Tick: 61 (net)
--Tick: 62 (local)
--Tick: 63 (local)
--Tick: 64 (net)
--Tick: 65 (local)
--Tick: 66 (local)
--Tick: 67 (net)
--Tick: 68 (local)
--Tick: 69 (local)
--Tick: 70 (net)
--Tick: 71 (local)
--Tick: 72 (local)
--Tick: 73 (net)
--Tick: 74 (local)
--Tick: 75 (local)
--Tick: 76 (net)
--Tick: 77 (local)
--Tick: 78 (local)
--Tick: 79 (net)
--Tick: 80 (local)
--Tick: 81 (local)
--Tick: 82 (net)
--Tick: 83 (local)
--Tick: 84 (local)
--Tick: 85 (net)
--Tick: 86 (local)
--Tick: 87 (local)
--Tick: 88 (net)
--Tick: 89 (local)
--Tick: 90 (local)
--Tick: 91 (net)
--Tick: 92 (local)
--Tick: 93 (local)
--Tick: 94 (net)
--Tick: 95 (local)
--Tick: 96 (local)
--Tick: 97 (net)
--Tick: 98 (local)
--Tick: 99 (local)
--Tick: 100 (net)
--Tick: 101 (local)
--Tick: 102 (local)
--Tick: 103 (net)
--Tick: 104 (local)
--Tick: 105 (local)
--Tick: 106 (net)
--Tick: 107 (local)
--Tick: 108 (local)
--Tick: 109 (net)
--Tick: 110 (local)
--Tick: 111 (local)
--Tick: 112 (net)
--Tick: 113 (local)
--Tick: 114 (local)
--Tick: 115 (net)
--Tick: 116 (local)
--Tick: 117 (local)
--Tick: 118 (net)
--Tick: 119 (local)
--Tick: 120 (local)
--Tick: 121 (net)
--Tick: 122 (local)
--Tick: 123 (local)
--Tick: 124 (net)
--Tick: 125 (local)
--Tick: 126 (local)
--Tick: 127 (net)
--Tick: 128 (local)
e1 #105 killed by jeep #53
--Tick: 129 (local)
--Tick: 130 (net)
--Tick: 131 (local)
--Tick: 132 (local)
--Tick: 133 (net)
--Tick: 134 (local)
--Tick: 135 (local)
--Tick: 136 (net)
--Tick: 137 (local)
--Tick: 138 (local)
--Tick: 139 (net)
--Tick: 140 (local)
--Tick: 141 (local)
--Tick: 142 (net)
--Tick: 143 (local)
--Tick: 144 (local)
--Tick: 145 (net)
--Tick: 146 (local)
--Tick: 147 (local)
--Tick: 148 (net)
--Tick: 149 (local)
--Tick: 150 (local)
--Tick: 151 (net)
e1 #107 killed by jeep #51
--Tick: 152 (local)
--Tick: 153 (local)
--Tick: 154 (net)
--Tick: 155 (local)
--Tick: 156 (local)
--Tick: 157 (net)
e1 #106 killed by jeep #52
--Tick: 158 (local)
--Tick: 159 (local)
--Tick: 160 (net)
--Tick: 161 (local)
--Tick: 162 (local)
--Tick: 163 (net)
--Tick: 164 (local)
--Tick: 165 (local)
--Tick: 166 (net)
--Tick: 167 (local)
--Tick: 168 (local)
--Tick: 169 (net)
--Tick: 170 (local)
--Tick: 171 (local)
--Tick: 172 (net)
--Tick: 173 (local)
--Tick: 174 (local)
--Tick: 175 (net)
--Tick: 176 (local)
--Tick: 177 (local)
--Tick: 178 (net)
--Tick: 179 (local)
--Tick: 180 (local)
--Tick: 181 (net)
--Tick: 182 (local)
--Tick: 183 (local)
--Tick: 184 (net)
--Tick: 185 (local)
--Tick: 186 (local)
--Tick: 187 (net)
--Tick: 188 (local)
--Tick: 189 (local)
--Tick: 190 (net)
--Tick: 191 (local)
barl #47 killed by jeep #51
--Tick: 192 (local)
--Tick: 193 (net)
e2 #63 killed by jeep #52
--Tick: 194 (local)
--Tick: 195 (local)
--Tick: 196 (net)
brl3 #45 killed by barl #47
barl #46 killed by barl #47
brl3 #48 killed by barl #47
e2 #64 killed by barl #47
--Tick: 197 (local)
--Tick: 198 (local)
--Tick: 199 (net)
--Tick: 200 (local)
--Tick: 201 (local)
barl #49 killed by brl3 #45
barl #50 killed by brl3 #45
powr #31 killed by barl #46
--Tick: 202 (net)
--Tick: 203 (local)
--Tick: 204 (local)
--Tick: 205 (net)
--Tick: 206 (local)
t17 #25 killed by barl #49
v19 #100 killed by barl #49
--Tick: 207 (local)
--Tick: 208 (net)
--Tick: 209 (local)
--Tick: 210 (local)
--Tick: 211 (net)
--Tick: 212 (local)
--Tick: 213 (local)
--Tick: 214 (net)
--Tick: 215 (local)
--Tick: 216 (local)
--Tick: 217 (net)
--Tick: 218 (local)
--Tick: 219 (local)
--Tick: 220 (net)
--Tick: 221 (local)
--Tick: 222 (local)
--Tick: 223 (net)
--Tick: 224 (local)
--Tick: 225 (local)
--Tick: 226 (net)
--Tick: 227 (local)
--Tick: 228 (local)
--Tick: 229 (net)
--Tick: 230 (local)
--Tick: 231 (local)
--Tick: 232 (net)
--Tick: 233 (local)
--Tick: 234 (local)
--Tick: 235 (net)
--Tick: 236 (local)
--Tick: 237 (local)
--Tick: 238 (net)
--Tick: 239 (local)
--Tick: 240 (local)
--Tick: 241 (net)
--Tick: 242 (local)
--Tick: 243 (local)
--Tick: 244 (net)
--Tick: 245 (local)
--Tick: 246 (local)
--Tick: 247 (net)
--Tick: 248 (local)
--Tick: 249 (local)
--Tick: 250 (net)
--Tick: 251 (local)
--Tick: 252 (local)
--Tick: 253 (net)
--Tick: 254 (local)
--Tick: 255 (local)
--Tick: 256 (net)
--Tick: 257 (local)
--Tick: 258 (local)
--Tick: 259 (net)
--Tick: 260 (local)
--Tick: 261 (local)
--Tick: 262 (net)
--Tick: 263 (local)
--Tick: 264 (local)
--Tick: 265 (net)
--Tick: 266 (local)
--Tick: 267 (local)
--Tick: 268 (net)
--Tick: 269 (local)
--Tick: 270 (local)
--Tick: 271 (net)
--Tick: 272 (local)
--Tick: 273 (local)
--Tick: 274 (net)
--Tick: 275 (local)
--Tick: 276 (local)
--Tick: 277 (net)
--Tick: 278 (local)
--Tick: 279 (local)
--Tick: 280 (net)
--Tick: 281 (local)
--Tick: 282 (local)
--Tick: 283 (net)
--Tick: 284 (local)
--Tick: 285 (local)
--Tick: 286 (net)
--Tick: 287 (local)
--Tick: 288 (local)
--Tick: 289 (net)
--Tick: 290 (local)
--Tick: 291 (local)
--Tick: 292 (net)
--Tick: 293 (local)
--Tick: 294 (local)
--Tick: 295 (net)
--Tick: 296 (local)
--Tick: 297 (local)
--Tick: 298 (net)
--Tick: 299 (local)
--Tick: 300 (local)
--Tick: 301 (net)
--Tick: 302 (local)
--Tick: 303 (local)
--Tick: 304 (net)
--Tick: 305 (local)
--Tick: 306 (local)
--Tick: 307 (net)
--Tick: 308 (local)
--Tick: 309 (local)
--Tick: 310 (net)
--Tick: 311 (local)
--Tick: 312 (local)
--Tick: 313 (net)
--Tick: 314 (local)
--Tick: 315 (local)
--Tick: 316 (net)
--Tick: 317 (local)
--Tick: 318 (local)
--Tick: 319 (net)
--Tick: 320 (local)
--Tick: 321 (local)
--Tick: 322 (net)
--Tick: 323 (local)
--Tick: 324 (local)
--Tick: 325 (net)
--Tick: 326 (local)
--Tick: 327 (local)
--Tick: 328 (net)
--Tick: 329 (local)
--Tick: 330 (local)
--Tick: 331 (net)
--Tick: 332 (local)
--Tick: 333 (local)
--Tick: 334 (net)
--Tick: 335 (local)
--Tick: 336 (local)
--Tick: 337 (net)
--Tick: 338 (local)
--Tick: 339 (local)
--Tick: 340 (net)
--Tick: 341 (local)
--Tick: 342 (local)
--Tick: 343 (net)
--Tick: 344 (local)
--Tick: 345 (local)
--Tick: 346 (net)
--Tick: 347 (local)
--Tick: 348 (local)
--Tick: 349 (net)
e7.noautotarget #124 killed by jeep #51
--Tick: 350 (local)
--Tick: 351 (local)
--Tick: 352 (net)
--Tick: 353 (local)
--Tick: 354 (local)
--Tick: 355 (net)
--Tick: 356 (local)
--Tick: 357 (local)
--Tick: 358 (net)
--Tick: 359 (local)
--Tick: 360 (local)
--Tick: 361 (net)
--Tick: 362 (local)
--Tick: 363 (local)
--Tick: 364 (net)
--Tick: 365 (local)
--Tick: 366 (local)
--Tick: 367 (net)
--Tick: 368 (local)
--Tick: 369 (local)
MapCache.LoadAsyncInternal ended
--Tick: 370 (net)
--Tick: 371 (local)
--Tick: 372 (local)
--Tick: 373 (net)
--Tick: 374 (local)
--Tick: 375 (local)
--Tick: 376 (net)
--Tick: 377 (local)
--Tick: 378 (local)
--Tick: 379 (net)
--Tick: 380 (local)
--Tick: 381 (local)
--Tick: 382 (net)
--Tick: 383 (local)
--Tick: 384 (local)
powr #40 killed by e7.noautotarget #124
--Tick: 385 (net)
--Tick: 386 (local)
--Tick: 387 (local)
--Tick: 388 (net)
--Tick: 389 (local)
--Tick: 390 (local)
--Tick: 391 (net)
--Tick: 392 (local)
--Tick: 393 (local)
--Tick: 394 (net)
--Tick: 395 (local)
--Tick: 396 (local)
--Tick: 397 (net)
--Tick: 398 (local)
--Tick: 399 (local)
--Tick: 400 (net)
--Tick: 401 (local)
--Tick: 402 (local)
--Tick: 403 (net)
--Tick: 404 (local)
--Tick: 405 (local)
--Tick: 406 (net)
--Tick: 407 (local)
--Tick: 408 (local)
--Tick: 409 (net)
--Tick: 410 (local)
--Tick: 411 (local)
--Tick: 412 (net)
--Tick: 413 (local)
--Tick: 414 (local)
--Tick: 415 (net)
--Tick: 416 (local)
--Tick: 417 (local)
--Tick: 418 (net)
--Tick: 419 (local)
--Tick: 420 (local)
--Tick: 421 (net)
--Tick: 422 (local)
--Tick: 423 (local)
--Tick: 424 (net)
--Tick: 425 (local)
--Tick: 426 (local)
--Tick: 427 (net)
--Tick: 428 (local)
--Tick: 429 (local)
--Tick: 430 (net)
--Tick: 431 (local)
--Tick: 432 (local)
--Tick: 433 (net)
--Tick: 434 (local)
--Tick: 435 (local)
--Tick: 436 (net)
--Tick: 437 (local)
--Tick: 438 (local)
--Tick: 439 (net)
--Tick: 440 (local)
--Tick: 441 (local)
--Tick: 442 (net)
--Tick: 443 (local)
--Tick: 444 (local)
--Tick: 445 (net)
--Tick: 446 (local)
--Tick: 447 (local)
--Tick: 448 (net)
--Tick: 449 (local)
--Tick: 450 (local)
--Tick: 451 (net)
--Tick: 452 (local)
--Tick: 453 (local)
--Tick: 454 (net)
--Tick: 455 (local)
--Tick: 456 (local)
--Tick: 457 (net)
--Tick: 458 (local)
--Tick: 459 (local)
--Tick: 460 (net)
--Tick: 461 (local)
--Tick: 462 (local)
--Tick: 463 (net)
--Tick: 464 (local)
--Tick: 465 (local)
--Tick: 466 (net)
--Tick: 467 (local)
--Tick: 468 (local)
--Tick: 469 (net)
--Tick: 470 (local)
--Tick: 471 (local)
--Tick: 472 (net)
--Tick: 473 (local)
--Tick: 474 (local)
--Tick: 475 (net)
--Tick: 476 (local)
--Tick: 477 (local)
--Tick: 478 (net)
--Tick: 479 (local)
--Tick: 480 (local)
--Tick: 481 (net)
--Tick: 482 (local)
--Tick: 483 (local)
--Tick: 484 (net)
--Tick: 485 (local)
--Tick: 486 (local)
--Tick: 487 (net)
--Tick: 488 (local)
--Tick: 489 (local)
--Tick: 490 (net)
--Tick: 491 (local)
--Tick: 492 (local)
--Tick: 493 (net)
--Tick: 494 (local)
--Tick: 495 (local)
--Tick: 496 (net)
--Tick: 497 (local)
--Tick: 498 (local)
--Tick: 499 (net)
--Tick: 500 (local)
--Tick: 501 (local)
--Tick: 502 (net)
--Tick: 503 (local)
--Tick: 504 (local)
--Tick: 505 (net)
--Tick: 506 (local)
--Tick: 507 (local)
--Tick: 508 (net)
--Tick: 509 (local)
--Tick: 510 (local)
--Tick: 511 (net)
--Tick: 512 (local)
--Tick: 513 (local)
--Tick: 514 (net)
--Tick: 515 (local)
--Tick: 516 (local)
--Tick: 517 (net)
--Tick: 518 (local)
--Tick: 519 (local)
--Tick: 520 (net)
--Tick: 521 (local)
--Tick: 522 (local)
--Tick: 523 (net)
--Tick: 524 (local)
--Tick: 525 (local)
--Tick: 526 (net)
--Tick: 527 (local)
--Tick: 528 (local)
--Tick: 529 (net)
--Tick: 530 (local)
--Tick: 531 (local)
--Tick: 532 (net)
--Tick: 533 (local)
--Tick: 534 (local)
--Tick: 535 (net)
--Tick: 536 (local)
--Tick: 537 (local)
--Tick: 538 (net)
--Tick: 539 (local)
--Tick: 540 (local)
--Tick: 541 (net)
--Tick: 542 (local)
--Tick: 543 (local)
--Tick: 544 (net)
--Tick: 545 (local)
--Tick: 546 (local)
--Tick: 547 (net)
--Tick: 548 (local)
--Tick: 549 (local)
--Tick: 550 (net)
--Tick: 551 (local)
--Tick: 552 (local)
--Tick: 553 (net)
--Tick: 554 (local)
--Tick: 555 (local)
--Tick: 556 (net)
--Tick: 557 (local)
--Tick: 558 (local)
--Tick: 559 (net)
--Tick: 560 (local)
--Tick: 561 (local)
--Tick: 562 (net)
--Tick: 563 (local)
--Tick: 564 (local)
--Tick: 565 (net)
--Tick: 566 (local)
--Tick: 567 (local)
--Tick: 568 (net)
--Tick: 569 (local)
--Tick: 570 (local)
--Tick: 571 (net)
--Tick: 572 (local)
--Tick: 573 (local)
--Tick: 574 (net)
--Tick: 575 (local)
--Tick: 576 (local)
--Tick: 577 (net)
--Tick: 578 (local)
--Tick: 579 (local)
--Tick: 580 (net)
--Tick: 581 (local)
--Tick: 582 (local)
--Tick: 583 (net)
--Tick: 584 (local)
--Tick: 585 (local)
--Tick: 586 (net)
--Tick: 587 (local)
--Tick: 588 (local)
--Tick: 589 (net)
--Tick: 590 (local)
--Tick: 591 (local)
--Tick: 592 (net)
--Tick: 593 (local)
--Tick: 594 (local)
--Tick: 595 (net)
--Tick: 596 (local)
--Tick: 597 (local)
--Tick: 598 (net)
--Tick: 599 (local)
--Tick: 600 (local)
--Tick: 601 (net)
--Tick: 602 (local)
--Tick: 603 (local)
--Tick: 604 (net)
--Tick: 605 (local)
--Tick: 606 (local)
--Tick: 607 (net)
--Tick: 608 (local)
--Tick: 609 (local)
--Tick: 610 (net)
--Tick: 611 (local)
--Tick: 612 (local)
--Tick: 613 (net)
--Tick: 614 (local)
--Tick: 615 (local)
--Tick: 616 (net)
--Tick: 617 (local)
--Tick: 618 (local)
--Tick: 619 (net)
--Tick: 620 (local)
--Tick: 621 (local)
--Tick: 622 (net)
--Tick: 623 (local)
--Tick: 624 (local)
--Tick: 625 (net)
--Tick: 626 (local)
--Tick: 627 (local)
--Tick: 628 (net)
--Tick: 629 (local)
--Tick: 630 (local)
--Tick: 631 (net)
--Tick: 632 (local)
--Tick: 633 (local)
--Tick: 634 (net)
--Tick: 635 (local)
--Tick: 636 (local)
--Tick: 637 (net)
--Tick: 638 (local)
--Tick: 639 (local)
--Tick: 640 (net)
--Tick: 641 (local)
--Tick: 642 (local)
--Tick: 643 (net)
--Tick: 644 (local)
--Tick: 645 (local)
--Tick: 646 (net)
--Tick: 647 (local)
--Tick: 648 (local)
--Tick: 649 (net)
--Tick: 650 (local)
--Tick: 651 (local)
--Tick: 652 (net)
--Tick: 0 (net)
--Tick: 0 (net)
--Tick: 0 (net)
--Tick: 0 (net)
--Tick: 0 (net)
--Tick: 0 (net)
Found 4 domains for movement class 351 on map 01:   In the thick of it.
Found 3 domains for movement class 2048 on map 01:   In the thick of it.
Found 3 domains for movement class 2049 on map 01:   In the thick of it.
Found 1 domains for movement class 0 on map 01:   In the thick of it.
--Tick: 1 (net)
--Tick: 2 (local)
--Tick: 3 (local)
--Tick: 4 (net)
--Tick: 5 (local)
--Tick: 6 (local)
--Tick: 7 (net)
--Tick: 8 (local)
--Tick: 9 (local)
--Tick: 10 (net)
--Tick: 11 (local)
--Tick: 12 (local)
--Tick: 13 (net)
--Tick: 14 (local)
--Tick: 15 (local)
--Tick: 16 (net)
--Tick: 17 (local)
--Tick: 18 (local)
--Tick: 19 (net)
--Tick: 20 (local)
--Tick: 21 (local)
--Tick: 22 (net)
--Tick: 23 (local)
--Tick: 24 (local)
--Tick: 25 (net)
--Tick: 26 (local)
--Tick: 27 (local)
--Tick: 28 (net)
--Tick: 29 (local)
--Tick: 30 (local)
--Tick: 31 (net)
--Tick: 32 (local)
--Tick: 33 (local)
--Tick: 34 (net)
--Tick: 35 (local)
--Tick: 36 (local)
--Tick: 37 (net)
--Tick: 38 (local)
--Tick: 39 (local)
--Tick: 40 (net)
--Tick: 41 (local)
--Tick: 42 (local)
--Tick: 43 (net)
--Tick: 44 (local)
--Tick: 45 (local)
--Tick: 46 (net)
--Tick: 47 (local)
--Tick: 48 (local)
--Tick: 49 (net)
--Tick: 50 (local)
--Tick: 51 (local)
--Tick: 52 (net)
--Tick: 53 (local)
--Tick: 54 (local)
--Tick: 55 (net)
--Tick: 56 (local)
--Tick: 57 (local)
--Tick: 58 (net)
--Tick: 59 (local)
--Tick: 60 (local)
--Tick: 61 (net)
--Tick: 62 (local)
--Tick: 63 (local)
--Tick: 64 (net)
--Tick: 65 (local)
--Tick: 66 (local)
--Tick: 67 (net)
--Tick: 68 (local)
--Tick: 69 (local)
--Tick: 70 (net)
--Tick: 71 (local)
--Tick: 72 (local)
--Tick: 73 (net)
--Tick: 74 (local)
--Tick: 75 (local)
--Tick: 76 (net)
--Tick: 77 (local)
--Tick: 78 (local)
--Tick: 79 (net)
--Tick: 80 (local)
--Tick: 81 (local)
--Tick: 82 (net)
--Tick: 83 (local)
--Tick: 84 (local)
--Tick: 85 (net)
--Tick: 86 (local)
--Tick: 87 (local)
--Tick: 88 (net)
--Tick: 89 (local)
--Tick: 90 (local)
--Tick: 91 (net)
--Tick: 92 (local)
--Tick: 93 (local)
--Tick: 94 (net)
--Tick: 95 (local)
--Tick: 96 (local)
--Tick: 97 (net)
--Tick: 98 (local)
--Tick: 99 (local)
--Tick: 100 (net)
--Tick: 101 (local)
--Tick: 102 (local)
--Tick: 103 (net)
--Tick: 104 (local)
--Tick: 105 (local)
--Tick: 106 (net)
--Tick: 107 (local)
--Tick: 108 (local)
--Tick: 109 (net)
--Tick: 110 (local)
--Tick: 111 (local)
--Tick: 112 (net)
--Tick: 113 (local)
--Tick: 114 (local)
--Tick: 115 (net)
--Tick: 116 (local)
--Tick: 117 (local)
--Tick: 118 (net)
--Tick: 119 (local)
--Tick: 120 (local)
--Tick: 121 (net)
--Tick: 122 (local)
--Tick: 123 (local)
--Tick: 124 (net)
--Tick: 125 (local)
--Tick: 126 (local)
--Tick: 127 (net)
--Tick: 128 (local)
--Tick: 129 (local)
--Tick: 130 (net)
--Tick: 131 (local)
--Tick: 132 (local)
--Tick: 133 (net)
--Tick: 134 (local)
--Tick: 135 (local)
--Tick: 136 (net)
--Tick: 137 (local)
--Tick: 138 (local)
--Tick: 139 (net)
--Tick: 140 (local)
--Tick: 141 (local)
--Tick: 142 (net)
--Tick: 143 (local)
--Tick: 144 (local)
--Tick: 145 (net)
--Tick: 146 (local)
--Tick: 147 (local)
--Tick: 148 (net)
--Tick: 149 (local)
--Tick: 150 (local)
--Tick: 151 (net)
--Tick: 152 (local)
--Tick: 153 (local)
--Tick: 154 (net)
--Tick: 155 (local)
--Tick: 156 (local)
--Tick: 157 (net)
--Tick: 158 (local)
--Tick: 159 (local)
--Tick: 160 (net)
--Tick: 161 (local)
--Tick: 162 (local)
--Tick: 163 (net)
--Tick: 164 (local)
--Tick: 165 (local)
--Tick: 166 (net)
--Tick: 167 (local)
--Tick: 168 (local)
--Tick: 169 (net)
--Tick: 170 (local)
--Tick: 171 (local)
--Tick: 172 (net)
--Tick: 173 (local)
--Tick: 174 (local)
--Tick: 175 (net)
--Tick: 176 (local)
--Tick: 177 (local)
--Tick: 178 (net)
--Tick: 179 (local)
--Tick: 180 (local)
--Tick: 181 (net)
--Tick: 182 (local)
--Tick: 183 (local)
--Tick: 184 (net)
--Tick: 185 (local)
--Tick: 186 (local)
--Tick: 187 (net)
--Tick: 188 (local)
--Tick: 189 (local)
--Tick: 190 (net)
--Tick: 191 (local)
--Tick: 192 (local)
--Tick: 193 (net)
--Tick: 194 (local)
--Tick: 195 (local)
--Tick: 196 (net)
--Tick: 197 (local)
--Tick: 198 (local)
--Tick: 199 (net)
--Tick: 200 (local)
--Tick: 201 (local)
--Tick: 202 (net)
--Tick: 203 (local)
--Tick: 204 (local)
--Tick: 205 (net)
--Tick: 206 (local)
--Tick: 207 (local)
--Tick: 208 (net)
--Tick: 209 (local)
--Tick: 210 (local)
--Tick: 211 (net)
--Tick: 212 (local)
--Tick: 213 (local)
dog #104 killed by jeep #53
--Tick: 214 (net)
--Tick: 215 (local)
--Tick: 216 (local)
--Tick: 217 (net)
--Tick: 218 (local)
--Tick: 219 (local)
--Tick: 220 (net)
--Tick: 221 (local)
--Tick: 222 (local)
--Tick: 223 (net)
--Tick: 224 (local)
--Tick: 225 (local)
--Tick: 226 (net)
--Tick: 227 (local)
--Tick: 228 (local)
--Tick: 229 (net)
--Tick: 230 (local)
--Tick: 231 (local)
--Tick: 232 (net)
--Tick: 233 (local)
--Tick: 234 (local)
--Tick: 235 (net)
--Tick: 236 (local)
--Tick: 237 (local)
--Tick: 238 (net)
--Tick: 239 (local)
--Tick: 240 (local)
--Tick: 241 (net)
--Tick: 242 (local)
--Tick: 243 (local)
e1 #105 killed by jeep #52
--Tick: 244 (net)
--Tick: 245 (local)
--Tick: 246 (local)
--Tick: 247 (net)
--Tick: 248 (local)
--Tick: 249 (local)
--Tick: 250 (net)
--Tick: 251 (local)
--Tick: 252 (local)
--Tick: 253 (net)
--Tick: 254 (local)
--Tick: 255 (local)
--Tick: 256 (net)
--Tick: 257 (local)
--Tick: 258 (local)
e1 #107 killed by jeep #52
--Tick: 259 (net)
--Tick: 260 (local)
--Tick: 261 (local)
--Tick: 262 (net)
--Tick: 263 (local)
--Tick: 264 (local)
--Tick: 265 (net)
--Tick: 266 (local)
--Tick: 267 (local)
--Tick: 268 (net)
--Tick: 269 (local)
--Tick: 270 (local)
--Tick: 271 (net)
--Tick: 272 (local)
--Tick: 273 (local)
--Tick: 274 (net)
--Tick: 275 (local)
--Tick: 276 (local)
--Tick: 277 (net)
--Tick: 278 (local)
--Tick: 279 (local)
--Tick: 280 (net)
--Tick: 281 (local)
--Tick: 282 (local)
--Tick: 283 (net)
--Tick: 284 (local)
--Tick: 285 (local)
--Tick: 286 (net)
--Tick: 287 (local)
e1 #106 killed by jeep #51
--Tick: 288 (local)
--Tick: 289 (net)
--Tick: 290 (local)
--Tick: 291 (local)
--Tick: 292 (net)
--Tick: 293 (local)
barl #47 killed by jeep #52
--Tick: 294 (local)
--Tick: 295 (net)
--Tick: 296 (local)
--Tick: 297 (local)
e2 #63 killed by jeep #51
--Tick: 298 (net)
brl3 #45 killed by barl #47
barl #46 killed by barl #47
brl3 #48 killed by barl #47
e2 #64 killed by barl #47
--Tick: 299 (local)
--Tick: 300 (local)
--Tick: 301 (net)
--Tick: 302 (local)
--Tick: 303 (local)
barl #49 killed by brl3 #45
barl #50 killed by brl3 #45
powr #31 killed by barl #46
--Tick: 304 (net)
--Tick: 305 (local)
--Tick: 306 (local)
--Tick: 307 (net)
--Tick: 308 (local)
t17 #25 killed by barl #49
v19 #100 killed by barl #49
--Tick: 309 (local)
--Tick: 310 (net)
--Tick: 311 (local)
--Tick: 312 (local)
--Tick: 313 (net)
--Tick: 314 (local)
--Tick: 315 (local)
--Tick: 316 (net)
--Tick: 317 (local)
--Tick: 318 (local)
--Tick: 319 (net)
--Tick: 320 (local)
--Tick: 321 (local)
--Tick: 322 (net)
--Tick: 323 (local)
--Tick: 324 (local)
--Tick: 325 (net)
--Tick: 326 (local)
--Tick: 327 (local)
--Tick: 328 (net)
--Tick: 329 (local)
--Tick: 330 (local)
--Tick: 331 (net)
--Tick: 332 (local)
--Tick: 333 (local)
--Tick: 334 (net)
--Tick: 335 (local)
--Tick: 336 (local)
--Tick: 337 (net)
--Tick: 338 (local)
--Tick: 339 (local)
--Tick: 340 (net)
--Tick: 341 (local)
--Tick: 342 (local)
--Tick: 343 (net)
--Tick: 344 (local)
--Tick: 345 (local)
--Tick: 346 (net)
--Tick: 347 (local)
--Tick: 348 (local)
--Tick: 349 (net)
--Tick: 350 (local)
--Tick: 351 (local)
--Tick: 352 (net)
--Tick: 353 (local)
--Tick: 354 (local)
--Tick: 355 (net)
--Tick: 356 (local)
--Tick: 357 (local)
--Tick: 358 (net)
--Tick: 359 (local)
--Tick: 360 (local)
--Tick: 361 (net)
--Tick: 362 (local)
--Tick: 363 (local)
--Tick: 364 (net)
--Tick: 365 (local)
--Tick: 366 (local)
--Tick: 367 (net)
--Tick: 368 (local)
--Tick: 369 (local)
--Tick: 370 (net)
--Tick: 371 (local)
--Tick: 372 (local)
--Tick: 373 (net)
--Tick: 374 (local)
--Tick: 375 (local)
--Tick: 376 (net)
--Tick: 377 (local)
--Tick: 378 (local)
--Tick: 379 (net)
--Tick: 380 (local)
--Tick: 381 (local)
--Tick: 382 (net)
--Tick: 383 (local)
--Tick: 384 (local)
--Tick: 385 (net)
--Tick: 386 (local)
--Tick: 387 (local)
--Tick: 388 (net)
--Tick: 389 (local)
--Tick: 390 (local)
--Tick: 391 (net)
--Tick: 392 (local)
--Tick: 393 (local)
--Tick: 394 (net)
--Tick: 395 (local)
--Tick: 396 (local)
--Tick: 397 (net)
--Tick: 398 (local)
--Tick: 399 (local)
--Tick: 400 (net)
--Tick: 401 (local)
--Tick: 402 (local)
--Tick: 403 (net)
--Tick: 404 (local)
--Tick: 405 (local)
--Tick: 406 (net)
--Tick: 407 (local)
--Tick: 408 (local)
--Tick: 409 (net)
--Tick: 410 (local)
--Tick: 411 (local)
--Tick: 412 (net)
--Tick: 413 (local)
--Tick: 414 (local)
--Tick: 415 (net)
--Tick: 416 (local)
--Tick: 417 (local)
--Tick: 418 (net)
--Tick: 419 (local)
--Tick: 420 (local)
--Tick: 421 (net)
--Tick: 422 (local)
--Tick: 423 (local)
--Tick: 424 (net)
--Tick: 425 (local)
--Tick: 426 (local)
--Tick: 427 (net)
--Tick: 428 (local)
--Tick: 429 (local)
--Tick: 430 (net)
--Tick: 431 (local)
--Tick: 432 (local)
--Tick: 433 (net)
--Tick: 434 (local)
--Tick: 435 (local)
--Tick: 436 (net)
--Tick: 437 (local)
--Tick: 438 (local)
--Tick: 439 (net)
--Tick: 440 (local)
--Tick: 441 (local)
--Tick: 442 (net)
--Tick: 443 (local)
--Tick: 444 (local)
--Tick: 445 (net)
--Tick: 446 (local)
--Tick: 447 (local)
--Tick: 448 (net)
--Tick: 449 (local)
--Tick: 450 (local)
--Tick: 451 (net)
--Tick: 452 (local)
--Tick: 453 (local)
--Tick: 454 (net)
--Tick: 455 (local)
--Tick: 456 (local)
--Tick: 457 (net)
--Tick: 458 (local)
--Tick: 459 (local)
--Tick: 460 (net)
--Tick: 461 (local)
--Tick: 462 (local)
--Tick: 463 (net)
--Tick: 464 (local)
--Tick: 465 (local)
--Tick: 466 (net)
--Tick: 467 (local)
--Tick: 468 (local)
--Tick: 469 (net)
--Tick: 470 (local)
--Tick: 471 (local)
--Tick: 472 (net)
--Tick: 473 (local)
--Tick: 474 (local)
--Tick: 475 (net)
--Tick: 476 (local)
--Tick: 477 (local)
--Tick: 478 (net)
--Tick: 479 (local)
--Tick: 480 (local)
--Tick: 481 (net)
--Tick: 482 (local)
--Tick: 483 (local)
--Tick: 484 (net)
--Tick: 485 (local)
--Tick: 486 (local)
--Tick: 487 (net)
--Tick: 488 (local)
--Tick: 489 (local)
--Tick: 490 (net)
--Tick: 491 (local)
--Tick: 492 (local)
--Tick: 493 (net)
--Tick: 494 (local)
--Tick: 495 (local)
--Tick: 496 (net)
--Tick: 497 (local)
--Tick: 498 (local)
--Tick: 499 (net)
--Tick: 500 (local)
--Tick: 501 (local)
--Tick: 502 (net)
--Tick: 503 (local)
--Tick: 504 (local)
--Tick: 505 (net)
--Tick: 506 (local)
--Tick: 507 (local)
--Tick: 508 (net)
--Tick: 509 (local)
--Tick: 510 (local)
--Tick: 511 (net)
--Tick: 512 (local)
--Tick: 513 (local)
--Tick: 514 (net)
--Tick: 515 (local)
--Tick: 516 (local)
--Tick: 517 (net)
--Tick: 518 (local)
--Tick: 519 (local)
--Tick: 520 (net)
--Tick: 521 (local)
--Tick: 522 (local)
--Tick: 523 (net)
--Tick: 524 (local)
--Tick: 525 (local)
--Tick: 526 (net)
--Tick: 527 (local)
--Tick: 528 (local)
--Tick: 529 (net)
--Tick: 530 (local)
--Tick: 531 (local)
--Tick: 532 (net)
--Tick: 533 (local)
--Tick: 534 (local)
--Tick: 535 (net)
--Tick: 536 (local)
--Tick: 537 (local)
--Tick: 538 (net)
--Tick: 539 (local)
--Tick: 540 (local)
--Tick: 541 (net)
--Tick: 542 (local)
--Tick: 543 (local)
--Tick: 544 (net)
--Tick: 545 (local)
--Tick: 546 (local)
--Tick: 547 (net)
--Tick: 548 (local)
--Tick: 549 (local)
--Tick: 550 (net)
--Tick: 551 (local)
--Tick: 552 (local)
--Tick: 553 (net)
--Tick: 554 (local)
--Tick: 555 (local)
--Tick: 556 (net)
--Tick: 557 (local)
--Tick: 558 (local)
--Tick: 559 (net)
--Tick: 560 (local)
--Tick: 561 (local)
--Tick: 562 (net)
--Tick: 563 (local)
--Tick: 564 (local)
--Tick: 565 (net)
--Tick: 566 (local)
--Tick: 567 (local)
--Tick: 568 (net)
--Tick: 569 (local)
--Tick: 570 (local)
--Tick: 571 (net)
--Tick: 572 (local)
--Tick: 573 (local)
--Tick: 574 (net)
--Tick: 575 (local)
--Tick: 576 (local)
--Tick: 577 (net)
--Tick: 578 (local)
--Tick: 579 (local)
--Tick: 580 (net)
--Tick: 581 (local)
--Tick: 582 (local)
--Tick: 583 (net)
--Tick: 584 (local)
--Tick: 585 (local)
--Tick: 586 (net)
--Tick: 587 (local)
--Tick: 588 (local)
--Tick: 589 (net)
--Tick: 590 (local)
--Tick: 591 (local)
--Tick: 592 (net)
--Tick: 593 (local)
--Tick: 594 (local)
--Tick: 595 (net)
--Tick: 596 (local)
--Tick: 597 (local)
--Tick: 598 (net)
--Tick: 599 (local)
--Tick: 600 (local)
--Tick: 601 (net)
--Tick: 602 (local)
--Tick: 603 (local)
--Tick: 604 (net)
--Tick: 605 (local)
--Tick: 606 (local)
--Tick: 607 (net)
--Tick: 608 (local)
--Tick: 609 (local)
--Tick: 610 (net)
--Tick: 611 (local)
--Tick: 612 (local)
--Tick: 613 (net)
--Tick: 614 (local)
--Tick: 615 (local)
--Tick: 616 (net)
--Tick: 617 (local)
--Tick: 618 (local)
--Tick: 619 (net)
--Tick: 620 (local)
--Tick: 621 (local)
--Tick: 622 (net)
--Tick: 623 (local)
--Tick: 624 (local)
--Tick: 625 (net)
--Tick: 626 (local)
--Tick: 627 (local)
--Tick: 628 (net)
--Tick: 629 (local)
--Tick: 630 (local)
--Tick: 631 (net)
--Tick: 632 (local)
--Tick: 633 (local)
--Tick: 634 (net)
--Tick: 635 (local)
--Tick: 636 (local)
--Tick: 637 (net)
--Tick: 638 (local)
--Tick: 639 (local)
--Tick: 640 (net)
--Tick: 641 (local)
--Tick: 642 (local)
--Tick: 643 (net)
--Tick: 644 (local)
--Tick: 645 (local)
--Tick: 646 (net)
--Tick: 647 (local)
--Tick: 648 (local)
--Tick: 649 (net)
--Tick: 650 (local)
--Tick: 651 (local)
--Tick: 652 (net)
--Tick: 653 (local)
--Tick: 654 (local)
--Tick: 655 (net)
--Tick: 656 (local)
--Tick: 657 (local)
--Tick: 658 (net)
--Tick: 659 (local)
--Tick: 660 (local)
--Tick: 661 (net)
--Tick: 662 (local)
--Tick: 663 (local)
--Tick: 664 (net)
--Tick: 665 (local)
--Tick: 666 (local)
--Tick: 667 (net)
--Tick: 668 (local)
--Tick: 669 (local)
--Tick: 670 (net)
--Tick: 671 (local)
--Tick: 672 (local)
--Tick: 673 (net)
--Tick: 674 (local)
--Tick: 675 (local)
--Tick: 676 (net)
--Tick: 677 (local)
--Tick: 678 (local)
--Tick: 679 (net)
--Tick: 680 (local)
--Tick: 681 (local)
--Tick: 682 (net)
--Tick: 683 (local)
--Tick: 684 (local)
--Tick: 685 (net)
--Tick: 686 (local)
--Tick: 687 (local)
--Tick: 688 (net)
--Tick: 689 (local)
--Tick: 690 (local)
--Tick: 691 (net)
--Tick: 692 (local)
--Tick: 693 (local)
--Tick: 694 (net)
--Tick: 695 (local)
--Tick: 696 (local)
--Tick: 697 (net)
--Tick: 698 (local)
--Tick: 699 (local)
--Tick: 700 (net)
--Tick: 701 (local)
--Tick: 702 (local)
--Tick: 703 (net)
--Tick: 704 (local)
--Tick: 705 (local)
--Tick: 706 (net)
--Tick: 707 (local)
--Tick: 708 (local)
--Tick: 709 (net)
--Tick: 710 (local)
--Tick: 711 (local)
--Tick: 712 (net)
--Tick: 713 (local)
--Tick: 714 (local)
--Tick: 715 (net)
--Tick: 716 (local)
--Tick: 717 (local)
--Tick: 718 (net)
--Tick: 719 (local)
--Tick: 720 (local)
--Tick: 721 (net)
--Tick: 722 (local)
--Tick: 723 (local)
--Tick: 724 (net)
--Tick: 725 (local)
--Tick: 726 (local)
--Tick: 727 (net)
--Tick: 728 (local)
--Tick: 729 (local)
--Tick: 730 (net)
--Tick: 731 (local)
--Tick: 732 (local)
--Tick: 733 (net)
--Tick: 734 (local)
--Tick: 735 (local)
--Tick: 736 (net)
--Tick: 737 (local)
--Tick: 738 (local)
--Tick: 739 (net)
--Tick: 740 (local)
--Tick: 741 (local)
--Tick: 742 (net)
--Tick: 743 (local)
--Tick: 744 (local)
--Tick: 745 (net)
--Tick: 746 (local)
--Tick: 747 (local)
--Tick: 748 (net)
--Tick: 749 (local)
--Tick: 750 (local)
--Tick: 751 (net)
--Tick: 752 (local)
--Tick: 753 (local)
--Tick: 754 (net)
--Tick: 755 (local)
--Tick: 756 (local)
--Tick: 757 (net)
--Tick: 758 (local)
--Tick: 759 (local)
--Tick: 760 (net)
--Tick: 761 (local)
--Tick: 762 (local)
--Tick: 763 (net)
--Tick: 764 (local)
--Tick: 765 (local)
--Tick: 766 (net)
--Tick: 767 (local)
--Tick: 768 (local)
--Tick: 769 (net)
--Tick: 770 (local)
--Tick: 771 (local)
--Tick: 772 (net)
--Tick: 773 (local)
--Tick: 774 (local)
--Tick: 775 (net)
--Tick: 776 (local)
--Tick: 777 (local)
--Tick: 778 (net)
--Tick: 779 (local)
--Tick: 780 (local)
--Tick: 781 (net)
--Tick: 782 (local)
--Tick: 783 (local)
--Tick: 784 (net)
--Tick: 785 (local)
--Tick: 786 (local)
--Tick: 787 (net)
--Tick: 788 (local)
--Tick: 789 (local)
--Tick: 790 (net)
--Tick: 791 (local)
--Tick: 792 (local)
--Tick: 793 (net)
--Tick: 794 (local)
--Tick: 795 (local)
--Tick: 796 (net)
--Tick: 797 (local)
--Tick: 798 (local)
--Tick: 799 (net)
--Tick: 800 (local)
--Tick: 801 (local)
--Tick: 802 (net)
--Tick: 803 (local)
--Tick: 804 (local)
--Tick: 805 (net)
--Tick: 806 (local)
--Tick: 807 (local)
--Tick: 808 (net)
--Tick: 809 (local)
--Tick: 810 (local)
--Tick: 811 (net)
--Tick: 812 (local)
--Tick: 813 (local)
--Tick: 814 (net)
--Tick: 815 (local)
--Tick: 816 (local)
--Tick: 817 (net)
--Tick: 818 (local)
--Tick: 819 (local)
--Tick: 820 (net)
--Tick: 821 (local)
--Tick: 822 (local)
--Tick: 823 (net)
--Tick: 824 (local)
--Tick: 825 (local)
--Tick: 826 (net)
--Tick: 827 (local)
--Tick: 828 (local)
--Tick: 829 (net)
--Tick: 830 (local)
--Tick: 831 (local)
--Tick: 832 (net)
--Tick: 833 (local)
--Tick: 834 (local)
--Tick: 835 (net)
--Tick: 836 (local)
--Tick: 837 (local)
--Tick: 838 (net)
--Tick: 839 (local)
--Tick: 840 (local)
--Tick: 841 (net)
--Tick: 842 (local)
--Tick: 843 (local)
--Tick: 844 (net)
--Tick: 845 (local)
--Tick: 846 (local)
--Tick: 847 (net)
--Tick: 848 (local)
--Tick: 849 (local)
--Tick: 850 (net)
--Tick: 851 (local)
--Tick: 852 (local)
--Tick: 853 (net)
--Tick: 854 (local)
--Tick: 855 (local)
--Tick: 856 (net)
--Tick: 857 (local)
--Tick: 858 (local)
--Tick: 859 (net)
--Tick: 860 (local)
--Tick: 861 (local)
--Tick: 862 (net)
--Tick: 863 (local)
--Tick: 864 (local)
--Tick: 865 (net)
--Tick: 866 (local)
--Tick: 867 (local)
--Tick: 868 (net)
--Tick: 869 (local)
--Tick: 870 (local)
--Tick: 871 (net)
--Tick: 872 (local)
--Tick: 873 (local)
--Tick: 874 (net)
--Tick: 875 (local)
--Tick: 876 (local)
--Tick: 877 (net)
--Tick: 878 (local)
--Tick: 879 (local)
--Tick: 880 (net)
--Tick: 881 (local)
--Tick: 882 (local)
--Tick: 883 (net)
--Tick: 884 (local)
--Tick: 885 (local)
--Tick: 886 (net)
--Tick: 887 (local)
--Tick: 888 (local)
--Tick: 889 (net)
--Tick: 890 (local)
--Tick: 891 (local)
--Tick: 892 (net)
--Tick: 893 (local)
--Tick: 894 (local)
--Tick: 895 (net)
--Tick: 896 (local)
--Tick: 897 (local)
--Tick: 898 (net)
--Tick: 899 (local)
--Tick: 900 (local)
--Tick: 901 (net)
--Tick: 902 (local)
--Tick: 903 (local)
--Tick: 904 (net)
--Tick: 905 (local)
--Tick: 906 (local)
--Tick: 907 (net)
--Tick: 908 (local)
--Tick: 909 (local)
--Tick: 910 (net)
e1 #65 killed by harv #125
--Tick: 911 (local)
--Tick: 912 (local)
--Tick: 913 (net)
--Tick: 914 (local)
--Tick: 915 (local)
--Tick: 916 (net)
--Tick: 917 (local)
--Tick: 918 (local)
--Tick: 919 (net)
--Tick: 920 (local)
--Tick: 921 (local)
--Tick: 922 (net)
--Tick: 923 (local)
--Tick: 924 (local)
--Tick: 925 (net)
--Tick: 926 (local)
--Tick: 927 (local)
--Tick: 928 (net)
--Tick: 929 (local)
--Tick: 930 (local)
--Tick: 931 (net)
--Tick: 932 (local)
--Tick: 933 (local)
--Tick: 934 (net)
--Tick: 935 (local)
--Tick: 936 (local)
--Tick: 937 (net)
--Tick: 938 (local)
--Tick: 939 (local)
--Tick: 940 (net)
--Tick: 941 (local)
--Tick: 942 (local)
--Tick: 943 (net)
--Tick: 944 (local)
--Tick: 945 (local)
--Tick: 946 (net)
--Tick: 947 (local)
--Tick: 948 (local)
--Tick: 949 (net)
--Tick: 950 (local)
--Tick: 951 (local)
--Tick: 952 (net)
--Tick: 953 (local)
--Tick: 954 (local)
--Tick: 955 (net)
--Tick: 956 (local)
--Tick: 957 (local)
--Tick: 958 (net)
--Tick: 959 (local)
--Tick: 960 (local)
--Tick: 961 (net)
--Tick: 962 (local)
--Tick: 963 (local)
--Tick: 964 (net)
--Tick: 965 (local)
--Tick: 966 (local)
--Tick: 967 (net)
--Tick: 968 (local)
--Tick: 969 (local)
--Tick: 970 (net)
--Tick: 971 (local)
--Tick: 972 (local)
--Tick: 973 (net)
--Tick: 974 (local)
--Tick: 975 (local)
--Tick: 976 (net)
--Tick: 977 (local)
--Tick: 978 (local)
--Tick: 979 (net)
--Tick: 980 (local)
--Tick: 981 (local)
--Tick: 982 (net)
--Tick: 983 (local)
--Tick: 984 (local)
--Tick: 985 (net)
--Tick: 986 (local)
--Tick: 987 (local)
--Tick: 988 (net)
--Tick: 989 (local)
--Tick: 990 (local)
--Tick: 991 (net)
--Tick: 992 (local)
--Tick: 993 (local)
--Tick: 994 (net)
--Tick: 995 (local)
--Tick: 996 (local)
--Tick: 997 (net)
--Tick: 998 (local)
--Tick: 999 (local)
--Tick: 1000 (net)
--Tick: 1001 (local)
--Tick: 1002 (local)
--Tick: 1003 (net)
--Tick: 1004 (local)
--Tick: 1005 (local)
--Tick: 1006 (net)
--Tick: 1007 (local)
--Tick: 1008 (local)
--Tick: 1009 (net)
--Tick: 1010 (local)
--Tick: 1011 (local)
--Tick: 1012 (net)
--Tick: 1013 (local)
--Tick: 1014 (local)
--Tick: 1015 (net)
--Tick: 1016 (local)
--Tick: 1017 (local)
--Tick: 1018 (net)
--Tick: 1019 (local)
--Tick: 1020 (local)
--Tick: 1021 (net)
--Tick: 1022 (local)
--Tick: 1023 (local)
--Tick: 1024 (net)
--Tick: 1025 (local)
--Tick: 1026 (local)
--Tick: 1027 (net)
--Tick: 1028 (local)
--Tick: 1029 (local)
--Tick: 1030 (net)
--Tick: 1031 (local)
--Tick: 1032 (local)
--Tick: 1033 (net)
--Tick: 1034 (local)
--Tick: 1035 (local)
--Tick: 1036 (net)
jeep #51 killed by e1 #101
--Tick: 1037 (local)
--Tick: 1038 (local)
--Tick: 1039 (net)
--Tick: 1040 (local)
--Tick: 1041 (local)
--Tick: 1042 (net)
--Tick: 1043 (local)
--Tick: 1044 (local)
--Tick: 1045 (net)
--Tick: 1046 (local)
--Tick: 1047 (local)
--Tick: 1048 (net)
--Tick: 1049 (local)
--Tick: 1050 (local)
--Tick: 1051 (net)
--Tick: 1052 (local)
--Tick: 1053 (local)
--Tick: 1054 (net)
--Tick: 1055 (local)
--Tick: 1056 (local)
--Tick: 1057 (net)
--Tick: 1058 (local)
--Tick: 1059 (local)
--Tick: 1060 (net)
--Tick: 1061 (local)
--Tick: 1062 (local)
--Tick: 1063 (net)
--Tick: 1064 (local)
--Tick: 1065 (local)
--Tick: 1066 (net)
--Tick: 1067 (local)
--Tick: 1068 (local)
--Tick: 1069 (net)
--Tick: 1070 (local)
--Tick: 1071 (local)
--Tick: 1072 (net)
--Tick: 1073 (local)
--Tick: 1074 (local)
--Tick: 1075 (net)
--Tick: 1076 (local)
--Tick: 1077 (local)
--Tick: 1078 (net)
--Tick: 1079 (local)
--Tick: 1080 (local)
--Tick: 1081 (net)
--Tick: 1082 (local)
--Tick: 1083 (local)
--Tick: 1084 (net)
--Tick: 1085 (local)
--Tick: 1086 (local)
--Tick: 1087 (net)
--Tick: 1088 (local)
--Tick: 1089 (local)
--Tick: 1090 (net)
--Tick: 1091 (local)
--Tick: 1092 (local)
--Tick: 1093 (net)
--Tick: 1094 (local)
--Tick: 1095 (local)
--Tick: 1096 (net)
--Tick: 1097 (local)
--Tick: 1098 (local)
--Tick: 1099 (net)
--Tick: 1100 (local)
--Tick: 1101 (local)
--Tick: 1102 (net)
--Tick: 1103 (local)
--Tick: 1104 (local)
--Tick: 1105 (net)
--Tick: 1106 (local)
--Tick: 1107 (local)
--Tick: 1108 (net)
--Tick: 1109 (local)
--Tick: 1110 (local)
--Tick: 1111 (net)
--Tick: 1112 (local)
--Tick: 1113 (local)
--Tick: 1114 (net)
--Tick: 1115 (local)
--Tick: 1116 (local)
--Tick: 1117 (net)
--Tick: 1118 (local)
--Tick: 1119 (local)
--Tick: 1120 (net)
--Tick: 1121 (local)
--Tick: 1122 (local)
--Tick: 1123 (net)
--Tick: 1124 (local)
--Tick: 1125 (local)
--Tick: 1126 (net)
--Tick: 1127 (local)
--Tick: 1128 (local)
--Tick: 1129 (net)
--Tick: 1130 (local)
--Tick: 1131 (local)
--Tick: 1132 (net)
--Tick: 1133 (local)
--Tick: 1134 (local)
--Tick: 1135 (net)
--Tick: 1136 (local)
--Tick: 1137 (local)
--Tick: 1138 (net)
--Tick: 1139 (local)
--Tick: 1140 (local)
--Tick: 1141 (net)
--Tick: 1142 (local)
--Tick: 1143 (local)
--Tick: 1144 (net)
--Tick: 1145 (local)
--Tick: 1146 (local)
--Tick: 1147 (net)
--Tick: 1148 (local)
--Tick: 1149 (local)
--Tick: 1150 (net)
--Tick: 1151 (local)
--Tick: 1152 (local)
--Tick: 1153 (net)
c7 #109 killed by harv #125
--Tick: 1154 (local)
--Tick: 1155 (local)
--Tick: 1156 (net)
--Tick: 1157 (local)
--Tick: 1158 (local)
e1 #101 killed by e1 #62
--Tick: 1159 (net)
--Tick: 1160 (local)
--Tick: 1161 (local)
--Tick: 1162 (net)
--Tick: 1163 (local)
--Tick: 1164 (local)
--Tick: 1165 (net)
--Tick: 1166 (local)
--Tick: 1167 (local)
--Tick: 1168 (net)
--Tick: 1169 (local)
--Tick: 1170 (local)
--Tick: 1171 (net)
--Tick: 1172 (local)
--Tick: 1173 (local)
--Tick: 1174 (net)
--Tick: 1175 (local)
--Tick: 1176 (local)
--Tick: 1177 (net)
--Tick: 1178 (local)
--Tick: 1179 (local)
--Tick: 1180 (net)
--Tick: 1181 (local)
--Tick: 1182 (local)
--Tick: 1183 (net)
--Tick: 1184 (local)
--Tick: 1185 (local)
--Tick: 1186 (net)
--Tick: 1187 (local)
--Tick: 1188 (local)
--Tick: 1189 (net)
--Tick: 1190 (local)
--Tick: 1191 (local)
--Tick: 1192 (net)
--Tick: 1193 (local)
--Tick: 1194 (local)
--Tick: 1195 (net)
--Tick: 1196 (local)
--Tick: 1197 (local)
--Tick: 1198 (net)
--Tick: 1199 (local)
--Tick: 1200 (local)
--Tick: 1201 (net)
--Tick: 1202 (local)
--Tick: 1203 (local)
--Tick: 1204 (net)
--Tick: 1205 (local)
--Tick: 1206 (local)
--Tick: 1207 (net)
e1 #102 killed by jeep #53
--Tick: 1208 (local)
--Tick: 1209 (local)
--Tick: 1210 (net)
--Tick: 1211 (local)
--Tick: 1212 (local)
--Tick: 1213 (net)
--Tick: 1214 (local)
--Tick: 1215 (local)
--Tick: 1216 (net)
--Tick: 1217 (local)
--Tick: 1218 (local)
--Tick: 1219 (net)
--Tick: 1220 (local)
--Tick: 1221 (local)
--Tick: 1222 (net)
--Tick: 1223 (local)
--Tick: 1224 (local)
--Tick: 1225 (net)
--Tick: 1226 (local)
--Tick: 1227 (local)
--Tick: 1228 (net)
--Tick: 1229 (local)
--Tick: 1230 (local)
--Tick: 1231 (net)
--Tick: 1232 (local)
--Tick: 1233 (local)
--Tick: 1234 (net)
--Tick: 1235 (local)
--Tick: 1236 (local)
--Tick: 1237 (net)
--Tick: 1238 (local)
--Tick: 1239 (local)
--Tick: 1240 (net)
--Tick: 1241 (local)
--Tick: 1242 (local)
--Tick: 1243 (net)
--Tick: 1244 (local)
--Tick: 1245 (local)
--Tick: 1246 (net)
--Tick: 1247 (local)
--Tick: 1248 (local)
--Tick: 1249 (net)
--Tick: 1250 (local)
--Tick: 1251 (local)
--Tick: 1252 (net)
--Tick: 1253 (local)
--Tick: 1254 (local)
--Tick: 1255 (net)
--Tick: 1256 (local)
--Tick: 1257 (local)
--Tick: 1258 (net)
--Tick: 1259 (local)
--Tick: 1260 (local)
e1 #62 killed by harv #125
--Tick: 1261 (net)
--Tick: 1262 (local)
--Tick: 1263 (local)
--Tick: 1264 (net)
--Tick: 1265 (local)
--Tick: 1266 (local)
--Tick: 1267 (net)
--Tick: 1268 (local)
--Tick: 1269 (local)
--Tick: 1270 (net)
--Tick: 1271 (local)
--Tick: 1272 (local)
--Tick: 1273 (net)
--Tick: 1274 (local)
--Tick: 1275 (local)
--Tick: 1276 (net)
--Tick: 1277 (local)
--Tick: 1278 (local)
--Tick: 1279 (net)
--Tick: 1280 (local)
--Tick: 1281 (local)
--Tick: 1282 (net)
--Tick: 1283 (local)
--Tick: 1284 (local)
--Tick: 1285 (net)
--Tick: 1286 (local)
--Tick: 1287 (local)
--Tick: 1288 (net)
--Tick: 1289 (local)
--Tick: 1290 (local)
--Tick: 1291 (net)
--Tick: 1292 (local)
--Tick: 1293 (local)
e1 #66 killed by harv #125
e1 #60 killed by harv #125
e1 #61 killed by harv #125
--Tick: 1294 (net)
--Tick: 1295 (local)
--Tick: 1296 (local)
--Tick: 1297 (net)
--Tick: 1298 (local)
--Tick: 1299 (local)
--Tick: 1300 (net)
--Tick: 1301 (local)
--Tick: 1302 (local)
--Tick: 1303 (net)
--Tick: 1304 (local)
--Tick: 1305 (local)
--Tick: 1306 (net)
--Tick: 1307 (local)
--Tick: 1308 (local)
--Tick: 1309 (net)
--Tick: 1310 (local)
--Tick: 1311 (local)
--Tick: 1312 (net)
--Tick: 1313 (local)
--Tick: 1314 (local)
--Tick: 1315 (net)
--Tick: 1316 (local)
--Tick: 1317 (local)
--Tick: 1318 (net)
--Tick: 1319 (local)
--Tick: 1320 (local)
--Tick: 1321 (net)
--Tick: 1322 (local)
--Tick: 1323 (local)
--Tick: 1324 (net)
--Tick: 1325 (local)
--Tick: 1326 (local)
--Tick: 1327 (net)
--Tick: 1328 (local)
--Tick: 1329 (local)
--Tick: 1330 (net)
--Tick: 1331 (local)
--Tick: 1332 (local)
--Tick: 1333 (net)
--Tick: 1334 (local)
--Tick: 1335 (local)
--Tick: 1336 (net)
--Tick: 1337 (local)
--Tick: 1338 (local)
--Tick: 1339 (net)
--Tick: 1340 (local)
--Tick: 1341 (local)
--Tick: 1342 (net)
--Tick: 1343 (local)
--Tick: 1344 (local)
--Tick: 1345 (net)
--Tick: 1346 (local)
--Tick: 1347 (local)
--Tick: 1348 (net)
--Tick: 1349 (local)
--Tick: 1350 (local)
--Tick: 1351 (net)
--Tick: 1352 (local)
--Tick: 1353 (local)
--Tick: 1354 (net)
--Tick: 1355 (local)
--Tick: 1356 (local)
--Tick: 1357 (net)
--Tick: 1358 (local)
--Tick: 1359 (local)
--Tick: 1360 (net)
--Tick: 1361 (local)
--Tick: 1362 (local)
--Tick: 1363 (net)
--Tick: 1364 (local)
--Tick: 1365 (local)
--Tick: 1366 (net)
--Tick: 1367 (local)
--Tick: 1368 (local)
--Tick: 1369 (net)
--Tick: 1370 (local)
--Tick: 1371 (local)
--Tick: 1372 (net)
--Tick: 1373 (local)
--Tick: 1374 (local)
--Tick: 1375 (net)
--Tick: 1376 (local)
--Tick: 1377 (local)
--Tick: 1378 (net)
--Tick: 1379 (local)
--Tick: 1380 (local)
--Tick: 1381 (net)
--Tick: 1382 (local)
--Tick: 1383 (local)
--Tick: 1384 (net)
--Tick: 1385 (local)
--Tick: 1386 (local)
--Tick: 1387 (net)
--Tick: 1388 (local)
--Tick: 1389 (local)
--Tick: 1390 (net)
--Tick: 1391 (local)
--Tick: 1392 (local)
--Tick: 1393 (net)
--Tick: 1394 (local)
--Tick: 1395 (local)
--Tick: 1396 (net)
--Tick: 1397 (local)
--Tick: 1398 (local)
--Tick: 1399 (net)
--Tick: 1400 (local)
--Tick: 1401 (local)
--Tick: 1402 (net)
--Tick: 1403 (local)
--Tick: 1404 (local)
--Tick: 1405 (net)
--Tick: 1406 (local)
--Tick: 1407 (local)
--Tick: 1408 (net)
--Tick: 1409 (local)
--Tick: 1410 (local)
--Tick: 1411 (net)
--Tick: 1412 (local)
--Tick: 1413 (local)
--Tick: 1414 (net)
--Tick: 1415 (local)
--Tick: 1416 (local)
--Tick: 1417 (net)
--Tick: 1418 (local)
--Tick: 1419 (local)
--Tick: 1420 (net)
--Tick: 1421 (local)
--Tick: 1422 (local)
--Tick: 1423 (net)
--Tick: 1424 (local)
--Tick: 1425 (local)
--Tick: 1426 (net)
--Tick: 1427 (local)
--Tick: 1428 (local)
--Tick: 1429 (net)
--Tick: 1430 (local)
--Tick: 1431 (local)
--Tick: 1432 (net)
--Tick: 1433 (local)
--Tick: 1434 (local)
--Tick: 1435 (net)
--Tick: 1436 (local)
--Tick: 1437 (local)
--Tick: 1438 (net)
--Tick: 1439 (local)
--Tick: 1440 (local)
--Tick: 1441 (net)
--Tick: 1442 (local)
--Tick: 1443 (local)
--Tick: 1444 (net)
--Tick: 1445 (local)
--Tick: 1446 (local)
--Tick: 1447 (net)
--Tick: 1448 (local)
--Tick: 1449 (local)
--Tick: 1450 (net)
--Tick: 1451 (local)
--Tick: 1452 (local)
--Tick: 1453 (net)
--Tick: 1454 (local)
--Tick: 1455 (local)
--Tick: 1456 (net)
--Tick: 1457 (local)
--Tick: 1458 (local)
--Tick: 1459 (net)
--Tick: 1460 (local)
--Tick: 1461 (local)
--Tick: 1462 (net)
--Tick: 1463 (local)
--Tick: 1464 (local)
--Tick: 1465 (net)
--Tick: 1466 (local)
--Tick: 1467 (local)
--Tick: 1468 (net)
--Tick: 1469 (local)
--Tick: 1470 (local)
--Tick: 1471 (net)
--Tick: 1472 (local)
--Tick: 1473 (local)
--Tick: 1474 (net)
--Tick: 1475 (local)
--Tick: 1476 (local)
--Tick: 1477 (net)
--Tick: 1478 (local)
--Tick: 1479 (local)
--Tick: 1480 (net)
--Tick: 1481 (local)
--Tick: 1482 (local)
--Tick: 1483 (net)
--Tick: 1484 (local)
--Tick: 1485 (local)
--Tick: 1486 (net)
--Tick: 1487 (local)
--Tick: 1488 (local)
--Tick: 1489 (net)
--Tick: 1490 (local)
--Tick: 1491 (local)
--Tick: 1492 (net)
--Tick: 1493 (local)
--Tick: 1494 (local)
--Tick: 1495 (net)
--Tick: 1496 (local)
--Tick: 1497 (local)
--Tick: 1498 (net)
--Tick: 1499 (local)
--Tick: 1500 (local)
--Tick: 1501 (net)
--Tick: 1502 (local)
--Tick: 1503 (local)
--Tick: 1504 (net)
--Tick: 1505 (local)
--Tick: 1506 (local)
--Tick: 1507 (net)
--Tick: 1508 (local)
--Tick: 1509 (local)
--Tick: 1510 (net)
--Tick: 1511 (local)
--Tick: 1512 (local)
--Tick: 1513 (net)
--Tick: 1514 (local)
--Tick: 1515 (local)
--Tick: 1516 (net)
--Tick: 1517 (local)
--Tick: 1518 (local)
--Tick: 1519 (net)
--Tick: 1520 (local)
--Tick: 1521 (local)
--Tick: 1522 (net)
--Tick: 1523 (local)
--Tick: 1524 (local)
--Tick: 1525 (net)
--Tick: 1526 (local)
--Tick: 1527 (local)
--Tick: 1528 (net)
--Tick: 1529 (local)
--Tick: 1530 (local)
--Tick: 1531 (net)
--Tick: 1532 (local)
--Tick: 1533 (local)
--Tick: 1534 (net)
--Tick: 1535 (local)
--Tick: 1536 (local)
--Tick: 1537 (net)
--Tick: 1538 (local)
--Tick: 1539 (local)
--Tick: 1540 (net)
--Tick: 1541 (local)
--Tick: 1542 (local)
--Tick: 1543 (net)
--Tick: 1544 (local)
--Tick: 1545 (local)
--Tick: 1546 (net)
--Tick: 1547 (local)
--Tick: 1548 (local)
--Tick: 1549 (net)
--Tick: 1550 (local)
--Tick: 1551 (local)
--Tick: 1552 (net)
--Tick: 1553 (local)
--Tick: 1554 (local)
--Tick: 1555 (net)
--Tick: 1556 (local)
--Tick: 1557 (local)
--Tick: 1558 (net)
--Tick: 1559 (local)
--Tick: 1560 (local)
--Tick: 1561 (net)
--Tick: 1562 (local)
--Tick: 1563 (local)
--Tick: 1564 (net)
--Tick: 1565 (local)
--Tick: 1566 (local)
--Tick: 1567 (net)
--Tick: 1568 (local)
--Tick: 1569 (local)
--Tick: 1570 (net)
--Tick: 1571 (local)
--Tick: 1572 (local)
--Tick: 1573 (net)
--Tick: 1574 (local)
--Tick: 1575 (local)
--Tick: 1576 (net)
--Tick: 1577 (local)
--Tick: 1578 (local)
--Tick: 1579 (net)
--Tick: 1580 (local)
--Tick: 1581 (local)
--Tick: 1582 (net)
--Tick: 1583 (local)
--Tick: 1584 (local)
--Tick: 1585 (net)
--Tick: 1586 (local)
--Tick: 1587 (local)
--Tick: 1588 (net)
--Tick: 1589 (local)
--Tick: 1590 (local)
--Tick: 1591 (net)
--Tick: 1592 (local)
--Tick: 1593 (local)
--Tick: 1594 (net)
--Tick: 1595 (local)
--Tick: 1596 (local)
--Tick: 1597 (net)
--Tick: 1598 (local)
--Tick: 1599 (local)
--Tick: 1600 (net)
--Tick: 1601 (local)
--Tick: 1602 (local)
--Tick: 1603 (net)
--Tick: 1604 (local)
--Tick: 1605 (local)
--Tick: 1606 (net)
--Tick: 1607 (local)
--Tick: 1608 (local)
--Tick: 1609 (net)
--Tick: 1610 (local)
--Tick: 1611 (local)
--Tick: 1612 (net)
--Tick: 1613 (local)
--Tick: 1614 (local)
--Tick: 1615 (net)
--Tick: 1616 (local)
--Tick: 1617 (local)
--Tick: 1618 (net)
--Tick: 1619 (local)
--Tick: 1620 (local)
--Tick: 1621 (net)
--Tick: 1622 (local)
--Tick: 1623 (local)
--Tick: 1624 (net)
--Tick: 1625 (local)
--Tick: 1626 (local)
--Tick: 1627 (net)
--Tick: 1628 (local)
--Tick: 1629 (local)
--Tick: 1630 (net)
--Tick: 1631 (local)
--Tick: 1632 (local)
--Tick: 1633 (net)
--Tick: 1634 (local)
--Tick: 1635 (local)
--Tick: 1636 (net)
--Tick: 1637 (local)
--Tick: 1638 (local)
--Tick: 1639 (net)
--Tick: 1640 (local)
--Tick: 1641 (local)
--Tick: 1642 (net)
--Tick: 1643 (local)
--Tick: 1644 (local)
--Tick: 1645 (net)
--Tick: 1646 (local)
--Tick: 1647 (local)
--Tick: 1648 (net)
--Tick: 1649 (local)
--Tick: 1650 (local)
--Tick: 1651 (net)
--Tick: 1652 (local)
--Tick: 1653 (local)
--Tick: 1654 (net)
--Tick: 1655 (local)
--Tick: 1656 (local)
--Tick: 1657 (net)
--Tick: 1658 (local)
--Tick: 1659 (local)
--Tick: 1660 (net)
--Tick: 1661 (local)
--Tick: 1662 (local)
--Tick: 1663 (net)
--Tick: 1664 (local)
--Tick: 1665 (local)
--Tick: 1666 (net)
--Tick: 1667 (local)
--Tick: 1668 (local)
--Tick: 1669 (net)
--Tick: 1670 (local)
--Tick: 1671 (local)
--Tick: 1672 (net)
--Tick: 1673 (local)
--Tick: 1674 (local)
--Tick: 1675 (net)
--Tick: 1676 (local)
--Tick: 1677 (local)
--Tick: 1678 (net)
--Tick: 1679 (local)
--Tick: 1680 (local)
--Tick: 1681 (net)
--Tick: 1682 (local)
--Tick: 1683 (local)
--Tick: 1684 (net)
--Tick: 1685 (local)
--Tick: 1686 (local)
--Tick: 1687 (net)
--Tick: 1688 (local)
--Tick: 1689 (local)
--Tick: 1690 (net)
--Tick: 1691 (local)
--Tick: 1692 (local)
--Tick: 1693 (net)
--Tick: 1694 (local)
--Tick: 1695 (local)
--Tick: 1696 (net)
--Tick: 1697 (local)
--Tick: 1698 (local)
--Tick: 1699 (net)
--Tick: 1700 (local)
--Tick: 1701 (local)
--Tick: 1702 (net)
--Tick: 1703 (local)
--Tick: 1704 (local)
--Tick: 1705 (net)
--Tick: 1706 (local)
--Tick: 1707 (local)
--Tick: 1708 (net)
--Tick: 1709 (local)
--Tick: 1710 (local)
--Tick: 1711 (net)
--Tick: 1712 (local)
--Tick: 1713 (local)
--Tick: 1714 (net)
--Tick: 1715 (local)
--Tick: 1716 (local)
--Tick: 1717 (net)
--Tick: 1718 (local)
--Tick: 1719 (local)
--Tick: 1720 (net)
--Tick: 1721 (local)
--Tick: 1722 (local)
--Tick: 1723 (net)
--Tick: 1724 (local)
--Tick: 1725 (local)
--Tick: 1726 (net)
--Tick: 1727 (local)
--Tick: 1728 (local)
--Tick: 1729 (net)
--Tick: 1730 (local)
--Tick: 1731 (local)
--Tick: 1732 (net)
--Tick: 1733 (local)
--Tick: 1734 (local)
--Tick: 1735 (net)
--Tick: 1736 (local)
--Tick: 1737 (local)
--Tick: 1738 (net)
--Tick: 1739 (local)
--Tick: 1740 (local)
--Tick: 1741 (net)
--Tick: 1742 (local)
--Tick: 1743 (local)
--Tick: 1744 (net)
--Tick: 1745 (local)
--Tick: 1746 (local)
--Tick: 1747 (net)
--Tick: 1748 (local)
--Tick: 1749 (local)
--Tick: 1750 (net)
--Tick: 1751 (local)
--Tick: 1752 (local)
--Tick: 1753 (net)
--Tick: 1754 (local)
--Tick: 1755 (local)
--Tick: 1756 (net)
--Tick: 1757 (local)
--Tick: 1758 (local)
--Tick: 1759 (net)
--Tick: 1760 (local)
--Tick: 1761 (local)
--Tick: 1762 (net)
--Tick: 1763 (local)
--Tick: 1764 (local)
--Tick: 1765 (net)
--Tick: 1766 (local)
--Tick: 1767 (local)
--Tick: 1768 (net)
--Tick: 1769 (local)
--Tick: 1770 (local)
--Tick: 1771 (net)
--Tick: 1772 (local)
--Tick: 1773 (local)
--Tick: 1774 (net)
--Tick: 1775 (local)
--Tick: 1776 (local)
--Tick: 1777 (net)
--Tick: 1778 (local)
--Tick: 1779 (local)
--Tick: 1780 (net)
--Tick: 1781 (local)
--Tick: 1782 (local)
--Tick: 1783 (net)
--Tick: 1784 (local)
--Tick: 1785 (local)
--Tick: 1786 (net)
--Tick: 1787 (local)
--Tick: 1788 (local)
--Tick: 1789 (net)
--Tick: 1790 (local)
--Tick: 1791 (local)
--Tick: 1792 (net)
--Tick: 1793 (local)
--Tick: 1794 (local)
--Tick: 1795 (net)
--Tick: 1796 (local)
--Tick: 1797 (local)
--Tick: 1798 (net)
--Tick: 1799 (local)
--Tick: 1800 (local)
--Tick: 1801 (net)
--Tick: 1802 (local)
--Tick: 1803 (local)
--Tick: 1804 (net)
--Tick: 1805 (local)
--Tick: 1806 (local)
--Tick: 1807 (net)
--Tick: 1808 (local)
--Tick: 1809 (local)
--Tick: 1810 (net)
--Tick: 1811 (local)
--Tick: 1812 (local)
--Tick: 1813 (net)
--Tick: 1814 (local)
--Tick: 1815 (local)
--Tick: 1816 (net)
--Tick: 1817 (local)
--Tick: 1818 (local)
--Tick: 1819 (net)
--Tick: 1820 (local)
--Tick: 1821 (local)
--Tick: 1822 (net)
--Tick: 1823 (local)
--Tick: 1824 (local)
--Tick: 1825 (net)
--Tick: 1826 (local)
--Tick: 1827 (local)
--Tick: 1828 (net)
--Tick: 1829 (local)
--Tick: 1830 (local)
--Tick: 1831 (net)
--Tick: 1832 (local)
--Tick: 1833 (local)
--Tick: 1834 (net)
--Tick: 1835 (local)
--Tick: 1836 (local)
--Tick: 1837 (net)
--Tick: 1838 (local)
--Tick: 1839 (local)
--Tick: 1840 (net)
--Tick: 1841 (local)
--Tick: 1842 (local)
--Tick: 1843 (net)
--Tick: 1844 (local)
--Tick: 1845 (local)
--Tick: 1846 (net)
--Tick: 1847 (local)
--Tick: 1848 (local)
--Tick: 1849 (net)
--Tick: 1850 (local)
--Tick: 1851 (local)
--Tick: 1852 (net)
--Tick: 1853 (local)
--Tick: 1854 (local)
--Tick: 1855 (net)
--Tick: 1856 (local)
--Tick: 1857 (local)
--Tick: 1858 (net)
--Tick: 1859 (local)
--Tick: 1860 (local)
--Tick: 1861 (net)
--Tick: 1862 (local)
--Tick: 1863 (local)
--Tick: 1864 (net)
--Tick: 1865 (local)
--Tick: 1866 (local)
--Tick: 1867 (net)
--Tick: 1868 (local)
--Tick: 1869 (local)
--Tick: 1870 (net)
--Tick: 1871 (local)
--Tick: 1872 (local)
--Tick: 1873 (net)
--Tick: 1874 (local)
--Tick: 1875 (local)
--Tick: 1876 (net)
--Tick: 1877 (local)
--Tick: 1878 (local)
--Tick: 1879 (net)
--Tick: 1880 (local)
--Tick: 1881 (local)
--Tick: 1882 (net)
--Tick: 1883 (local)
--Tick: 1884 (local)
--Tick: 1885 (net)
--Tick: 1886 (local)
--Tick: 1887 (local)
--Tick: 1888 (net)
--Tick: 1889 (local)
e1 #59 killed by jeep #130
--Tick: 1890 (local)
--Tick: 1891 (net)
--Tick: 1892 (local)
--Tick: 1893 (local)
--Tick: 1894 (net)
--Tick: 1895 (local)
--Tick: 1896 (local)
--Tick: 1897 (net)
--Tick: 1898 (local)
--Tick: 1899 (local)
--Tick: 1900 (net)
--Tick: 1901 (local)
--Tick: 1902 (local)
--Tick: 1903 (net)
--Tick: 1904 (local)
--Tick: 1905 (local)
--Tick: 1906 (net)
--Tick: 1907 (local)
--Tick: 1908 (local)
--Tick: 1909 (net)
--Tick: 1910 (local)
--Tick: 1911 (local)
--Tick: 1912 (net)
--Tick: 1913 (local)
--Tick: 1914 (local)
--Tick: 1915 (net)
--Tick: 1916 (local)
--Tick: 1917 (local)
--Tick: 1918 (net)
--Tick: 1919 (local)
--Tick: 1920 (local)
--Tick: 1921 (net)
--Tick: 1922 (local)
--Tick: 1923 (local)
--Tick: 1924 (net)
--Tick: 1925 (local)
--Tick: 1926 (local)
e1 #58 killed by jeep #53
--Tick: 1927 (net)
--Tick: 1928 (local)
--Tick: 1929 (local)
--Tick: 1930 (net)
--Tick: 1931 (local)
--Tick: 1932 (local)
--Tick: 1933 (net)
--Tick: 1934 (local)
--Tick: 1935 (local)
--Tick: 1936 (net)
--Tick: 1937 (local)
--Tick: 1938 (local)
--Tick: 1939 (net)
--Tick: 1940 (local)
--Tick: 1941 (local)
--Tick: 1942 (net)
--Tick: 1943 (local)
--Tick: 1944 (local)
--Tick: 1945 (net)
--Tick: 1946 (local)
--Tick: 1947 (local)
--Tick: 1948 (net)
--Tick: 1949 (local)
--Tick: 1950 (local)
--Tick: 1951 (net)
--Tick: 1952 (local)
--Tick: 1953 (local)
--Tick: 1954 (net)
--Tick: 1955 (local)
--Tick: 1956 (local)
--Tick: 1957 (net)
--Tick: 1958 (local)
--Tick: 1959 (local)
--Tick: 1960 (net)
--Tick: 1961 (local)
--Tick: 1962 (local)
--Tick: 1963 (net)
--Tick: 1964 (local)
--Tick: 1965 (local)
--Tick: 1966 (net)
--Tick: 1967 (local)
--Tick: 1968 (local)
--Tick: 1969 (net)
--Tick: 1970 (local)
--Tick: 1971 (local)
--Tick: 1972 (net)
--Tick: 1973 (local)
--Tick: 1974 (local)
--Tick: 1975 (net)
--Tick: 1976 (local)
--Tick: 1977 (local)
--Tick: 1978 (net)
--Tick: 1979 (local)
--Tick: 1980 (local)
--Tick: 1981 (net)
--Tick: 1982 (local)
--Tick: 1983 (local)
--Tick: 1984 (net)
--Tick: 1985 (local)
--Tick: 1986 (local)
--Tick: 1987 (net)
--Tick: 1988 (local)
--Tick: 1989 (local)
--Tick: 1990 (net)
--Tick: 1991 (local)
--Tick: 1992 (local)
--Tick: 1993 (net)
--Tick: 1994 (local)
--Tick: 1995 (local)
--Tick: 1996 (net)
--Tick: 1997 (local)
--Tick: 1998 (local)
--Tick: 1999 (net)
--Tick: 2000 (local)
--Tick: 2001 (local)
--Tick: 2002 (net)
--Tick: 2003 (local)
--Tick: 2004 (local)
--Tick: 2005 (net)
--Tick: 2006 (local)
--Tick: 2007 (local)
--Tick: 2008 (net)
--Tick: 2009 (local)
--Tick: 2010 (local)
--Tick: 2011 (net)
--Tick: 2012 (local)
--Tick: 2013 (local)
--Tick: 2014 (net)
--Tick: 2015 (local)
--Tick: 2016 (local)
--Tick: 2017 (net)
--Tick: 2018 (local)
--Tick: 2019 (local)
--Tick: 2020 (net)
--Tick: 2021 (local)
--Tick: 2022 (local)
--Tick: 2023 (net)
--Tick: 2024 (local)
--Tick: 2025 (local)
--Tick: 2026 (net)
--Tick: 2027 (local)
--Tick: 2028 (local)
--Tick: 2029 (net)
--Tick: 2030 (local)
--Tick: 2031 (local)
--Tick: 2032 (net)
--Tick: 2033 (local)
--Tick: 2034 (local)
--Tick: 2035 (net)
--Tick: 2036 (local)
--Tick: 2037 (local)
--Tick: 2038 (net)
--Tick: 2039 (local)
--Tick: 2040 (local)
--Tick: 2041 (net)
--Tick: 2042 (local)
--Tick: 2043 (local)
--Tick: 2044 (net)
--Tick: 2045 (local)
--Tick: 2046 (local)
--Tick: 2047 (net)
--Tick: 2048 (local)
--Tick: 2049 (local)
--Tick: 2050 (net)
--Tick: 2051 (local)
--Tick: 2052 (local)
--Tick: 2053 (net)
--Tick: 2054 (local)
--Tick: 2055 (local)
--Tick: 2056 (net)
--Tick: 2057 (local)
--Tick: 2058 (local)
--Tick: 2059 (net)
--Tick: 2060 (local)
--Tick: 2061 (local)
--Tick: 2062 (net)
--Tick: 2063 (local)
--Tick: 2064 (local)
--Tick: 2065 (net)
--Tick: 2066 (local)
--Tick: 2067 (local)
--Tick: 2068 (net)
--Tick: 2069 (local)
--Tick: 2070 (local)
--Tick: 2071 (net)
--Tick: 2072 (local)
--Tick: 2073 (local)
--Tick: 2074 (net)
--Tick: 2075 (local)
--Tick: 2076 (local)
--Tick: 2077 (net)
--Tick: 2078 (local)
--Tick: 2079 (local)
--Tick: 2080 (net)
--Tick: 2081 (local)
--Tick: 2082 (local)
--Tick: 2083 (net)
--Tick: 2084 (local)
--Tick: 2085 (local)
--Tick: 2086 (net)
--Tick: 2087 (local)
--Tick: 2088 (local)
--Tick: 2089 (net)
--Tick: 2090 (local)
--Tick: 2091 (local)
--Tick: 2092 (net)
--Tick: 2093 (local)
--Tick: 2094 (local)
--Tick: 2095 (net)
--Tick: 2096 (local)
--Tick: 2097 (local)
--Tick: 2098 (net)
--Tick: 2099 (local)
--Tick: 2100 (local)
--Tick: 2101 (net)
--Tick: 2102 (local)
--Tick: 2103 (local)
--Tick: 2104 (net)
--Tick: 2105 (local)
--Tick: 2106 (local)
--Tick: 2107 (net)
--Tick: 2108 (local)
--Tick: 2109 (local)
--Tick: 2110 (net)
--Tick: 2111 (local)
--Tick: 2112 (local)
--Tick: 2113 (net)
--Tick: 2114 (local)
--Tick: 2115 (local)
--Tick: 2116 (net)
--Tick: 2117 (local)
--Tick: 2118 (local)
--Tick: 2119 (net)
--Tick: 2120 (local)
--Tick: 2121 (local)
--Tick: 2122 (net)
--Tick: 2123 (local)
--Tick: 2124 (local)
--Tick: 2125 (net)
--Tick: 2126 (local)
--Tick: 2127 (local)
--Tick: 2128 (net)
--Tick: 2129 (local)
--Tick: 2130 (local)
--Tick: 2131 (net)
--Tick: 2132 (local)
--Tick: 2133 (local)
--Tick: 2134 (net)
--Tick: 2135 (local)
--Tick: 2136 (local)
--Tick: 2137 (net)
--Tick: 2138 (local)
--Tick: 2139 (local)
--Tick: 2140 (net)
--Tick: 2141 (local)
--Tick: 2142 (local)
--Tick: 2143 (net)
--Tick: 2144 (local)
--Tick: 2145 (local)
--Tick: 2146 (net)
--Tick: 2147 (local)
--Tick: 2148 (local)
--Tick: 2149 (net)
--Tick: 2150 (local)
--Tick: 2151 (local)
--Tick: 2152 (net)
--Tick: 2153 (local)
--Tick: 2154 (local)
--Tick: 2155 (net)
--Tick: 2156 (local)
--Tick: 2157 (local)
--Tick: 2158 (net)
--Tick: 2159 (local)
--Tick: 2160 (local)
--Tick: 2161 (net)
--Tick: 2162 (local)
--Tick: 2163 (local)
--Tick: 2164 (net)
--Tick: 2165 (local)
--Tick: 2166 (local)
--Tick: 2167 (net)
--Tick: 2168 (local)
--Tick: 2169 (local)
--Tick: 2170 (net)
--Tick: 2171 (local)
--Tick: 2172 (local)
--Tick: 2173 (net)
--Tick: 2174 (local)
--Tick: 2175 (local)
--Tick: 2176 (net)
--Tick: 2177 (local)
--Tick: 2178 (local)
--Tick: 2179 (net)
--Tick: 2180 (local)
--Tick: 2181 (local)
--Tick: 2182 (net)
--Tick: 2183 (local)
--Tick: 2184 (local)
--Tick: 2185 (net)
--Tick: 2186 (local)
--Tick: 2187 (local)
--Tick: 2188 (net)
--Tick: 2189 (local)
--Tick: 2190 (local)
--Tick: 2191 (net)
--Tick: 2192 (local)
--Tick: 2193 (local)
--Tick: 2194 (net)
--Tick: 2195 (local)
--Tick: 2196 (local)
--Tick: 2197 (net)
--Tick: 2198 (local)
--Tick: 2199 (local)
--Tick: 2200 (net)
--Tick: 2201 (local)
--Tick: 2202 (local)
--Tick: 2203 (net)
--Tick: 2204 (local)
--Tick: 2205 (local)
--Tick: 2206 (net)
--Tick: 2207 (local)
--Tick: 2208 (local)
--Tick: 2209 (net)
--Tick: 2210 (local)
--Tick: 2211 (local)
--Tick: 2212 (net)
--Tick: 2213 (local)
--Tick: 2214 (local)
e7.noautotarget #124 killed by e1 #103
--Tick: 2215 (net)
--Tick: 2216 (local)
--Tick: 2217 (local)
--Tick: 2218 (net)
--Tick: 2219 (local)
--Tick: 2220 (local)
--Tick: 2221 (net)
--Tick: 2222 (local)
--Tick: 2223 (local)
--Tick: 2224 (net)
--Tick: 2225 (local)
--Tick: 2226 (local)
--Tick: 2227 (net)
--Tick: 2228 (local)
--Tick: 2229 (local)
--Tick: 2230 (net)
--Tick: 2231 (local)
--Tick: 2232 (local)
--Tick: 2233 (net)
--Tick: 2234 (local)
--Tick: 2235 (local)
--Tick: 2236 (net)
--Tick: 2237 (local)
--Tick: 2238 (local)
--Tick: 2239 (net)
--Tick: 2240 (local)
--Tick: 2241 (local)
--Tick: 2242 (net)
--Tick: 2243 (local)
--Tick: 2244 (local)
--Tick: 2245 (net)
--Tick: 2246 (local)
--Tick: 2247 (local)
--Tick: 2248 (net)
--Tick: 2249 (local)
--Tick: 2250 (local)
--Tick: 2251 (net)
--Tick: 2252 (local)
--Tick: 2253 (local)
--Tick: 2254 (net)
--Tick: 2255 (local)
--Tick: 2256 (local)
--Tick: 2257 (net)
--Tick: 2258 (local)
--Tick: 2259 (local)
--Tick: 2260 (net)
--Tick: 2261 (local)
--Tick: 2262 (local)
--Tick: 2263 (net)
--Tick: 2264 (local)
--Tick: 2265 (local)
--Tick: 2266 (net)
--Tick: 2267 (local)
--Tick: 2268 (local)
--Tick: 2269 (net)
--Tick: 2270 (local)
--Tick: 2271 (local)
--Tick: 2272 (net)
--Tick: 2273 (local)
--Tick: 2274 (local)
--Tick: 2275 (net)
--Tick: 2276 (local)
--Tick: 2277 (local)
--Tick: 2278 (net)
--Tick: 2279 (local)
--Tick: 2280 (local)
--Tick: 2281 (net)
--Tick: 2282 (local)
--Tick: 2283 (local)
--Tick: 2284 (net)
--Tick: 2285 (local)
--Tick: 2286 (local)
--Tick: 2287 (net)
--Tick: 2288 (local)
--Tick: 2289 (local)
--Tick: 2290 (net)
--Tick: 2291 (local)
--Tick: 2292 (local)
--Tick: 2293 (net)
--Tick: 2294 (local)
--Tick: 2295 (local)
--Tick: 2296 (net)
--Tick: 2297 (local)
--Tick: 2298 (local)
--Tick: 2299 (net)
--Tick: 2300 (local)
--Tick: 2301 (local)
--Tick: 2302 (net)
--Tick: 2303 (local)
--Tick: 2304 (local)
--Tick: 2305 (net)
--Tick: 2306 (local)
--Tick: 2307 (local)
--Tick: 2308 (net)
--Tick: 2309 (local)
--Tick: 2310 (local)
--Tick: 2311 (net)
--Tick: 2312 (local)
--Tick: 2313 (local)
--Tick: 2314 (net)
--Tick: 2315 (local)
--Tick: 2316 (local)
--Tick: 2317 (net)
--Tick: 2318 (local)
--Tick: 2319 (local)
--Tick: 2320 (net)
--Tick: 2321 (local)
--Tick: 2322 (local)
--Tick: 2323 (net)
--Tick: 2324 (local)
--Tick: 2325 (local)
--Tick: 2326 (net)
--Tick: 2327 (local)
--Tick: 2328 (local)
--Tick: 2329 (net)
--Tick: 2330 (local)
--Tick: 2331 (local)
--Tick: 2332 (net)
--Tick: 2333 (local)
--Tick: 2334 (local)
--Tick: 2335 (net)
--Tick: 2336 (local)
--Tick: 2337 (local)
--Tick: 2338 (net)
--Tick: 2339 (local)
--Tick: 2340 (local)
--Tick: 2341 (net)
--Tick: 2342 (local)
--Tick: 2343 (local)
--Tick: 2344 (net)
--Tick: 2345 (local)
--Tick: 2346 (local)
--Tick: 2347 (net)
--Tick: 2348 (local)
--Tick: 2349 (local)
--Tick: 2350 (net)
--Tick: 2351 (local)
--Tick: 2352 (local)
--Tick: 2353 (net)
--Tick: 2354 (local)
--Tick: 2355 (local)
--Tick: 2356 (net)
--Tick: 2357 (local)
--Tick: 2358 (local)
--Tick: 2359 (net)
--Tick: 2360 (local)
--Tick: 2361 (local)
--Tick: 2362 (net)
--Tick: 2363 (local)
--Tick: 2364 (local)
--Tick: 2365 (net)
--Tick: 2366 (local)
--Tick: 2367 (local)
--Tick: 2368 (net)
--Tick: 2369 (local)
--Tick: 2370 (local)
--Tick: 2371 (net)
--Tick: 2372 (local)
--Tick: 2373 (local)
--Tick: 2374 (net)
--Tick: 2375 (local)
--Tick: 2376 (local)
--Tick: 2377 (net)
--Tick: 2378 (local)
--Tick: 2379 (local)
--Tick: 2380 (net)
--Tick: 2381 (local)
--Tick: 2382 (local)
--Tick: 2383 (net)
--Tick: 2384 (local)
--Tick: 2385 (local)
--Tick: 2386 (net)
--Tick: 2387 (local)
--Tick: 2388 (local)
--Tick: 2389 (net)
--Tick: 2390 (local)
--Tick: 2391 (local)
--Tick: 2392 (net)
--Tick: 2393 (local)
--Tick: 2394 (local)
--Tick: 2395 (net)
--Tick: 2396 (local)
--Tick: 2397 (local)
--Tick: 2398 (net)
--Tick: 2399 (local)
--Tick: 2400 (local)
--Tick: 2401 (net)
--Tick: 2402 (local)
--Tick: 2403 (local)
--Tick: 2404 (net)
--Tick: 2405 (local)
--Tick: 2406 (local)
--Tick: 2407 (net)
--Tick: 2408 (local)
--Tick: 2409 (local)
--Tick: 2410 (net)
--Tick: 2411 (local)
--Tick: 2412 (local)
--Tick: 2413 (net)
--Tick: 2414 (local)
--Tick: 2415 (local)
--Tick: 2416 (net)
--Tick: 2417 (local)
--Tick: 2418 (local)
--Tick: 2419 (net)
--Tick: 2420 (local)
--Tick: 2421 (local)
--Tick: 2422 (net)
--Tick: 2423 (local)
--Tick: 2424 (local)
--Tick: 2425 (net)
--Tick: 2426 (local)
--Tick: 2427 (local)
--Tick: 2428 (net)
--Tick: 2429 (local)
--Tick: 2430 (local)
--Tick: 2431 (net)
--Tick: 2432 (local)
--Tick: 2433 (local)
--Tick: 2434 (net)
--Tick: 2435 (local)
--Tick: 2436 (local)
--Tick: 2437 (net)
--Tick: 2438 (local)
--Tick: 2439 (local)
--Tick: 2440 (net)
--Tick: 2441 (local)
--Tick: 2442 (local)
--Tick: 2443 (net)
--Tick: 2444 (local)
--Tick: 2445 (local)
--Tick: 2446 (net)
--Tick: 2447 (local)
--Tick: 2448 (local)
--Tick: 2449 (net)
--Tick: 2450 (local)
--Tick: 2451 (local)
--Tick: 2452 (net)
--Tick: 2453 (local)
--Tick: 2454 (local)
--Tick: 2455 (net)
--Tick: 2456 (local)
--Tick: 2457 (local)
--Tick: 2458 (net)
--Tick: 2459 (local)
--Tick: 2460 (local)
--Tick: 2461 (net)
--Tick: 2462 (local)
--Tick: 2463 (local)
--Tick: 2464 (net)
--Tick: 2465 (local)
--Tick: 2466 (local)
--Tick: 2467 (net)
--Tick: 2468 (local)
--Tick: 2469 (local)
--Tick: 2470 (net)
--Tick: 2471 (local)
--Tick: 2472 (local)
--Tick: 2473 (net)
--Tick: 2474 (local)
--Tick: 2475 (local)
--Tick: 2476 (net)
--Tick: 2477 (local)
--Tick: 2478 (local)
--Tick: 2479 (net)
--Tick: 2480 (local)
--Tick: 2481 (local)
--Tick: 2482 (net)
--Tick: 2483 (local)
--Tick: 2484 (local)
--Tick: 2485 (net)
--Tick: 2486 (local)
--Tick: 2487 (local)
--Tick: 2488 (net)
--Tick: 2489 (local)
--Tick: 2490 (local)
--Tick: 2491 (net)
--Tick: 2492 (local)
--Tick: 2493 (local)
--Tick: 2494 (net)
--Tick: 2495 (local)
--Tick: 2496 (local)
--Tick: 2497 (net)
--Tick: 2498 (local)
--Tick: 2499 (local)
--Tick: 2500 (net)
--Tick: 2501 (local)
--Tick: 2502 (local)
--Tick: 2503 (net)
--Tick: 2504 (local)
--Tick: 2505 (local)
--Tick: 2506 (net)
--Tick: 2507 (local)
--Tick: 2508 (local)
--Tick: 2509 (net)
--Tick: 2510 (local)
--Tick: 2511 (local)
--Tick: 2512 (net)
--Tick: 2513 (local)
--Tick: 2514 (local)
--Tick: 2515 (net)
--Tick: 2516 (local)
--Tick: 2517 (local)
--Tick: 2518 (net)
--Tick: 2519 (local)
--Tick: 2520 (local)
--Tick: 2521 (net)
--Tick: 2522 (local)
--Tick: 2523 (local)
--Tick: 2524 (net)
--Tick: 2525 (local)
--Tick: 2526 (local)
--Tick: 2527 (net)
--Tick: 2528 (local)
--Tick: 2529 (local)
--Tick: 2530 (net)
--Tick: 2531 (local)
--Tick: 2532 (local)
--Tick: 2533 (net)
--Tick: 2534 (local)
--Tick: 2535 (local)
--Tick: 2536 (net)
--Tick: 2537 (local)
--Tick: 2538 (local)
--Tick: 2539 (net)
--Tick: 2540 (local)
--Tick: 2541 (local)
--Tick: 2542 (net)
--Tick: 2543 (local)
--Tick: 2544 (local)
--Tick: 2545 (net)
--Tick: 2546 (local)
--Tick: 2547 (local)
--Tick: 2548 (net)
--Tick: 2549 (local)
--Tick: 2550 (local)
--Tick: 2551 (net)
--Tick: 2552 (local)
--Tick: 2553 (local)
--Tick: 2554 (net)
--Tick: 2555 (local)
--Tick: 2556 (local)
--Tick: 2557 (net)
--Tick: 2558 (local)
--Tick: 2559 (local)
--Tick: 2560 (net)
--Tick: 2561 (local)
--Tick: 2562 (local)
--Tick: 2563 (net)
--Tick: 2564 (local)
--Tick: 2565 (local)
--Tick: 2566 (net)
--Tick: 2567 (local)
--Tick: 2568 (local)
--Tick: 2569 (net)
--Tick: 2570 (local)
--Tick: 2571 (local)
--Tick: 2572 (net)
--Tick: 2573 (local)
--Tick: 2574 (local)
--Tick: 2575 (net)
--Tick: 2576 (local)
--Tick: 2577 (local)
--Tick: 2578 (net)
--Tick: 2579 (local)
--Tick: 2580 (local)
--Tick: 2581 (net)
--Tick: 2582 (local)
--Tick: 2583 (local)
--Tick: 2584 (net)
--Tick: 2585 (local)
--Tick: 2586 (local)
--Tick: 2587 (net)
--Tick: 2588 (local)
--Tick: 2589 (local)
--Tick: 2590 (net)
--Tick: 2591 (local)
--Tick: 2592 (local)
--Tick: 2593 (net)
--Tick: 2594 (local)
--Tick: 2595 (local)
--Tick: 2596 (net)
--Tick: 2597 (local)
--Tick: 2598 (local)
--Tick: 2599 (net)
--Tick: 2600 (local)
--Tick: 2601 (local)
--Tick: 2602 (net)
--Tick: 2603 (local)
--Tick: 2604 (local)
--Tick: 2605 (net)
--Tick: 2606 (local)
--Tick: 2607 (local)
--Tick: 2608 (net)
--Tick: 2609 (local)
--Tick: 2610 (local)
--Tick: 2611 (net)
--Tick: 2612 (local)
--Tick: 2613 (local)
--Tick: 2614 (net)
--Tick: 2615 (local)
--Tick: 2616 (local)
--Tick: 2617 (net)
--Tick: 2618 (local)
--Tick: 2619 (local)
--Tick: 2620 (net)
--Tick: 2621 (local)
--Tick: 2622 (local)
--Tick: 2623 (net)
--Tick: 2624 (local)
--Tick: 2625 (local)
--Tick: 2626 (net)
--Tick: 2627 (local)
--Tick: 0 (net)
--Tick: 0 (net)
--Tick: 0 (net)
--Tick: 0 (net)
--Tick: 0 (net)
--Tick: 0 (net)
Found 4 domains for movement class 351 on map 01:   In the thick of it.
Found 3 domains for movement class 2048 on map 01:   In the thick of it.
Found 3 domains for movement class 2049 on map 01:   In the thick of it.
Found 1 domains for movement class 0 on map 01:   In the thick of it.
--Tick: 1 (net)
--Tick: 2 (local)
--Tick: 3 (local)
--Tick: 4 (net)
--Tick: 5 (local)
--Tick: 6 (local)
--Tick: 7 (net)
--Tick: 8 (local)
--Tick: 9 (local)
--Tick: 10 (net)
--Tick: 11 (local)
--Tick: 12 (local)
--Tick: 13 (net)
--Tick: 14 (local)
--Tick: 15 (local)
--Tick: 16 (net)
--Tick: 17 (local)
--Tick: 18 (local)
--Tick: 19 (net)
--Tick: 20 (local)
--Tick: 21 (local)
--Tick: 22 (net)
--Tick: 23 (local)
--Tick: 24 (local)
--Tick: 25 (net)
--Tick: 26 (local)
--Tick: 27 (local)
--Tick: 28 (net)
--Tick: 29 (local)
--Tick: 30 (local)
--Tick: 31 (net)
--Tick: 32 (local)
--Tick: 33 (local)
--Tick: 34 (net)
--Tick: 35 (local)
--Tick: 36 (local)
--Tick: 37 (net)
--Tick: 38 (local)
--Tick: 39 (local)
--Tick: 40 (net)
--Tick: 41 (local)
--Tick: 42 (local)
--Tick: 43 (net)
--Tick: 44 (local)
--Tick: 45 (local)
--Tick: 46 (net)
--Tick: 47 (local)
--Tick: 48 (local)
--Tick: 49 (net)
dog #104 killed by jeep #51
--Tick: 50 (local)
--Tick: 51 (local)
--Tick: 52 (net)
--Tick: 53 (local)
--Tick: 54 (local)
--Tick: 55 (net)
--Tick: 56 (local)
--Tick: 57 (local)
--Tick: 58 (net)
--Tick: 59 (local)
--Tick: 60 (local)
--Tick: 61 (net)
--Tick: 62 (local)
--Tick: 63 (local)
--Tick: 64 (net)
--Tick: 65 (local)
--Tick: 66 (local)
--Tick: 67 (net)
--Tick: 68 (local)
--Tick: 69 (local)
--Tick: 70 (net)
--Tick: 71 (local)
--Tick: 72 (local)
--Tick: 73 (net)
--Tick: 74 (local)
--Tick: 75 (local)
--Tick: 76 (net)
e1 #107 killed by jeep #51
--Tick: 77 (local)
--Tick: 78 (local)
--Tick: 79 (net)
--Tick: 80 (local)
--Tick: 81 (local)
--Tick: 82 (net)
--Tick: 83 (local)
--Tick: 84 (local)
--Tick: 85 (net)
--Tick: 86 (local)
--Tick: 87 (local)
--Tick: 88 (net)
--Tick: 89 (local)
--Tick: 90 (local)
--Tick: 91 (net)
--Tick: 92 (local)
--Tick: 93 (local)
--Tick: 94 (net)
--Tick: 95 (local)
--Tick: 96 (local)
--Tick: 97 (net)
--Tick: 98 (local)
--Tick: 99 (local)
--Tick: 100 (net)
--Tick: 101 (local)
--Tick: 102 (local)
--Tick: 103 (net)
--Tick: 104 (local)
--Tick: 105 (local)
--Tick: 106 (net)
--Tick: 107 (local)
--Tick: 108 (local)
--Tick: 109 (net)
--Tick: 110 (local)
--Tick: 111 (local)
--Tick: 112 (net)
--Tick: 113 (local)
--Tick: 114 (local)
--Tick: 115 (net)
--Tick: 116 (local)
--Tick: 117 (local)
--Tick: 118 (net)
--Tick: 119 (local)
--Tick: 120 (local)
--Tick: 121 (net)
--Tick: 122 (local)
--Tick: 123 (local)
--Tick: 124 (net)
--Tick: 125 (local)
--Tick: 126 (local)
--Tick: 127 (net)
--Tick: 128 (local)
--Tick: 129 (local)
--Tick: 130 (net)
--Tick: 131 (local)
--Tick: 132 (local)
--Tick: 133 (net)
--Tick: 134 (local)
--Tick: 135 (local)
--Tick: 136 (net)
--Tick: 137 (local)
--Tick: 138 (local)
--Tick: 139 (net)
--Tick: 140 (local)
--Tick: 141 (local)
--Tick: 142 (net)
--Tick: 143 (local)
--Tick: 144 (local)
--Tick: 145 (net)
--Tick: 146 (local)
--Tick: 147 (local)
--Tick: 148 (net)
--Tick: 149 (local)
--Tick: 150 (local)
--Tick: 151 (net)
--Tick: 152 (local)
--Tick: 153 (local)
--Tick: 154 (net)
--Tick: 155 (local)
--Tick: 156 (local)
--Tick: 157 (net)
--Tick: 158 (local)
--Tick: 159 (local)
--Tick: 160 (net)
--Tick: 161 (local)
--Tick: 162 (local)
--Tick: 163 (net)
--Tick: 164 (local)
--Tick: 165 (local)
--Tick: 166 (net)
--Tick: 167 (local)
--Tick: 168 (local)
--Tick: 169 (net)
--Tick: 170 (local)
--Tick: 171 (local)
--Tick: 172 (net)
--Tick: 173 (local)
--Tick: 174 (local)
--Tick: 175 (net)
--Tick: 176 (local)
--Tick: 177 (local)
--Tick: 178 (net)
--Tick: 179 (local)
--Tick: 180 (local)
--Tick: 181 (net)
--Tick: 182 (local)
--Tick: 183 (local)
--Tick: 184 (net)
--Tick: 185 (local)
--Tick: 186 (local)
--Tick: 187 (net)
--Tick: 188 (local)
--Tick: 189 (local)
--Tick: 190 (net)
--Tick: 191 (local)
--Tick: 192 (local)
--Tick: 193 (net)
--Tick: 194 (local)
--Tick: 195 (local)
--Tick: 196 (net)
--Tick: 197 (local)
--Tick: 198 (local)
--Tick: 199 (net)
--Tick: 200 (local)
--Tick: 201 (local)
--Tick: 202 (net)
--Tick: 203 (local)
--Tick: 204 (local)
--Tick: 205 (net)
--Tick: 206 (local)
--Tick: 207 (local)
--Tick: 208 (net)
--Tick: 209 (local)
--Tick: 210 (local)
--Tick: 211 (net)
--Tick: 212 (local)
--Tick: 213 (local)
--Tick: 214 (net)
--Tick: 215 (local)
--Tick: 216 (local)
--Tick: 217 (net)
--Tick: 218 (local)
--Tick: 219 (local)
--Tick: 220 (net)
--Tick: 221 (local)
e1 #106 killed by e7.noautotarget #124
--Tick: 222 (local)
--Tick: 223 (net)
--Tick: 224 (local)
--Tick: 225 (local)
--Tick: 226 (net)
--Tick: 227 (local)
--Tick: 228 (local)
--Tick: 229 (net)
--Tick: 230 (local)
--Tick: 231 (local)
--Tick: 232 (net)
e1 #105 killed by jeep #53
--Tick: 233 (local)
--Tick: 234 (local)
--Tick: 235 (net)
--Tick: 236 (local)
--Tick: 237 (local)
--Tick: 238 (net)
--Tick: 239 (local)
--Tick: 240 (local)
--Tick: 241 (net)
--Tick: 242 (local)
--Tick: 243 (local)
--Tick: 244 (net)
--Tick: 245 (local)
--Tick: 246 (local)
--Tick: 247 (net)
--Tick: 248 (local)
--Tick: 249 (local)
--Tick: 250 (net)
--Tick: 251 (local)
--Tick: 252 (local)
--Tick: 253 (net)
c8 #108 killed by tsla #28
--Tick: 254 (local)
--Tick: 255 (local)
--Tick: 256 (net)
--Tick: 257 (local)
--Tick: 258 (local)
--Tick: 259 (net)
--Tick: 260 (local)
--Tick: 261 (local)
--Tick: 262 (net)
--Tick: 263 (local)
--Tick: 264 (local)
--Tick: 265 (net)
--Tick: 266 (local)
--Tick: 267 (local)
--Tick: 268 (net)
--Tick: 269 (local)
--Tick: 270 (local)
--Tick: 271 (net)
--Tick: 272 (local)
--Tick: 273 (local)
--Tick: 274 (net)
--Tick: 275 (local)
--Tick: 276 (local)
--Tick: 277 (net)
--Tick: 278 (local)
barl #47 killed by jeep #51
--Tick: 279 (local)
--Tick: 280 (net)
--Tick: 281 (local)
--Tick: 282 (local)
--Tick: 283 (net)
brl3 #45 killed by barl #47
barl #46 killed by barl #47
brl3 #48 killed by barl #47
e2 #63 killed by barl #47
e2 #64 killed by barl #47
--Tick: 284 (local)
--Tick: 285 (local)
--Tick: 286 (net)
--Tick: 287 (local)
--Tick: 288 (local)
barl #49 killed by brl3 #45
barl #50 killed by brl3 #45
powr #31 killed by barl #46
--Tick: 289 (net)
--Tick: 290 (local)
--Tick: 291 (local)
--Tick: 292 (net)
--Tick: 293 (local)
t17 #25 killed by barl #49
v19 #100 killed by barl #49
--Tick: 294 (local)
--Tick: 295 (net)
--Tick: 296 (local)
--Tick: 297 (local)
--Tick: 298 (net)
--Tick: 299 (local)
--Tick: 300 (local)
--Tick: 301 (net)
--Tick: 302 (local)
--Tick: 303 (local)
--Tick: 304 (net)
--Tick: 305 (local)
--Tick: 306 (local)
--Tick: 307 (net)
--Tick: 308 (local)
--Tick: 309 (local)
--Tick: 310 (net)
--Tick: 311 (local)
--Tick: 312 (local)
--Tick: 313 (net)
--Tick: 314 (local)
--Tick: 315 (local)
--Tick: 316 (net)
--Tick: 317 (local)
--Tick: 318 (local)
--Tick: 319 (net)
--Tick: 320 (local)
--Tick: 321 (local)
--Tick: 322 (net)
--Tick: 323 (local)
--Tick: 324 (local)
--Tick: 325 (net)
--Tick: 326 (local)
--Tick: 327 (local)
--Tick: 328 (net)
--Tick: 329 (local)
--Tick: 330 (local)
--Tick: 331 (net)
--Tick: 332 (local)
--Tick: 333 (local)
--Tick: 334 (net)
--Tick: 335 (local)
--Tick: 336 (local)
--Tick: 337 (net)
--Tick: 338 (local)
--Tick: 339 (local)
--Tick: 340 (net)
--Tick: 341 (local)
--Tick: 342 (local)
--Tick: 343 (net)
--Tick: 344 (local)
--Tick: 345 (local)
--Tick: 346 (net)
--Tick: 347 (local)
--Tick: 348 (local)
--Tick: 349 (net)
--Tick: 350 (local)
--Tick: 351 (local)
--Tick: 352 (net)
--Tick: 353 (local)
--Tick: 354 (local)
--Tick: 355 (net)
--Tick: 356 (local)
--Tick: 357 (local)
--Tick: 358 (net)
--Tick: 359 (local)
--Tick: 360 (local)
--Tick: 361 (net)
--Tick: 362 (local)
--Tick: 363 (local)
--Tick: 364 (net)
--Tick: 365 (local)
--Tick: 366 (local)
--Tick: 367 (net)
--Tick: 368 (local)
--Tick: 369 (local)
--Tick: 370 (net)
--Tick: 371 (local)
--Tick: 372 (local)
--Tick: 373 (net)
--Tick: 374 (local)
--Tick: 375 (local)
--Tick: 376 (net)
--Tick: 377 (local)
--Tick: 378 (local)
--Tick: 379 (net)
--Tick: 380 (local)
--Tick: 381 (local)
--Tick: 382 (net)
--Tick: 383 (local)
--Tick: 384 (local)
--Tick: 385 (net)
--Tick: 386 (local)
--Tick: 387 (local)
--Tick: 388 (net)
--Tick: 389 (local)
--Tick: 390 (local)
--Tick: 391 (net)
--Tick: 392 (local)
--Tick: 393 (local)
--Tick: 394 (net)
--Tick: 395 (local)
--Tick: 396 (local)
--Tick: 397 (net)
--Tick: 398 (local)
--Tick: 399 (local)
--Tick: 400 (net)
--Tick: 401 (local)
--Tick: 402 (local)
--Tick: 403 (net)
--Tick: 404 (local)
--Tick: 405 (local)
--Tick: 406 (net)
--Tick: 407 (local)
--Tick: 408 (local)
--Tick: 409 (net)
--Tick: 410 (local)
--Tick: 411 (local)
--Tick: 412 (net)
--Tick: 413 (local)
--Tick: 414 (local)
--Tick: 415 (net)
--Tick: 416 (local)
--Tick: 417 (local)
--Tick: 418 (net)
--Tick: 419 (local)
--Tick: 420 (local)
--Tick: 421 (net)
--Tick: 422 (local)
--Tick: 423 (local)
--Tick: 424 (net)
--Tick: 425 (local)
--Tick: 426 (local)
--Tick: 427 (net)
--Tick: 428 (local)
--Tick: 429 (local)
--Tick: 430 (net)
--Tick: 431 (local)
--Tick: 432 (local)
--Tick: 433 (net)
--Tick: 434 (local)
--Tick: 435 (local)
--Tick: 436 (net)
--Tick: 437 (local)
--Tick: 438 (local)
--Tick: 439 (net)
--Tick: 440 (local)
--Tick: 441 (local)
--Tick: 442 (net)
--Tick: 443 (local)
--Tick: 444 (local)
--Tick: 445 (net)
--Tick: 446 (local)
--Tick: 447 (local)
--Tick: 448 (net)
--Tick: 449 (local)
--Tick: 450 (local)
--Tick: 451 (net)
--Tick: 452 (local)
--Tick: 453 (local)
--Tick: 454 (net)
--Tick: 455 (local)
--Tick: 456 (local)
--Tick: 457 (net)
--Tick: 458 (local)
--Tick: 459 (local)
--Tick: 460 (net)
--Tick: 461 (local)
--Tick: 462 (local)
--Tick: 463 (net)
--Tick: 464 (local)
--Tick: 465 (local)
--Tick: 466 (net)
--Tick: 467 (local)
--Tick: 468 (local)
--Tick: 469 (net)
--Tick: 470 (local)
--Tick: 471 (local)
--Tick: 472 (net)
--Tick: 473 (local)
--Tick: 474 (local)
--Tick: 475 (net)
--Tick: 476 (local)
--Tick: 477 (local)
--Tick: 478 (net)
--Tick: 479 (local)
--Tick: 480 (local)
--Tick: 481 (net)
--Tick: 482 (local)
--Tick: 483 (local)
--Tick: 484 (net)
--Tick: 485 (local)
--Tick: 486 (local)
--Tick: 487 (net)
--Tick: 488 (local)
--Tick: 489 (local)
--Tick: 490 (net)
--Tick: 491 (local)
--Tick: 492 (local)
--Tick: 493 (net)
--Tick: 494 (local)
--Tick: 495 (local)
--Tick: 496 (net)
--Tick: 497 (local)
--Tick: 498 (local)
--Tick: 499 (net)
--Tick: 500 (local)
--Tick: 501 (local)
--Tick: 502 (net)
--Tick: 503 (local)
--Tick: 504 (local)
--Tick: 505 (net)
--Tick: 506 (local)
--Tick: 507 (local)
--Tick: 508 (net)
--Tick: 509 (local)
--Tick: 510 (local)
--Tick: 511 (net)
--Tick: 512 (local)
--Tick: 513 (local)
--Tick: 514 (net)
--Tick: 515 (local)
--Tick: 516 (local)
--Tick: 517 (net)
--Tick: 518 (local)
--Tick: 519 (local)
--Tick: 520 (net)
--Tick: 521 (local)
--Tick: 522 (local)
--Tick: 523 (net)
--Tick: 524 (local)
--Tick: 525 (local)
--Tick: 526 (net)
--Tick: 527 (local)
--Tick: 528 (local)
--Tick: 529 (net)
--Tick: 530 (local)
--Tick: 531 (local)
--Tick: 532 (net)
--Tick: 533 (local)
--Tick: 534 (local)
--Tick: 535 (net)
--Tick: 536 (local)
--Tick: 537 (local)
--Tick: 538 (net)
--Tick: 539 (local)
--Tick: 540 (local)
--Tick: 541 (net)
--Tick: 542 (local)
--Tick: 543 (local)
--Tick: 544 (net)
--Tick: 545 (local)
--Tick: 546 (local)
--Tick: 547 (net)
--Tick: 548 (local)
--Tick: 549 (local)
--Tick: 550 (net)
--Tick: 551 (local)
--Tick: 552 (local)
--Tick: 553 (net)
--Tick: 554 (local)
--Tick: 555 (local)
--Tick: 556 (net)
--Tick: 557 (local)
--Tick: 558 (local)
--Tick: 559 (net)
--Tick: 560 (local)
--Tick: 561 (local)
--Tick: 562 (net)
--Tick: 563 (local)
--Tick: 564 (local)
--Tick: 565 (net)
--Tick: 566 (local)
--Tick: 567 (local)
--Tick: 568 (net)
--Tick: 569 (local)
--Tick: 570 (local)
--Tick: 571 (net)
--Tick: 572 (local)
--Tick: 573 (local)
--Tick: 574 (net)
--Tick: 575 (local)
--Tick: 576 (local)
--Tick: 577 (net)
--Tick: 578 (local)
--Tick: 579 (local)
--Tick: 580 (net)
--Tick: 581 (local)
--Tick: 582 (local)
--Tick: 583 (net)
--Tick: 584 (local)
--Tick: 585 (local)
--Tick: 586 (net)
--Tick: 587 (local)
--Tick: 588 (local)
--Tick: 589 (net)
--Tick: 590 (local)
--Tick: 591 (local)
--Tick: 592 (net)
--Tick: 593 (local)
--Tick: 594 (local)
--Tick: 595 (net)
--Tick: 596 (local)
--Tick: 597 (local)
--Tick: 598 (net)
--Tick: 599 (local)
--Tick: 600 (local)
--Tick: 601 (net)
--Tick: 602 (local)
--Tick: 603 (local)
--Tick: 604 (net)
--Tick: 605 (local)
e7.noautotarget #124 killed by e1 #101
--Tick: 606 (local)
--Tick: 607 (net)
--Tick: 608 (local)
--Tick: 609 (local)
--Tick: 610 (net)
--Tick: 611 (local)
--Tick: 612 (local)
--Tick: 613 (net)
--Tick: 614 (local)
--Tick: 615 (local)
--Tick: 616 (net)
--Tick: 617 (local)
--Tick: 618 (local)
--Tick: 619 (net)
--Tick: 620 (local)
--Tick: 621 (local)
--Tick: 622 (net)
--Tick: 623 (local)
--Tick: 624 (local)
--Tick: 625 (net)
--Tick: 626 (local)
--Tick: 627 (local)
--Tick: 628 (net)
--Tick: 629 (local)
--Tick: 630 (local)
--Tick: 631 (net)
--Tick: 632 (local)
--Tick: 633 (local)
--Tick: 634 (net)
--Tick: 635 (local)
--Tick: 636 (local)
--Tick: 637 (net)
--Tick: 638 (local)
--Tick: 639 (local)
--Tick: 640 (net)
e1 #66 killed by e1 #102
--Tick: 641 (local)
--Tick: 642 (local)
--Tick: 643 (net)
--Tick: 644 (local)
--Tick: 645 (local)
--Tick: 646 (net)
--Tick: 647 (local)
--Tick: 648 (local)
--Tick: 649 (net)
--Tick: 650 (local)
--Tick: 651 (local)
--Tick: 652 (net)
--Tick: 653 (local)
--Tick: 654 (local)
--Tick: 655 (net)
--Tick: 656 (local)
--Tick: 657 (local)
--Tick: 658 (net)
--Tick: 659 (local)
--Tick: 660 (local)
--Tick: 661 (net)
--Tick: 662 (local)
--Tick: 663 (local)
--Tick: 664 (net)
--Tick: 665 (local)
--Tick: 666 (local)
--Tick: 667 (net)
--Tick: 668 (local)
--Tick: 669 (local)
--Tick: 670 (net)
--Tick: 671 (local)
--Tick: 672 (local)
--Tick: 673 (net)
--Tick: 674 (local)
--Tick: 675 (local)
--Tick: 676 (net)
--Tick: 677 (local)
--Tick: 678 (local)
--Tick: 679 (net)
--Tick: 680 (local)
--Tick: 681 (local)
--Tick: 682 (net)
--Tick: 683 (local)
--Tick: 684 (local)
--Tick: 685 (net)
--Tick: 686 (local)
--Tick: 687 (local)
--Tick: 688 (net)
--Tick: 689 (local)
--Tick: 690 (local)
--Tick: 691 (net)
--Tick: 692 (local)
--Tick: 693 (local)
--Tick: 694 (net)
--Tick: 695 (local)
--Tick: 696 (local)
--Tick: 697 (net)
--Tick: 698 (local)
--Tick: 699 (local)
--Tick: 700 (net)
--Tick: 701 (local)
--Tick: 702 (local)
--Tick: 703 (net)
--Tick: 704 (local)
--Tick: 705 (local)
--Tick: 706 (net)
--Tick: 707 (local)
--Tick: 708 (local)
--Tick: 709 (net)
--Tick: 710 (local)
--Tick: 711 (local)
--Tick: 712 (net)
--Tick: 713 (local)
--Tick: 714 (local)
--Tick: 715 (net)
--Tick: 716 (local)
--Tick: 717 (local)
--Tick: 718 (net)
--Tick: 719 (local)
--Tick: 720 (local)
--Tick: 721 (net)
--Tick: 722 (local)
--Tick: 723 (local)
--Tick: 724 (net)
--Tick: 725 (local)
--Tick: 726 (local)
--Tick: 727 (net)
--Tick: 728 (local)
--Tick: 729 (local)
--Tick: 730 (net)
--Tick: 731 (local)
--Tick: 732 (local)
--Tick: 733 (net)
--Tick: 734 (local)
--Tick: 735 (local)
--Tick: 736 (net)
--Tick: 737 (local)
--Tick: 738 (local)
--Tick: 739 (net)
--Tick: 740 (local)
--Tick: 741 (local)
--Tick: 742 (net)
--Tick: 743 (local)
--Tick: 744 (local)
--Tick: 745 (net)
--Tick: 746 (local)
--Tick: 747 (local)
--Tick: 748 (net)
--Tick: 749 (local)
--Tick: 750 (local)
--Tick: 751 (net)
--Tick: 752 (local)
--Tick: 753 (local)
--Tick: 754 (net)
--Tick: 755 (local)
--Tick: 756 (local)
--Tick: 757 (net)
--Tick: 758 (local)
--Tick: 759 (local)
--Tick: 760 (net)
--Tick: 761 (local)
--Tick: 762 (local)
--Tick: 763 (net)
--Tick: 764 (local)
--Tick: 765 (local)
--Tick: 766 (net)
--Tick: 767 (local)
--Tick: 768 (local)
--Tick: 769 (net)
--Tick: 770 (local)
--Tick: 771 (local)
--Tick: 772 (net)
--Tick: 773 (local)
--Tick: 774 (local)
--Tick: 775 (net)
--Tick: 776 (local)
--Tick: 777 (local)
--Tick: 778 (net)
--Tick: 779 (local)
--Tick: 780 (local)
--Tick: 781 (net)
--Tick: 782 (local)
--Tick: 783 (local)
--Tick: 784 (net)
--Tick: 785 (local)
--Tick: 786 (local)
--Tick: 787 (net)
--Tick: 788 (local)
--Tick: 789 (local)
--Tick: 790 (net)
--Tick: 791 (local)
--Tick: 792 (local)
--Tick: 793 (net)
--Tick: 794 (local)
--Tick: 795 (local)
--Tick: 796 (net)
--Tick: 797 (local)
--Tick: 798 (local)
--Tick: 799 (net)
--Tick: 800 (local)
--Tick: 801 (local)
--Tick: 802 (net)
--Tick: 803 (local)
--Tick: 804 (local)
--Tick: 805 (net)
--Tick: 806 (local)
--Tick: 807 (local)
--Tick: 808 (net)
--Tick: 809 (local)
--Tick: 810 (local)
--Tick: 811 (net)
--Tick: 812 (local)
--Tick: 813 (local)
--Tick: 814 (net)
--Tick: 815 (local)
--Tick: 816 (local)
--Tick: 817 (net)
--Tick: 818 (local)
--Tick: 819 (local)
--Tick: 820 (net)
--Tick: 821 (local)
--Tick: 822 (local)
--Tick: 823 (net)
--Tick: 824 (local)
--Tick: 825 (local)
--Tick: 826 (net)
--Tick: 827 (local)
--Tick: 828 (local)
--Tick: 829 (net)
--Tick: 830 (local)
--Tick: 831 (local)
--Tick: 832 (net)
--Tick: 833 (local)
--Tick: 834 (local)
--Tick: 835 (net)
--Tick: 836 (local)
--Tick: 837 (local)
--Tick: 838 (net)
--Tick: 839 (local)
--Tick: 840 (local)
--Tick: 841 (net)
--Tick: 842 (local)
--Tick: 843 (local)
--Tick: 844 (net)
--Tick: 845 (local)
--Tick: 846 (local)
--Tick: 847 (net)
--Tick: 848 (local)
--Tick: 849 (local)
--Tick: 850 (net)
--Tick: 851 (local)
--Tick: 852 (local)
--Tick: 853 (net)
--Tick: 854 (local)
--Tick: 855 (local)
--Tick: 856 (net)
--Tick: 857 (local)
--Tick: 858 (local)
--Tick: 859 (net)
--Tick: 860 (local)
--Tick: 861 (local)
--Tick: 862 (net)
--Tick: 863 (local)
--Tick: 864 (local)
--Tick: 865 (net)
--Tick: 866 (local)
--Tick: 867 (local)
--Tick: 868 (net)
--Tick: 869 (local)
--Tick: 870 (local)
--Tick: 871 (net)
--Tick: 872 (local)
--Tick: 873 (local)
--Tick: 874 (net)
--Tick: 875 (local)
--Tick: 876 (local)
--Tick: 877 (net)
--Tick: 878 (local)
--Tick: 879 (local)
--Tick: 880 (net)
--Tick: 881 (local)
--Tick: 882 (local)
