Production: 13328
IHealth: 7558
ISelectionBar: 6989
RejectsOrders: 6826
DeveloperMode: 6584
IRenderAnnotationsWhenSelected: 6540
IRenderAboveShroudWhenSelected: 6540
IIssueOrder: 6485
HitShape: 3239
IPaletteModifier: 1563
IRenderAnnotations: 1562
IRenderShroud: 1562
IRenderOverlay: 1562
IRenderAboveShroud: 1562
IRenderAboveWorld: 1562
Mobile: 743
IDisableEnemyAutoTarget: 699
ITooltip: 588
GpsWatcher: 530
IBlocksProjectiles: 448
INotifyAppliedDamage: 430
ProvidesRadar: 423
DebugVisualizations: 345
RenderSprites: 313
IFacing: 312
IProvideTooltipInfo: 298
ICrushable: 297
FrozenActorLayer: 295
Armor: 257
BodyOrientation: 232
IDamageModifier: 220
ISync: 218
INotifyDamage: 218
INotifyKilled: 218
IMove: 218
ITechTreePrerequisite: 211
Buildable: 211
IDemolishable: 205
Turreted: 178
Cargo: 161
AutoTarget: 145
Cloak: 140
IWallConnector: 139
INotifyCreated: 131
INotifyAddedToWorld: 131
IObservesVariables: 131
ICreationActivity: 131
SupportPower: 130
Power: 128
IAutoMouseBounds: 125
TechTree: 124
Tooltip: 117
ScriptTags: 117
ITargetableCells: 111
IRadarColorModifier: 111
INotifyDamageStateChanged: 109
SmudgeLayer: 100
PowerManager: 100
SquadManagerBotModule: 88
PlayerStatistics: 87
IPositionable: 87
BuildingInfluence: 82
GrantConditionOnPrerequisiteManager: 80
Armament: 77
PlayerResources: 69
AttackBase: 68
IRevealsShroudModifier: 64
Interactable: 56
IDecoration: 56
IGivesExperienceModifier: 56
IFirepowerModifier: 52
INotifyAttack: 52
INotifyBurstComplete: 52
IRangeModifier: 52
IReloadModifier: 52
IInaccuracyModifier: 52
IDefaultVisibility: 48
IVisibilityModifier: 48
CaptureManager: 46
IBotPositionsUpdated: 45
IRenderInfantrySequenceModifier: 43
IPathFinder: 39
Locomotor: 38
ProductionQueue: 36
RepairableBuilding: 36
DrawLineToTarget: 35
IConditionTimerWatcher: 34
RevealsShroud: 32
INotifyAiming: 31
ExternalCondition: 30
INotifyMoving: 30
INotifyVisualPositionChanged: 30
AutoTargetPriority: 30
IDisableAutoTarget: 30
INotifyStanceChanged: 30
GainsExperience: 30
INotifyCustomLayerChanged: 29
INotifyFinishedMoving: 29
IWrapMove: 29
MapOptions: 28
IDetectCloakedModifier: 26
WithSpriteBody: 25
Capturable: 25
ICaptureProgressWatcher: 25
Captures: 25
Guard: 25
AttackTurreted: 25
INotifyBlockingMove: 22
IBotRequestPauseUnitProduction: 20
IBotNotifyIdleBaseUnits: 20
ISpeedModifier: 19
INotifyActorDisposing: 18
INotifyRemovedFromWorld: 18
IPowerModifier: 18
AnnounceOnSeen: 18
IIssueDeployOrder: 17
IVoiced: 17
ScriptTriggers: 16
AttackFollow: 16
AttackFrontal: 16
RadarPings: 15
Shroud: 15
Aircraft: 15
PlayerExperience: 12
DomainIndex: 11
ICustomMovementLayer: 10
IBotRequestUnitProduction: 10
INotifyPowerLevelChanged: 10
Harvester: 10
INotifySelected: 9
IAcceptResources: 8
Rearmable: 8
SupportPowerManager: 7
RallyPoint: 7
IWorldLoaded: 6
ChatCommands: 6
ResourceClaimLayer: 6
Huntable: 6
AttackMove: 6
INotifyHarvesterAction: 6
ILoadsPlayerPalettes: 5
HelpCommand: 5
INotifyObjectivesUpdated: 5
ResourceLayer: 5
MissionObjectives: 5
IUnlocksRenderPlayer: 5
IGainsExperienceModifier: 5
IOrderVoice: 4
Transforms: 4
ScreenShaker: 3
TimeLimitManager: 3
LuaScript: 3
PlayerRadarTerrain: 3
PrimaryBuilding: 3
MusicPlaylist: 2
ResourceType: 2
IObjectivesPanel: 2
IBot: 2
IBotTick: 2
IBotRespondToAttack: 2
IBotEnabled: 2
ClassicProductionQueue: 2
INotifyViewportZoomExtentsChanged: 2
IPreventMapSpawn: 2
IDeathActorInitModifier: 2
Passenger: 2
ScaredyCat: 2
IHuskModifier: 2
ILoadsPalettes: 1
MenuPaletteEffect: 1
FlashPaletteEffect: 1
IActorMap: 1
ScreenMap: 1
ISelection: 1
IGameOver: 1
TerrainGeometryOverlay: 1
IRenderTerrain: 1
INotifyChat: 1
INotifySelection: 1
SpawnMapActors: 1
MapBuildRadius: 1
ICreatePlayers: 1
IValidateOrder: 1
INotifyPassengerEntered: 1
INotifyWinStateChanged: 1
INotifyPassengerExited: 1
INotifyIdle: 1
IResourceLayer: 1
ResourceRenderer: 1
IProductionIconOverlay: 1
IAssignSpawnPoints: 1
ITerrainLighting: 1
Bridge: 1
Health: 1
GivesBounty: 1
RefineryResourceMultiplier: 1
INotifyEnteredCargo: 1
INotifyExitedCargo: 1
Repairable: 1
GlobalLightingPaletteEffect: 1
IAircraftCenterPositionOffset: 1
IOverrideAircraftLanding: 1
INotifyUnload: 1
StrategicVictoryConditions: 1
HarvesterResourceMultiplier: 1
INotifyDemolition: 1
INotifyDocking: 1
INotifyResourceAccepted: 1
Production: 61413
IHealth: 27214
ISelectionBar: 26645
RejectsOrders: 25151
DeveloperMode: 25040
IRenderAnnotationsWhenSelected: 24996
IRenderAboveShroudWhenSelected: 24996
IIssueOrder: 21965
HitShape: 15326
IPaletteModifier: 6308
IRenderAnnotations: 6307
IRenderShroud: 6307
IRenderOverlay: 6307
IRenderAboveShroud: 6307
IRenderAboveWorld: 6307
IDisableEnemyAutoTarget: 5085
Mobile: 2690
ITooltip: 2175
ProvidesRadar: 1978
INotifyAppliedDamage: 1930
IProvideTooltipInfo: 1885
IBlocksProjectiles: 1801
ICrushable: 1462
Armor: 1003
DebugVisualizations: 941
ISync: 876
IFacing: 561
GpsWatcher: 530
IDemolishable: 481
INotifyBlockingMove: 439
RenderSprites: 313
FrozenActorLayer: 295
IMove: 294
BodyOrientation: 243
INotifyDamage: 218
INotifyKilled: 218
IDamageModifier: 218
ITechTreePrerequisite: 210
Buildable: 210
Cargo: 179
Turreted: 178
AutoTarget: 163
DrawLineToTarget: 158
IPositionable: 142
Cloak: 140
IWallConnector: 139
INotifyCreated: 131
INotifyAddedToWorld: 131
IObservesVariables: 131
ICreationActivity: 131
SupportPower: 130
IAutoMouseBounds: 125
TechTree: 124
Tooltip: 117
ScriptTags: 117
RevealsShroud: 112
ITargetableCells: 111
IRadarColorModifier: 111
INotifyDamageStateChanged: 109
PowerManager: 100
SmudgeLayer: 97
PlayerStatistics: 97
SquadManagerBotModule: 88
IVoiced: 86
IPathFinder: 85
IAcceptResources: 84
BuildingInfluence: 82
Power: 82
GrantConditionOnPrerequisiteManager: 80
AnnounceOnSeen: 80
Armament: 77
AttackFrontal: 72
PlayerResources: 69
AttackBase: 68
IRevealsShroudModifier: 64
ProductionQueue: 63
INotifyResourceAccepted: 60
Interactable: 56
IDecoration: 56
IGivesExperienceModifier: 56
DomainIndex: 55
IFirepowerModifier: 52
INotifyAttack: 52
INotifyBurstComplete: 52
IRangeModifier: 52
IReloadModifier: 52
IInaccuracyModifier: 52
IDefaultVisibility: 48
IVisibilityModifier: 48
CaptureManager: 46
IBotPositionsUpdated: 45
IRenderInfantrySequenceModifier: 43
GainsExperience: 42
AttackFollow: 40
Locomotor: 38
RepairableBuilding: 36
IIssueDeployOrder: 35
IConditionTimerWatcher: 34
IOrderVoice: 33
INotifyAiming: 31
ExternalCondition: 30
INotifyMoving: 30
INotifyVisualPositionChanged: 30
AutoTargetPriority: 30
IDisableAutoTarget: 30
INotifyStanceChanged: 30
INotifyCustomLayerChanged: 29
INotifyFinishedMoving: 29
IWrapMove: 29
INotifyActorDisposing: 28
MapOptions: 28
INotifyRemovedFromWorld: 28
WithSpriteBody: 27
Harvester: 27
IDetectCloakedModifier: 26
Capturable: 25
ICaptureProgressWatcher: 25
Captures: 25
Guard: 25
AttackTurreted: 25
PlayerExperience: 24
INotifySelected: 24
INotifyHarvesterAction: 24
ISpeedModifier: 22
IBotRequestPauseUnitProduction: 20
IBotNotifyIdleBaseUnits: 20
IPowerModifier: 18
ResourceClaimLayer: 17
ScriptTriggers: 16
ResourceLayer: 16
RadarPings: 15
Shroud: 15
Aircraft: 15
INotifyCrushed: 12
IGainsExperienceModifier: 11
ICustomMovementLayer: 10
IBotRequestUnitProduction: 10
INotifyPowerLevelChanged: 10
LuaScript: 9
IObjectivesPanel: 8
MissionObjectives: 8
Rearmable: 8
SupportPowerManager: 7
RallyPoint: 7
IWorldLoaded: 6
ChatCommands: 6
INotifyObjectivesUpdated: 6
Huntable: 6
AttackMove: 6
INotifyDocking: 6
ILoadsPlayerPalettes: 5
HelpCommand: 5
IUnlocksRenderPlayer: 5
MenuPaletteEffect: 4
Transforms: 4
TimeLimitManager: 3
PlayerRadarTerrain: 3
PrimaryBuilding: 3
MusicPlaylist: 2
ResourceType: 2
ScreenShaker: 2
IBot: 2
IBotTick: 2
IBotRespondToAttack: 2
IBotEnabled: 2
ClassicProductionQueue: 2
INotifyViewportZoomExtentsChanged: 2
IPreventMapSpawn: 2
IDeathActorInitModifier: 2
Passenger: 2
ScaredyCat: 2
IHuskModifier: 2
ILoadsPalettes: 1
FlashPaletteEffect: 1
IActorMap: 1
ScreenMap: 1
ISelection: 1
IGameOver: 1
TerrainGeometryOverlay: 1
IRenderTerrain: 1
INotifyChat: 1
INotifySelection: 1
SpawnMapActors: 1
MapBuildRadius: 1
ICreatePlayers: 1
IValidateOrder: 1
INotifyPassengerEntered: 1
INotifyWinStateChanged: 1
INotifyPassengerExited: 1
INotifyIdle: 1
IResourceLayer: 1
ResourceRenderer: 1
IProductionIconOverlay: 1
IAssignSpawnPoints: 1
ITerrainLighting: 1
Bridge: 1
Health: 1
GivesBounty: 1
RefineryResourceMultiplier: 1
INotifyEnteredCargo: 1
INotifyExitedCargo: 1
Repairable: 1
GlobalLightingPaletteEffect: 1
IAircraftCenterPositionOffset: 1
IOverrideAircraftLanding: 1
INotifyUnload: 1
StrategicVictoryConditions: 1
HarvesterResourceMultiplier: 1
