Desktop is 1920 x 1080 @ 60 Hz
Initialize engine version: 2018.2.5f1 (3071d1717b71)
GfxDevice: creating device client; threaded=1
Renderer: Mesa Intel(R) UHD Graphics 620 (WHL GT2)
Vendor:   Intel
Version:  4.6 (Core Profile) Mesa 21.3.7
GLES:     0
 GL_3DFX_texture_compression_FXT1 GL_AMD_conservative_depth GL_AMD_depth_clamp_separate GL_AMD_draw_buffers_blend GL_AMD_gpu_shader_int64 GL_AMD_multi_draw_indirect GL_AMD_performance_monitor GL_AMD_pinned_memory GL_AMD_query_buffer_object GL_AMD_seamless_cubemap_per_texture GL_AMD_shader_stencil_export GL_AMD_shader_trinary_minmax GL_AMD_texture_texture4 GL_AMD_vertex_shader_layer GL_AMD_vertex_shader_viewport_index GL_ANGLE_texture_compression_dxt3 GL_ANGLE_texture_compression_dxt5 GL_ARB_ES2_compatibility GL_ARB_ES3_1_compatibility GL_ARB_ES3_2_compatibility GL_ARB_ES3_compatibility GL_ARB_arrays_of_arrays GL_ARB_base_instance GL_ARB_blend_func_extended GL_ARB_buffer_storage GL_ARB_clear_buffer_object GL_ARB_clear_texture GL_ARB_clip_control GL_ARB_compressed_texture_pixel_storage GL_ARB_compute_shader GL_ARB_compute_variable_group_size GL_ARB_conditional_render_inverted GL_ARB_conservative_depth GL_ARB_copy_buffer GL_ARB_copy_image GL_ARB_cull_distance GL_ARB_debug_output GL_ARB_depth_buffer_float GL_ARB
_depth_clamp GL_ARB_derivative_control GL_ARB_direct_state_access GL_ARB_draw_buffers GL_ARB_draw_buffers_blend GL_ARB_draw_elements_base_vertex GL_ARB_draw_indirect GL_ARB_draw_instanced GL_ARB_enhanced_layouts GL_ARB_explicit_attrib_location GL_ARB_explicit_uniform_location GL_ARB_fragment_coord_conventions GL_ARB_fragment_layer_viewport GL_ARB_fragment_shader GL_ARB_fragment_shader_interlock GL_ARB_framebuffer_no_attachments GL_ARB_framebuffer_object GL_ARB_framebuffer_sRGB GL_ARB_get_program_binary GL_ARB_get_texture_sub_image GL_ARB_gl_spirv GL_ARB_gpu_shader5 GL_ARB_gpu_shader_fp64 GL_ARB_gpu_shader_int64 GL_ARB_half_float_pixel GL_ARB_half_float_vertex GL_ARB_indirect_parameters GL_ARB_instanced_arrays GL_ARB_internalformat_query GL_ARB_internalformat_query2 GL_ARB_invalidate_subdata GL_ARB_map_buffer_alignment GL_ARB_map_buffer_range GL_ARB_multi_bind GL_ARB_multi_draw_indirect GL_ARB_occlusion_query2 GL_ARB_parallel_shader_compile GL_ARB_pipeline_statistics_query GL_ARB_pixel_buffer_object GL_ARB_po
int_sprite GL_ARB_polygon_offset_clamp GL_ARB_post_depth_coverage GL_ARB_program_interface_query GL_ARB_provoking_vertex GL_ARB_query_buffer_object GL_ARB_robust_buffer_access_behavior GL_ARB_robustness GL_ARB_sample_shading GL_ARB_sampler_objects GL_ARB_seamless_cube_map GL_ARB_seamless_cubemap_per_texture GL_ARB_separate_shader_objects GL_ARB_shader_atomic_counter_ops GL_ARB_shader_atomic_counters GL_ARB_shader_ballot GL_ARB_shader_bit_encoding GL_ARB_shader_clock GL_ARB_shader_draw_parameters GL_ARB_shader_group_vote GL_ARB_shader_image_load_store GL_ARB_shader_image_size GL_ARB_shader_objects GL_ARB_shader_precision GL_ARB_shader_stencil_export GL_ARB_shader_storage_buffer_object GL_ARB_shader_subroutine GL_ARB_shader_texture_image_samples GL_ARB_shader_texture_lod GL_ARB_shader_viewport_layer_array GL_ARB_shading_language_420pack GL_ARB_shading_language_include GL_ARB_shading_language_packing GL_ARB_spirv_extensions GL_ARB_stencil_texturing GL_ARB_sync GL_ARB_tessellation_shader GL_ARB_texture_barrier G
L_ARB_texture_buffer_object GL_ARB_texture_buffer_object_rgb32 GL_ARB_texture_buffer_range GL_ARB_texture_compression_bptc GL_ARB_texture_compression_rgtc GL_ARB_texture_cube_map_array GL_ARB_texture_filter_anisotropic GL_ARB_texture_float GL_ARB_texture_gather GL_ARB_texture_mirror_clamp_to_edge GL_ARB_texture_multisample GL_ARB_texture_non_power_of_two GL_ARB_texture_query_levels GL_ARB_texture_query_lod GL_ARB_texture_rectangle GL_ARB_texture_rg GL_ARB_texture_rgb10_a2ui GL_ARB_texture_stencil8 GL_ARB_texture_storage GL_ARB_texture_storage_multisample GL_ARB_texture_swizzle GL_ARB_texture_view GL_ARB_timer_query GL_ARB_transform_feedback2 GL_ARB_transform_feedback3 GL_ARB_transform_feedback_instanced GL_ARB_transform_feedback_overflow_query GL_ARB_uniform_buffer_object GL_ARB_vertex_array_bgra GL_ARB_vertex_array_object GL_ARB_vertex_attrib_64bit GL_ARB_vertex_attrib_binding GL_ARB_vertex_buffer_object GL_ARB_vertex_shader GL_ARB_vertex_type_10f_11f_11f_rev GL_ARB_vertex_type_2_10_10_10_rev GL_ARB_viewpor
t_array GL_ATI_blend_equation_separate GL_ATI_texture_float GL_EXT_EGL_image_storage GL_EXT_EGL_sync GL_EXT_abgr GL_EXT_blend_equation_separate GL_EXT_demote_to_helper_invocation GL_EXT_draw_buffers2 GL_EXT_draw_instanced GL_EXT_framebuffer_blit GL_EXT_framebuffer_multisample GL_EXT_framebuffer_multisample_blit_scaled GL_EXT_framebuffer_object GL_EXT_framebuffer_sRGB GL_EXT_memory_object GL_EXT_memory_object_fd GL_EXT_packed_depth_stencil GL_EXT_packed_float GL_EXT_pixel_buffer_object GL_EXT_polygon_offset_clamp GL_EXT_provoking_vertex GL_EXT_semaphore GL_EXT_semaphore_fd GL_EXT_shader_framebuffer_fetch GL_EXT_shader_framebuffer_fetch_non_coherent GL_EXT_shader_integer_mix GL_EXT_shader_samples_identical GL_EXT_texture_array GL_EXT_texture_compression_dxt1 GL_EXT_texture_compression_rgtc GL_EXT_texture_compression_s3tc GL_EXT_texture_filter_anisotropic GL_EXT_texture_integer GL_EXT_texture_sRGB GL_EXT_texture_sRGB_R8 GL_EXT_texture_sRGB_decode GL_EXT_texture_shadow_lod GL_EXT_texture_shared_exponent GL_EXT_t
exture_snorm GL_EXT_texture_swizzle GL_EXT_timer_query GL_EXT_transform_feedback GL_EXT_vertex_array_bgra GL_EXT_vertex_attrib_64bit GL_IBM_multimode_draw_arrays GL_INTEL_blackhole_render GL_INTEL_conservative_rasterization GL_INTEL_performance_query GL_INTEL_shader_atomic_float_minmax GL_INTEL_shader_integer_functions2 GL_KHR_blend_equation_advanced GL_KHR_blend_equation_advanced_coherent GL_KHR_context_flush_control GL_KHR_debug GL_KHR_no_error GL_KHR_parallel_shader_compile GL_KHR_robust_buffer_access_behavior GL_KHR_robustness GL_KHR_texture_compression_astc_ldr GL_KHR_texture_compression_astc_sliced_3d GL_MESA_framebuffer_flip_y GL_MESA_pack_invert GL_MESA_shader_integer_functions GL_MESA_texture_signed_rgba GL_NV_compute_shader_derivatives GL_NV_conditional_render GL_NV_copy_image GL_NV_depth_clamp GL_NV_fragment_shader_interlock GL_NV_packed_depth_stencil GL_NV_texture_barrier GL_OES_EGL_image GL_S3_s3tc
OPENGL LOG: Creating OpenGL 4.6 graphics device ; Context level  <OpenGL 4.5> ; Context handle 67416592
Begin MonoManager ReloadAssembly
- Completed reload, in  0.189 seconds
OnLevelWasLoaded was found on DOTweenComponent
This message has been deprecated and will be removed in a later version of Unity.
Add a delegate to SceneManager.sceneLoaded instead to get notifications after scene loading has completed
 
(Filename:  Line: 343)

Default vsync count 0
requesting resize 9999 x 9999
Using native desktop resolution 1920 x 1080
requesting fullscreen 1920 x 1080 at 0 Hz
Desktop is 1920 x 1080 @ 60 Hz
UnloadTime: 0.571000 ms
Desktop is 1920 x 1080 @ 60 Hz
Loading data opt-out preferences from PlayerPrefs
 
(Filename: ./Runtime/Export/Debug.bindings.h Line: 43)

Requesting data opt-out preferences from https://data-optout-service.uca.cloud.unity3d.com/player/opt_out?appid=3aeaa05d-4479-44b1-ad70-b09161fd16e0&userid=19c31e0fa80bb4e6caac9571d61b9341&deviceid=acb60666c8994f61a0f9c16609abd476
 
(Filename: ./Runtime/Export/Debug.bindings.h Line: 43)

We are in STEAM_MODE
 
(Filename: ./Runtime/Export/Debug.bindings.h Line: 43)

/home/nick/.local/share/Steam/steamapps/common/Kingdoms and Castles/KingdomsAndCastles_Data/mods
 
(Filename: ./Runtime/Export/Debug.bindings.h Line: 43)

0:76(28): error: `hlslcc_mtx2x2m' undeclared
0:76(28): error: type mismatch
0:76(27): error: operands to arithmetic operators must be numeric
0:76(14): error: operands to arithmetic operators must be numeric

Note: Creation of internal variant of shader 'Custom/Building' failed.
0:76(28): error: `hlslcc_mtx2x2m' undeclared
0:76(28): error: type mismatch
0:76(27): error: operands to arithmetic operators must be numeric
0:76(14): error: operands to arithmetic operators must be numeric

Note: Creation of internal variant of shader 'Custom/Building' failed.
The referenced script on this Behaviour (Game Object 'Missing Prefab (Dummy)') is missing!
 
(Filename:  Line: 1775)

Unloading 5 Unused Serialized files (Serialized files now loaded: 0)
[OnQueryCompletedFunction] - k_EResultOK -- 1 -- 0 -- 0
 
(Filename: ./Runtime/Export/Debug.bindings.h Line: 43)

Opt-out preferences successfully retrieved, applied and saved:
{"optOut":false,"analyticsEnabled":true,"deviceStatsEnabled":true,"limitUserTracking":false,"performanceReportingEnabled":true}
 
(Filename: ./Runtime/Export/Debug.bindings.h Line: 43)

Setting up 4 worker threads for Enlighten.
  Thread -> id: 7f489dfff640 -> priority: 1 
  Thread -> id: 7f489d7fe640 -> priority: 1 
  Thread -> id: 7f489cffd640 -> priority: 1 
  Thread -> id: 7f488ffff640 -> priority: 1 
UnloadTime: 7.762000 ms
requesting resize 1920 x 1080
Using native desktop resolution 1920 x 1080
requesting fullscreen 1920 x 1080 at 60 Hz
Desktop is 1920 x 1080 @ 60 Hz

Unloading 20955 unused Assets to reduce memory usage. Loaded Objects now: 64891.
Total: 630.702000 ms (FindLiveObjects: 6.110000 ms CreateObjectMapping: 4.896000 ms MarkObjects: 610.499000 ms  DeleteObjects: 9.196000 ms)

Unloading 3 Unused Serialized files (Serialized files now loaded: 0)

Unloading 0 unused Assets to reduce memory usage. Loaded Objects now: 64891.
Total: 638.359000 ms (FindLiveObjects: 3.906000 ms CreateObjectMapping: 1.280000 ms MarkObjects: 633.071000 ms  DeleteObjects: 0.101000 ms)

Unloading 0 Unused Serialized files (Serialized files now loaded: 0)

Unloading 0 unused Assets to reduce memory usage. Loaded Objects now: 64891.
Total: 629.691000 ms (FindLiveObjects: 5.092000 ms CreateObjectMapping: 1.575000 ms MarkObjects: 622.921000 ms  DeleteObjects: 0.102000 ms)

Unloading 0 Unused Serialized files (Serialized files now loaded: 0)

Unloading 0 unused Assets to reduce memory usage. Loaded Objects now: 64891.
Total: 621.576000 ms (FindLiveObjects: 4.955000 ms CreateObjectMapping: 1.614000 ms MarkObjects: 614.897000 ms  DeleteObjects: 0.109000 ms)

Unloading 0 Unused Serialized files (Serialized files now loaded: 0)

Unloading 27 unused Assets to reduce memory usage. Loaded Objects now: 64486.
Total: 686.045000 ms (FindLiveObjects: 5.939000 ms CreateObjectMapping: 2.387000 ms MarkObjects: 677.499000 ms  DeleteObjects: 0.219000 ms)

Unloading 0 Unused Serialized files (Serialized files now loaded: 0)

Unloading 27 unused Assets to reduce memory usage. Loaded Objects now: 64924.
Total: 650.885000 ms (FindLiveObjects: 4.495000 ms CreateObjectMapping: 1.616000 ms MarkObjects: 644.588000 ms  DeleteObjects: 0.185000 ms)

Unloading 0 Unused Serialized files (Serialized files now loaded: 0)

Unloading 27 unused Assets to reduce memory usage. Loaded Objects now: 64486.
Total: 658.530000 ms (FindLiveObjects: 5.449000 ms CreateObjectMapping: 1.733000 ms MarkObjects: 651.112000 ms  DeleteObjects: 0.235000 ms)

Unloading 0 Unused Serialized files (Serialized files now loaded: 0)

Unloading 27 unused Assets to reduce memory usage. Loaded Objects now: 64655.
Total: 652.371000 ms (FindLiveObjects: 4.126000 ms CreateObjectMapping: 1.510000 ms MarkObjects: 646.513000 ms  DeleteObjects: 0.221000 ms)

Material Sprites-Default doesn't have _Stencil property
 
(Filename: ./Runtime/Export/Debug.bindings.h Line: 43)

Material Sprites-Default doesn't have _Stencil property
 
(Filename: ./Runtime/Export/Debug.bindings.h Line: 43)

Material Sprites-Default doesn't have _Stencil property
 
(Filename: ./Runtime/Export/Debug.bindings.h Line: 43)

Material Sprites-Default doesn't have _Stencil property
 
(Filename: ./Runtime/Export/Debug.bindings.h Line: 43)

Material Sprites-Default doesn't have _Stencil property
 
(Filename: ./Runtime/Export/Debug.bindings.h Line: 43)

[OnQueryCompletedFunction] - k_EResultOK -- 2 -- 0 -- 0
 
(Filename: ./Runtime/Export/Debug.bindings.h Line: 43)

[UpdateLocalBannersWithUpload]
 
(Filename: ./Runtime/Export/Debug.bindings.h Line: 43)

GetPlaceableByTag() couldn't find unique name: , this is probably an error
 
(Filename: ./Runtime/Export/Debug.bindings.h Line: 43)

requesting resize 1920 x 1080
Using native desktop resolution 1920 x 1080
requesting fullscreen 1920 x 1080 at 60 Hz
Desktop is 1920 x 1080 @ 60 Hz
requesting resize 1024 x 768
requesting fullscreen 1024 x 768 at 0 Hz
Setting up downscaled viewport at 1024 x 768
Desktop is 1920 x 1080 @ 60 Hz
requesting resize 1920 x 1080
Using native desktop resolution 1920 x 1080
requesting fullscreen 1920 x 1080 at 0 Hz
Desktop is 1920 x 1080 @ 60 Hz
UnauthorizedAccessException: Access to the path "/Saves" is denied.
  at System.IO.Directory.CreateDirectoriesInternal (System.String path) [0x0005e] in <f2e6809acb14476a81f399aeb800f8f2>:0 
  at System.IO.Directory.CreateDirectory (System.String path) [0x0008f] in <f2e6809acb14476a81f399aeb800f8f2>:0 
  at System.IO.DirectoryInfo.Create () [0x00000] in <f2e6809acb14476a81f399aeb800f8f2>:0 
  at (wrapper remoting-invoke-with-check) System.IO.DirectoryInfo.Create()
  at System.IO.Directory.CreateDirectoriesInternal (System.String path) [0x00036] in <f2e6809acb14476a81f399aeb800f8f2>:0 
  at System.IO.Directory.CreateDirectory (System.String path) [0x0008f] in <f2e6809acb14476a81f399aeb800f8f2>:0 
  at LoadSave.Save (System.String pathOverride, UnityEngine.Events.UnityAction onCompleteCallback) [0x00042] in <cd2be90727f344b2af3ac8c7718ac329>:0 
  at LoadSave.AutoSave () [0x0000f] in <cd2be90727f344b2af3ac8c7718ac329>:0 
  at AutoSave.RunAutoSave () [0x00000] in <cd2be90727f344b2af3ac8c7718ac329>:0 
  at AutoSave.OnOnSeasonChange (System.Object sender, Weather+SeasonChangeArgs seasonChangeArgs) [0x00049] in <cd2be90727f344b2af3ac8c7718ac329>:0 
  at (wrapper delegate-invoke) System.EventHandler`1[Weather+SeasonChangeArgs].invoke_void_object_TEventArgs(object,Weather/SeasonChangeArgs)
  at Weather.Update () [0x0013f] in <cd2be90727f344b2af3ac8c7718ac329>:0 
 
(Filename: <f2e6809acb14476a81f399aeb800f8f2> Line: 0)

BoxColliders does not support negative scale or size.
The effective box size has been forced positive and is likely to give unexpected collision geometry.
If you absolutely need to use negative scaling you can use the convex MeshCollider. Scene hierarchy path "Buildings/Road(Clone)/Offset/straight"
 
(Filename:  Line: 0)

BoxColliders does not support negative scale or size.
The effective box size has been forced positive and is likely to give unexpected collision geometry.
If you absolutely need to use negative scaling you can use the convex MeshCollider. Scene hierarchy path "Buildings/Road(Clone)/Offset/straight"
 
(Filename:  Line: 0)

Unloading 1 Unused Serialized files (Serialized files now loaded: 0)

Unloading 38 unused Assets to reduce memory usage. Loaded Objects now: 94797.
Total: 729.153000 ms (FindLiveObjects: 6.675000 ms CreateObjectMapping: 2.196000 ms MarkObjects: 719.956000 ms  DeleteObjects: 0.325000 ms)

