[2022-01-26 12:09:10.229] [sharedprocess] [info] Starting worker process with pid 13564 (type: watcherServiceParcelSharedProcess, window: 1).
[2022-01-26 12:09:10.254] [sharedprocess] [info] Deleted from disk redhat.java /home/nick/.vscode-oss/extensions/redhat.java-1.1.0
[2022-01-26 12:09:13.927] [sharedprocess] [info] Installing extension: vscjava.vscode-maven
[2022-01-26 12:09:13.928] [sharedprocess] [info] Installing extension: vscjava.vscode-java-dependency
[2022-01-26 12:09:14.012] [sharedprocess] [info] Installing extension: vscjava.vscode-java-debug
[2022-01-26 12:09:16.413] [sharedprocess] [info] Downloaded extension: vscjava.vscode-java-dependency /home/nick/.config/Code - OSS/CachedExtensionVSIXs/vscjava.vscode-java-dependency-0.19.0
[2022-01-26 12:09:16.495] [sharedprocess] [info] Extracted extension to /home/nick/.vscode-oss/extensions/.9b361677-e65a-4386-a601-1b3658170bc3: vscjava.vscode-java-dependency
[2022-01-26 12:09:16.503] [sharedprocess] [info] Renamed to /home/nick/.vscode-oss/extensions/vscjava.vscode-java-dependency-0.19.0
[2022-01-26 12:09:16.505] [sharedprocess] [info] Extracting completed. vscjava.vscode-java-dependency
[2022-01-26 12:09:16.511] [sharedprocess] [info] Extension installed successfully: vscjava.vscode-java-dependency
[2022-01-26 12:09:20.152] [sharedprocess] [info] Downloaded extension: vscjava.vscode-java-debug /home/nick/.config/Code - OSS/CachedExtensionVSIXs/vscjava.vscode-java-debug-0.38.0
[2022-01-26 12:09:20.254] [sharedprocess] [info] Extracted extension to /home/nick/.vscode-oss/extensions/.2cd6b52e-59fa-4c51-8eaf-4862f4564f52: vscjava.vscode-java-debug
[2022-01-26 12:09:20.271] [sharedprocess] [info] Renamed to /home/nick/.vscode-oss/extensions/vscjava.vscode-java-debug-0.38.0
[2022-01-26 12:09:20.278] [sharedprocess] [info] Extracting completed. vscjava.vscode-java-debug
[2022-01-26 12:09:20.286] [sharedprocess] [info] Extension installed successfully: vscjava.vscode-java-debug
[2022-01-26 12:09:21.596] [sharedprocess] [info] Downloaded extension: vscjava.vscode-maven /home/nick/.config/Code - OSS/CachedExtensionVSIXs/vscjava.vscode-maven-0.35.0
[2022-01-26 12:09:21.842] [sharedprocess] [info] Extracted extension to /home/nick/.vscode-oss/extensions/.6a06a5df-dc35-44a7-808d-8736e7d3123e: vscjava.vscode-maven
[2022-01-26 12:09:21.852] [sharedprocess] [info] Renamed to /home/nick/.vscode-oss/extensions/vscjava.vscode-maven-0.35.0
[2022-01-26 12:09:21.869] [sharedprocess] [info] Extracting completed. vscjava.vscode-maven
[2022-01-26 12:09:21.875] [sharedprocess] [info] Extension installed successfully: vscjava.vscode-maven
